<?xml version="1.0" encoding="UTF-8"?>
<testsuite name="com.example.springboot.ProductsAPITest" tests="6" skipped="0" failures="0" errors="0" timestamp="2025-04-06T09:38:07.836Z" hostname="192.168.1.4" time="0.786">
  <properties/>
  <testcase name="testCreateProduct200()" classname="com.example.springboot.ProductsAPITest" time="0.635"/>
  <testcase name="testCreateProduct400()" classname="com.example.springboot.ProductsAPITest" time="0.024"/>
  <testcase name="testGetProduct200()" classname="com.example.springboot.ProductsAPITest" time="0.022"/>
  <testcase name="testGetProduct400()" classname="com.example.springboot.ProductsAPITest" time="0.014"/>
  <testcase name="testGetProduct404()" classname="com.example.springboot.ProductsAPITest" time="0.008"/>
  <testcase name="testListProducts()" classname="com.example.springboot.ProductsAPITest" time="0.043"/>
  <system-out><![CDATA[12:38:06.033 [Test worker] INFO org.springframework.test.context.support.AnnotationConfigContextLoaderUtils -- Could not detect default configuration classes for test class [com.example.springboot.ProductsAPITest]: ProductsAPITest does not declare any static, non-private, non-final, nested classes annotated with @Configuration.
12:38:06.085 [Test worker] INFO org.springframework.boot.test.context.SpringBootTestContextBootstrapper -- Found @SpringBootConfiguration com.example.springboot.Application for test class com.example.springboot.ProductsAPITest

  .   ____          _            __ _ _
 /\\ / ___'_ __ _ _(_)_ __  __ _ \ \ \ \
( ( )\___ | '_ | '_| | '_ \/ _` | \ \ \ \
 \\/  ___)| |_)| | | | | || (_| |  ) ) ) )
  '  |____| .__|_| |_|_| |_\__, | / / / /
 =========|_|==============|___/=/_/_/_/

 :: Spring Boot ::                (v3.4.3)

2025-04-06T12:38:06.410+03:00  INFO 63042 --- [    Test worker] com.example.springboot.ProductsAPITest   : Starting ProductsAPITest using Java 23.0.2 with PID 63042 (started by vanonatobaidze in /Users/vanonatobaidze/projects/pactflow/pactflow-provider)
2025-04-06T12:38:06.410+03:00 DEBUG 63042 --- [    Test worker] com.example.springboot.ProductsAPITest   : Running with Spring Boot v3.4.3, Spring v6.2.3
2025-04-06T12:38:06.411+03:00  INFO 63042 --- [    Test worker] com.example.springboot.ProductsAPITest   : No active profile set, falling back to 1 default profile: "default"
2025-04-06T12:38:06.411+03:00 DEBUG 63042 --- [    Test worker] o.s.boot.SpringApplication               : Loading source class com.example.springboot.Application
2025-04-06T12:38:06.474+03:00 DEBUG 63042 --- [    Test worker] ConfigServletWebServerApplicationContext : Refreshing org.springframework.boot.web.servlet.context.AnnotationConfigServletWebServerApplicationContext@104dc1a2
2025-04-06T12:38:06.479+03:00 DEBUG 63042 --- [    Test worker] o.s.b.f.s.DefaultListableBeanFactory     : Creating shared instance of singleton bean 'org.springframework.context.annotation.internalConfigurationAnnotationProcessor'
2025-04-06T12:38:06.483+03:00 DEBUG 63042 --- [    Test worker] o.s.b.f.s.DefaultListableBeanFactory     : Creating shared instance of singleton bean 'org.springframework.boot.autoconfigure.internalCachingMetadataReaderFactory'
2025-04-06T12:38:06.492+03:00 DEBUG 63042 --- [    Test worker] o.s.c.a.ClassPathBeanDefinitionScanner   : Identified candidate component class: file [/Users/vanonatobaidze/projects/pactflow/pactflow-provider/build/classes/java/main/com/example/springboot/LoadDatabase.class]
2025-04-06T12:38:06.492+03:00 DEBUG 63042 --- [    Test worker] o.s.c.a.ClassPathBeanDefinitionScanner   : Identified candidate component class: file [/Users/vanonatobaidze/projects/pactflow/pactflow-provider/build/classes/java/main/com/example/springboot/ProductController.class]
2025-04-06T12:38:06.649+03:00  INFO 63042 --- [    Test worker] .s.d.r.c.RepositoryConfigurationDelegate : Bootstrapping Spring Data JPA repositories in DEFAULT mode.
2025-04-06T12:38:06.652+03:00 DEBUG 63042 --- [    Test worker] o.s.b.f.s.DefaultListableBeanFactory     : Creating shared instance of singleton bean 'org.springframework.boot.autoconfigure.AutoConfigurationPackages'
2025-04-06T12:38:06.655+03:00 DEBUG 63042 --- [    Test worker] o.s.b.a.AutoConfigurationPackages        : @EnableAutoConfiguration was declared on a class in the package 'com.example.springboot'. Automatic @Repository and @Entity scanning is enabled.
2025-04-06T12:38:06.655+03:00 DEBUG 63042 --- [    Test worker] .s.d.r.c.RepositoryConfigurationDelegate : Scanning for JPA repositories in packages com.example.springboot.
2025-04-06T12:38:06.658+03:00 DEBUG 63042 --- [    Test worker] o.s.d.r.c.RepositoryComponentProvider    : Identified candidate component class: file [/Users/vanonatobaidze/projects/pactflow/pactflow-provider/build/classes/java/main/com/example/springboot/ProductRepository.class]
2025-04-06T12:38:06.668+03:00  INFO 63042 --- [    Test worker] .s.d.r.c.RepositoryConfigurationDelegate : Finished Spring Data repository scanning in 12 ms. Found 1 JPA repository interface.
2025-04-06T12:38:06.699+03:00 DEBUG 63042 --- [    Test worker] o.s.b.f.s.DefaultListableBeanFactory     : Creating shared instance of singleton bean 'org.springframework.boot.test.web.client.TestRestTemplateContextCustomizer$TestRestTemplateRegistrar'
2025-04-06T12:38:06.725+03:00 DEBUG 63042 --- [    Test worker] o.s.b.f.s.DefaultListableBeanFactory     : Creating shared instance of singleton bean 'propertySourcesPlaceholderConfigurer'
2025-04-06T12:38:06.727+03:00 DEBUG 63042 --- [    Test worker] o.s.b.f.s.DefaultListableBeanFactory     : Creating shared instance of singleton bean 'org.springframework.boot.test.mock.mockito.MockitoPostProcessor'
2025-04-06T12:38:06.727+03:00 DEBUG 63042 --- [    Test worker] o.s.b.f.s.DefaultListableBeanFactory     : Creating shared instance of singleton bean 'emBeanDefinitionRegistrarPostProcessor'
2025-04-06T12:38:06.728+03:00 DEBUG 63042 --- [    Test worker] o.s.b.f.s.DefaultListableBeanFactory     : Creating shared instance of singleton bean 'org.springframework.boot.sql.init.dependency.DatabaseInitializationDependencyConfigurer$DependsOnDatabaseInitializationPostProcessor'
2025-04-06T12:38:06.741+03:00 DEBUG 63042 --- [    Test worker] o.s.b.f.s.DefaultListableBeanFactory     : Creating shared instance of singleton bean 'org.springframework.context.event.internalEventListenerProcessor'
2025-04-06T12:38:06.742+03:00 DEBUG 63042 --- [    Test worker] o.s.b.f.s.DefaultListableBeanFactory     : Creating shared instance of singleton bean 'preserveErrorControllerTargetClassPostProcessor'
2025-04-06T12:38:06.742+03:00 DEBUG 63042 --- [    Test worker] o.s.b.f.s.DefaultListableBeanFactory     : Creating shared instance of singleton bean 'org.springframework.context.event.internalEventListenerFactory'
2025-04-06T12:38:06.742+03:00 DEBUG 63042 --- [    Test worker] o.s.b.f.s.DefaultListableBeanFactory     : Creating shared instance of singleton bean 'org.springframework.transaction.config.internalTransactionalEventListenerFactory'
2025-04-06T12:38:06.744+03:00 DEBUG 63042 --- [    Test worker] o.s.b.f.s.DefaultListableBeanFactory     : Creating shared instance of singleton bean 'org.springframework.context.annotation.internalAutowiredAnnotationProcessor'
2025-04-06T12:38:06.744+03:00 DEBUG 63042 --- [    Test worker] o.s.b.f.s.DefaultListableBeanFactory     : Creating shared instance of singleton bean 'org.springframework.context.annotation.internalCommonAnnotationProcessor'
2025-04-06T12:38:06.745+03:00 DEBUG 63042 --- [    Test worker] o.s.b.f.s.DefaultListableBeanFactory     : Creating shared instance of singleton bean 'org.springframework.context.annotation.internalPersistenceAnnotationProcessor'
2025-04-06T12:38:06.745+03:00 DEBUG 63042 --- [    Test worker] o.s.b.f.s.DefaultListableBeanFactory     : Creating shared instance of singleton bean 'org.springframework.boot.test.mock.mockito.MockitoPostProcessor$SpyPostProcessor'
2025-04-06T12:38:06.746+03:00 DEBUG 63042 --- [    Test worker] o.s.b.f.s.DefaultListableBeanFactory     : Creating shared instance of singleton bean 'org.springframework.boot.context.properties.ConfigurationPropertiesBindingPostProcessor'
2025-04-06T12:38:06.746+03:00 DEBUG 63042 --- [    Test worker] o.s.b.f.s.DefaultListableBeanFactory     : Creating shared instance of singleton bean 'org.springframework.boot.context.internalConfigurationPropertiesBinder'
2025-04-06T12:38:06.747+03:00 DEBUG 63042 --- [    Test worker] o.s.b.f.s.DefaultListableBeanFactory     : Creating shared instance of singleton bean 'jdbcConnectionDetailsHikariBeanPostProcessor'
2025-04-06T12:38:06.748+03:00 DEBUG 63042 --- [    Test worker] o.s.b.f.s.DefaultListableBeanFactory     : Creating shared instance of singleton bean 'org.springframework.aop.config.internalAutoProxyCreator'
2025-04-06T12:38:06.753+03:00 DEBUG 63042 --- [    Test worker] o.s.b.f.s.DefaultListableBeanFactory     : Creating shared instance of singleton bean 'persistenceExceptionTranslationPostProcessor'
2025-04-06T12:38:06.754+03:00 DEBUG 63042 --- [    Test worker] o.s.b.f.s.DefaultListableBeanFactory     : Autowiring by type from bean name 'persistenceExceptionTranslationPostProcessor' via factory method to bean named 'environment'
2025-04-06T12:38:06.755+03:00 DEBUG 63042 --- [    Test worker] o.s.b.f.s.DefaultListableBeanFactory     : Creating shared instance of singleton bean 'webServerFactoryCustomizerBeanPostProcessor'
2025-04-06T12:38:06.755+03:00 DEBUG 63042 --- [    Test worker] o.s.b.f.s.DefaultListableBeanFactory     : Creating shared instance of singleton bean 'errorPageRegistrarBeanPostProcessor'
2025-04-06T12:38:06.756+03:00 DEBUG 63042 --- [    Test worker] o.s.b.f.s.DefaultListableBeanFactory     : Creating shared instance of singleton bean 'projectingArgumentResolverBeanPostProcessor'
2025-04-06T12:38:06.756+03:00 DEBUG 63042 --- [    Test worker] o.s.b.f.s.DefaultListableBeanFactory     : Creating shared instance of singleton bean 'org.springframework.transaction.config.internalTransactionAdvisor'
2025-04-06T12:38:06.756+03:00 DEBUG 63042 --- [    Test worker] o.s.b.f.s.DefaultListableBeanFactory     : Creating shared instance of singleton bean 'org.springframework.transaction.annotation.ProxyTransactionManagementConfiguration'
2025-04-06T12:38:06.763+03:00 DEBUG 63042 --- [    Test worker] o.s.b.f.s.DefaultListableBeanFactory     : Creating shared instance of singleton bean 'transactionAttributeSource'
2025-04-06T12:38:06.764+03:00 DEBUG 63042 --- [    Test worker] o.s.b.f.s.DefaultListableBeanFactory     : Creating shared instance of singleton bean 'transactionInterceptor'
2025-04-06T12:38:06.764+03:00 DEBUG 63042 --- [    Test worker] o.s.b.f.s.DefaultListableBeanFactory     : Autowiring by type from bean name 'transactionInterceptor' via factory method to bean named 'transactionAttributeSource'
2025-04-06T12:38:06.765+03:00 DEBUG 63042 --- [    Test worker] o.s.b.f.s.DefaultListableBeanFactory     : Autowiring by type from bean name 'org.springframework.transaction.config.internalTransactionAdvisor' via factory method to bean named 'transactionAttributeSource'
2025-04-06T12:38:06.765+03:00 DEBUG 63042 --- [    Test worker] o.s.b.f.s.DefaultListableBeanFactory     : Autowiring by type from bean name 'org.springframework.transaction.config.internalTransactionAdvisor' via factory method to bean named 'transactionInterceptor'
2025-04-06T12:38:06.774+03:00 DEBUG 63042 --- [    Test worker] o.s.u.c.s.UiApplicationContextUtils      : Unable to locate ThemeSource with name 'themeSource': using default [org.springframework.ui.context.support.ResourceBundleThemeSource@2f0cab82]
2025-04-06T12:38:06.774+03:00 DEBUG 63042 --- [    Test worker] o.s.b.f.s.DefaultListableBeanFactory     : Creating shared instance of singleton bean 'tomcatServletWebServerFactory'
2025-04-06T12:38:06.774+03:00 DEBUG 63042 --- [    Test worker] o.s.b.f.s.DefaultListableBeanFactory     : Creating shared instance of singleton bean 'org.springframework.boot.autoconfigure.web.servlet.ServletWebServerFactoryConfiguration$EmbeddedTomcat'
2025-04-06T12:38:06.784+03:00 DEBUG 63042 --- [    Test worker] o.a.catalina.core.AprLifecycleListener   : The Apache Tomcat Native library could not be found using names [tcnative-2, libtcnative-2, tcnative-1, libtcnative-1] on the java.library.path [/Users/vanonatobaidze/Library/Java/Extensions:/Library/Java/Extensions:/Network/Library/Java/Extensions:/System/Library/Java/Extensions:/usr/lib/java:.]. The errors reported were [Can't load library: /Users/vanonatobaidze/projects/pactflow/pactflow-provider/bin/libtcnative-2.dylib, Can't load library: /Users/vanonatobaidze/projects/pactflow/pactflow-provider/bin/liblibtcnative-2.dylib, Can't load library: /Users/vanonatobaidze/projects/pactflow/pactflow-provider/bin/libtcnative-1.dylib, Can't load library: /Users/vanonatobaidze/projects/pactflow/pactflow-provider/bin/liblibtcnative-1.dylib, no tcnative-2 in java.library.path: /Users/vanonatobaidze/Library/Java/Extensions:/Library/Java/Extensions:/Network/Library/Java/Extensions:/System/Library/Java/Extensions:/usr/lib/java:., no libtcnative-2 in java.library.path: /Users/vanonatobaidze/Library/Java/Extensions:/Library/Java/Extensions:/Network/Library/Java/Extensions:/System/Library/Java/Extensions:/usr/lib/java:., no tcnative-1 in java.library.path: /Users/vanonatobaidze/Library/Java/Extensions:/Library/Java/Extensions:/Network/Library/Java/Extensions:/System/Library/Java/Extensions:/usr/lib/java:., no libtcnative-1 in java.library.path: /Users/vanonatobaidze/Library/Java/Extensions:/Library/Java/Extensions:/Network/Library/Java/Extensions:/System/Library/Java/Extensions:/usr/lib/java:.]

org.apache.tomcat.jni.LibraryNotFoundError: Can't load library: /Users/vanonatobaidze/projects/pactflow/pactflow-provider/bin/libtcnative-2.dylib, Can't load library: /Users/vanonatobaidze/projects/pactflow/pactflow-provider/bin/liblibtcnative-2.dylib, Can't load library: /Users/vanonatobaidze/projects/pactflow/pactflow-provider/bin/libtcnative-1.dylib, Can't load library: /Users/vanonatobaidze/projects/pactflow/pactflow-provider/bin/liblibtcnative-1.dylib, no tcnative-2 in java.library.path: /Users/vanonatobaidze/Library/Java/Extensions:/Library/Java/Extensions:/Network/Library/Java/Extensions:/System/Library/Java/Extensions:/usr/lib/java:., no libtcnative-2 in java.library.path: /Users/vanonatobaidze/Library/Java/Extensions:/Library/Java/Extensions:/Network/Library/Java/Extensions:/System/Library/Java/Extensions:/usr/lib/java:., no tcnative-1 in java.library.path: /Users/vanonatobaidze/Library/Java/Extensions:/Library/Java/Extensions:/Network/Library/Java/Extensions:/System/Library/Java/Extensions:/usr/lib/java:., no libtcnative-1 in java.library.path: /Users/vanonatobaidze/Library/Java/Extensions:/Library/Java/Extensions:/Network/Library/Java/Extensions:/System/Library/Java/Extensions:/usr/lib/java:.
	at org.apache.tomcat.jni.Library.<init>(Library.java:91) ~[tomcat-embed-core-10.1.36.jar:10.1.36]
	at org.apache.tomcat.jni.Library.initialize(Library.java:147) ~[tomcat-embed-core-10.1.36.jar:10.1.36]
	at org.apache.catalina.core.AprLifecycleListener.init(AprLifecycleListener.java:211) ~[tomcat-embed-core-10.1.36.jar:10.1.36]
	at org.apache.catalina.core.AprLifecycleListener.isAprAvailable(AprLifecycleListener.java:113) ~[tomcat-embed-core-10.1.36.jar:10.1.36]
	at org.springframework.boot.web.embedded.tomcat.TomcatServletWebServerFactory.getDefaultServerLifecycleListeners(TomcatServletWebServerFactory.java:191) ~[spring-boot-3.4.3.jar:3.4.3]
	at org.springframework.boot.web.embedded.tomcat.TomcatServletWebServerFactory.<init>(TomcatServletWebServerFactory.java:138) ~[spring-boot-3.4.3.jar:3.4.3]
	at org.springframework.boot.autoconfigure.web.servlet.ServletWebServerFactoryConfiguration$EmbeddedTomcat.tomcatServletWebServerFactory(ServletWebServerFactoryConfiguration.java:73) ~[spring-boot-autoconfigure-3.4.3.jar:3.4.3]
	at java.base/jdk.internal.reflect.DirectMethodHandleAccessor.invoke(DirectMethodHandleAccessor.java:103) ~[na:na]
	at java.base/java.lang.reflect.Method.invoke(Method.java:580) ~[na:na]
	at org.springframework.beans.factory.support.SimpleInstantiationStrategy.lambda$instantiate$0(SimpleInstantiationStrategy.java:171) ~[spring-beans-6.2.3.jar:6.2.3]
	at org.springframework.beans.factory.support.SimpleInstantiationStrategy.instantiateWithFactoryMethod(SimpleInstantiationStrategy.java:88) ~[spring-beans-6.2.3.jar:6.2.3]
	at org.springframework.beans.factory.support.SimpleInstantiationStrategy.instantiate(SimpleInstantiationStrategy.java:168) ~[spring-beans-6.2.3.jar:6.2.3]
	at org.springframework.beans.factory.support.ConstructorResolver.instantiate(ConstructorResolver.java:653) ~[spring-beans-6.2.3.jar:6.2.3]
	at org.springframework.beans.factory.support.ConstructorResolver.instantiateUsingFactoryMethod(ConstructorResolver.java:645) ~[spring-beans-6.2.3.jar:6.2.3]
	at org.springframework.beans.factory.support.AbstractAutowireCapableBeanFactory.instantiateUsingFactoryMethod(AbstractAutowireCapableBeanFactory.java:1361) ~[spring-beans-6.2.3.jar:6.2.3]
	at org.springframework.beans.factory.support.AbstractAutowireCapableBeanFactory.createBeanInstance(AbstractAutowireCapableBeanFactory.java:1191) ~[spring-beans-6.2.3.jar:6.2.3]
	at org.springframework.beans.factory.support.AbstractAutowireCapableBeanFactory.doCreateBean(AbstractAutowireCapableBeanFactory.java:563) ~[spring-beans-6.2.3.jar:6.2.3]
	at org.springframework.beans.factory.support.AbstractAutowireCapableBeanFactory.createBean(AbstractAutowireCapableBeanFactory.java:523) ~[spring-beans-6.2.3.jar:6.2.3]
	at org.springframework.beans.factory.support.AbstractBeanFactory.lambda$doGetBean$0(AbstractBeanFactory.java:339) ~[spring-beans-6.2.3.jar:6.2.3]
	at org.springframework.beans.factory.support.DefaultSingletonBeanRegistry.getSingleton(DefaultSingletonBeanRegistry.java:346) ~[spring-beans-6.2.3.jar:6.2.3]
	at org.springframework.beans.factory.support.AbstractBeanFactory.doGetBean(AbstractBeanFactory.java:337) ~[spring-beans-6.2.3.jar:6.2.3]
	at org.springframework.beans.factory.support.AbstractBeanFactory.getBean(AbstractBeanFactory.java:207) ~[spring-beans-6.2.3.jar:6.2.3]
	at org.springframework.boot.web.servlet.context.ServletWebServerApplicationContext.getWebServerFactory(ServletWebServerApplicationContext.java:228) ~[spring-boot-3.4.3.jar:3.4.3]
	at org.springframework.boot.web.servlet.context.ServletWebServerApplicationContext.createWebServer(ServletWebServerApplicationContext.java:191) ~[spring-boot-3.4.3.jar:3.4.3]
	at org.springframework.boot.web.servlet.context.ServletWebServerApplicationContext.onRefresh(ServletWebServerApplicationContext.java:167) ~[spring-boot-3.4.3.jar:3.4.3]
	at org.springframework.context.support.AbstractApplicationContext.refresh(AbstractApplicationContext.java:621) ~[spring-context-6.2.3.jar:6.2.3]
	at org.springframework.boot.web.servlet.context.ServletWebServerApplicationContext.refresh(ServletWebServerApplicationContext.java:146) ~[spring-boot-3.4.3.jar:3.4.3]
	at org.springframework.boot.SpringApplication.refresh(SpringApplication.java:752) ~[spring-boot-3.4.3.jar:3.4.3]
	at org.springframework.boot.SpringApplication.refreshContext(SpringApplication.java:439) ~[spring-boot-3.4.3.jar:3.4.3]
	at org.springframework.boot.SpringApplication.run(SpringApplication.java:318) ~[spring-boot-3.4.3.jar:3.4.3]
	at org.springframework.boot.test.context.SpringBootContextLoader.lambda$loadContext$3(SpringBootContextLoader.java:137) ~[spring-boot-test-3.4.3.jar:3.4.3]
	at org.springframework.util.function.ThrowingSupplier.get(ThrowingSupplier.java:58) ~[spring-core-6.2.3.jar:6.2.3]
	at org.springframework.util.function.ThrowingSupplier.get(ThrowingSupplier.java:46) ~[spring-core-6.2.3.jar:6.2.3]
	at org.springframework.boot.SpringApplication.withHook(SpringApplication.java:1461) ~[spring-boot-3.4.3.jar:3.4.3]
	at org.springframework.boot.test.context.SpringBootContextLoader$ContextLoaderHook.run(SpringBootContextLoader.java:553) ~[spring-boot-test-3.4.3.jar:3.4.3]
	at org.springframework.boot.test.context.SpringBootContextLoader.loadContext(SpringBootContextLoader.java:137) ~[spring-boot-test-3.4.3.jar:3.4.3]
	at org.springframework.boot.test.context.SpringBootContextLoader.loadContext(SpringBootContextLoader.java:108) ~[spring-boot-test-3.4.3.jar:3.4.3]
	at org.springframework.test.context.cache.DefaultCacheAwareContextLoaderDelegate.loadContextInternal(DefaultCacheAwareContextLoaderDelegate.java:225) ~[spring-test-6.2.3.jar:6.2.3]
	at org.springframework.test.context.cache.DefaultCacheAwareContextLoaderDelegate.loadContext(DefaultCacheAwareContextLoaderDelegate.java:152) ~[spring-test-6.2.3.jar:6.2.3]
	at org.springframework.test.context.support.DefaultTestContext.getApplicationContext(DefaultTestContext.java:130) ~[spring-test-6.2.3.jar:6.2.3]
	at org.springframework.test.context.support.DependencyInjectionTestExecutionListener.injectDependencies(DependencyInjectionTestExecutionListener.java:155) ~[spring-test-6.2.3.jar:6.2.3]
	at org.springframework.test.context.support.DependencyInjectionTestExecutionListener.prepareTestInstance(DependencyInjectionTestExecutionListener.java:111) ~[spring-test-6.2.3.jar:6.2.3]
	at org.springframework.test.context.TestContextManager.prepareTestInstance(TestContextManager.java:260) ~[spring-test-6.2.3.jar:6.2.3]
	at org.springframework.test.context.junit.jupiter.SpringExtension.postProcessTestInstance(SpringExtension.java:160) ~[spring-test-6.2.3.jar:6.2.3]
	at org.junit.jupiter.engine.descriptor.ClassBasedTestDescriptor.lambda$invokeTestInstancePostProcessors$11(ClassBasedTestDescriptor.java:378) ~[junit-jupiter-engine-5.11.4.jar:5.11.4]
	at org.junit.jupiter.engine.descriptor.ClassBasedTestDescriptor.executeAndMaskThrowable(ClassBasedTestDescriptor.java:383) ~[junit-jupiter-engine-5.11.4.jar:5.11.4]
	at org.junit.jupiter.engine.descriptor.ClassBasedTestDescriptor.lambda$invokeTestInstancePostProcessors$12(ClassBasedTestDescriptor.java:378) ~[junit-jupiter-engine-5.11.4.jar:5.11.4]
	at java.base/java.util.stream.ForEachOps$ForEachOp$OfRef.accept(ForEachOps.java:184) ~[na:na]
	at java.base/java.util.stream.ReferencePipeline$3$1.accept(ReferencePipeline.java:215) ~[na:na]
	at java.base/java.util.stream.ReferencePipeline$2$1.accept(ReferencePipeline.java:197) ~[na:na]
	at java.base/java.util.stream.ReferencePipeline$3$1.accept(ReferencePipeline.java:215) ~[na:na]
	at java.base/java.util.ArrayList$ArrayListSpliterator.forEachRemaining(ArrayList.java:1709) ~[na:na]
	at java.base/java.util.stream.AbstractPipeline.copyInto(AbstractPipeline.java:570) ~[na:na]
	at java.base/java.util.stream.AbstractPipeline.wrapAndCopyInto(AbstractPipeline.java:560) ~[na:na]
	at java.base/java.util.stream.ForEachOps$ForEachOp.evaluateSequential(ForEachOps.java:151) ~[na:na]
	at java.base/java.util.stream.ForEachOps$ForEachOp$OfRef.evaluateSequential(ForEachOps.java:174) ~[na:na]
	at java.base/java.util.stream.AbstractPipeline.evaluate(AbstractPipeline.java:265) ~[na:na]
	at java.base/java.util.stream.ReferencePipeline.forEach(ReferencePipeline.java:636) ~[na:na]
	at org.junit.jupiter.engine.descriptor.ClassBasedTestDescriptor.invokeTestInstancePostProcessors(ClassBasedTestDescriptor.java:377) ~[junit-jupiter-engine-5.11.4.jar:5.11.4]
	at org.junit.jupiter.engine.descriptor.ClassBasedTestDescriptor.lambda$instantiateAndPostProcessTestInstance$7(ClassBasedTestDescriptor.java:290) ~[junit-jupiter-engine-5.11.4.jar:5.11.4]
	at org.junit.platform.engine.support.hierarchical.ThrowableCollector.execute(ThrowableCollector.java:73) ~[junit-platform-engine-1.11.4.jar:1.11.4]
	at org.junit.jupiter.engine.descriptor.ClassBasedTestDescriptor.instantiateAndPostProcessTestInstance(ClassBasedTestDescriptor.java:289) ~[junit-jupiter-engine-5.11.4.jar:5.11.4]
	at org.junit.jupiter.engine.descriptor.ClassBasedTestDescriptor.lambda$testInstancesProvider$5(ClassBasedTestDescriptor.java:279) ~[junit-jupiter-engine-5.11.4.jar:5.11.4]
	at java.base/java.util.Optional.orElseGet(Optional.java:364) ~[na:na]
	at org.junit.jupiter.engine.descriptor.ClassBasedTestDescriptor.lambda$testInstancesProvider$6(ClassBasedTestDescriptor.java:278) ~[junit-jupiter-engine-5.11.4.jar:5.11.4]
	at org.junit.jupiter.engine.execution.TestInstancesProvider.getTestInstances(TestInstancesProvider.java:31) ~[junit-jupiter-engine-5.11.4.jar:5.11.4]
	at org.junit.jupiter.engine.descriptor.TestMethodTestDescriptor.lambda$prepare$1(TestMethodTestDescriptor.java:105) ~[junit-jupiter-engine-5.11.4.jar:5.11.4]
	at org.junit.platform.engine.support.hierarchical.ThrowableCollector.execute(ThrowableCollector.java:73) ~[junit-platform-engine-1.11.4.jar:1.11.4]
	at org.junit.jupiter.engine.descriptor.TestMethodTestDescriptor.prepare(TestMethodTestDescriptor.java:104) ~[junit-jupiter-engine-5.11.4.jar:5.11.4]
	at org.junit.jupiter.engine.descriptor.TestMethodTestDescriptor.prepare(TestMethodTestDescriptor.java:68) ~[junit-jupiter-engine-5.11.4.jar:5.11.4]
	at org.junit.platform.engine.support.hierarchical.NodeTestTask.lambda$prepare$2(NodeTestTask.java:128) ~[junit-platform-engine-1.11.4.jar:1.11.4]
	at org.junit.platform.engine.support.hierarchical.ThrowableCollector.execute(ThrowableCollector.java:73) ~[junit-platform-engine-1.11.4.jar:1.11.4]
	at org.junit.platform.engine.support.hierarchical.NodeTestTask.prepare(NodeTestTask.java:128) ~[junit-platform-engine-1.11.4.jar:1.11.4]
	at org.junit.platform.engine.support.hierarchical.NodeTestTask.execute(NodeTestTask.java:95) ~[junit-platform-engine-1.11.4.jar:1.11.4]
	at java.base/java.util.ArrayList.forEach(ArrayList.java:1597) ~[na:na]
	at org.junit.platform.engine.support.hierarchical.SameThreadHierarchicalTestExecutorService.invokeAll(SameThreadHierarchicalTestExecutorService.java:41) ~[junit-platform-engine-1.11.4.jar:1.11.4]
	at org.junit.platform.engine.support.hierarchical.NodeTestTask.lambda$executeRecursively$6(NodeTestTask.java:160) ~[junit-platform-engine-1.11.4.jar:1.11.4]
	at org.junit.platform.engine.support.hierarchical.ThrowableCollector.execute(ThrowableCollector.java:73) ~[junit-platform-engine-1.11.4.jar:1.11.4]
	at org.junit.platform.engine.support.hierarchical.NodeTestTask.lambda$executeRecursively$8(NodeTestTask.java:146) ~[junit-platform-engine-1.11.4.jar:1.11.4]
	at org.junit.platform.engine.support.hierarchical.Node.around(Node.java:137) ~[junit-platform-engine-1.11.4.jar:1.11.4]
	at org.junit.platform.engine.support.hierarchical.NodeTestTask.lambda$executeRecursively$9(NodeTestTask.java:144) ~[junit-platform-engine-1.11.4.jar:1.11.4]
	at org.junit.platform.engine.support.hierarchical.ThrowableCollector.execute(ThrowableCollector.java:73) ~[junit-platform-engine-1.11.4.jar:1.11.4]
	at org.junit.platform.engine.support.hierarchical.NodeTestTask.executeRecursively(NodeTestTask.java:143) ~[junit-platform-engine-1.11.4.jar:1.11.4]
	at org.junit.platform.engine.support.hierarchical.NodeTestTask.execute(NodeTestTask.java:100) ~[junit-platform-engine-1.11.4.jar:1.11.4]
	at java.base/java.util.ArrayList.forEach(ArrayList.java:1597) ~[na:na]
	at org.junit.platform.engine.support.hierarchical.SameThreadHierarchicalTestExecutorService.invokeAll(SameThreadHierarchicalTestExecutorService.java:41) ~[junit-platform-engine-1.11.4.jar:1.11.4]
	at org.junit.platform.engine.support.hierarchical.NodeTestTask.lambda$executeRecursively$6(NodeTestTask.java:160) ~[junit-platform-engine-1.11.4.jar:1.11.4]
	at org.junit.platform.engine.support.hierarchical.ThrowableCollector.execute(ThrowableCollector.java:73) ~[junit-platform-engine-1.11.4.jar:1.11.4]
	at org.junit.platform.engine.support.hierarchical.NodeTestTask.lambda$executeRecursively$8(NodeTestTask.java:146) ~[junit-platform-engine-1.11.4.jar:1.11.4]
	at org.junit.platform.engine.support.hierarchical.Node.around(Node.java:137) ~[junit-platform-engine-1.11.4.jar:1.11.4]
	at org.junit.platform.engine.support.hierarchical.NodeTestTask.lambda$executeRecursively$9(NodeTestTask.java:144) ~[junit-platform-engine-1.11.4.jar:1.11.4]
	at org.junit.platform.engine.support.hierarchical.ThrowableCollector.execute(ThrowableCollector.java:73) ~[junit-platform-engine-1.11.4.jar:1.11.4]
	at org.junit.platform.engine.support.hierarchical.NodeTestTask.executeRecursively(NodeTestTask.java:143) ~[junit-platform-engine-1.11.4.jar:1.11.4]
	at org.junit.platform.engine.support.hierarchical.NodeTestTask.execute(NodeTestTask.java:100) ~[junit-platform-engine-1.11.4.jar:1.11.4]
	at org.junit.platform.engine.support.hierarchical.SameThreadHierarchicalTestExecutorService.submit(SameThreadHierarchicalTestExecutorService.java:35) ~[junit-platform-engine-1.11.4.jar:1.11.4]
	at org.junit.platform.engine.support.hierarchical.HierarchicalTestExecutor.execute(HierarchicalTestExecutor.java:57) ~[junit-platform-engine-1.11.4.jar:1.11.4]
	at org.junit.platform.engine.support.hierarchical.HierarchicalTestEngine.execute(HierarchicalTestEngine.java:54) ~[junit-platform-engine-1.11.4.jar:1.11.4]
	at org.junit.platform.launcher.core.EngineExecutionOrchestrator.execute(EngineExecutionOrchestrator.java:198) ~[junit-platform-launcher-1.11.4.jar:1.11.4]
	at org.junit.platform.launcher.core.EngineExecutionOrchestrator.execute(EngineExecutionOrchestrator.java:169) ~[junit-platform-launcher-1.11.4.jar:1.11.4]
	at org.junit.platform.launcher.core.EngineExecutionOrchestrator.execute(EngineExecutionOrchestrator.java:93) ~[junit-platform-launcher-1.11.4.jar:1.11.4]
	at org.junit.platform.launcher.core.EngineExecutionOrchestrator.lambda$execute$0(EngineExecutionOrchestrator.java:58) ~[junit-platform-launcher-1.11.4.jar:1.11.4]
	at org.junit.platform.launcher.core.EngineExecutionOrchestrator.withInterceptedStreams(EngineExecutionOrchestrator.java:141) ~[junit-platform-launcher-1.11.4.jar:1.11.4]
	at org.junit.platform.launcher.core.EngineExecutionOrchestrator.execute(EngineExecutionOrchestrator.java:57) ~[junit-platform-launcher-1.11.4.jar:1.11.4]
	at org.junit.platform.launcher.core.DefaultLauncher.execute(DefaultLauncher.java:103) ~[junit-platform-launcher-1.11.4.jar:1.11.4]
	at org.junit.platform.launcher.core.DefaultLauncher.execute(DefaultLauncher.java:85) ~[junit-platform-launcher-1.11.4.jar:1.11.4]
	at org.junit.platform.launcher.core.DelegatingLauncher.execute(DelegatingLauncher.java:47) ~[junit-platform-launcher-1.11.4.jar:1.11.4]
	at org.gradle.api.internal.tasks.testing.junitplatform.JUnitPlatformTestClassProcessor$CollectAllTestClassesExecutor.processAllTestClasses(JUnitPlatformTestClassProcessor.java:124) ~[na:na]
	at org.gradle.api.internal.tasks.testing.junitplatform.JUnitPlatformTestClassProcessor$CollectAllTestClassesExecutor.access$000(JUnitPlatformTestClassProcessor.java:99) ~[na:na]
	at org.gradle.api.internal.tasks.testing.junitplatform.JUnitPlatformTestClassProcessor.stop(JUnitPlatformTestClassProcessor.java:94) ~[na:na]
	at org.gradle.api.internal.tasks.testing.SuiteTestClassProcessor.stop(SuiteTestClassProcessor.java:63) ~[na:na]
	at java.base/jdk.internal.reflect.DirectMethodHandleAccessor.invoke(DirectMethodHandleAccessor.java:103) ~[na:na]
	at java.base/java.lang.reflect.Method.invoke(Method.java:580) ~[na:na]
	at org.gradle.internal.dispatch.ReflectionDispatch.dispatch(ReflectionDispatch.java:36) ~[na:na]
	at org.gradle.internal.dispatch.ReflectionDispatch.dispatch(ReflectionDispatch.java:24) ~[na:na]
	at org.gradle.internal.dispatch.ContextClassLoaderDispatch.dispatch(ContextClassLoaderDispatch.java:33) ~[na:na]
	at org.gradle.internal.dispatch.ProxyDispatchAdapter$DispatchingInvocationHandler.invoke(ProxyDispatchAdapter.java:92) ~[na:na]
	at jdk.proxy1/jdk.proxy1.$Proxy4.stop(Unknown Source) ~[na:na]
	at org.gradle.api.internal.tasks.testing.worker.TestWorker$3.run(TestWorker.java:200) ~[na:na]
	at org.gradle.api.internal.tasks.testing.worker.TestWorker.executeAndMaintainThreadName(TestWorker.java:132) ~[na:na]
	at org.gradle.api.internal.tasks.testing.worker.TestWorker.execute(TestWorker.java:103) ~[na:na]
	at org.gradle.api.internal.tasks.testing.worker.TestWorker.execute(TestWorker.java:63) ~[na:na]
	at org.gradle.process.internal.worker.child.ActionExecutionWorker.execute(ActionExecutionWorker.java:56) ~[na:na]
	at org.gradle.process.internal.worker.child.SystemApplicationClassLoaderWorker.call(SystemApplicationClassLoaderWorker.java:121) ~[na:na]
	at org.gradle.process.internal.worker.child.SystemApplicationClassLoaderWorker.call(SystemApplicationClassLoaderWorker.java:71) ~[na:na]
	at worker.org.gradle.process.internal.worker.GradleWorkerMain.run(GradleWorkerMain.java:69) ~[gradle-worker.jar:na]
	at worker.org.gradle.process.internal.worker.GradleWorkerMain.main(GradleWorkerMain.java:74) ~[gradle-worker.jar:na]

2025-04-06T12:38:06.792+03:00 DEBUG 63042 --- [    Test worker] o.s.b.f.s.DefaultListableBeanFactory     : Creating shared instance of singleton bean 'websocketServletWebServerCustomizer'
2025-04-06T12:38:06.793+03:00 DEBUG 63042 --- [    Test worker] o.s.b.f.s.DefaultListableBeanFactory     : Creating shared instance of singleton bean 'org.springframework.boot.autoconfigure.websocket.servlet.WebSocketServletAutoConfiguration$TomcatWebSocketConfiguration'
2025-04-06T12:38:06.793+03:00 DEBUG 63042 --- [    Test worker] o.s.b.f.s.DefaultListableBeanFactory     : Creating shared instance of singleton bean 'servletWebServerFactoryCustomizer'
2025-04-06T12:38:06.793+03:00 DEBUG 63042 --- [    Test worker] o.s.b.f.s.DefaultListableBeanFactory     : Creating shared instance of singleton bean 'org.springframework.boot.autoconfigure.web.servlet.ServletWebServerFactoryAutoConfiguration'
2025-04-06T12:38:06.794+03:00 DEBUG 63042 --- [    Test worker] o.s.b.f.s.DefaultListableBeanFactory     : Creating shared instance of singleton bean 'server-org.springframework.boot.autoconfigure.web.ServerProperties'
2025-04-06T12:38:06.797+03:00 DEBUG 63042 --- [    Test worker] o.s.b.f.s.DefaultListableBeanFactory     : Creating shared instance of singleton bean 'org.springframework.boot.context.properties.BoundConfigurationProperties'
2025-04-06T12:38:06.800+03:00 DEBUG 63042 --- [    Test worker] o.s.b.f.s.DefaultListableBeanFactory     : Autowiring by type from bean name 'servletWebServerFactoryCustomizer' via factory method to bean named 'server-org.springframework.boot.autoconfigure.web.ServerProperties'
2025-04-06T12:38:06.802+03:00 DEBUG 63042 --- [    Test worker] o.s.b.f.s.DefaultListableBeanFactory     : Creating shared instance of singleton bean 'sslBundleRegistry'
2025-04-06T12:38:06.802+03:00 DEBUG 63042 --- [    Test worker] o.s.b.f.s.DefaultListableBeanFactory     : Creating shared instance of singleton bean 'org.springframework.boot.autoconfigure.ssl.SslAutoConfiguration'
2025-04-06T12:38:06.802+03:00 DEBUG 63042 --- [    Test worker] o.s.b.f.s.DefaultListableBeanFactory     : Creating shared instance of singleton bean 'spring.ssl-org.springframework.boot.autoconfigure.ssl.SslProperties'
2025-04-06T12:38:06.803+03:00 DEBUG 63042 --- [    Test worker] o.s.b.f.s.DefaultListableBeanFactory     : Autowiring by type from bean name 'org.springframework.boot.autoconfigure.ssl.SslAutoConfiguration' via constructor to bean named 'org.springframework.boot.web.servlet.context.AnnotationConfigServletWebServerApplicationContext@104dc1a2'
2025-04-06T12:38:06.803+03:00 DEBUG 63042 --- [    Test worker] o.s.b.f.s.DefaultListableBeanFactory     : Autowiring by type from bean name 'org.springframework.boot.autoconfigure.ssl.SslAutoConfiguration' via constructor to bean named 'spring.ssl-org.springframework.boot.autoconfigure.ssl.SslProperties'
2025-04-06T12:38:06.804+03:00 DEBUG 63042 --- [    Test worker] o.s.b.f.s.DefaultListableBeanFactory     : Creating shared instance of singleton bean 'sslPropertiesSslBundleRegistrar'
2025-04-06T12:38:06.804+03:00 DEBUG 63042 --- [    Test worker] o.s.b.f.s.DefaultListableBeanFactory     : Creating shared instance of singleton bean 'fileWatcher'
2025-04-06T12:38:06.805+03:00 DEBUG 63042 --- [    Test worker] o.s.b.f.s.DefaultListableBeanFactory     : Autowiring by type from bean name 'sslPropertiesSslBundleRegistrar' via factory method to bean named 'fileWatcher'
2025-04-06T12:38:06.807+03:00 DEBUG 63042 --- [    Test worker] o.s.b.f.s.DefaultListableBeanFactory     : Creating shared instance of singleton bean 'tomcatServletWebServerFactoryCustomizer'
2025-04-06T12:38:06.807+03:00 DEBUG 63042 --- [    Test worker] o.s.b.f.s.DefaultListableBeanFactory     : Autowiring by type from bean name 'tomcatServletWebServerFactoryCustomizer' via factory method to bean named 'server-org.springframework.boot.autoconfigure.web.ServerProperties'
2025-04-06T12:38:06.807+03:00 DEBUG 63042 --- [    Test worker] o.s.b.f.s.DefaultListableBeanFactory     : Creating shared instance of singleton bean 'tomcatWebServerFactoryCustomizer'
2025-04-06T12:38:06.807+03:00 DEBUG 63042 --- [    Test worker] o.s.b.f.s.DefaultListableBeanFactory     : Creating shared instance of singleton bean 'org.springframework.boot.autoconfigure.web.embedded.EmbeddedWebServerFactoryCustomizerAutoConfiguration$TomcatWebServerFactoryCustomizerConfiguration'
2025-04-06T12:38:06.808+03:00 DEBUG 63042 --- [    Test worker] o.s.b.f.s.DefaultListableBeanFactory     : Autowiring by type from bean name 'tomcatWebServerFactoryCustomizer' via factory method to bean named 'environment'
2025-04-06T12:38:06.808+03:00 DEBUG 63042 --- [    Test worker] o.s.b.f.s.DefaultListableBeanFactory     : Autowiring by type from bean name 'tomcatWebServerFactoryCustomizer' via factory method to bean named 'server-org.springframework.boot.autoconfigure.web.ServerProperties'
2025-04-06T12:38:06.809+03:00 DEBUG 63042 --- [    Test worker] o.s.b.f.s.DefaultListableBeanFactory     : Creating shared instance of singleton bean 'localeCharsetMappingsCustomizer'
2025-04-06T12:38:06.809+03:00 DEBUG 63042 --- [    Test worker] o.s.b.f.s.DefaultListableBeanFactory     : Creating shared instance of singleton bean 'org.springframework.boot.autoconfigure.web.servlet.HttpEncodingAutoConfiguration'
2025-04-06T12:38:06.809+03:00 DEBUG 63042 --- [    Test worker] o.s.b.f.s.DefaultListableBeanFactory     : Autowiring by type from bean name 'org.springframework.boot.autoconfigure.web.servlet.HttpEncodingAutoConfiguration' via constructor to bean named 'server-org.springframework.boot.autoconfigure.web.ServerProperties'
2025-04-06T12:38:06.817+03:00 DEBUG 63042 --- [    Test worker] o.s.b.f.s.DefaultListableBeanFactory     : Creating shared instance of singleton bean 'errorPageCustomizer'
2025-04-06T12:38:06.817+03:00 DEBUG 63042 --- [    Test worker] o.s.b.f.s.DefaultListableBeanFactory     : Creating shared instance of singleton bean 'org.springframework.boot.autoconfigure.web.servlet.error.ErrorMvcAutoConfiguration'
2025-04-06T12:38:06.818+03:00 DEBUG 63042 --- [    Test worker] o.s.b.f.s.DefaultListableBeanFactory     : Autowiring by type from bean name 'org.springframework.boot.autoconfigure.web.servlet.error.ErrorMvcAutoConfiguration' via constructor to bean named 'server-org.springframework.boot.autoconfigure.web.ServerProperties'
2025-04-06T12:38:06.818+03:00 DEBUG 63042 --- [    Test worker] o.s.b.f.s.DefaultListableBeanFactory     : Creating shared instance of singleton bean 'dispatcherServletRegistration'
2025-04-06T12:38:06.818+03:00 DEBUG 63042 --- [    Test worker] o.s.b.f.s.DefaultListableBeanFactory     : Creating shared instance of singleton bean 'org.springframework.boot.autoconfigure.web.servlet.DispatcherServletAutoConfiguration$DispatcherServletRegistrationConfiguration'
2025-04-06T12:38:06.818+03:00 DEBUG 63042 --- [    Test worker] o.s.b.f.s.DefaultListableBeanFactory     : Creating shared instance of singleton bean 'dispatcherServlet'
2025-04-06T12:38:06.818+03:00 DEBUG 63042 --- [    Test worker] o.s.b.f.s.DefaultListableBeanFactory     : Creating shared instance of singleton bean 'org.springframework.boot.autoconfigure.web.servlet.DispatcherServletAutoConfiguration$DispatcherServletConfiguration'
2025-04-06T12:38:06.819+03:00 DEBUG 63042 --- [    Test worker] o.s.b.f.s.DefaultListableBeanFactory     : Creating shared instance of singleton bean 'spring.mvc-org.springframework.boot.autoconfigure.web.servlet.WebMvcProperties'
2025-04-06T12:38:06.821+03:00 DEBUG 63042 --- [    Test worker] o.s.b.f.s.DefaultListableBeanFactory     : Autowiring by type from bean name 'dispatcherServlet' via factory method to bean named 'spring.mvc-org.springframework.boot.autoconfigure.web.servlet.WebMvcProperties'
2025-04-06T12:38:06.826+03:00 DEBUG 63042 --- [    Test worker] o.s.b.f.s.DefaultListableBeanFactory     : Autowiring by type from bean name 'dispatcherServletRegistration' via factory method to bean named 'dispatcherServlet'
2025-04-06T12:38:06.827+03:00 DEBUG 63042 --- [    Test worker] o.s.b.f.s.DefaultListableBeanFactory     : Autowiring by type from bean name 'dispatcherServletRegistration' via factory method to bean named 'spring.mvc-org.springframework.boot.autoconfigure.web.servlet.WebMvcProperties'
2025-04-06T12:38:06.828+03:00 DEBUG 63042 --- [    Test worker] o.s.b.f.s.DefaultListableBeanFactory     : Creating shared instance of singleton bean 'multipartConfigElement'
2025-04-06T12:38:06.828+03:00 DEBUG 63042 --- [    Test worker] o.s.b.f.s.DefaultListableBeanFactory     : Creating shared instance of singleton bean 'org.springframework.boot.autoconfigure.web.servlet.MultipartAutoConfiguration'
2025-04-06T12:38:06.828+03:00 DEBUG 63042 --- [    Test worker] o.s.b.f.s.DefaultListableBeanFactory     : Creating shared instance of singleton bean 'spring.servlet.multipart-org.springframework.boot.autoconfigure.web.servlet.MultipartProperties'
2025-04-06T12:38:06.829+03:00 DEBUG 63042 --- [    Test worker] o.s.b.f.s.DefaultListableBeanFactory     : Autowiring by type from bean name 'org.springframework.boot.autoconfigure.web.servlet.MultipartAutoConfiguration' via constructor to bean named 'spring.servlet.multipart-org.springframework.boot.autoconfigure.web.servlet.MultipartProperties'
2025-04-06T12:38:06.832+03:00 DEBUG 63042 --- [    Test worker] o.s.b.f.s.DefaultListableBeanFactory     : Autowiring by type from bean name 'errorPageCustomizer' via factory method to bean named 'dispatcherServletRegistration'
2025-04-06T12:38:06.838+03:00 DEBUG 63042 --- [    Test worker] o.apache.tomcat.util.compat.JreCompat    : Unable to create a reference to the java.io.FileSystem.useCanonCaches static field

java.lang.NoSuchFieldException: useCanonCaches
	at java.base/java.lang.Class.getDeclaredField(Class.java:2841) ~[na:na]
	at org.apache.tomcat.util.compat.JreCompat.<clinit>(JreCompat.java:101) ~[tomcat-embed-core-10.1.36.jar:10.1.36]
	at org.apache.catalina.startup.Tomcat.<clinit>(Tomcat.java:1193) ~[tomcat-embed-core-10.1.36.jar:10.1.36]
	at org.springframework.boot.web.embedded.tomcat.TomcatServletWebServerFactory.getWebServer(TomcatServletWebServerFactory.java:203) ~[spring-boot-3.4.3.jar:3.4.3]
	at org.springframework.boot.web.servlet.context.ServletWebServerApplicationContext.createWebServer(ServletWebServerApplicationContext.java:193) ~[spring-boot-3.4.3.jar:3.4.3]
	at org.springframework.boot.web.servlet.context.ServletWebServerApplicationContext.onRefresh(ServletWebServerApplicationContext.java:167) ~[spring-boot-3.4.3.jar:3.4.3]
	at org.springframework.context.support.AbstractApplicationContext.refresh(AbstractApplicationContext.java:621) ~[spring-context-6.2.3.jar:6.2.3]
	at org.springframework.boot.web.servlet.context.ServletWebServerApplicationContext.refresh(ServletWebServerApplicationContext.java:146) ~[spring-boot-3.4.3.jar:3.4.3]
	at org.springframework.boot.SpringApplication.refresh(SpringApplication.java:752) ~[spring-boot-3.4.3.jar:3.4.3]
	at org.springframework.boot.SpringApplication.refreshContext(SpringApplication.java:439) ~[spring-boot-3.4.3.jar:3.4.3]
	at org.springframework.boot.SpringApplication.run(SpringApplication.java:318) ~[spring-boot-3.4.3.jar:3.4.3]
	at org.springframework.boot.test.context.SpringBootContextLoader.lambda$loadContext$3(SpringBootContextLoader.java:137) ~[spring-boot-test-3.4.3.jar:3.4.3]
	at org.springframework.util.function.ThrowingSupplier.get(ThrowingSupplier.java:58) ~[spring-core-6.2.3.jar:6.2.3]
	at org.springframework.util.function.ThrowingSupplier.get(ThrowingSupplier.java:46) ~[spring-core-6.2.3.jar:6.2.3]
	at org.springframework.boot.SpringApplication.withHook(SpringApplication.java:1461) ~[spring-boot-3.4.3.jar:3.4.3]
	at org.springframework.boot.test.context.SpringBootContextLoader$ContextLoaderHook.run(SpringBootContextLoader.java:553) ~[spring-boot-test-3.4.3.jar:3.4.3]
	at org.springframework.boot.test.context.SpringBootContextLoader.loadContext(SpringBootContextLoader.java:137) ~[spring-boot-test-3.4.3.jar:3.4.3]
	at org.springframework.boot.test.context.SpringBootContextLoader.loadContext(SpringBootContextLoader.java:108) ~[spring-boot-test-3.4.3.jar:3.4.3]
	at org.springframework.test.context.cache.DefaultCacheAwareContextLoaderDelegate.loadContextInternal(DefaultCacheAwareContextLoaderDelegate.java:225) ~[spring-test-6.2.3.jar:6.2.3]
	at org.springframework.test.context.cache.DefaultCacheAwareContextLoaderDelegate.loadContext(DefaultCacheAwareContextLoaderDelegate.java:152) ~[spring-test-6.2.3.jar:6.2.3]
	at org.springframework.test.context.support.DefaultTestContext.getApplicationContext(DefaultTestContext.java:130) ~[spring-test-6.2.3.jar:6.2.3]
	at org.springframework.test.context.support.DependencyInjectionTestExecutionListener.injectDependencies(DependencyInjectionTestExecutionListener.java:155) ~[spring-test-6.2.3.jar:6.2.3]
	at org.springframework.test.context.support.DependencyInjectionTestExecutionListener.prepareTestInstance(DependencyInjectionTestExecutionListener.java:111) ~[spring-test-6.2.3.jar:6.2.3]
	at org.springframework.test.context.TestContextManager.prepareTestInstance(TestContextManager.java:260) ~[spring-test-6.2.3.jar:6.2.3]
	at org.springframework.test.context.junit.jupiter.SpringExtension.postProcessTestInstance(SpringExtension.java:160) ~[spring-test-6.2.3.jar:6.2.3]
	at org.junit.jupiter.engine.descriptor.ClassBasedTestDescriptor.lambda$invokeTestInstancePostProcessors$11(ClassBasedTestDescriptor.java:378) ~[junit-jupiter-engine-5.11.4.jar:5.11.4]
	at org.junit.jupiter.engine.descriptor.ClassBasedTestDescriptor.executeAndMaskThrowable(ClassBasedTestDescriptor.java:383) ~[junit-jupiter-engine-5.11.4.jar:5.11.4]
	at org.junit.jupiter.engine.descriptor.ClassBasedTestDescriptor.lambda$invokeTestInstancePostProcessors$12(ClassBasedTestDescriptor.java:378) ~[junit-jupiter-engine-5.11.4.jar:5.11.4]
	at java.base/java.util.stream.ForEachOps$ForEachOp$OfRef.accept(ForEachOps.java:184) ~[na:na]
	at java.base/java.util.stream.ReferencePipeline$3$1.accept(ReferencePipeline.java:215) ~[na:na]
	at java.base/java.util.stream.ReferencePipeline$2$1.accept(ReferencePipeline.java:197) ~[na:na]
	at java.base/java.util.stream.ReferencePipeline$3$1.accept(ReferencePipeline.java:215) ~[na:na]
	at java.base/java.util.ArrayList$ArrayListSpliterator.forEachRemaining(ArrayList.java:1709) ~[na:na]
	at java.base/java.util.stream.AbstractPipeline.copyInto(AbstractPipeline.java:570) ~[na:na]
	at java.base/java.util.stream.AbstractPipeline.wrapAndCopyInto(AbstractPipeline.java:560) ~[na:na]
	at java.base/java.util.stream.ForEachOps$ForEachOp.evaluateSequential(ForEachOps.java:151) ~[na:na]
	at java.base/java.util.stream.ForEachOps$ForEachOp$OfRef.evaluateSequential(ForEachOps.java:174) ~[na:na]
	at java.base/java.util.stream.AbstractPipeline.evaluate(AbstractPipeline.java:265) ~[na:na]
	at java.base/java.util.stream.ReferencePipeline.forEach(ReferencePipeline.java:636) ~[na:na]
	at org.junit.jupiter.engine.descriptor.ClassBasedTestDescriptor.invokeTestInstancePostProcessors(ClassBasedTestDescriptor.java:377) ~[junit-jupiter-engine-5.11.4.jar:5.11.4]
	at org.junit.jupiter.engine.descriptor.ClassBasedTestDescriptor.lambda$instantiateAndPostProcessTestInstance$7(ClassBasedTestDescriptor.java:290) ~[junit-jupiter-engine-5.11.4.jar:5.11.4]
	at org.junit.platform.engine.support.hierarchical.ThrowableCollector.execute(ThrowableCollector.java:73) ~[junit-platform-engine-1.11.4.jar:1.11.4]
	at org.junit.jupiter.engine.descriptor.ClassBasedTestDescriptor.instantiateAndPostProcessTestInstance(ClassBasedTestDescriptor.java:289) ~[junit-jupiter-engine-5.11.4.jar:5.11.4]
	at org.junit.jupiter.engine.descriptor.ClassBasedTestDescriptor.lambda$testInstancesProvider$5(ClassBasedTestDescriptor.java:279) ~[junit-jupiter-engine-5.11.4.jar:5.11.4]
	at java.base/java.util.Optional.orElseGet(Optional.java:364) ~[na:na]
	at org.junit.jupiter.engine.descriptor.ClassBasedTestDescriptor.lambda$testInstancesProvider$6(ClassBasedTestDescriptor.java:278) ~[junit-jupiter-engine-5.11.4.jar:5.11.4]
	at org.junit.jupiter.engine.execution.TestInstancesProvider.getTestInstances(TestInstancesProvider.java:31) ~[junit-jupiter-engine-5.11.4.jar:5.11.4]
	at org.junit.jupiter.engine.descriptor.TestMethodTestDescriptor.lambda$prepare$1(TestMethodTestDescriptor.java:105) ~[junit-jupiter-engine-5.11.4.jar:5.11.4]
	at org.junit.platform.engine.support.hierarchical.ThrowableCollector.execute(ThrowableCollector.java:73) ~[junit-platform-engine-1.11.4.jar:1.11.4]
	at org.junit.jupiter.engine.descriptor.TestMethodTestDescriptor.prepare(TestMethodTestDescriptor.java:104) ~[junit-jupiter-engine-5.11.4.jar:5.11.4]
	at org.junit.jupiter.engine.descriptor.TestMethodTestDescriptor.prepare(TestMethodTestDescriptor.java:68) ~[junit-jupiter-engine-5.11.4.jar:5.11.4]
	at org.junit.platform.engine.support.hierarchical.NodeTestTask.lambda$prepare$2(NodeTestTask.java:128) ~[junit-platform-engine-1.11.4.jar:1.11.4]
	at org.junit.platform.engine.support.hierarchical.ThrowableCollector.execute(ThrowableCollector.java:73) ~[junit-platform-engine-1.11.4.jar:1.11.4]
	at org.junit.platform.engine.support.hierarchical.NodeTestTask.prepare(NodeTestTask.java:128) ~[junit-platform-engine-1.11.4.jar:1.11.4]
	at org.junit.platform.engine.support.hierarchical.NodeTestTask.execute(NodeTestTask.java:95) ~[junit-platform-engine-1.11.4.jar:1.11.4]
	at java.base/java.util.ArrayList.forEach(ArrayList.java:1597) ~[na:na]
	at org.junit.platform.engine.support.hierarchical.SameThreadHierarchicalTestExecutorService.invokeAll(SameThreadHierarchicalTestExecutorService.java:41) ~[junit-platform-engine-1.11.4.jar:1.11.4]
	at org.junit.platform.engine.support.hierarchical.NodeTestTask.lambda$executeRecursively$6(NodeTestTask.java:160) ~[junit-platform-engine-1.11.4.jar:1.11.4]
	at org.junit.platform.engine.support.hierarchical.ThrowableCollector.execute(ThrowableCollector.java:73) ~[junit-platform-engine-1.11.4.jar:1.11.4]
	at org.junit.platform.engine.support.hierarchical.NodeTestTask.lambda$executeRecursively$8(NodeTestTask.java:146) ~[junit-platform-engine-1.11.4.jar:1.11.4]
	at org.junit.platform.engine.support.hierarchical.Node.around(Node.java:137) ~[junit-platform-engine-1.11.4.jar:1.11.4]
	at org.junit.platform.engine.support.hierarchical.NodeTestTask.lambda$executeRecursively$9(NodeTestTask.java:144) ~[junit-platform-engine-1.11.4.jar:1.11.4]
	at org.junit.platform.engine.support.hierarchical.ThrowableCollector.execute(ThrowableCollector.java:73) ~[junit-platform-engine-1.11.4.jar:1.11.4]
	at org.junit.platform.engine.support.hierarchical.NodeTestTask.executeRecursively(NodeTestTask.java:143) ~[junit-platform-engine-1.11.4.jar:1.11.4]
	at org.junit.platform.engine.support.hierarchical.NodeTestTask.execute(NodeTestTask.java:100) ~[junit-platform-engine-1.11.4.jar:1.11.4]
	at java.base/java.util.ArrayList.forEach(ArrayList.java:1597) ~[na:na]
	at org.junit.platform.engine.support.hierarchical.SameThreadHierarchicalTestExecutorService.invokeAll(SameThreadHierarchicalTestExecutorService.java:41) ~[junit-platform-engine-1.11.4.jar:1.11.4]
	at org.junit.platform.engine.support.hierarchical.NodeTestTask.lambda$executeRecursively$6(NodeTestTask.java:160) ~[junit-platform-engine-1.11.4.jar:1.11.4]
	at org.junit.platform.engine.support.hierarchical.ThrowableCollector.execute(ThrowableCollector.java:73) ~[junit-platform-engine-1.11.4.jar:1.11.4]
	at org.junit.platform.engine.support.hierarchical.NodeTestTask.lambda$executeRecursively$8(NodeTestTask.java:146) ~[junit-platform-engine-1.11.4.jar:1.11.4]
	at org.junit.platform.engine.support.hierarchical.Node.around(Node.java:137) ~[junit-platform-engine-1.11.4.jar:1.11.4]
	at org.junit.platform.engine.support.hierarchical.NodeTestTask.lambda$executeRecursively$9(NodeTestTask.java:144) ~[junit-platform-engine-1.11.4.jar:1.11.4]
	at org.junit.platform.engine.support.hierarchical.ThrowableCollector.execute(ThrowableCollector.java:73) ~[junit-platform-engine-1.11.4.jar:1.11.4]
	at org.junit.platform.engine.support.hierarchical.NodeTestTask.executeRecursively(NodeTestTask.java:143) ~[junit-platform-engine-1.11.4.jar:1.11.4]
	at org.junit.platform.engine.support.hierarchical.NodeTestTask.execute(NodeTestTask.java:100) ~[junit-platform-engine-1.11.4.jar:1.11.4]
	at org.junit.platform.engine.support.hierarchical.SameThreadHierarchicalTestExecutorService.submit(SameThreadHierarchicalTestExecutorService.java:35) ~[junit-platform-engine-1.11.4.jar:1.11.4]
	at org.junit.platform.engine.support.hierarchical.HierarchicalTestExecutor.execute(HierarchicalTestExecutor.java:57) ~[junit-platform-engine-1.11.4.jar:1.11.4]
	at org.junit.platform.engine.support.hierarchical.HierarchicalTestEngine.execute(HierarchicalTestEngine.java:54) ~[junit-platform-engine-1.11.4.jar:1.11.4]
	at org.junit.platform.launcher.core.EngineExecutionOrchestrator.execute(EngineExecutionOrchestrator.java:198) ~[junit-platform-launcher-1.11.4.jar:1.11.4]
	at org.junit.platform.launcher.core.EngineExecutionOrchestrator.execute(EngineExecutionOrchestrator.java:169) ~[junit-platform-launcher-1.11.4.jar:1.11.4]
	at org.junit.platform.launcher.core.EngineExecutionOrchestrator.execute(EngineExecutionOrchestrator.java:93) ~[junit-platform-launcher-1.11.4.jar:1.11.4]
	at org.junit.platform.launcher.core.EngineExecutionOrchestrator.lambda$execute$0(EngineExecutionOrchestrator.java:58) ~[junit-platform-launcher-1.11.4.jar:1.11.4]
	at org.junit.platform.launcher.core.EngineExecutionOrchestrator.withInterceptedStreams(EngineExecutionOrchestrator.java:141) ~[junit-platform-launcher-1.11.4.jar:1.11.4]
	at org.junit.platform.launcher.core.EngineExecutionOrchestrator.execute(EngineExecutionOrchestrator.java:57) ~[junit-platform-launcher-1.11.4.jar:1.11.4]
	at org.junit.platform.launcher.core.DefaultLauncher.execute(DefaultLauncher.java:103) ~[junit-platform-launcher-1.11.4.jar:1.11.4]
	at org.junit.platform.launcher.core.DefaultLauncher.execute(DefaultLauncher.java:85) ~[junit-platform-launcher-1.11.4.jar:1.11.4]
	at org.junit.platform.launcher.core.DelegatingLauncher.execute(DelegatingLauncher.java:47) ~[junit-platform-launcher-1.11.4.jar:1.11.4]
	at org.gradle.api.internal.tasks.testing.junitplatform.JUnitPlatformTestClassProcessor$CollectAllTestClassesExecutor.processAllTestClasses(JUnitPlatformTestClassProcessor.java:124) ~[na:na]
	at org.gradle.api.internal.tasks.testing.junitplatform.JUnitPlatformTestClassProcessor$CollectAllTestClassesExecutor.access$000(JUnitPlatformTestClassProcessor.java:99) ~[na:na]
	at org.gradle.api.internal.tasks.testing.junitplatform.JUnitPlatformTestClassProcessor.stop(JUnitPlatformTestClassProcessor.java:94) ~[na:na]
	at org.gradle.api.internal.tasks.testing.SuiteTestClassProcessor.stop(SuiteTestClassProcessor.java:63) ~[na:na]
	at java.base/jdk.internal.reflect.DirectMethodHandleAccessor.invoke(DirectMethodHandleAccessor.java:103) ~[na:na]
	at java.base/java.lang.reflect.Method.invoke(Method.java:580) ~[na:na]
	at org.gradle.internal.dispatch.ReflectionDispatch.dispatch(ReflectionDispatch.java:36) ~[na:na]
	at org.gradle.internal.dispatch.ReflectionDispatch.dispatch(ReflectionDispatch.java:24) ~[na:na]
	at org.gradle.internal.dispatch.ContextClassLoaderDispatch.dispatch(ContextClassLoaderDispatch.java:33) ~[na:na]
	at org.gradle.internal.dispatch.ProxyDispatchAdapter$DispatchingInvocationHandler.invoke(ProxyDispatchAdapter.java:92) ~[na:na]
	at jdk.proxy1/jdk.proxy1.$Proxy4.stop(Unknown Source) ~[na:na]
	at org.gradle.api.internal.tasks.testing.worker.TestWorker$3.run(TestWorker.java:200) ~[na:na]
	at org.gradle.api.internal.tasks.testing.worker.TestWorker.executeAndMaintainThreadName(TestWorker.java:132) ~[na:na]
	at org.gradle.api.internal.tasks.testing.worker.TestWorker.execute(TestWorker.java:103) ~[na:na]
	at org.gradle.api.internal.tasks.testing.worker.TestWorker.execute(TestWorker.java:63) ~[na:na]
	at org.gradle.process.internal.worker.child.ActionExecutionWorker.execute(ActionExecutionWorker.java:56) ~[na:na]
	at org.gradle.process.internal.worker.child.SystemApplicationClassLoaderWorker.call(SystemApplicationClassLoaderWorker.java:121) ~[na:na]
	at org.gradle.process.internal.worker.child.SystemApplicationClassLoaderWorker.call(SystemApplicationClassLoaderWorker.java:71) ~[na:na]
	at worker.org.gradle.process.internal.worker.GradleWorkerMain.run(GradleWorkerMain.java:69) ~[gradle-worker.jar:na]
	at worker.org.gradle.process.internal.worker.GradleWorkerMain.main(GradleWorkerMain.java:74) ~[gradle-worker.jar:na]

2025-04-06T12:38:06.858+03:00 DEBUG 63042 --- [    Test worker] org.apache.catalina.core.ContainerBase   : Add container child [StandardHost[localhost]] to container [StandardEngine[Tomcat]]
2025-04-06T12:38:06.858+03:00 DEBUG 63042 --- [    Test worker] .s.b.w.e.t.TomcatServletWebServerFactory : Code archive: /Users/vanonatobaidze/.gradle/caches/modules-2/files-2.1/org.springframework.boot/spring-boot/3.4.3/a7138bcecd59ed27660b3894a7812d65db4951e6/spring-boot-3.4.3.jar
2025-04-06T12:38:06.858+03:00 DEBUG 63042 --- [    Test worker] .s.b.w.e.t.TomcatServletWebServerFactory : Code archive: /Users/vanonatobaidze/.gradle/caches/modules-2/files-2.1/org.springframework.boot/spring-boot/3.4.3/a7138bcecd59ed27660b3894a7812d65db4951e6/spring-boot-3.4.3.jar
2025-04-06T12:38:06.858+03:00 DEBUG 63042 --- [    Test worker] .s.b.w.e.t.TomcatServletWebServerFactory : None of the document roots [src/main/webapp, public, static] point to a directory and will be ignored.
2025-04-06T12:38:06.865+03:00 DEBUG 63042 --- [    Test worker] org.apache.catalina.core.ContainerBase   : Add container child [TomcatEmbeddedContext[]] to container [StandardEngine[Tomcat].StandardHost[localhost]]
2025-04-06T12:38:06.867+03:00  INFO 63042 --- [    Test worker] o.s.b.w.embedded.tomcat.TomcatWebServer  : Tomcat initialized with port 8080 (http)
2025-04-06T12:38:06.873+03:00  INFO 63042 --- [    Test worker] o.apache.catalina.core.StandardService   : Starting service [Tomcat]
2025-04-06T12:38:06.873+03:00  INFO 63042 --- [    Test worker] o.apache.catalina.core.StandardEngine    : Starting Servlet engine: [Apache Tomcat/10.1.36]
2025-04-06T12:38:06.888+03:00 DEBUG 63042 --- [    Test worker] o.apache.catalina.loader.WebappLoader    : Starting this Loader
2025-04-06T12:38:06.889+03:00 DEBUG 63042 --- [    Test worker] org.apache.catalina.webresources.Cache   : Increased cache size by [531] for item [org.apache.catalina.webresources.CachedResource@74a74070] at [/WEB-INF/classes] making total cache size [531]
2025-04-06T12:38:06.891+03:00 DEBUG 63042 --- [    Test worker] o.apache.catalina.core.StandardContext   : No manager found. Checking if cluster manager should be used. Cluster configured: [false], Application distributable: [false]
2025-04-06T12:38:06.892+03:00 DEBUG 63042 --- [    Test worker] o.apache.catalina.core.StandardContext   : Configured a manager of class [org.apache.catalina.session.StandardManager]
2025-04-06T12:38:06.894+03:00  INFO 63042 --- [    Test worker] o.a.c.c.C.[Tomcat].[localhost].[/]       : Initializing Spring embedded WebApplicationContext
2025-04-06T12:38:06.894+03:00 DEBUG 63042 --- [    Test worker] w.s.c.ServletWebServerApplicationContext : Published root WebApplicationContext as ServletContext attribute with name [org.springframework.web.context.WebApplicationContext.ROOT]
2025-04-06T12:38:06.894+03:00  INFO 63042 --- [    Test worker] w.s.c.ServletWebServerApplicationContext : Root WebApplicationContext: initialization completed in 420 ms
2025-04-06T12:38:06.896+03:00 DEBUG 63042 --- [    Test worker] o.s.b.f.s.DefaultListableBeanFactory     : Creating shared instance of singleton bean 'requestContextFilter'
2025-04-06T12:38:06.897+03:00 DEBUG 63042 --- [    Test worker] o.s.b.f.s.DefaultListableBeanFactory     : Creating shared instance of singleton bean 'formContentFilter'
2025-04-06T12:38:06.897+03:00 DEBUG 63042 --- [    Test worker] o.s.b.f.s.DefaultListableBeanFactory     : Creating shared instance of singleton bean 'org.springframework.boot.autoconfigure.web.servlet.WebMvcAutoConfiguration'
2025-04-06T12:38:06.898+03:00 DEBUG 63042 --- [    Test worker] o.s.b.f.s.DefaultListableBeanFactory     : Creating shared instance of singleton bean 'characterEncodingFilter'
2025-04-06T12:38:06.901+03:00 DEBUG 63042 --- [    Test worker] o.s.b.w.s.ServletContextInitializerBeans : Mapping filters: characterEncodingFilter urls=[/*] order=-2147483648, formContentFilter urls=[/*] order=-9900, requestContextFilter urls=[/*] order=-105
2025-04-06T12:38:06.901+03:00 DEBUG 63042 --- [    Test worker] o.s.b.w.s.ServletContextInitializerBeans : Mapping servlets: dispatcherServlet urls=[/]
2025-04-06T12:38:06.902+03:00 DEBUG 63042 --- [    Test worker] org.apache.catalina.core.ContainerBase   : Add container child [StandardWrapper[dispatcherServlet]] to container [StandardEngine[Tomcat].StandardHost[localhost].TomcatEmbeddedContext[]]
2025-04-06T12:38:06.909+03:00 DEBUG 63042 --- [    Test worker] o.s.b.w.s.f.OrderedRequestContextFilter  : Filter 'requestContextFilter' configured for use
2025-04-06T12:38:06.910+03:00 DEBUG 63042 --- [    Test worker] s.b.w.s.f.OrderedCharacterEncodingFilter : Filter 'characterEncodingFilter' configured for use
2025-04-06T12:38:06.910+03:00 DEBUG 63042 --- [    Test worker] o.s.b.w.s.f.OrderedFormContentFilter     : Filter 'formContentFilter' configured for use
2025-04-06T12:38:06.911+03:00 DEBUG 63042 --- [    Test worker] org.apache.catalina.mapper.Mapper        : Registered host [localhost]
2025-04-06T12:38:06.911+03:00 DEBUG 63042 --- [    Test worker] o.apache.catalina.mapper.MapperListener  : Register Wrapper [dispatcherServlet] in Context [] for service [StandardService[Tomcat]]
2025-04-06T12:38:06.911+03:00 DEBUG 63042 --- [    Test worker] o.apache.catalina.mapper.MapperListener  : Register Context [] for service [StandardService[Tomcat]]
2025-04-06T12:38:06.911+03:00 DEBUG 63042 --- [    Test worker] o.apache.catalina.mapper.MapperListener  : Register host [localhost] at domain [null] for service [StandardService[Tomcat]]
2025-04-06T12:38:06.913+03:00 DEBUG 63042 --- [    Test worker] o.s.b.f.s.DefaultListableBeanFactory     : Creating shared instance of singleton bean 'org.springframework.test.context.support.internalDynamicPropertyRegistrarBeanInitializer'
2025-04-06T12:38:06.913+03:00 DEBUG 63042 --- [    Test worker] o.s.b.f.s.DefaultListableBeanFactory     : Creating shared instance of singleton bean 'dataSourceScriptDatabaseInitializer'
2025-04-06T12:38:06.914+03:00 DEBUG 63042 --- [    Test worker] o.s.b.f.s.DefaultListableBeanFactory     : Creating shared instance of singleton bean 'org.springframework.boot.autoconfigure.sql.init.DataSourceInitializationConfiguration'
2025-04-06T12:38:06.914+03:00 DEBUG 63042 --- [    Test worker] o.s.b.f.s.DefaultListableBeanFactory     : Creating shared instance of singleton bean 'dataSource'
2025-04-06T12:38:06.914+03:00 DEBUG 63042 --- [    Test worker] o.s.b.f.s.DefaultListableBeanFactory     : Creating shared instance of singleton bean 'org.springframework.boot.autoconfigure.jdbc.DataSourceConfiguration$Hikari'
2025-04-06T12:38:06.914+03:00 DEBUG 63042 --- [    Test worker] o.s.b.f.s.DefaultListableBeanFactory     : Creating shared instance of singleton bean 'spring.datasource-org.springframework.boot.autoconfigure.jdbc.DataSourceProperties'
2025-04-06T12:38:06.916+03:00 DEBUG 63042 --- [    Test worker] o.s.b.f.s.DefaultListableBeanFactory     : Creating shared instance of singleton bean 'jdbcConnectionDetails'
2025-04-06T12:38:06.917+03:00 DEBUG 63042 --- [    Test worker] o.s.b.f.s.DefaultListableBeanFactory     : Creating shared instance of singleton bean 'org.springframework.boot.autoconfigure.jdbc.DataSourceAutoConfiguration$PooledDataSourceConfiguration'
2025-04-06T12:38:06.917+03:00 DEBUG 63042 --- [    Test worker] o.s.b.f.s.DefaultListableBeanFactory     : Autowiring by type from bean name 'jdbcConnectionDetails' via factory method to bean named 'spring.datasource-org.springframework.boot.autoconfigure.jdbc.DataSourceProperties'
2025-04-06T12:38:06.917+03:00 DEBUG 63042 --- [    Test worker] o.s.b.f.s.DefaultListableBeanFactory     : Autowiring by type from bean name 'dataSource' via factory method to bean named 'spring.datasource-org.springframework.boot.autoconfigure.jdbc.DataSourceProperties'
2025-04-06T12:38:06.917+03:00 DEBUG 63042 --- [    Test worker] o.s.b.f.s.DefaultListableBeanFactory     : Autowiring by type from bean name 'dataSource' via factory method to bean named 'jdbcConnectionDetails'
2025-04-06T12:38:06.918+03:00 DEBUG 63042 --- [    Test worker] com.zaxxer.hikari.HikariConfig           : Driver class org.h2.Driver found in Thread context class loader jdk.internal.loader.ClassLoaders$AppClassLoader@18ff02e4
2025-04-06T12:38:06.925+03:00 DEBUG 63042 --- [    Test worker] o.s.b.f.s.DefaultListableBeanFactory     : Creating shared instance of singleton bean 'spring.sql.init-org.springframework.boot.autoconfigure.sql.init.SqlInitializationProperties'
2025-04-06T12:38:06.927+03:00 DEBUG 63042 --- [    Test worker] o.s.b.f.s.DefaultListableBeanFactory     : Autowiring by type from bean name 'dataSourceScriptDatabaseInitializer' via factory method to bean named 'dataSource'
2025-04-06T12:38:06.927+03:00 DEBUG 63042 --- [    Test worker] o.s.b.f.s.DefaultListableBeanFactory     : Autowiring by type from bean name 'dataSourceScriptDatabaseInitializer' via factory method to bean named 'spring.sql.init-org.springframework.boot.autoconfigure.sql.init.SqlInitializationProperties'
2025-04-06T12:38:06.929+03:00 DEBUG 63042 --- [    Test worker] o.s.b.f.s.DefaultListableBeanFactory     : Creating shared instance of singleton bean 'entityManagerFactory'
2025-04-06T12:38:06.930+03:00 DEBUG 63042 --- [    Test worker] o.s.b.f.s.DefaultListableBeanFactory     : Creating shared instance of singleton bean 'org.springframework.boot.autoconfigure.orm.jpa.HibernateJpaConfiguration'
2025-04-06T12:38:06.930+03:00 DEBUG 63042 --- [    Test worker] o.s.b.f.s.DefaultListableBeanFactory     : Creating shared instance of singleton bean 'spring.jpa-org.springframework.boot.autoconfigure.orm.jpa.JpaProperties'
2025-04-06T12:38:06.931+03:00 DEBUG 63042 --- [    Test worker] o.s.b.f.s.DefaultListableBeanFactory     : Creating shared instance of singleton bean 'spring.jpa.hibernate-org.springframework.boot.autoconfigure.orm.jpa.HibernateProperties'
2025-04-06T12:38:06.931+03:00 DEBUG 63042 --- [    Test worker] o.s.b.f.s.DefaultListableBeanFactory     : Autowiring by type from bean name 'org.springframework.boot.autoconfigure.orm.jpa.HibernateJpaConfiguration' via constructor to bean named 'dataSource'
2025-04-06T12:38:06.932+03:00 DEBUG 63042 --- [    Test worker] o.s.b.f.s.DefaultListableBeanFactory     : Autowiring by type from bean name 'org.springframework.boot.autoconfigure.orm.jpa.HibernateJpaConfiguration' via constructor to bean named 'spring.jpa-org.springframework.boot.autoconfigure.orm.jpa.JpaProperties'
2025-04-06T12:38:06.932+03:00 DEBUG 63042 --- [    Test worker] o.s.b.f.s.DefaultListableBeanFactory     : Autowiring by type from bean name 'org.springframework.boot.autoconfigure.orm.jpa.HibernateJpaConfiguration' via constructor to bean named 'org.springframework.beans.factory.support.DefaultListableBeanFactory@41e9f86'
2025-04-06T12:38:06.932+03:00 DEBUG 63042 --- [    Test worker] o.s.b.f.s.DefaultListableBeanFactory     : Autowiring by type from bean name 'org.springframework.boot.autoconfigure.orm.jpa.HibernateJpaConfiguration' via constructor to bean named 'spring.jpa.hibernate-org.springframework.boot.autoconfigure.orm.jpa.HibernateProperties'
2025-04-06T12:38:06.933+03:00 DEBUG 63042 --- [    Test worker] o.s.b.f.s.DefaultListableBeanFactory     : Creating shared instance of singleton bean 'hikariPoolDataSourceMetadataProvider'
2025-04-06T12:38:06.933+03:00 DEBUG 63042 --- [    Test worker] o.s.b.f.s.DefaultListableBeanFactory     : Creating shared instance of singleton bean 'org.springframework.boot.autoconfigure.jdbc.metadata.DataSourcePoolMetadataProvidersConfiguration$HikariPoolDataSourceMetadataProviderConfiguration'
2025-04-06T12:38:06.935+03:00 DEBUG 63042 --- [    Test worker] o.s.b.f.s.DefaultListableBeanFactory     : Creating shared instance of singleton bean 'entityManagerFactoryBuilder'
2025-04-06T12:38:06.935+03:00 DEBUG 63042 --- [    Test worker] o.s.b.f.s.DefaultListableBeanFactory     : Creating shared instance of singleton bean 'jpaVendorAdapter'
2025-04-06T12:38:06.939+03:00 DEBUG 63042 --- [    Test worker] org.jboss.logging                        : Logging Provider: org.jboss.logging.Slf4jLoggerProvider found via system property
2025-04-06T12:38:06.941+03:00 DEBUG 63042 --- [    Test worker] o.s.b.f.s.DefaultListableBeanFactory     : Autowiring by type from bean name 'entityManagerFactoryBuilder' via factory method to bean named 'jpaVendorAdapter'
2025-04-06T12:38:06.943+03:00 DEBUG 63042 --- [    Test worker] o.s.jdbc.datasource.DataSourceUtils      : Fetching JDBC Connection from DataSource
2025-04-06T12:38:06.944+03:00 DEBUG 63042 --- [    Test worker] com.zaxxer.hikari.HikariConfig           : HikariPool-1 - configuration:
2025-04-06T12:38:06.945+03:00 DEBUG 63042 --- [    Test worker] com.zaxxer.hikari.HikariConfig           : allowPoolSuspension.............false
2025-04-06T12:38:06.945+03:00 DEBUG 63042 --- [    Test worker] com.zaxxer.hikari.HikariConfig           : autoCommit......................true
2025-04-06T12:38:06.945+03:00 DEBUG 63042 --- [    Test worker] com.zaxxer.hikari.HikariConfig           : catalog.........................none
2025-04-06T12:38:06.945+03:00 DEBUG 63042 --- [    Test worker] com.zaxxer.hikari.HikariConfig           : connectionInitSql...............none
2025-04-06T12:38:06.945+03:00 DEBUG 63042 --- [    Test worker] com.zaxxer.hikari.HikariConfig           : connectionTestQuery.............none
2025-04-06T12:38:06.945+03:00 DEBUG 63042 --- [    Test worker] com.zaxxer.hikari.HikariConfig           : connectionTimeout...............30000
2025-04-06T12:38:06.945+03:00 DEBUG 63042 --- [    Test worker] com.zaxxer.hikari.HikariConfig           : dataSource......................none
2025-04-06T12:38:06.945+03:00 DEBUG 63042 --- [    Test worker] com.zaxxer.hikari.HikariConfig           : dataSourceClassName.............none
2025-04-06T12:38:06.946+03:00 DEBUG 63042 --- [    Test worker] com.zaxxer.hikari.HikariConfig           : dataSourceJNDI..................none
2025-04-06T12:38:06.946+03:00 DEBUG 63042 --- [    Test worker] com.zaxxer.hikari.HikariConfig           : dataSourceProperties............{password=<masked>}
2025-04-06T12:38:06.946+03:00 DEBUG 63042 --- [    Test worker] com.zaxxer.hikari.HikariConfig           : driverClassName................."org.h2.Driver"
2025-04-06T12:38:06.946+03:00 DEBUG 63042 --- [    Test worker] com.zaxxer.hikari.HikariConfig           : exceptionOverrideClassName......none
2025-04-06T12:38:06.946+03:00 DEBUG 63042 --- [    Test worker] com.zaxxer.hikari.HikariConfig           : healthCheckProperties...........{}
2025-04-06T12:38:06.946+03:00 DEBUG 63042 --- [    Test worker] com.zaxxer.hikari.HikariConfig           : healthCheckRegistry.............none
2025-04-06T12:38:06.946+03:00 DEBUG 63042 --- [    Test worker] com.zaxxer.hikari.HikariConfig           : idleTimeout.....................600000
2025-04-06T12:38:06.946+03:00 DEBUG 63042 --- [    Test worker] com.zaxxer.hikari.HikariConfig           : initializationFailTimeout.......1
2025-04-06T12:38:06.946+03:00 DEBUG 63042 --- [    Test worker] com.zaxxer.hikari.HikariConfig           : isolateInternalQueries..........false
2025-04-06T12:38:06.946+03:00 DEBUG 63042 --- [    Test worker] com.zaxxer.hikari.HikariConfig           : jdbcUrl.........................jdbc:h2:mem:4263c6bd-775c-4b0c-9d1e-814281f93129;DB_CLOSE_DELAY=-1;DB_CLOSE_ON_EXIT=FALSE
2025-04-06T12:38:06.946+03:00 DEBUG 63042 --- [    Test worker] com.zaxxer.hikari.HikariConfig           : keepaliveTime...................0
2025-04-06T12:38:06.946+03:00 DEBUG 63042 --- [    Test worker] com.zaxxer.hikari.HikariConfig           : leakDetectionThreshold..........0
2025-04-06T12:38:06.946+03:00 DEBUG 63042 --- [    Test worker] com.zaxxer.hikari.HikariConfig           : maxLifetime.....................1800000
2025-04-06T12:38:06.946+03:00 DEBUG 63042 --- [    Test worker] com.zaxxer.hikari.HikariConfig           : maximumPoolSize.................10
2025-04-06T12:38:06.946+03:00 DEBUG 63042 --- [    Test worker] com.zaxxer.hikari.HikariConfig           : metricRegistry..................none
2025-04-06T12:38:06.946+03:00 DEBUG 63042 --- [    Test worker] com.zaxxer.hikari.HikariConfig           : metricsTrackerFactory...........none
2025-04-06T12:38:06.946+03:00 DEBUG 63042 --- [    Test worker] com.zaxxer.hikari.HikariConfig           : minimumIdle.....................10
2025-04-06T12:38:06.946+03:00 DEBUG 63042 --- [    Test worker] com.zaxxer.hikari.HikariConfig           : password........................<masked>
2025-04-06T12:38:06.946+03:00 DEBUG 63042 --- [    Test worker] com.zaxxer.hikari.HikariConfig           : poolName........................"HikariPool-1"
2025-04-06T12:38:06.946+03:00 DEBUG 63042 --- [    Test worker] com.zaxxer.hikari.HikariConfig           : readOnly........................false
2025-04-06T12:38:06.946+03:00 DEBUG 63042 --- [    Test worker] com.zaxxer.hikari.HikariConfig           : registerMbeans..................false
2025-04-06T12:38:06.946+03:00 DEBUG 63042 --- [    Test worker] com.zaxxer.hikari.HikariConfig           : scheduledExecutor...............none
2025-04-06T12:38:06.946+03:00 DEBUG 63042 --- [    Test worker] com.zaxxer.hikari.HikariConfig           : schema..........................none
2025-04-06T12:38:06.947+03:00 DEBUG 63042 --- [    Test worker] com.zaxxer.hikari.HikariConfig           : threadFactory...................internal
2025-04-06T12:38:06.947+03:00 DEBUG 63042 --- [    Test worker] com.zaxxer.hikari.HikariConfig           : transactionIsolation............default
2025-04-06T12:38:06.947+03:00 DEBUG 63042 --- [    Test worker] com.zaxxer.hikari.HikariConfig           : username........................"sa"
2025-04-06T12:38:06.947+03:00 DEBUG 63042 --- [    Test worker] com.zaxxer.hikari.HikariConfig           : validationTimeout...............5000
2025-04-06T12:38:06.947+03:00  INFO 63042 --- [    Test worker] com.zaxxer.hikari.HikariDataSource       : HikariPool-1 - Starting...
2025-04-06T12:38:07.004+03:00  INFO 63042 --- [    Test worker] com.zaxxer.hikari.pool.HikariPool        : HikariPool-1 - Added connection conn0: url=jdbc:h2:mem:4263c6bd-775c-4b0c-9d1e-814281f93129 user=SA
2025-04-06T12:38:07.005+03:00  INFO 63042 --- [    Test worker] com.zaxxer.hikari.HikariDataSource       : HikariPool-1 - Start completed.
2025-04-06T12:38:07.015+03:00 DEBUG 63042 --- [    Test worker] o.s.b.f.s.DefaultListableBeanFactory     : Creating shared instance of singleton bean 'persistenceManagedTypes'
2025-04-06T12:38:07.016+03:00 DEBUG 63042 --- [    Test worker] o.s.b.f.s.DefaultListableBeanFactory     : Autowiring by type from bean name 'persistenceManagedTypes' via factory method to bean named 'org.springframework.beans.factory.support.DefaultListableBeanFactory@41e9f86'
2025-04-06T12:38:07.016+03:00 DEBUG 63042 --- [    Test worker] o.s.b.f.s.DefaultListableBeanFactory     : Autowiring by type from bean name 'persistenceManagedTypes' via factory method to bean named 'org.springframework.boot.web.servlet.context.AnnotationConfigServletWebServerApplicationContext@104dc1a2'
2025-04-06T12:38:07.018+03:00 DEBUG 63042 --- [    Test worker] o.s.b.f.s.DefaultListableBeanFactory     : Autowiring by type from bean name 'entityManagerFactory' via factory method to bean named 'entityManagerFactoryBuilder'
2025-04-06T12:38:07.019+03:00 DEBUG 63042 --- [    Test worker] o.s.b.f.s.DefaultListableBeanFactory     : Autowiring by type from bean name 'entityManagerFactory' via factory method to bean named 'persistenceManagedTypes'
2025-04-06T12:38:07.022+03:00 DEBUG 63042 --- [    Test worker] j.LocalContainerEntityManagerFactoryBean : Building JPA container EntityManagerFactory for persistence unit 'default'
2025-04-06T12:38:07.030+03:00 DEBUG 63042 --- [    Test worker] o.hibernate.jpa.internal.util.LogHelper  : PersistenceUnitInfo [
	name: default
	persistence provider classname: null
	classloader: jdk.internal.loader.ClassLoaders$AppClassLoader@18ff02e4
	excludeUnlistedClasses: true
	JTA datasource: null
	Non JTA datasource: HikariDataSource (HikariPool-1)
	Transaction type: RESOURCE_LOCAL
	PU root URL: file:/Users/vanonatobaidze/projects/pactflow/pactflow-provider/build/classes/java/test/
	Shared Cache Mode: UNSPECIFIED
	Validation Mode: AUTO
	Jar files URLs []
	Managed classes names [
		com.example.springboot.Product]
	Mapping files names []
	Properties []
2025-04-06T12:38:07.032+03:00 DEBUG 63042 --- [    Test worker] o.h.i.internal.IntegratorServiceImpl     : Adding Integrator [org.hibernate.boot.beanvalidation.BeanValidationIntegrator].
2025-04-06T12:38:07.032+03:00 DEBUG 63042 --- [    Test worker] o.h.i.internal.IntegratorServiceImpl     : Adding Integrator [org.hibernate.cache.internal.CollectionCacheInvalidator].
2025-04-06T12:38:07.045+03:00  INFO 63042 --- [    Test worker] org.hibernate.Version                    : HHH000412: Hibernate ORM core version 6.6.8.Final
2025-04-06T12:38:07.046+03:00 DEBUG 63042 --- [    Test worker] org.hibernate.cfg.Environment            : HHH000206: 'hibernate.properties' not found
2025-04-06T12:38:07.053+03:00 DEBUG 63042 --- [    Test worker] org.hibernate.orm.idgen.factory          : Registering IdentifierGenerator strategy [uuid2] -> [org.hibernate.id.UUIDGenerator]
2025-04-06T12:38:07.053+03:00 DEBUG 63042 --- [    Test worker] org.hibernate.orm.idgen.factory          : Registering IdentifierGenerator strategy [guid] -> [org.hibernate.id.GUIDGenerator]
2025-04-06T12:38:07.053+03:00 DEBUG 63042 --- [    Test worker] org.hibernate.orm.idgen.factory          : Registering IdentifierGenerator strategy [uuid] -> [org.hibernate.id.UUIDHexGenerator]
2025-04-06T12:38:07.053+03:00 DEBUG 63042 --- [    Test worker] org.hibernate.orm.idgen.factory          : Registering IdentifierGenerator strategy [uuid.hex] -> [org.hibernate.id.UUIDHexGenerator]
2025-04-06T12:38:07.053+03:00 DEBUG 63042 --- [    Test worker] org.hibernate.orm.idgen.factory          : Registering IdentifierGenerator strategy [assigned] -> [org.hibernate.id.Assigned]
2025-04-06T12:38:07.053+03:00 DEBUG 63042 --- [    Test worker] org.hibernate.orm.idgen.factory          : Registering IdentifierGenerator strategy [identity] -> [org.hibernate.id.IdentityGenerator]
2025-04-06T12:38:07.053+03:00 DEBUG 63042 --- [    Test worker] org.hibernate.orm.idgen.factory          : Registering IdentifierGenerator strategy [select] -> [org.hibernate.id.SelectGenerator]
2025-04-06T12:38:07.054+03:00 DEBUG 63042 --- [    Test worker] org.hibernate.orm.idgen.factory          : Registering IdentifierGenerator strategy [sequence] -> [org.hibernate.id.enhanced.SequenceStyleGenerator]
2025-04-06T12:38:07.054+03:00 DEBUG 63042 --- [    Test worker] org.hibernate.orm.idgen.factory          : Registering IdentifierGenerator strategy [increment] -> [org.hibernate.id.IncrementGenerator]
2025-04-06T12:38:07.054+03:00 DEBUG 63042 --- [    Test worker] org.hibernate.orm.idgen.factory          : Registering IdentifierGenerator strategy [foreign] -> [org.hibernate.id.ForeignGenerator]
2025-04-06T12:38:07.054+03:00 DEBUG 63042 --- [    Test worker] org.hibernate.orm.idgen.factory          : Registering IdentifierGenerator strategy [enhanced-sequence] -> [org.hibernate.id.enhanced.SequenceStyleGenerator]
2025-04-06T12:38:07.054+03:00 DEBUG 63042 --- [    Test worker] org.hibernate.orm.idgen.factory          : Registering IdentifierGenerator strategy [enhanced-table] -> [org.hibernate.id.enhanced.TableGenerator]
2025-04-06T12:38:07.056+03:00 DEBUG 63042 --- [    Test worker] o.h.c.internal.RegionFactoryInitiator    : Cannot default RegionFactory based on registered strategies as `[]` RegionFactory strategies were registered
2025-04-06T12:38:07.056+03:00  INFO 63042 --- [    Test worker] o.h.c.internal.RegionFactoryInitiator    : HHH000026: Second-level cache disabled
2025-04-06T12:38:07.080+03:00 DEBUG 63042 --- [    Test worker] org.hibernate.type.BasicTypeRegistry     : Adding type registration boolean -> org.hibernate.type.BasicTypeReference@c8531b9
2025-04-06T12:38:07.080+03:00 DEBUG 63042 --- [    Test worker] org.hibernate.type.BasicTypeRegistry     : Adding type registration boolean -> org.hibernate.type.BasicTypeReference@c8531b9
2025-04-06T12:38:07.080+03:00 DEBUG 63042 --- [    Test worker] org.hibernate.type.BasicTypeRegistry     : Adding type registration java.lang.Boolean -> org.hibernate.type.BasicTypeReference@c8531b9
2025-04-06T12:38:07.080+03:00 DEBUG 63042 --- [    Test worker] org.hibernate.type.BasicTypeRegistry     : Adding type registration numeric_boolean -> org.hibernate.type.BasicTypeReference@3adbd038
2025-04-06T12:38:07.080+03:00 DEBUG 63042 --- [    Test worker] org.hibernate.type.BasicTypeRegistry     : Adding type registration org.hibernate.type.NumericBooleanConverter -> org.hibernate.type.BasicTypeReference@3adbd038
2025-04-06T12:38:07.080+03:00 DEBUG 63042 --- [    Test worker] org.hibernate.type.BasicTypeRegistry     : Adding type registration true_false -> org.hibernate.type.BasicTypeReference@5e976553
2025-04-06T12:38:07.080+03:00 DEBUG 63042 --- [    Test worker] org.hibernate.type.BasicTypeRegistry     : Adding type registration org.hibernate.type.TrueFalseConverter -> org.hibernate.type.BasicTypeReference@5e976553
2025-04-06T12:38:07.080+03:00 DEBUG 63042 --- [    Test worker] org.hibernate.type.BasicTypeRegistry     : Adding type registration yes_no -> org.hibernate.type.BasicTypeReference@3c108c05
2025-04-06T12:38:07.080+03:00 DEBUG 63042 --- [    Test worker] org.hibernate.type.BasicTypeRegistry     : Adding type registration org.hibernate.type.YesNoConverter -> org.hibernate.type.BasicTypeReference@3c108c05
2025-04-06T12:38:07.080+03:00 DEBUG 63042 --- [    Test worker] org.hibernate.type.BasicTypeRegistry     : Adding type registration byte -> org.hibernate.type.BasicTypeReference@193d7ac7
2025-04-06T12:38:07.080+03:00 DEBUG 63042 --- [    Test worker] org.hibernate.type.BasicTypeRegistry     : Adding type registration byte -> org.hibernate.type.BasicTypeReference@193d7ac7
2025-04-06T12:38:07.080+03:00 DEBUG 63042 --- [    Test worker] org.hibernate.type.BasicTypeRegistry     : Adding type registration java.lang.Byte -> org.hibernate.type.BasicTypeReference@193d7ac7
2025-04-06T12:38:07.080+03:00 DEBUG 63042 --- [    Test worker] org.hibernate.type.BasicTypeRegistry     : Adding type registration binary -> org.hibernate.type.BasicTypeReference@7d0333c8
2025-04-06T12:38:07.080+03:00 DEBUG 63042 --- [    Test worker] org.hibernate.type.BasicTypeRegistry     : Adding type registration byte[] -> org.hibernate.type.BasicTypeReference@7d0333c8
2025-04-06T12:38:07.080+03:00 DEBUG 63042 --- [    Test worker] org.hibernate.type.BasicTypeRegistry     : Adding type registration [B -> org.hibernate.type.BasicTypeReference@7d0333c8
2025-04-06T12:38:07.080+03:00 DEBUG 63042 --- [    Test worker] org.hibernate.type.BasicTypeRegistry     : Adding type registration binary_wrapper -> org.hibernate.type.BasicTypeReference@185b7cc6
2025-04-06T12:38:07.080+03:00 DEBUG 63042 --- [    Test worker] org.hibernate.type.BasicTypeRegistry     : Adding type registration wrapper-binary -> org.hibernate.type.BasicTypeReference@185b7cc6
2025-04-06T12:38:07.080+03:00 DEBUG 63042 --- [    Test worker] org.hibernate.type.BasicTypeRegistry     : Adding type registration image -> org.hibernate.type.BasicTypeReference@2093bb6c
2025-04-06T12:38:07.080+03:00 DEBUG 63042 --- [    Test worker] org.hibernate.type.BasicTypeRegistry     : Adding type registration blob -> org.hibernate.type.BasicTypeReference@528a16fb
2025-04-06T12:38:07.080+03:00 DEBUG 63042 --- [    Test worker] org.hibernate.type.BasicTypeRegistry     : Adding type registration java.sql.Blob -> org.hibernate.type.BasicTypeReference@528a16fb
2025-04-06T12:38:07.081+03:00 DEBUG 63042 --- [    Test worker] org.hibernate.type.BasicTypeRegistry     : Adding type registration materialized_blob -> org.hibernate.type.BasicTypeReference@3673e211
2025-04-06T12:38:07.081+03:00 DEBUG 63042 --- [    Test worker] org.hibernate.type.BasicTypeRegistry     : Adding type registration materialized_blob_wrapper -> org.hibernate.type.BasicTypeReference@758d0555
2025-04-06T12:38:07.081+03:00 DEBUG 63042 --- [    Test worker] org.hibernate.type.BasicTypeRegistry     : Adding type registration short -> org.hibernate.type.BasicTypeReference@48788853
2025-04-06T12:38:07.081+03:00 DEBUG 63042 --- [    Test worker] org.hibernate.type.BasicTypeRegistry     : Adding type registration short -> org.hibernate.type.BasicTypeReference@48788853
2025-04-06T12:38:07.081+03:00 DEBUG 63042 --- [    Test worker] org.hibernate.type.BasicTypeRegistry     : Adding type registration java.lang.Short -> org.hibernate.type.BasicTypeReference@48788853
2025-04-06T12:38:07.081+03:00 DEBUG 63042 --- [    Test worker] org.hibernate.type.BasicTypeRegistry     : Adding type registration integer -> org.hibernate.type.BasicTypeReference@4ac77269
2025-04-06T12:38:07.081+03:00 DEBUG 63042 --- [    Test worker] org.hibernate.type.BasicTypeRegistry     : Adding type registration int -> org.hibernate.type.BasicTypeReference@4ac77269
2025-04-06T12:38:07.081+03:00 DEBUG 63042 --- [    Test worker] org.hibernate.type.BasicTypeRegistry     : Adding type registration java.lang.Integer -> org.hibernate.type.BasicTypeReference@4ac77269
2025-04-06T12:38:07.081+03:00 DEBUG 63042 --- [    Test worker] org.hibernate.type.BasicTypeRegistry     : Adding type registration long -> org.hibernate.type.BasicTypeReference@638d624a
2025-04-06T12:38:07.081+03:00 DEBUG 63042 --- [    Test worker] org.hibernate.type.BasicTypeRegistry     : Adding type registration long -> org.hibernate.type.BasicTypeReference@638d624a
2025-04-06T12:38:07.081+03:00 DEBUG 63042 --- [    Test worker] org.hibernate.type.BasicTypeRegistry     : Adding type registration java.lang.Long -> org.hibernate.type.BasicTypeReference@638d624a
2025-04-06T12:38:07.081+03:00 DEBUG 63042 --- [    Test worker] org.hibernate.type.BasicTypeRegistry     : Adding type registration float -> org.hibernate.type.BasicTypeReference@7eb774c3
2025-04-06T12:38:07.081+03:00 DEBUG 63042 --- [    Test worker] org.hibernate.type.BasicTypeRegistry     : Adding type registration float -> org.hibernate.type.BasicTypeReference@7eb774c3
2025-04-06T12:38:07.081+03:00 DEBUG 63042 --- [    Test worker] org.hibernate.type.BasicTypeRegistry     : Adding type registration java.lang.Float -> org.hibernate.type.BasicTypeReference@7eb774c3
2025-04-06T12:38:07.081+03:00 DEBUG 63042 --- [    Test worker] org.hibernate.type.BasicTypeRegistry     : Adding type registration double -> org.hibernate.type.BasicTypeReference@72015156
2025-04-06T12:38:07.081+03:00 DEBUG 63042 --- [    Test worker] org.hibernate.type.BasicTypeRegistry     : Adding type registration double -> org.hibernate.type.BasicTypeReference@72015156
2025-04-06T12:38:07.081+03:00 DEBUG 63042 --- [    Test worker] org.hibernate.type.BasicTypeRegistry     : Adding type registration java.lang.Double -> org.hibernate.type.BasicTypeReference@72015156
2025-04-06T12:38:07.081+03:00 DEBUG 63042 --- [    Test worker] org.hibernate.type.BasicTypeRegistry     : Adding type registration big_integer -> org.hibernate.type.BasicTypeReference@3a42145
2025-04-06T12:38:07.081+03:00 DEBUG 63042 --- [    Test worker] org.hibernate.type.BasicTypeRegistry     : Adding type registration java.math.BigInteger -> org.hibernate.type.BasicTypeReference@3a42145
2025-04-06T12:38:07.081+03:00 DEBUG 63042 --- [    Test worker] org.hibernate.type.BasicTypeRegistry     : Adding type registration big_decimal -> org.hibernate.type.BasicTypeReference@bb38c49
2025-04-06T12:38:07.081+03:00 DEBUG 63042 --- [    Test worker] org.hibernate.type.BasicTypeRegistry     : Adding type registration java.math.BigDecimal -> org.hibernate.type.BasicTypeReference@bb38c49
2025-04-06T12:38:07.081+03:00 DEBUG 63042 --- [    Test worker] org.hibernate.type.BasicTypeRegistry     : Adding type registration character -> org.hibernate.type.BasicTypeReference@4e67e090
2025-04-06T12:38:07.081+03:00 DEBUG 63042 --- [    Test worker] org.hibernate.type.BasicTypeRegistry     : Adding type registration char -> org.hibernate.type.BasicTypeReference@4e67e090
2025-04-06T12:38:07.081+03:00 DEBUG 63042 --- [    Test worker] org.hibernate.type.BasicTypeRegistry     : Adding type registration java.lang.Character -> org.hibernate.type.BasicTypeReference@4e67e090
2025-04-06T12:38:07.081+03:00 DEBUG 63042 --- [    Test worker] org.hibernate.type.BasicTypeRegistry     : Adding type registration character_nchar -> org.hibernate.type.BasicTypeReference@361483eb
2025-04-06T12:38:07.081+03:00 DEBUG 63042 --- [    Test worker] org.hibernate.type.BasicTypeRegistry     : Adding type registration string -> org.hibernate.type.BasicTypeReference@14983265
2025-04-06T12:38:07.081+03:00 DEBUG 63042 --- [    Test worker] org.hibernate.type.BasicTypeRegistry     : Adding type registration java.lang.String -> org.hibernate.type.BasicTypeReference@14983265
2025-04-06T12:38:07.081+03:00 DEBUG 63042 --- [    Test worker] org.hibernate.type.BasicTypeRegistry     : Adding type registration nstring -> org.hibernate.type.BasicTypeReference@35e357b
2025-04-06T12:38:07.081+03:00 DEBUG 63042 --- [    Test worker] org.hibernate.type.BasicTypeRegistry     : Adding type registration characters -> org.hibernate.type.BasicTypeReference@724c26e0
2025-04-06T12:38:07.081+03:00 DEBUG 63042 --- [    Test worker] org.hibernate.type.BasicTypeRegistry     : Adding type registration char[] -> org.hibernate.type.BasicTypeReference@724c26e0
2025-04-06T12:38:07.081+03:00 DEBUG 63042 --- [    Test worker] org.hibernate.type.BasicTypeRegistry     : Adding type registration [C -> org.hibernate.type.BasicTypeReference@724c26e0
2025-04-06T12:38:07.081+03:00 DEBUG 63042 --- [    Test worker] org.hibernate.type.BasicTypeRegistry     : Adding type registration wrapper-characters -> org.hibernate.type.BasicTypeReference@6055e899
2025-04-06T12:38:07.081+03:00 DEBUG 63042 --- [    Test worker] org.hibernate.type.BasicTypeRegistry     : Adding type registration text -> org.hibernate.type.BasicTypeReference@350be5ec
2025-04-06T12:38:07.081+03:00 DEBUG 63042 --- [    Test worker] org.hibernate.type.BasicTypeRegistry     : Adding type registration ntext -> org.hibernate.type.BasicTypeReference@478cebdb
2025-04-06T12:38:07.081+03:00 DEBUG 63042 --- [    Test worker] org.hibernate.type.BasicTypeRegistry     : Adding type registration clob -> org.hibernate.type.BasicTypeReference@5464aeec
2025-04-06T12:38:07.081+03:00 DEBUG 63042 --- [    Test worker] org.hibernate.type.BasicTypeRegistry     : Adding type registration java.sql.Clob -> org.hibernate.type.BasicTypeReference@5464aeec
2025-04-06T12:38:07.081+03:00 DEBUG 63042 --- [    Test worker] org.hibernate.type.BasicTypeRegistry     : Adding type registration nclob -> org.hibernate.type.BasicTypeReference@1b3a95d9
2025-04-06T12:38:07.081+03:00 DEBUG 63042 --- [    Test worker] org.hibernate.type.BasicTypeRegistry     : Adding type registration java.sql.NClob -> org.hibernate.type.BasicTypeReference@1b3a95d9
2025-04-06T12:38:07.081+03:00 DEBUG 63042 --- [    Test worker] org.hibernate.type.BasicTypeRegistry     : Adding type registration materialized_clob -> org.hibernate.type.BasicTypeReference@71f437d7
2025-04-06T12:38:07.081+03:00 DEBUG 63042 --- [    Test worker] org.hibernate.type.BasicTypeRegistry     : Adding type registration materialized_clob_char_array -> org.hibernate.type.BasicTypeReference@5186c801
2025-04-06T12:38:07.081+03:00 DEBUG 63042 --- [    Test worker] org.hibernate.type.BasicTypeRegistry     : Adding type registration materialized_clob_character_array -> org.hibernate.type.BasicTypeReference@20e41f13
2025-04-06T12:38:07.081+03:00 DEBUG 63042 --- [    Test worker] org.hibernate.type.BasicTypeRegistry     : Adding type registration materialized_nclob -> org.hibernate.type.BasicTypeReference@6fbfd28b
2025-04-06T12:38:07.081+03:00 DEBUG 63042 --- [    Test worker] org.hibernate.type.BasicTypeRegistry     : Adding type registration materialized_nclob_character_array -> org.hibernate.type.BasicTypeReference@3fa50a24
2025-04-06T12:38:07.081+03:00 DEBUG 63042 --- [    Test worker] org.hibernate.type.BasicTypeRegistry     : Adding type registration materialized_nclob_char_array -> org.hibernate.type.BasicTypeReference@58041b11
2025-04-06T12:38:07.081+03:00 DEBUG 63042 --- [    Test worker] org.hibernate.type.BasicTypeRegistry     : Adding type registration Duration -> org.hibernate.type.BasicTypeReference@58189b85
2025-04-06T12:38:07.081+03:00 DEBUG 63042 --- [    Test worker] org.hibernate.type.BasicTypeRegistry     : Adding type registration java.time.Duration -> org.hibernate.type.BasicTypeReference@58189b85
2025-04-06T12:38:07.081+03:00 DEBUG 63042 --- [    Test worker] org.hibernate.type.BasicTypeRegistry     : Adding type registration LocalDateTime -> org.hibernate.type.BasicTypeReference@49222187
2025-04-06T12:38:07.081+03:00 DEBUG 63042 --- [    Test worker] org.hibernate.type.BasicTypeRegistry     : Adding type registration java.time.LocalDateTime -> org.hibernate.type.BasicTypeReference@49222187
2025-04-06T12:38:07.081+03:00 DEBUG 63042 --- [    Test worker] org.hibernate.type.BasicTypeRegistry     : Adding type registration LocalDate -> org.hibernate.type.BasicTypeReference@5e41e6ad
2025-04-06T12:38:07.081+03:00 DEBUG 63042 --- [    Test worker] org.hibernate.type.BasicTypeRegistry     : Adding type registration java.time.LocalDate -> org.hibernate.type.BasicTypeReference@5e41e6ad
2025-04-06T12:38:07.081+03:00 DEBUG 63042 --- [    Test worker] org.hibernate.type.BasicTypeRegistry     : Adding type registration LocalTime -> org.hibernate.type.BasicTypeReference@2665a2e7
2025-04-06T12:38:07.082+03:00 DEBUG 63042 --- [    Test worker] org.hibernate.type.BasicTypeRegistry     : Adding type registration java.time.LocalTime -> org.hibernate.type.BasicTypeReference@2665a2e7
2025-04-06T12:38:07.082+03:00 DEBUG 63042 --- [    Test worker] org.hibernate.type.BasicTypeRegistry     : Adding type registration OffsetDateTime -> org.hibernate.type.BasicTypeReference@3abdc11d
2025-04-06T12:38:07.082+03:00 DEBUG 63042 --- [    Test worker] org.hibernate.type.BasicTypeRegistry     : Adding type registration java.time.OffsetDateTime -> org.hibernate.type.BasicTypeReference@3abdc11d
2025-04-06T12:38:07.082+03:00 DEBUG 63042 --- [    Test worker] org.hibernate.type.BasicTypeRegistry     : Adding type registration OffsetDateTimeWithTimezone -> org.hibernate.type.BasicTypeReference@624be1d4
2025-04-06T12:38:07.082+03:00 DEBUG 63042 --- [    Test worker] org.hibernate.type.BasicTypeRegistry     : Adding type registration OffsetDateTimeWithoutTimezone -> org.hibernate.type.BasicTypeReference@336e17be
2025-04-06T12:38:07.082+03:00 DEBUG 63042 --- [    Test worker] org.hibernate.type.BasicTypeRegistry     : Adding type registration OffsetTime -> org.hibernate.type.BasicTypeReference@3897f9ae
2025-04-06T12:38:07.082+03:00 DEBUG 63042 --- [    Test worker] org.hibernate.type.BasicTypeRegistry     : Adding type registration java.time.OffsetTime -> org.hibernate.type.BasicTypeReference@3897f9ae
2025-04-06T12:38:07.082+03:00 DEBUG 63042 --- [    Test worker] org.hibernate.type.BasicTypeRegistry     : Adding type registration OffsetTimeUtc -> org.hibernate.type.BasicTypeReference@6c767288
2025-04-06T12:38:07.082+03:00 DEBUG 63042 --- [    Test worker] org.hibernate.type.BasicTypeRegistry     : Adding type registration OffsetTimeWithTimezone -> org.hibernate.type.BasicTypeReference@510e6b93
2025-04-06T12:38:07.082+03:00 DEBUG 63042 --- [    Test worker] org.hibernate.type.BasicTypeRegistry     : Adding type registration OffsetTimeWithoutTimezone -> org.hibernate.type.BasicTypeReference@129e45eb
2025-04-06T12:38:07.082+03:00 DEBUG 63042 --- [    Test worker] org.hibernate.type.BasicTypeRegistry     : Adding type registration ZonedDateTime -> org.hibernate.type.BasicTypeReference@15c3849f
2025-04-06T12:38:07.082+03:00 DEBUG 63042 --- [    Test worker] org.hibernate.type.BasicTypeRegistry     : Adding type registration java.time.ZonedDateTime -> org.hibernate.type.BasicTypeReference@15c3849f
2025-04-06T12:38:07.082+03:00 DEBUG 63042 --- [    Test worker] org.hibernate.type.BasicTypeRegistry     : Adding type registration ZonedDateTimeWithTimezone -> org.hibernate.type.BasicTypeReference@4a7e469d
2025-04-06T12:38:07.082+03:00 DEBUG 63042 --- [    Test worker] org.hibernate.type.BasicTypeRegistry     : Adding type registration ZonedDateTimeWithoutTimezone -> org.hibernate.type.BasicTypeReference@688efeb2
2025-04-06T12:38:07.082+03:00 DEBUG 63042 --- [    Test worker] org.hibernate.type.BasicTypeRegistry     : Adding type registration date -> org.hibernate.type.BasicTypeReference@85f5f55
2025-04-06T12:38:07.082+03:00 DEBUG 63042 --- [    Test worker] org.hibernate.type.BasicTypeRegistry     : Adding type registration java.sql.Date -> org.hibernate.type.BasicTypeReference@85f5f55
2025-04-06T12:38:07.082+03:00 DEBUG 63042 --- [    Test worker] org.hibernate.type.BasicTypeRegistry     : Adding type registration time -> org.hibernate.type.BasicTypeReference@131c5bd
2025-04-06T12:38:07.082+03:00 DEBUG 63042 --- [    Test worker] org.hibernate.type.BasicTypeRegistry     : Adding type registration java.sql.Time -> org.hibernate.type.BasicTypeReference@131c5bd
2025-04-06T12:38:07.082+03:00 DEBUG 63042 --- [    Test worker] org.hibernate.type.BasicTypeRegistry     : Adding type registration timestamp -> org.hibernate.type.BasicTypeReference@394331a8
2025-04-06T12:38:07.082+03:00 DEBUG 63042 --- [    Test worker] org.hibernate.type.BasicTypeRegistry     : Adding type registration java.sql.Timestamp -> org.hibernate.type.BasicTypeReference@394331a8
2025-04-06T12:38:07.082+03:00 DEBUG 63042 --- [    Test worker] org.hibernate.type.BasicTypeRegistry     : Adding type registration java.util.Date -> org.hibernate.type.BasicTypeReference@394331a8
2025-04-06T12:38:07.082+03:00 DEBUG 63042 --- [    Test worker] org.hibernate.type.BasicTypeRegistry     : Adding type registration calendar -> org.hibernate.type.BasicTypeReference@2627335c
2025-04-06T12:38:07.082+03:00 DEBUG 63042 --- [    Test worker] org.hibernate.type.BasicTypeRegistry     : Adding type registration java.util.Calendar -> org.hibernate.type.BasicTypeReference@2627335c
2025-04-06T12:38:07.082+03:00 DEBUG 63042 --- [    Test worker] org.hibernate.type.BasicTypeRegistry     : Adding type registration java.util.GregorianCalendar -> org.hibernate.type.BasicTypeReference@2627335c
2025-04-06T12:38:07.082+03:00 DEBUG 63042 --- [    Test worker] org.hibernate.type.BasicTypeRegistry     : Adding type registration calendar_date -> org.hibernate.type.BasicTypeReference@5470753a
2025-04-06T12:38:07.082+03:00 DEBUG 63042 --- [    Test worker] org.hibernate.type.BasicTypeRegistry     : Adding type registration calendar_time -> org.hibernate.type.BasicTypeReference@5b634e24
2025-04-06T12:38:07.082+03:00 DEBUG 63042 --- [    Test worker] org.hibernate.type.BasicTypeRegistry     : Adding type registration instant -> org.hibernate.type.BasicTypeReference@7b0dfa91
2025-04-06T12:38:07.082+03:00 DEBUG 63042 --- [    Test worker] org.hibernate.type.BasicTypeRegistry     : Adding type registration java.time.Instant -> org.hibernate.type.BasicTypeReference@7b0dfa91
2025-04-06T12:38:07.082+03:00 DEBUG 63042 --- [    Test worker] org.hibernate.type.BasicTypeRegistry     : Adding type registration uuid -> org.hibernate.type.BasicTypeReference@642f8b7f
2025-04-06T12:38:07.082+03:00 DEBUG 63042 --- [    Test worker] org.hibernate.type.BasicTypeRegistry     : Adding type registration java.util.UUID -> org.hibernate.type.BasicTypeReference@642f8b7f
2025-04-06T12:38:07.082+03:00 DEBUG 63042 --- [    Test worker] org.hibernate.type.BasicTypeRegistry     : Adding type registration pg-uuid -> org.hibernate.type.BasicTypeReference@642f8b7f
2025-04-06T12:38:07.082+03:00 DEBUG 63042 --- [    Test worker] org.hibernate.type.BasicTypeRegistry     : Adding type registration uuid-binary -> org.hibernate.type.BasicTypeReference@3321fb65
2025-04-06T12:38:07.082+03:00 DEBUG 63042 --- [    Test worker] org.hibernate.type.BasicTypeRegistry     : Adding type registration uuid-char -> org.hibernate.type.BasicTypeReference@7272914b
2025-04-06T12:38:07.082+03:00 DEBUG 63042 --- [    Test worker] org.hibernate.type.BasicTypeRegistry     : Adding type registration class -> org.hibernate.type.BasicTypeReference@663f24e6
2025-04-06T12:38:07.082+03:00 DEBUG 63042 --- [    Test worker] org.hibernate.type.BasicTypeRegistry     : Adding type registration java.lang.Class -> org.hibernate.type.BasicTypeReference@663f24e6
2025-04-06T12:38:07.082+03:00 DEBUG 63042 --- [    Test worker] org.hibernate.type.BasicTypeRegistry     : Adding type registration currency -> org.hibernate.type.BasicTypeReference@7e532f2d
2025-04-06T12:38:07.082+03:00 DEBUG 63042 --- [    Test worker] org.hibernate.type.BasicTypeRegistry     : Adding type registration Currency -> org.hibernate.type.BasicTypeReference@7e532f2d
2025-04-06T12:38:07.083+03:00 DEBUG 63042 --- [    Test worker] org.hibernate.type.BasicTypeRegistry     : Adding type registration java.util.Currency -> org.hibernate.type.BasicTypeReference@7e532f2d
2025-04-06T12:38:07.083+03:00 DEBUG 63042 --- [    Test worker] org.hibernate.type.BasicTypeRegistry     : Adding type registration locale -> org.hibernate.type.BasicTypeReference@248b2091
2025-04-06T12:38:07.083+03:00 DEBUG 63042 --- [    Test worker] org.hibernate.type.BasicTypeRegistry     : Adding type registration java.util.Locale -> org.hibernate.type.BasicTypeReference@248b2091
2025-04-06T12:38:07.083+03:00 DEBUG 63042 --- [    Test worker] org.hibernate.type.BasicTypeRegistry     : Adding type registration serializable -> org.hibernate.type.BasicTypeReference@3b0c38f2
2025-04-06T12:38:07.083+03:00 DEBUG 63042 --- [    Test worker] org.hibernate.type.BasicTypeRegistry     : Adding type registration java.io.Serializable -> org.hibernate.type.BasicTypeReference@3b0c38f2
2025-04-06T12:38:07.083+03:00 DEBUG 63042 --- [    Test worker] org.hibernate.type.BasicTypeRegistry     : Adding type registration timezone -> org.hibernate.type.BasicTypeReference@5cc152f9
2025-04-06T12:38:07.083+03:00 DEBUG 63042 --- [    Test worker] org.hibernate.type.BasicTypeRegistry     : Adding type registration java.util.TimeZone -> org.hibernate.type.BasicTypeReference@5cc152f9
2025-04-06T12:38:07.083+03:00 DEBUG 63042 --- [    Test worker] org.hibernate.type.BasicTypeRegistry     : Adding type registration ZoneOffset -> org.hibernate.type.BasicTypeReference@36f497b1
2025-04-06T12:38:07.083+03:00 DEBUG 63042 --- [    Test worker] org.hibernate.type.BasicTypeRegistry     : Adding type registration java.time.ZoneOffset -> org.hibernate.type.BasicTypeReference@36f497b1
2025-04-06T12:38:07.083+03:00 DEBUG 63042 --- [    Test worker] org.hibernate.type.BasicTypeRegistry     : Adding type registration url -> org.hibernate.type.BasicTypeReference@4b86a656
2025-04-06T12:38:07.083+03:00 DEBUG 63042 --- [    Test worker] org.hibernate.type.BasicTypeRegistry     : Adding type registration java.net.URL -> org.hibernate.type.BasicTypeReference@4b86a656
2025-04-06T12:38:07.083+03:00 DEBUG 63042 --- [    Test worker] org.hibernate.type.BasicTypeRegistry     : Adding type registration vector -> org.hibernate.type.BasicTypeReference@1117cc7c
2025-04-06T12:38:07.083+03:00 DEBUG 63042 --- [    Test worker] org.hibernate.type.BasicTypeRegistry     : Adding type registration float_vector -> org.hibernate.type.BasicTypeReference@4797023d
2025-04-06T12:38:07.083+03:00 DEBUG 63042 --- [    Test worker] org.hibernate.type.BasicTypeRegistry     : Adding type registration double_vector -> org.hibernate.type.BasicTypeReference@55cc4c61
2025-04-06T12:38:07.083+03:00 DEBUG 63042 --- [    Test worker] org.hibernate.type.BasicTypeRegistry     : Adding type registration byte_vector -> org.hibernate.type.BasicTypeReference@2b06f498
2025-04-06T12:38:07.083+03:00 DEBUG 63042 --- [    Test worker] org.hibernate.type.BasicTypeRegistry     : Adding type registration row_version -> org.hibernate.type.BasicTypeReference@4ddb9a8
2025-04-06T12:38:07.084+03:00 DEBUG 63042 --- [    Test worker] org.hibernate.type.BasicTypeRegistry     : Adding type registration object -> org.hibernate.type.JavaObjectType@2a349a73
2025-04-06T12:38:07.084+03:00 DEBUG 63042 --- [    Test worker] org.hibernate.type.BasicTypeRegistry     : Adding type registration java.lang.Object -> org.hibernate.type.JavaObjectType@2a349a73
2025-04-06T12:38:07.085+03:00 DEBUG 63042 --- [    Test worker] org.hibernate.type.BasicTypeRegistry     : Adding type registration null -> org.hibernate.type.NullType@af57949
2025-04-06T12:38:07.085+03:00 DEBUG 63042 --- [    Test worker] org.hibernate.type.BasicTypeRegistry     : Adding type registration imm_date -> org.hibernate.type.BasicTypeReference@f833223
2025-04-06T12:38:07.085+03:00 DEBUG 63042 --- [    Test worker] org.hibernate.type.BasicTypeRegistry     : Adding type registration imm_time -> org.hibernate.type.BasicTypeReference@5186b78a
2025-04-06T12:38:07.085+03:00 DEBUG 63042 --- [    Test worker] org.hibernate.type.BasicTypeRegistry     : Adding type registration imm_timestamp -> org.hibernate.type.BasicTypeReference@3f6a9ba0
2025-04-06T12:38:07.085+03:00 DEBUG 63042 --- [    Test worker] org.hibernate.type.BasicTypeRegistry     : Adding type registration imm_calendar -> org.hibernate.type.BasicTypeReference@1e749235
2025-04-06T12:38:07.085+03:00 DEBUG 63042 --- [    Test worker] org.hibernate.type.BasicTypeRegistry     : Adding type registration imm_calendar_date -> org.hibernate.type.BasicTypeReference@870a9f2
2025-04-06T12:38:07.085+03:00 DEBUG 63042 --- [    Test worker] org.hibernate.type.BasicTypeRegistry     : Adding type registration imm_calendar_time -> org.hibernate.type.BasicTypeReference@6c2e7591
2025-04-06T12:38:07.085+03:00 DEBUG 63042 --- [    Test worker] org.hibernate.type.BasicTypeRegistry     : Adding type registration imm_binary -> org.hibernate.type.BasicTypeReference@7f2542f
2025-04-06T12:38:07.085+03:00 DEBUG 63042 --- [    Test worker] org.hibernate.type.BasicTypeRegistry     : Adding type registration imm_serializable -> org.hibernate.type.BasicTypeReference@3dad8bde
2025-04-06T12:38:07.086+03:00 DEBUG 63042 --- [    Test worker] o.h.boot.internal.BootstrapContextImpl   : Injecting JPA temp ClassLoader [org.springframework.instrument.classloading.SimpleThrowawayClassLoader@31b7112d] into BootstrapContext; was [null]
2025-04-06T12:38:07.086+03:00 DEBUG 63042 --- [    Test worker] o.h.boot.internal.ClassLoaderAccessImpl  : ClassLoaderAccessImpl#injectTempClassLoader(org.springframework.instrument.classloading.SimpleThrowawayClassLoader@31b7112d) [was null]
2025-04-06T12:38:07.086+03:00 DEBUG 63042 --- [    Test worker] o.h.boot.internal.BootstrapContextImpl   : Injecting ScanEnvironment [org.hibernate.jpa.boot.internal.StandardJpaScanEnvironmentImpl@346e5cc] into BootstrapContext; was [null]
2025-04-06T12:38:07.086+03:00 DEBUG 63042 --- [    Test worker] o.h.boot.internal.BootstrapContextImpl   : Injecting ScanOptions [org.hibernate.boot.archive.scan.internal.StandardScanOptions@2cd2c764] into BootstrapContext; was [org.hibernate.boot.archive.scan.internal.StandardScanOptions@d17d554]
2025-04-06T12:38:07.090+03:00 DEBUG 63042 --- [    Test worker] o.h.j.b.i.PersistenceUnitInfoDescriptor  : Pushing class transformers for PU named 'default' on loading classloader jdk.internal.loader.ClassLoaders$AppClassLoader@18ff02e4
2025-04-06T12:38:07.110+03:00 DEBUG 63042 --- [l-1 housekeeper] com.zaxxer.hikari.pool.HikariPool        : HikariPool-1 - Pool stats (total=1, active=0, idle=1, waiting=0)
2025-04-06T12:38:07.111+03:00 DEBUG 63042 --- [onnection adder] com.zaxxer.hikari.pool.HikariPool        : HikariPool-1 - Added connection conn1: url=jdbc:h2:mem:4263c6bd-775c-4b0c-9d1e-814281f93129 user=SA
2025-04-06T12:38:07.146+03:00 DEBUG 63042 --- [onnection adder] com.zaxxer.hikari.pool.HikariPool        : HikariPool-1 - After adding stats (total=2, active=0, idle=2, waiting=0)
2025-04-06T12:38:07.146+03:00 DEBUG 63042 --- [onnection adder] com.zaxxer.hikari.pool.HikariPool        : HikariPool-1 - Added connection conn2: url=jdbc:h2:mem:4263c6bd-775c-4b0c-9d1e-814281f93129 user=SA
2025-04-06T12:38:07.146+03:00  INFO 63042 --- [    Test worker] o.s.o.j.p.SpringPersistenceUnitInfo      : No LoadTimeWeaver setup: ignoring JPA class transformer
2025-04-06T12:38:07.147+03:00 DEBUG 63042 --- [    Test worker] o.h.boot.internal.BootstrapContextImpl   : Injecting JPA temp ClassLoader [null] into BootstrapContext; was [org.springframework.instrument.classloading.SimpleThrowawayClassLoader@31b7112d]
2025-04-06T12:38:07.147+03:00 DEBUG 63042 --- [    Test worker] o.h.boot.internal.ClassLoaderAccessImpl  : ClassLoaderAccessImpl#injectTempClassLoader(null) [was org.springframework.instrument.classloading.SimpleThrowawayClassLoader@31b7112d]
2025-04-06T12:38:07.156+03:00 DEBUG 63042 --- [    Test worker] o.h.e.j.e.i.JdbcEnvironmentInitiator     : Database ->
	   name : H2
	version : 2.3.232 (2024-08-11)
	  major : 2
	  minor : 3
2025-04-06T12:38:07.156+03:00 DEBUG 63042 --- [    Test worker] o.h.e.j.e.i.JdbcEnvironmentInitiator     : Driver ->
	   name : H2 JDBC Driver
	version : 2.3.232 (2024-08-11)
	  major : 2
	  minor : 3
2025-04-06T12:38:07.156+03:00 DEBUG 63042 --- [    Test worker] o.h.e.j.e.i.JdbcEnvironmentInitiator     : JDBC version : 4.3
2025-04-06T12:38:07.165+03:00 DEBUG 63042 --- [    Test worker] org.hibernate.orm.dialect                : HHH035001: Using dialect: org.hibernate.dialect.H2Dialect, version: 2.3.232
2025-04-06T12:38:07.166+03:00 DEBUG 63042 --- [    Test worker] o.h.e.j.env.spi.IdentifierHelperBuilder  : JDBC driver metadata reported database stores quoted identifiers in neither upper, lower nor mixed case
2025-04-06T12:38:07.170+03:00  INFO 63042 --- [    Test worker] org.hibernate.orm.connections.pooling    : HHH10001005: Database info:
	Database JDBC URL [Connecting through datasource 'HikariDataSource (HikariPool-1)']
	Database driver: undefined/unknown
	Database version: 2.3.232
	Autocommit mode: undefined/unknown
	Isolation level: undefined/unknown
	Minimum pool size: undefined/unknown
	Maximum pool size: undefined/unknown
2025-04-06T12:38:07.173+03:00 DEBUG 63042 --- [    Test worker] o.h.t.d.jdbc.spi.JdbcTypeRegistry        : addDescriptor(NCharTypeDescriptor) replaced previous registration(CharTypeDescriptor)
2025-04-06T12:38:07.173+03:00 DEBUG 63042 --- [    Test worker] o.h.t.d.jdbc.spi.JdbcTypeRegistry        : addDescriptor(NVarcharTypeDescriptor) replaced previous registration(VarcharTypeDescriptor)
2025-04-06T12:38:07.173+03:00 DEBUG 63042 --- [    Test worker] o.h.t.d.jdbc.spi.JdbcTypeRegistry        : addDescriptor(LongNVarcharTypeDescriptor) replaced previous registration(LongVarcharTypeDescriptor)
2025-04-06T12:38:07.174+03:00 DEBUG 63042 --- [    Test worker] o.h.t.d.jdbc.spi.JdbcTypeRegistry        : addDescriptor(NClobTypeDescriptor(DEFAULT)) replaced previous registration(ClobTypeDescriptor(DEFAULT))
2025-04-06T12:38:07.175+03:00 DEBUG 63042 --- [    Test worker] o.h.t.d.jdbc.spi.JdbcTypeRegistry        : addDescriptor(TimestampUtcDescriptor) replaced previous registration(TimestampUtcDescriptor)
2025-04-06T12:38:07.176+03:00 DEBUG 63042 --- [    Test worker] org.hibernate.type.BasicTypeRegistry     : Adding type registration org.hibernate.type.DurationType -> basicType@1(java.time.Duration,3015)
2025-04-06T12:38:07.176+03:00 DEBUG 63042 --- [    Test worker] org.hibernate.type.BasicTypeRegistry     : Adding type registration Duration -> basicType@1(java.time.Duration,3015)
2025-04-06T12:38:07.176+03:00 DEBUG 63042 --- [    Test worker] org.hibernate.type.BasicTypeRegistry     : Adding type registration java.time.Duration -> basicType@1(java.time.Duration,3015)
2025-04-06T12:38:07.177+03:00 DEBUG 63042 --- [    Test worker] o.h.type.spi.TypeConfiguration$Scope     : Scoping TypeConfiguration [org.hibernate.type.spi.TypeConfiguration@6e349258] to MetadataBuildingContext [org.hibernate.boot.internal.MetadataBuildingContextRootImpl@41092c8]
2025-04-06T12:38:07.179+03:00 DEBUG 63042 --- [onnection adder] com.zaxxer.hikari.pool.HikariPool        : HikariPool-1 - After adding stats (total=3, active=0, idle=3, waiting=0)
2025-04-06T12:38:07.180+03:00 DEBUG 63042 --- [onnection adder] com.zaxxer.hikari.pool.HikariPool        : HikariPool-1 - Added connection conn3: url=jdbc:h2:mem:4263c6bd-775c-4b0c-9d1e-814281f93129 user=SA
2025-04-06T12:38:07.189+03:00 DEBUG 63042 --- [    Test worker] o.h.boot.model.relational.Namespace      : Created database namespace [logicalName=Name{catalog=null, schema=null}, physicalName=Name{catalog=null, schema=null}]
2025-04-06T12:38:07.195+03:00 DEBUG 63042 --- [    Test worker] o.h.boot.model.internal.EntityBinder     : Binding entity from annotated class: com.example.springboot.Product
2025-04-06T12:38:07.197+03:00 DEBUG 63042 --- [    Test worker] o.h.boot.model.internal.EntityBinder     : Import with entity name Product
2025-04-06T12:38:07.199+03:00 DEBUG 63042 --- [    Test worker] o.h.boot.model.internal.EntityBinder     : Bind entity com.example.springboot.Product on table product
2025-04-06T12:38:07.202+03:00 DEBUG 63042 --- [    Test worker] o.h.boot.model.internal.AnnotatedColumn  : Binding column: AnnotatedDiscriminatorColumn(column='DTYPE')
2025-04-06T12:38:07.207+03:00 DEBUG 63042 --- [    Test worker] o.h.boot.model.internal.AnnotatedColumn  : Binding column: AnnotatedColumn()
2025-04-06T12:38:07.207+03:00 DEBUG 63042 --- [    Test worker] o.h.boot.internal.ClassLoaderAccessImpl  : Not known whether passed class name [com.example.springboot.Product] is safe
2025-04-06T12:38:07.207+03:00 DEBUG 63042 --- [    Test worker] o.h.boot.internal.ClassLoaderAccessImpl  : No temp ClassLoader provided; using live ClassLoader for loading potentially unsafe class : com.example.springboot.Product
2025-04-06T12:38:07.209+03:00 DEBUG 63042 --- [    Test worker] o.h.boot.model.internal.PropertyBinder   : MetadataSourceProcessor property id with lazy=false
2025-04-06T12:38:07.210+03:00 DEBUG 63042 --- [    Test worker] o.h.b.m.internal.AbstractPropertyHolder  : Attempting to locate auto-apply AttributeConverter for property [com.example.springboot.Product:id]
2025-04-06T12:38:07.211+03:00 DEBUG 63042 --- [    Test worker] o.h.b.model.internal.BasicValueBinder    : building BasicValue for id
2025-04-06T12:38:07.212+03:00 DEBUG 63042 --- [    Test worker] org.hibernate.mapping.BasicValue         : Skipping column re-registration: product.id
2025-04-06T12:38:07.212+03:00 DEBUG 63042 --- [    Test worker] o.h.boot.model.internal.PropertyBinder   : Building property id
2025-04-06T12:38:07.213+03:00 DEBUG 63042 --- [    Test worker] o.h.boot.model.internal.AnnotatedColumn  : Binding column: AnnotatedColumn()
2025-04-06T12:38:07.213+03:00 DEBUG 63042 --- [    Test worker] o.h.boot.model.internal.PropertyBinder   : MetadataSourceProcessor property name with lazy=false
2025-04-06T12:38:07.213+03:00 DEBUG 63042 --- [    Test worker] o.h.b.m.internal.AbstractPropertyHolder  : Attempting to locate auto-apply AttributeConverter for property [com.example.springboot.Product:name]
2025-04-06T12:38:07.213+03:00 DEBUG 63042 --- [    Test worker] o.h.b.model.internal.BasicValueBinder    : building BasicValue for name
2025-04-06T12:38:07.213+03:00 DEBUG 63042 --- [    Test worker] org.hibernate.mapping.BasicValue         : Skipping column re-registration: product.name
2025-04-06T12:38:07.213+03:00 DEBUG 63042 --- [    Test worker] o.h.boot.model.internal.PropertyBinder   : Building property name
2025-04-06T12:38:07.213+03:00 DEBUG 63042 --- [    Test worker] o.h.boot.model.internal.AnnotatedColumn  : Binding column: AnnotatedColumn()
2025-04-06T12:38:07.213+03:00 DEBUG 63042 --- [    Test worker] o.h.boot.model.internal.PropertyBinder   : MetadataSourceProcessor property price with lazy=false
2025-04-06T12:38:07.213+03:00 DEBUG 63042 --- [    Test worker] o.h.b.m.internal.AbstractPropertyHolder  : Attempting to locate auto-apply AttributeConverter for property [com.example.springboot.Product:price]
2025-04-06T12:38:07.213+03:00 DEBUG 63042 --- [    Test worker] o.h.b.model.internal.BasicValueBinder    : building BasicValue for price
2025-04-06T12:38:07.213+03:00 DEBUG 63042 --- [    Test worker] org.hibernate.mapping.BasicValue         : Skipping column re-registration: product.price
2025-04-06T12:38:07.213+03:00 DEBUG 63042 --- [    Test worker] o.h.boot.model.internal.PropertyBinder   : Building property price
2025-04-06T12:38:07.213+03:00 DEBUG 63042 --- [    Test worker] o.h.boot.model.internal.AnnotatedColumn  : Binding column: AnnotatedColumn()
2025-04-06T12:38:07.213+03:00 DEBUG 63042 --- [    Test worker] o.h.boot.model.internal.PropertyBinder   : MetadataSourceProcessor property type with lazy=false
2025-04-06T12:38:07.213+03:00 DEBUG 63042 --- [    Test worker] o.h.b.m.internal.AbstractPropertyHolder  : Attempting to locate auto-apply AttributeConverter for property [com.example.springboot.Product:type]
2025-04-06T12:38:07.213+03:00 DEBUG 63042 --- [    Test worker] o.h.b.model.internal.BasicValueBinder    : building BasicValue for type
2025-04-06T12:38:07.213+03:00 DEBUG 63042 --- [    Test worker] org.hibernate.mapping.BasicValue         : Skipping column re-registration: product.type
2025-04-06T12:38:07.214+03:00 DEBUG 63042 --- [    Test worker] o.h.boot.model.internal.PropertyBinder   : Building property type
2025-04-06T12:38:07.214+03:00 DEBUG 63042 --- [    Test worker] o.h.boot.model.internal.AnnotatedColumn  : Binding column: AnnotatedColumn()
2025-04-06T12:38:07.214+03:00 DEBUG 63042 --- [    Test worker] o.h.boot.model.internal.PropertyBinder   : MetadataSourceProcessor property version with lazy=false
2025-04-06T12:38:07.214+03:00 DEBUG 63042 --- [    Test worker] o.h.b.m.internal.AbstractPropertyHolder  : Attempting to locate auto-apply AttributeConverter for property [com.example.springboot.Product:version]
2025-04-06T12:38:07.214+03:00 DEBUG 63042 --- [    Test worker] o.h.b.model.internal.BasicValueBinder    : building BasicValue for version
2025-04-06T12:38:07.214+03:00 DEBUG 63042 --- [    Test worker] org.hibernate.mapping.BasicValue         : Skipping column re-registration: product.version
2025-04-06T12:38:07.214+03:00 DEBUG 63042 --- [    Test worker] o.h.boot.model.internal.PropertyBinder   : Building property version
2025-04-06T12:38:07.214+03:00 DEBUG 63042 --- [    Test worker] o.h.b.r.c.i.ClassLoaderServiceImpl       : HHH000194: Package not found or no package-info.java: com.example.springboot
2025-04-06T12:38:07.215+03:00 DEBUG 63042 --- [onnection adder] com.zaxxer.hikari.pool.HikariPool        : HikariPool-1 - After adding stats (total=4, active=0, idle=4, waiting=0)
2025-04-06T12:38:07.215+03:00 DEBUG 63042 --- [onnection adder] com.zaxxer.hikari.pool.HikariPool        : HikariPool-1 - Added connection conn4: url=jdbc:h2:mem:4263c6bd-775c-4b0c-9d1e-814281f93129 user=SA
2025-04-06T12:38:07.216+03:00 DEBUG 63042 --- [    Test worker] o.h.b.model.internal.BasicValueBinder    : Starting `BasicValueBinder#fillSimpleValue` for id
2025-04-06T12:38:07.216+03:00 DEBUG 63042 --- [    Test worker] o.h.b.model.internal.BasicValueBinder    : Starting `BasicValueBinder#fillSimpleValue` for name
2025-04-06T12:38:07.216+03:00 DEBUG 63042 --- [    Test worker] o.h.b.model.internal.BasicValueBinder    : Starting `BasicValueBinder#fillSimpleValue` for price
2025-04-06T12:38:07.216+03:00 DEBUG 63042 --- [    Test worker] o.h.b.model.internal.BasicValueBinder    : Starting `BasicValueBinder#fillSimpleValue` for type
2025-04-06T12:38:07.216+03:00 DEBUG 63042 --- [    Test worker] o.h.b.model.internal.BasicValueBinder    : Starting `BasicValueBinder#fillSimpleValue` for version
2025-04-06T12:38:07.218+03:00 DEBUG 63042 --- [    Test worker] org.hibernate.mapping.PrimaryKey         : Forcing column [id] to be non-null as it is part of the primary key for table [product]
2025-04-06T12:38:07.236+03:00 DEBUG 63042 --- [    Test worker] o.hibernate.internal.SessionFactoryImpl  : Building session factory
2025-04-06T12:38:07.247+03:00 DEBUG 63042 --- [onnection adder] com.zaxxer.hikari.pool.HikariPool        : HikariPool-1 - After adding stats (total=5, active=0, idle=5, waiting=0)
2025-04-06T12:38:07.247+03:00 DEBUG 63042 --- [onnection adder] com.zaxxer.hikari.pool.HikariPool        : HikariPool-1 - Added connection conn5: url=jdbc:h2:mem:4263c6bd-775c-4b0c-9d1e-814281f93129 user=SA
2025-04-06T12:38:07.251+03:00 DEBUG 63042 --- [    Test worker] .h.s.i.SessionFactoryServiceRegistryImpl : EventListenerRegistry access via ServiceRegistry is deprecated.  Use `sessionFactory.getEventEngine().getListenerRegistry()` instead
2025-04-06T12:38:07.251+03:00 DEBUG 63042 --- [    Test worker] o.hibernate.internal.SessionFactoryImpl  : Instantiating SessionFactory with settings: {java.specification.version=23, hibernate.resource.beans.container=org.springframework.orm.hibernate5.SpringBeanContainer@57cc0333, hibernate.connection.handling_mode=DELAYED_ACQUISITION_AND_HOLD, sun.jnu.encoding=UTF-8, org.gradle.test.worker=4, hibernate.implicit_naming_strategy=org.springframework.boot.orm.jpa.hibernate.SpringImplicitNamingStrategy, java.class.path=/Users/vanonatobaidze/.gradle/caches/8.13/workerMain/gradle-worker.jar:/Users/vanonatobaidze/projects/pactflow/pactflow-provider/build/classes/java/test:/Users/vanonatobaidze/projects/pactflow/pactflow-provider/build/resources/test:/Users/vanonatobaidze/projects/pactflow/pactflow-provider/build/classes/java/main:/Users/vanonatobaidze/.gradle/caches/modules-2/files-2.1/org.springframework.boot/spring-boot-starter-web/3.4.3/87e7a401e7d249fefc7f372f5681e8620234624c/spring-boot-starter-web-3.4.3.jar:/Users/vanonatobaidze/.gradle/caches/modules-2/files-2.1/org.springframework.boot/spring-boot-starter-data-jpa/3.4.3/29c90fec6e887dc01df09ea4c3548b5a04b7afb4/spring-boot-starter-data-jpa-3.4.3.jar:/Users/vanonatobaidze/.gradle/caches/modules-2/files-2.1/com.h2database/h2/2.3.232/4fcc05d966ccdb2812ae8b9a718f69226c0cf4e2/h2-2.3.232.jar:/Users/vanonatobaidze/.gradle/caches/modules-2/files-2.1/com.atlassian.oai/swagger-request-validator-restassured/2.44.1/afe5c600151053dc73b3b41b33febd513bd104a2/swagger-request-validator-restassured-2.44.1.jar:/Users/vanonatobaidze/.gradle/caches/modules-2/files-2.1/org.springframework.boot/spring-boot-starter-test/3.4.3/cb43483437a2151f522141247198e071ad77cf35/spring-boot-starter-test-3.4.3.jar:/Users/vanonatobaidze/.gradle/caches/modules-2/files-2.1/org.springframework.boot/spring-boot-starter-json/3.4.3/7a4d63165404da67ed3802678994c21a0763723/spring-boot-starter-json-3.4.3.jar:/Users/vanonatobaidze/.gradle/caches/modules-2/files-2.1/org.springframework.boot/spring-boot-starter-jdbc/3.4.3/87c09bd67ea27fcd30d6413fdbc5bfa1f688e5e8/spring-boot-starter-jdbc-3.4.3.jar:/Users/vanonatobaidze/.gradle/caches/modules-2/files-2.1/org.springframework.boot/spring-boot-starter/3.4.3/247fdc05cd6de013c3fd26628fa221dd095b391/spring-boot-starter-3.4.3.jar:/Users/vanonatobaidze/.gradle/caches/modules-2/files-2.1/org.springframework.boot/spring-boot-starter-tomcat/3.4.3/40246b02bf8bf905dd5fb3d57f48bfc2c9b49bb9/spring-boot-starter-tomcat-3.4.3.jar:/Users/vanonatobaidze/.gradle/caches/modules-2/files-2.1/org.springframework/spring-webmvc/6.2.3/485f6e351bba471fc8f841f39eaf6488896369ff/spring-webmvc-6.2.3.jar:/Users/vanonatobaidze/.gradle/caches/modules-2/files-2.1/org.springframework/spring-web/6.2.3/662ac5ee41af27d183f97032b2fec2b652d379f5/spring-web-6.2.3.jar:/Users/vanonatobaidze/.gradle/caches/modules-2/files-2.1/org.hibernate.orm/hibernate-core/6.6.8.Final/2738c642d5e505249faa2f923e03541aa6b96916/hibernate-core-6.6.8.Final.jar:/Users/vanonatobaidze/.gradle/caches/modules-2/files-2.1/org.springframework.data/spring-data-jpa/3.4.3/7e4c0e9c14f4d971a9de6aff3c9beece2001480b/spring-data-jpa-3.4.3.jar:/Users/vanonatobaidze/.gradle/caches/modules-2/files-2.1/org.springframework/spring-aspects/6.2.3/f90a794dd3f81a1addc0552bc091e3f85b2428de/spring-aspects-6.2.3.jar:/Users/vanonatobaidze/.gradle/caches/modules-2/files-2.1/com.atlassian.oai/swagger-request-validator-core/2.44.1/2a823be67a54c58a01937cf46241cc9a7ab2db57/swagger-request-validator-core-2.44.1.jar:/Users/vanonatobaidze/.gradle/caches/modules-2/files-2.1/io.rest-assured/rest-assured/5.5.1/a386eafb980fd30bb673e5e0b25d3abb48184eb/rest-assured-5.5.1.jar:/Users/vanonatobaidze/.gradle/caches/modules-2/files-2.1/org.springframework.boot/spring-boot-test-autoconfigure/3.4.3/7c4be29065b5b21ba7c13515d795fe8d76e57a79/spring-boot-test-autoconfigure-3.4.3.jar:/Users/vanonatobaidze/.gradle/caches/modules-2/files-2.1/org.springframework.boot/spring-boot-test/3.4.3/ba8b542af8fda08840925ef1bdfe78c1b7222b82/spring-boot-test-3.4.3.jar:/Users/vanonatobaidze/.gradle/caches/modules-2/files-2.1/com.jayway.jsonpath/json-path/2.9.0/37fe2217f577b0b68b18e62c4d17a8858ecf9b69/json-path-2.9.0.jar:/Users/vanonatobaidze/.gradle/caches/modules-2/files-2.1/org.glassfish.jaxb/jaxb-runtime/4.0.5/ca84c2a7169b5293e232b9d00d1e4e36d4c3914a/jaxb-runtime-4.0.5.jar:/Users/vanonatobaidze/.gradle/caches/modules-2/files-2.1/org.glassfish.jaxb/jaxb-core/4.0.5/7b4b11ea5542eea4ad55e1080b23be436795b3/jaxb-core-4.0.5.jar:/Users/vanonatobaidze/.gradle/caches/modules-2/files-2.1/io.swagger.parser.v3/swagger-parser/2.1.22/fe267aca1d6f7af1e0fd7896abede6ddb3948a28/swagger-parser-2.1.22.jar:/Users/vanonatobaidze/.gradle/caches/modules-2/files-2.1/io.swagger.parser.v3/swagger-parser-v2-converter/2.1.22/fdcf2cdf4e51ae15531df0bf5615623e1f3cc4d/swagger-parser-v2-converter-2.1.22.jar:/Users/vanonatobaidze/.gradle/caches/modules-2/files-2.1/io.swagger/swagger-compat-spec-parser/1.0.70/252d8fdf6847aba9185b0804814a16f9ae7ba064/swagger-compat-spec-parser-1.0.70.jar:/Users/vanonatobaidze/.gradle/caches/modules-2/files-2.1/io.swagger/swagger-parser/1.0.70/14ed5affe6fe2f4860cc334b3853a95388df2103/swagger-parser-1.0.70.jar:/Users/vanonatobaidze/.gradle/caches/modules-2/files-2.1/io.swagger/swagger-core/1.6.14/a54afa6a1068a899cb3d0616ca03bffb8b17f1f/swagger-core-1.6.14.jar:/Users/vanonatobaidze/.gradle/caches/modules-2/files-2.1/io.swagger.parser.v3/swagger-parser-v3/2.1.22/58160f204b0be1921443020b4e9c074d3e5009c3/swagger-parser-v3-2.1.22.jar:/Users/vanonatobaidze/.gradle/caches/modules-2/files-2.1/io.swagger.core.v3/swagger-core/2.2.21/19c68896c7a3a1b2f4eb2f0fd560d747ca67acd0/swagger-core-2.2.21.jar:/Users/vanonatobaidze/.gradle/caches/modules-2/files-2.1/jakarta.xml.bind/jakarta.xml.bind-api/4.0.2/6cd5a999b834b63238005b7144136379dc36cad2/jakarta.xml.bind-api-4.0.2.jar:/Users/vanonatobaidze/.gradle/caches/modules-2/files-2.1/net.minidev/json-smart/2.5.2/95d166b18f95907be0f46cdb9e1c0695eed03387/json-smart-2.5.2.jar:/Users/vanonatobaidze/.gradle/caches/modules-2/files-2.1/org.assertj/assertj-core/3.26.3/d26263eb7524252d98e602fc6942996a3195e29/assertj-core-3.26.3.jar:/Users/vanonatobaidze/.gradle/caches/modules-2/files-2.1/org.awaitility/awaitility/4.2.2/7336242073ebf83fe034e42b46a403c5501b63c9/awaitility-4.2.2.jar:/Users/vanonatobaidze/.gradle/caches/modules-2/files-2.1/org.hamcrest/hamcrest/2.2/1820c0968dba3a11a1b30669bb1f01978a91dedc/hamcrest-2.2.jar:/Users/vanonatobaidze/.gradle/caches/modules-2/files-2.1/org.junit.platform/junit-platform-launcher/1.11.4/3d83c201899d8c5e74e1a5d628eab900342a0e48/junit-platform-launcher-1.11.4.jar:/Users/vanonatobaidze/.gradle/caches/modules-2/files-2.1/org.mockito/mockito-junit-jupiter/5.14.2/3cfc377d4bb9fe729f3dd9098d9a9b27da58324a/mockito-junit-jupiter-5.14.2.jar:/Users/vanonatobaidze/.gradle/caches/modules-2/files-2.1/org.junit.jupiter/junit-jupiter-params/5.11.4/e4c86fbe2a39c60c6b87260ef7f7e7c1a1906481/junit-jupiter-params-5.11.4.jar:/Users/vanonatobaidze/.gradle/caches/modules-2/files-2.1/org.junit.jupiter/junit-jupiter-engine/5.11.4/dc10ec209623986a68ea07f67cdc7d2a65a60355/junit-jupiter-engine-5.11.4.jar:/Users/vanonatobaidze/.gradle/caches/modules-2/files-2.1/org.junit.jupiter/junit-jupiter-api/5.11.4/308315b28e667db4091b2ba1f7aa220d1ddadb97/junit-jupiter-api-5.11.4.jar:/Users/vanonatobaidze/.gradle/caches/modules-2/files-2.1/org.junit.platform/junit-platform-engine/1.11.4/21f61b123ad6ac8f7e73971bff3a096c8d8e1cd0/junit-platform-engine-1.11.4.jar:/Users/vanonatobaidze/.gradle/caches/modules-2/files-2.1/org.junit.platform/junit-platform-commons/1.11.4/8898eea3ed0da2641548d602c3e308804f166303/junit-platform-commons-1.11.4.jar:/Users/vanonatobaidze/.gradle/caches/modules-2/files-2.1/org.junit.jupiter/junit-jupiter/5.11.4/a699f024a4a4706b36bddbeb42d499aff9e09379/junit-jupiter-5.11.4.jar:/Users/vanonatobaidze/.gradle/caches/modules-2/files-2.1/org.mockito/mockito-core/5.14.2/f7bf936008d7664e2002c3faf0c02071c8d10e7c/mockito-core-5.14.2.jar:/Users/vanonatobaidze/.gradle/caches/modules-2/files-2.1/org.skyscreamer/jsonassert/1.5.3/aaa43e0823d2a0e106e8754d6a9c4ab24e05e9bc/jsonassert-1.5.3.jar:/Users/vanonatobaidze/.gradle/caches/modules-2/files-2.1/org.springframework/spring-test/6.2.3/92fbfd7a88dd007f4c669d8a317227d2757a4d2a/spring-test-6.2.3.jar:/Users/vanonatobaidze/.gradle/caches/modules-2/files-2.1/org.springframework.boot/spring-boot-autoconfigure/3.4.3/6172c599082196b340910d67c5c790c32f10e417/spring-boot-autoconfigure-3.4.3.jar:/Users/vanonatobaidze/.gradle/caches/modules-2/files-2.1/org.springframework.boot/spring-boot/3.4.3/a7138bcecd59ed27660b3894a7812d65db4951e6/spring-boot-3.4.3.jar:/Users/vanonatobaidze/.gradle/caches/modules-2/files-2.1/org.springframework/spring-context/6.2.3/35acadc000b8aaff77e3412dd9acb51aa70c8515/spring-context-6.2.3.jar:/Users/vanonatobaidze/.gradle/caches/modules-2/files-2.1/org.springframework/spring-aop/6.2.3/7983418fa64505d144b60826fb1352ad336c60a0/spring-aop-6.2.3.jar:/Users/vanonatobaidze/.gradle/caches/modules-2/files-2.1/org.springframework/spring-orm/6.2.3/b99b9917702591c2ef0cfa7a9bff6bf757015437/spring-orm-6.2.3.jar:/Users/vanonatobaidze/.gradle/caches/modules-2/files-2.1/org.springframework/spring-jdbc/6.2.3/37a5f7fd424fe555a556138c8ac4f8d6dd312c19/spring-jdbc-6.2.3.jar:/Users/vanonatobaidze/.gradle/caches/modules-2/files-2.1/org.springframework.data/spring-data-commons/3.4.3/2b61ff4aef4a81071ce7eaf1ec29ef9e553bf930/spring-data-commons-3.4.3.jar:/Users/vanonatobaidze/.gradle/caches/modules-2/files-2.1/org.springframework/spring-tx/6.2.3/29c8703a756f9a41bc8e14e2aae7890658c54abf/spring-tx-6.2.3.jar:/Users/vanonatobaidze/.gradle/caches/modules-2/files-2.1/org.springframework/spring-beans/6.2.3/de660324c90e9b015886d85c746860478fa7d99c/spring-beans-6.2.3.jar:/Users/vanonatobaidze/.gradle/caches/modules-2/files-2.1/org.springframework/spring-expression/6.2.3/bda43c7be1bb69cce2a380c2bbaf05062631d42d/spring-expression-6.2.3.jar:/Users/vanonatobaidze/.gradle/caches/modules-2/files-2.1/org.springframework/spring-core/6.2.3/13ec11e345b915d7ceea37446f1b1eefdcaad62c/spring-core-6.2.3.jar:/Users/vanonatobaidze/.gradle/caches/modules-2/files-2.1/org.xmlunit/xmlunit-core/2.10.0/1355088731b4ec2107ff7f319f0d7445d916bab/xmlunit-core-2.10.0.jar:/Users/vanonatobaidze/.gradle/caches/modules-2/files-2.1/org.springframework.boot/spring-boot-starter-logging/3.4.3/e5aee6af32c2dbcc9fb379bcd6c5e5b931db93f1/spring-boot-starter-logging-3.4.3.jar:/Users/vanonatobaidze/.gradle/caches/modules-2/files-2.1/jakarta.annotation/jakarta.annotation-api/2.1.1/48b9bda22b091b1f48b13af03fe36db3be6e1ae3/jakarta.annotation-api-2.1.1.jar:/Users/vanonatobaidze/.gradle/caches/modules-2/files-2.1/com.fasterxml.jackson.datatype/jackson-datatype-jdk8/2.18.2/9ed6d538ebcc66864e114a7040953dce6ab6ea53/jackson-datatype-jdk8-2.18.2.jar:/Users/vanonatobaidze/.gradle/caches/modules-2/files-2.1/com.fasterxml.jackson.datatype/jackson-datatype-jsr310/2.18.2/7b6ff96adf421f4c6edbd694e797dd8fe434510a/jackson-datatype-jsr310-2.18.2.jar:/Users/vanonatobaidze/.gradle/caches/modules-2/files-2.1/com.fasterxml.jackson.module/jackson-module-parameter-names/2.18.2/72960cb3277347a748911d100c3302d60e8a616a/jackson-module-parameter-names-2.18.2.jar:/Users/vanonatobaidze/.gradle/caches/modules-2/files-2.1/com.github.java-json-tools/json-schema-validator/2.2.14/10c42918adc1fd4454e83bb21365f30df497a076/json-schema-validator-2.2.14.jar:/Users/vanonatobaidze/.gradle/caches/modules-2/files-2.1/com.github.java-json-tools/json-schema-core/1.2.14/39d4efcf7e538684200fea15e08d47d0198c19fb/json-schema-core-1.2.14.jar:/Users/vanonatobaidze/.gradle/caches/modules-2/files-2.1/com.github.java-json-tools/jackson-coreutils-equivalence/1.0/8b928cf1f95dc5fe6b1648f5da93befab031da19/jackson-coreutils-equivalence-1.0.jar:/Users/vanonatobaidze/.gradle/caches/modules-2/files-2.1/com.github.java-json-tools/json-patch/1.13/c8b72249e50fe778e7df223e5b1fed1931a4a688/json-patch-1.13.jar:/Users/vanonatobaidze/.gradle/caches/modules-2/files-2.1/com.github.java-json-tools/jackson-coreutils/2.0/6374371261b91b829d10f21256b2feefdf8f0a78/jackson-coreutils-2.0.jar:/Users/vanonatobaidze/.gradle/caches/modules-2/files-2.1/com.fasterxml.jackson.core/jackson-databind/2.18.2/deef8697b92141fb6caf7aa86966cff4eec9b04f/jackson-databind-2.18.2.jar:/Users/vanonatobaidze/.gradle/caches/modules-2/files-2.1/io.swagger.parser.v3/swagger-parser-core/2.1.22/ae0a729007d0fbeda6d0a037f24b438287e304ea/swagger-parser-core-2.1.22.jar:/Users/vanonatobaidze/.gradle/caches/modules-2/files-2.1/io.swagger.core.v3/swagger-models/2.2.21/e28d4d66d25cbd44bc7b240632fdce632beba605/swagger-models-2.2.21.jar:/Users/vanonatobaidze/.gradle/caches/modules-2/files-2.1/io.swagger/swagger-models/1.6.14/21a6bd576f96f8c203d252a71a548a21b628924/swagger-models-1.6.14.jar:/Users/vanonatobaidze/.gradle/caches/modules-2/files-2.1/com.fasterxml.jackson.core/jackson-annotations/2.18.2/985d77751ebc7fce5db115a986bc9aa82f973f4a/jackson-annotations-2.18.2.jar:/Users/vanonatobaidze/.gradle/caches/modules-2/files-2.1/com.fasterxml.jackson.core/jackson-core/2.18.2/fb64ccac5c27dca8819418eb4e443a9f496d9ee7/jackson-core-2.18.2.jar:/Users/vanonatobaidze/.gradle/caches/modules-2/files-2.1/com.fasterxml.jackson.dataformat/jackson-dataformat-yaml/2.18.2/d000e13505d1cf564371516fa3d5b8769a779dc9/jackson-dataformat-yaml-2.18.2.jar:/Users/vanonatobaidze/.gradle/caches/modules-2/files-2.1/org.yaml/snakeyaml/2.3/936b36210e27320f920536f695cf1af210c44586/snakeyaml-2.3.jar:/Users/vanonatobaidze/.gradle/caches/modules-2/files-2.1/org.apache.tomcat.embed/tomcat-embed-websocket/10.1.36/222960bc8895aa543e405382094c7fb118544d0d/tomcat-embed-websocket-10.1.36.jar:/Users/vanonatobaidze/.gradle/caches/modules-2/files-2.1/org.apache.tomcat.embed/tomcat-embed-core/10.1.36/3ccaa558e32e317e35d6674d65d7d9aa182e082f/tomcat-embed-core-10.1.36.jar:/Users/vanonatobaidze/.gradle/caches/modules-2/files-2.1/org.apache.tomcat.embed/tomcat-embed-el/10.1.36/4e4235a18244af30bb32d9b5a9400fb8edb3bc20/tomcat-embed-el-10.1.36.jar:/Users/vanonatobaidze/.gradle/caches/modules-2/files-2.1/io.micrometer/micrometer-observation/1.14.4/c17efe9e6695a0a849a95d0e77422516a345e779/micrometer-observation-1.14.4.jar:/Users/vanonatobaidze/.gradle/caches/modules-2/files-2.1/com.zaxxer/HikariCP/5.1.0/8c96e36c14461fc436bb02b264b96ef3ca5dca8c/HikariCP-5.1.0.jar:/Users/vanonatobaidze/.gradle/caches/modules-2/files-2.1/jakarta.persistence/jakarta.persistence-api/3.1.0/66901fa1c373c6aff65c13791cc11da72060a8d6/jakarta.persistence-api-3.1.0.jar:/Users/vanonatobaidze/.gradle/caches/modules-2/files-2.1/jakarta.transaction/jakarta.transaction-api/2.0.1/51a520e3fae406abb84e2e1148e6746ce3f80a1a/jakarta.transaction-api-2.0.1.jar:/Users/vanonatobaidze/.gradle/caches/modules-2/files-2.1/org.jboss.logging/jboss-logging/3.6.1.Final/886afbb445b4016a37c8960a7aef6ebd769ce7e5/jboss-logging-3.6.1.Final.jar:/Users/vanonatobaidze/.gradle/caches/modules-2/files-2.1/org.hibernate.common/hibernate-commons-annotations/7.0.3.Final/e183c4be8bb41d12e9f19b374e00c34a0a85f439/hibernate-commons-annotations-7.0.3.Final.jar:/Users/vanonatobaidze/.gradle/caches/modules-2/files-2.1/io.smallrye/jandex/3.2.0/f17ad860f62a08487b9edabde608f8ac55c62fa7/jandex-3.2.0.jar:/Users/vanonatobaidze/.gradle/caches/modules-2/files-2.1/com.fasterxml/classmate/1.7.0/e98374da1f2143ac8e6e0a95036994bb19137a3/classmate-1.7.0.jar:/Users/vanonatobaidze/.gradle/caches/modules-2/files-2.1/net.bytebuddy/byte-buddy/1.15.11/f61886478e0f9ee4c21d09574736f0ff45e0a46c/byte-buddy-1.15.11.jar:/Users/vanonatobaidze/.gradle/caches/modules-2/files-2.1/jakarta.inject/jakarta.inject-api/2.0.1/4c28afe1991a941d7702fe1362c365f0a8641d1e/jakarta.inject-api-2.0.1.jar:/Users/vanonatobaidze/.gradle/caches/modules-2/files-2.1/org.antlr/antlr4-runtime/4.13.0/5a02e48521624faaf5ff4d99afc88b01686af655/antlr4-runtime-4.13.0.jar:/Users/vanonatobaidze/.gradle/caches/modules-2/files-2.1/ch.qos.logback/logback-classic/1.5.16/113979db51dfad6dc895b34460d7b7ff64ffe7d2/logback-classic-1.5.16.jar:/Users/vanonatobaidze/.gradle/caches/modules-2/files-2.1/org.apache.logging.log4j/log4j-to-slf4j/2.24.3/da1143e2a2531ee1c2d90baa98eb50a28a39d5a7/log4j-to-slf4j-2.24.3.jar:/Users/vanonatobaidze/.gradle/caches/modules-2/files-2.1/org.slf4j/jul-to-slf4j/2.0.16/6d57da3e961daac65bcca0dd3def6cd11e48a24a/jul-to-slf4j-2.0.16.jar:/Users/vanonatobaidze/.gradle/caches/modules-2/files-2.1/org.slf4j/slf4j-api/2.0.16/172931663a09a1fa515567af5fbef00897d3c04/slf4j-api-2.0.16.jar:/Users/vanonatobaidze/.gradle/caches/modules-2/files-2.1/org.aspectj/aspectjweaver/1.9.22.1/bca243d0af0db4758fbae45c5f4995cb5dabb612/aspectjweaver-1.9.22.1.jar:/Users/vanonatobaidze/.gradle/caches/modules-2/files-2.1/com.github.java-json-tools/uri-template/0.10/6e8cf7b04f5ed679c76f15e0b19918906d84dbc4/uri-template-0.10.jar:/Users/vanonatobaidze/.gradle/caches/modules-2/files-2.1/com.google.guava/guava/33.3.1-jre/852f8b363da0111e819460021ca693cacca3e8db/guava-33.3.1-jre.jar:/Users/vanonatobaidze/.gradle/caches/modules-2/files-2.1/com.github.java-json-tools/msg-simple/1.2/a06afa2d5d75c98e54ab370107930978fc3f9937/msg-simple-1.2.jar:/Users/vanonatobaidze/.gradle/caches/modules-2/files-2.1/com.github.java-json-tools/btf/1.3/6cf5405e214cbc83337a107cdef8401fb6aa6383/btf-1.3.jar:/Users/vanonatobaidze/.gradle/caches/modules-2/files-2.1/com.google.code.findbugs/jsr305/3.0.2/25ea2e8b0c338a877313bd4672d3fe056ea78f0d/jsr305-3.0.2.jar:/Users/vanonatobaidze/.gradle/caches/modules-2/files-2.1/io.rest-assured/xml-path/5.5.1/ddfffdf3b86b3b90c35376e0f7f4c0b777ac14b/xml-path-5.5.1.jar:/Users/vanonatobaidze/.gradle/caches/modules-2/files-2.1/io.rest-assured/json-path/5.5.1/244f2b4f0b33f0efe783803fa99154df40dd1550/json-path-5.5.1.jar:/Users/vanonatobaidze/.gradle/caches/modules-2/files-2.1/org.apache.groovy/groovy-json/4.0.25/81495fd416924a527e361bd36950e6c20be2fa8b/groovy-json-4.0.25.jar:/Users/vanonatobaidze/.gradle/caches/modules-2/files-2.1/org.apache.groovy/groovy-xml/4.0.25/fd783c8934323120142124e06f9e5d77b7fe33dd/groovy-xml-4.0.25.jar:/Users/vanonatobaidze/.gradle/caches/modules-2/files-2.1/io.rest-assured/rest-assured-common/5.5.1/5ad2f3a7ea7903d6ff03bcfbf8cac27bcaf266ea/rest-assured-common-5.5.1.jar:/Users/vanonatobaidze/.gradle/caches/modules-2/files-2.1/org.apache.groovy/groovy/4.0.25/38a83bfe397abe661b25cb4a902e0132bb220191/groovy-4.0.25.jar:/Users/vanonatobaidze/.gradle/caches/modules-2/files-2.1/org.apache.httpcomponents/httpmime/4.5.13/efc110bad4a0d45cda7858e6beee1d8a8313da5a/httpmime-4.5.13.jar:/Users/vanonatobaidze/.gradle/caches/modules-2/files-2.1/org.apache.httpcomponents/httpclient/4.5.14/1194890e6f56ec29177673f2f12d0b8e627dec98/httpclient-4.5.14.jar:/Users/vanonatobaidze/.gradle/caches/modules-2/files-2.1/org.ccil.cowan.tagsoup/tagsoup/1.2.1/5584627487e984c03456266d3f8802eb85a9ce97/tagsoup-1.2.1.jar:/Users/vanonatobaidze/.gradle/caches/modules-2/files-2.1/org.eclipse.angus/angus-activation/2.0.2/41f1e0ddd157c856926ed149ab837d110955a9fc/angus-activation-2.0.2.jar:/Users/vanonatobaidze/.gradle/caches/modules-2/files-2.1/jakarta.activation/jakarta.activation-api/2.1.3/fa165bd70cda600368eee31555222776a46b881f/jakarta.activation-api-2.1.3.jar:/Users/vanonatobaidze/.gradle/caches/modules-2/files-2.1/net.minidev/accessors-smart/2.5.2/ce16fd235cfee48e67eda33e684423bba09f7d07/accessors-smart-2.5.2.jar:/Users/vanonatobaidze/.gradle/caches/modules-2/files-2.1/net.bytebuddy/byte-buddy-agent/1.15.11/a38b16385e867f59a641330f0362ebe742788ed8/byte-buddy-agent-1.15.11.jar:/Users/vanonatobaidze/.gradle/caches/modules-2/files-2.1/org.objenesis/objenesis/3.3/1049c09f1de4331e8193e579448d0916d75b7631/objenesis-3.3.jar:/Users/vanonatobaidze/.gradle/caches/modules-2/files-2.1/com.vaadin.external.google/android-json/0.0.20131108.vaadin1/fa26d351fe62a6a17f5cda1287c1c6110dec413f/android-json-0.0.20131108.vaadin1.jar:/Users/vanonatobaidze/.gradle/caches/modules-2/files-2.1/org.springframework/spring-jcl/6.2.3/ce8bf55aa240fdeab07b3da1f462c79112a33aff/spring-jcl-6.2.3.jar:/Users/vanonatobaidze/.gradle/caches/modules-2/files-2.1/io.micrometer/micrometer-commons/1.14.4/3664f95586514d8f9adc81a5f7a5ef9f66b65599/micrometer-commons-1.14.4.jar:/Users/vanonatobaidze/.gradle/caches/modules-2/files-2.1/io.swagger.parser.v3/swagger-parser-safe-url-resolver/2.1.22/572c9d6c9d320f1b0e8ce068f849f619f92e71ac/swagger-parser-safe-url-resolver-2.1.22.jar:/Users/vanonatobaidze/.gradle/caches/modules-2/files-2.1/io.swagger/swagger-parser-safe-url-resolver/1.0.70/a72b6548d83b890de3c5810036c6510c56fb09ae/swagger-parser-safe-url-resolver-1.0.70.jar:/Users/vanonatobaidze/.gradle/caches/modules-2/files-2.1/commons-io/commons-io/2.15.1/f11560da189ab563a5c8e351941415430e9304ea/commons-io-2.15.1.jar:/Users/vanonatobaidze/.gradle/caches/modules-2/files-2.1/com.sun.mail/mailapi/1.6.2/208b6439dfbe6713c384ebf54ecd62cd4423cc50/mailapi-1.6.2.jar:/Users/vanonatobaidze/.gradle/caches/modules-2/files-2.1/joda-time/joda-time/2.10.5/7f1d89817cd20a32444d5ab4160f035ab9b864e7/joda-time-2.10.5.jar:/Users/vanonatobaidze/.gradle/caches/modules-2/files-2.1/com.googlecode.libphonenumber/libphonenumber/8.11.1/6bb6115fd5a0bf00964afec358496faea66b7db5/libphonenumber-8.11.1.jar:/Users/vanonatobaidze/.gradle/caches/modules-2/files-2.1/net.sf.jopt-simple/jopt-simple/5.0.4/4fdac2fbe92dfad86aa6e9301736f6b4342a3f5c/jopt-simple-5.0.4.jar:/Users/vanonatobaidze/.gradle/caches/modules-2/files-2.1/com.google.guava/failureaccess/1.0.2/c4a06a64e650562f30b7bf9aaec1bfed43aca12b/failureaccess-1.0.2.jar:/Users/vanonatobaidze/.gradle/caches/modules-2/files-2.1/com.google.guava/listenablefuture/9999.0-empty-to-avoid-conflict-with-guava/b421526c5f297295adef1c886e5246c39d4ac629/listenablefuture-9999.0-empty-to-avoid-conflict-with-guava.jar:/Users/vanonatobaidze/.gradle/caches/modules-2/files-2.1/org.checkerframework/checker-qual/3.43.0/9425eee39e56b116d2b998b7c2cebcbd11a3c98b/checker-qual-3.43.0.jar:/Users/vanonatobaidze/.gradle/caches/modules-2/files-2.1/com.google.errorprone/error_prone_annotations/2.28.0/59fc00087ce372de42e394d2c789295dff2d19f0/error_prone_annotations-2.28.0.jar:/Users/vanonatobaidze/.gradle/caches/modules-2/files-2.1/com.google.j2objc/j2objc-annotations/3.0.0/7399e65dd7e9ff3404f4535b2f017093bdb134c7/j2objc-annotations-3.0.0.jar:/Users/vanonatobaidze/.gradle/caches/modules-2/files-2.1/org.apache.httpcomponents/httpcore/4.4.16/51cf043c87253c9f58b539c9f7e44c8894223850/httpcore-4.4.16.jar:/Users/vanonatobaidze/.gradle/caches/modules-2/files-2.1/commons-logging/commons-logging/1.2/4bfc12adfe4842bf07b657f0369c4cb522955686/commons-logging-1.2.jar:/Users/vanonatobaidze/.gradle/caches/modules-2/files-2.1/commons-codec/commons-codec/1.17.2/cd6bb9d856db5f61871a94d5801efd0b93b7fcb2/commons-codec-1.17.2.jar:/Users/vanonatobaidze/.gradle/caches/modules-2/files-2.1/org.apache.commons/commons-lang3/3.17.0/b17d2136f0460dcc0d2016ceefca8723bdf4ee70/commons-lang3-3.17.0.jar:/Users/vanonatobaidze/.gradle/caches/modules-2/files-2.1/org.ow2.asm/asm/9.7.1/f0ed132a49244b042cd0e15702ab9f2ce3cc8436/asm-9.7.1.jar:/Users/vanonatobaidze/.gradle/caches/modules-2/files-2.1/org.opentest4j/opentest4j/1.3.0/152ea56b3a72f655d4fd677fc0ef2596c3dd5e6e/opentest4j-1.3.0.jar:/Users/vanonatobaidze/.gradle/caches/modules-2/files-2.1/ch.qos.logback/logback-core/1.5.16/4f17700f046900aea2fadf115e2d67fec921f7fd/logback-core-1.5.16.jar:/Users/vanonatobaidze/.gradle/caches/modules-2/files-2.1/org.apache.logging.log4j/log4j-api/2.24.3/b02c125db8b6d295adf72ae6e71af5d83bce2370/log4j-api-2.24.3.jar:/Users/vanonatobaidze/.gradle/caches/modules-2/files-2.1/org.glassfish.jaxb/txw2/4.0.5/f36a4ef12120a9bb06d766d6a0e54b144fd7ed98/txw2-4.0.5.jar:/Users/vanonatobaidze/.gradle/caches/modules-2/files-2.1/com.sun.istack/istack-commons-runtime/4.1.2/18ec117c85f3ba0ac65409136afa8e42bc74e739/istack-commons-runtime-4.1.2.jar:/Users/vanonatobaidze/.gradle/caches/modules-2/files-2.1/org.mozilla/rhino/1.7.7.2/a7c4a9ba8b6922374580d71060ef71eafa994256/rhino-1.7.7.2.jar:/Users/vanonatobaidze/.gradle/caches/modules-2/files-2.1/io.swagger.core.v3/swagger-annotations/2.2.21/dc1176eb864ffab970ad193e7a11ed42b4337d33/swagger-annotations-2.2.21.jar:/Users/vanonatobaidze/.gradle/caches/modules-2/files-2.1/jakarta.validation/jakarta.validation-api/3.0.2/92b6631659ba35ca09e44874d3eb936edfeee532/jakarta.validation-api-3.0.2.jar:/Users/vanonatobaidze/.gradle/caches/modules-2/files-2.1/io.swagger/swagger-annotations/1.6.14/2f78befb7777f158bd9e2218fd70c78dec1a2a61/swagger-annotations-1.6.14.jar, java.vm.vendor=Homebrew, sun.arch.data.model=64, user.variant=, catalina.useNaming=false, java.vendor.url=https://github.com/Homebrew/homebrew-core/issues, user.timezone=Europe/Athens, jakarta.persistence.sharedCache.mode=UNSPECIFIED, org.jboss.logging.provider=slf4j, os.name=Mac OS X, java.vm.specification.version=23, jakarta.persistence.nonJtaDataSource=HikariDataSource (HikariPool-1), user.country=US, sun.java.launcher=SUN_STANDARD, sun.boot.library.path=/opt/homebrew/Cellar/openjdk/23.0.2/libexec/openjdk.jdk/Contents/Home/lib, sun.java.command=worker.org.gradle.process.internal.worker.GradleWorkerMain 'Gradle Test Executor 4', javax.persistence.nonJtaDataSource=HikariDataSource (HikariPool-1), hibernate.transaction.jta.platform=org.hibernate.engine.transaction.jta.platform.internal.NoJtaPlatform@4e22dadb, http.nonProxyHosts=local|*.local|169.254/16|*.169.254/16, jdk.debug=release, sun.cpu.endian=little, hibernate.cdi.extensions=true, user.home=/Users/vanonatobaidze, user.language=en, java.specification.vendor=Oracle Corporation, java.version.date=2025-01-21, java.home=/opt/homebrew/Cellar/openjdk/23.0.2/libexec/openjdk.jdk/Contents/Home, file.separator=/, java.vm.compressedOopsMode=Zero based, line.separator=
, hibernate.persistenceUnitName=default, java.vm.specification.vendor=Oracle Corporation, java.specification.name=Java Platform API Specification, FILE_LOG_CHARSET=UTF-8, hibernate.transaction.coordinator_class=class org.hibernate.resource.transaction.backend.jdbc.internal.JdbcResourceLocalTransactionCoordinatorBuilderImpl, java.awt.headless=true, apple.awt.application.name=GradleWorkerMain, jakarta.persistence.validation.mode=AUTO, hibernate.hbm2ddl.auto=create-drop, sun.management.compiler=HotSpot 64-Bit Tiered Compilers, ftp.nonProxyHosts=local|*.local|169.254/16|*.169.254/16, java.runtime.version=23.0.2, user.name=vanonatobaidze, stdout.encoding=UTF-8, path.separator=:, os.version=15.3.2, java.runtime.name=OpenJDK Runtime Environment, file.encoding=UTF-8, java.vm.name=OpenJDK 64-Bit Server VM, java.vendor.version=Homebrew, java.vendor.url.bug=https://github.com/Homebrew/homebrew-core/issues, java.io.tmpdir=/var/folders/5_/m1mm8q990mx3z0tdjm_99lrm0000gn/T/, com.zaxxer.hikari.pool_number=1, catalina.home=/private/var/folders/5_/m1mm8q990mx3z0tdjm_99lrm0000gn/T/tomcat.8080.195634700220904922, java.version=23.0.2, hibernate.physical_naming_strategy=org.hibernate.boot.model.naming.CamelCaseToUnderscoresNamingStrategy, user.dir=/Users/vanonatobaidze/projects/pactflow/pactflow-provider, os.arch=aarch64, java.vm.specification.name=Java Virtual Machine Specification, PID=63042, org.gradle.internal.worker.tmpdir=/Users/vanonatobaidze/projects/pactflow/pactflow-provider/build/tmp/test/work, CONSOLE_LOG_CHARSET=UTF-8, catalina.base=/private/var/folders/5_/m1mm8q990mx3z0tdjm_99lrm0000gn/T/tomcat.8080.195634700220904922, hibernate.boot.CfgXmlAccessService.key=org.hibernate.boot.registry.StandardServiceRegistryBuilder$1@5aa2758a, native.encoding=UTF-8, java.library.path=/Users/vanonatobaidze/Library/Java/Extensions:/Library/Java/Extensions:/Network/Library/Java/Extensions:/System/Library/Java/Extensions:/usr/lib/java:., stderr.encoding=UTF-8, java.vendor=Homebrew, java.vm.info=mixed mode, sharing, java.vm.version=23.0.2, sun.io.unicode.encoding=UnicodeBig, hibernate.archive.scanner=org.hibernate.boot.archive.scan.internal.DisabledScanner, hibernate.connection.datasource=HikariDataSource (HikariPool-1), socksNonProxyHosts=local|*.local|169.254/16|*.169.254/16, java.class.version=67.0}
2025-04-06T12:38:07.252+03:00 DEBUG 63042 --- [    Test worker] o.hibernate.internal.SessionFactoryImpl  : Session factory constructed with filter configurations : {}
2025-04-06T12:38:07.253+03:00 DEBUG 63042 --- [    Test worker] o.h.b.beanvalidation.TypeSafeActivator   : Unable to acquire Bean Validation ValidatorFactory, skipping activation
2025-04-06T12:38:07.265+03:00 DEBUG 63042 --- [    Test worker] o.h.q.sqm.function.SqmFunctionRegistry   : Registered SqmFunctionTemplate [NamedSqmFunctionTemplate(max)] under max; prior registration was null
2025-04-06T12:38:07.265+03:00 DEBUG 63042 --- [    Test worker] o.h.q.sqm.function.SqmFunctionRegistry   : Registered SqmFunctionTemplate [NamedSqmFunctionTemplate(min)] under min; prior registration was null
2025-04-06T12:38:07.265+03:00 DEBUG 63042 --- [    Test worker] o.h.q.sqm.function.SqmFunctionRegistry   : Registered SqmFunctionTemplate [NamedSqmFunctionTemplate(sum)] under sum; prior registration was null
2025-04-06T12:38:07.265+03:00 DEBUG 63042 --- [    Test worker] o.h.q.sqm.function.SqmFunctionRegistry   : Registered SqmFunctionTemplate [NamedSqmFunctionTemplate(avg)] under avg; prior registration was null
2025-04-06T12:38:07.265+03:00 DEBUG 63042 --- [    Test worker] o.h.q.sqm.function.SqmFunctionRegistry   : Registered SqmFunctionTemplate [org.hibernate.dialect.function.CountFunction@648bfebe] under count; prior registration was null
2025-04-06T12:38:07.266+03:00 DEBUG 63042 --- [    Test worker] o.h.q.sqm.function.SqmFunctionRegistry   : Registered SqmFunctionTemplate [org.hibernate.dialect.function.EveryAnyEmulation@31c29db1] under every; prior registration was null
2025-04-06T12:38:07.266+03:00 DEBUG 63042 --- [    Test worker] o.h.q.sqm.function.SqmFunctionRegistry   : Registered SqmFunctionTemplate [org.hibernate.dialect.function.EveryAnyEmulation@751526a7] under any; prior registration was null
2025-04-06T12:38:07.266+03:00 DEBUG 63042 --- [    Test worker] o.h.q.sqm.function.SqmFunctionRegistry   : Registered SqmFunctionTemplate [NamedSqmFunctionTemplate(floor)] under floor; prior registration was null
2025-04-06T12:38:07.266+03:00 DEBUG 63042 --- [    Test worker] o.h.q.sqm.function.SqmFunctionRegistry   : Registered SqmFunctionTemplate [NamedSqmFunctionTemplate(ceiling)] under ceiling; prior registration was null
2025-04-06T12:38:07.266+03:00 DEBUG 63042 --- [    Test worker] o.h.q.sqm.function.SqmFunctionRegistry   : Registered SqmFunctionTemplate [NamedSqmFunctionTemplate(mod)] under mod; prior registration was null
2025-04-06T12:38:07.266+03:00 DEBUG 63042 --- [    Test worker] o.h.q.sqm.function.SqmFunctionRegistry   : Registered SqmFunctionTemplate [NamedSqmFunctionTemplate(abs)] under abs; prior registration was null
2025-04-06T12:38:07.266+03:00 DEBUG 63042 --- [    Test worker] o.h.q.sqm.function.SqmFunctionRegistry   : Registered SqmFunctionTemplate [NamedSqmFunctionTemplate(sign)] under sign; prior registration was null
2025-04-06T12:38:07.266+03:00 DEBUG 63042 --- [    Test worker] o.h.q.sqm.function.SqmFunctionRegistry   : Registered SqmFunctionTemplate [NamedSqmFunctionTemplate(sqrt)] under sqrt; prior registration was null
2025-04-06T12:38:07.266+03:00 DEBUG 63042 --- [    Test worker] o.h.q.sqm.function.SqmFunctionRegistry   : Registered SqmFunctionTemplate [NamedSqmFunctionTemplate(ln)] under ln; prior registration was null
2025-04-06T12:38:07.266+03:00 DEBUG 63042 --- [    Test worker] o.h.q.sqm.function.SqmFunctionRegistry   : Registered SqmFunctionTemplate [NamedSqmFunctionTemplate(exp)] under exp; prior registration was null
2025-04-06T12:38:07.266+03:00 DEBUG 63042 --- [    Test worker] o.h.q.sqm.function.SqmFunctionRegistry   : Registered SqmFunctionTemplate [NamedSqmFunctionTemplate(power)] under power; prior registration was null
2025-04-06T12:38:07.266+03:00 DEBUG 63042 --- [    Test worker] o.h.q.sqm.function.SqmFunctionRegistry   : Registered SqmFunctionTemplate [NamedSqmFunctionTemplate(round)] under round; prior registration was null
2025-04-06T12:38:07.266+03:00 DEBUG 63042 --- [    Test worker] o.h.q.sqm.function.SqmFunctionRegistry   : Registered SqmFunctionTemplate [NamedSqmFunctionTemplate(sin)] under sin; prior registration was null
2025-04-06T12:38:07.266+03:00 DEBUG 63042 --- [    Test worker] o.h.q.sqm.function.SqmFunctionRegistry   : Registered SqmFunctionTemplate [NamedSqmFunctionTemplate(cos)] under cos; prior registration was null
2025-04-06T12:38:07.266+03:00 DEBUG 63042 --- [    Test worker] o.h.q.sqm.function.SqmFunctionRegistry   : Registered SqmFunctionTemplate [NamedSqmFunctionTemplate(tan)] under tan; prior registration was null
2025-04-06T12:38:07.266+03:00 DEBUG 63042 --- [    Test worker] o.h.q.sqm.function.SqmFunctionRegistry   : Registered SqmFunctionTemplate [NamedSqmFunctionTemplate(asin)] under asin; prior registration was null
2025-04-06T12:38:07.266+03:00 DEBUG 63042 --- [    Test worker] o.h.q.sqm.function.SqmFunctionRegistry   : Registered SqmFunctionTemplate [NamedSqmFunctionTemplate(acos)] under acos; prior registration was null
2025-04-06T12:38:07.266+03:00 DEBUG 63042 --- [    Test worker] o.h.q.sqm.function.SqmFunctionRegistry   : Registered SqmFunctionTemplate [NamedSqmFunctionTemplate(atan)] under atan; prior registration was null
2025-04-06T12:38:07.266+03:00 DEBUG 63042 --- [    Test worker] o.h.q.sqm.function.SqmFunctionRegistry   : Registered SqmFunctionTemplate [NamedSqmFunctionTemplate(atan2)] under atan2; prior registration was null
2025-04-06T12:38:07.267+03:00 DEBUG 63042 --- [    Test worker] o.h.q.sqm.function.SqmFunctionRegistry   : Registered SqmFunctionTemplate [org.hibernate.query.sqm.function.PatternBasedSqmFunctionDescriptor@694dc99b] under sinh; prior registration was null
2025-04-06T12:38:07.267+03:00 DEBUG 63042 --- [    Test worker] o.h.q.sqm.function.SqmFunctionRegistry   : Registered SqmFunctionTemplate [org.hibernate.query.sqm.function.PatternBasedSqmFunctionDescriptor@6d71f296] under cosh; prior registration was null
2025-04-06T12:38:07.267+03:00 DEBUG 63042 --- [    Test worker] o.h.q.sqm.function.SqmFunctionRegistry   : Registered SqmFunctionTemplate [org.hibernate.query.sqm.function.PatternBasedSqmFunctionDescriptor@4a15d5f5] under tanh; prior registration was null
2025-04-06T12:38:07.267+03:00 DEBUG 63042 --- [    Test worker] o.h.q.sqm.function.SqmFunctionRegistry   : Registered SqmFunctionTemplate [org.hibernate.query.sqm.function.PatternBasedSqmFunctionDescriptor@5319efc0] under pi; prior registration was null
2025-04-06T12:38:07.267+03:00 DEBUG 63042 --- [    Test worker] o.h.q.sqm.function.SqmFunctionRegistry   : Registered SqmFunctionTemplate [org.hibernate.query.sqm.function.PatternBasedSqmFunctionDescriptor@549fe529] under log; prior registration was null
2025-04-06T12:38:07.267+03:00 DEBUG 63042 --- [    Test worker] o.h.q.sqm.function.SqmFunctionRegistry   : Registered SqmFunctionTemplate [NamedSqmFunctionTemplate(coalesce)] under coalesce; prior registration was null
2025-04-06T12:38:07.267+03:00 DEBUG 63042 --- [    Test worker] o.h.q.sqm.function.SqmFunctionRegistry   : Registered SqmFunctionTemplate [NamedSqmFunctionTemplate(nullif)] under nullif; prior registration was null
2025-04-06T12:38:07.267+03:00 DEBUG 63042 --- [    Test worker] o.h.q.sqm.function.SqmFunctionRegistry   : Registered SqmFunctionTemplate [NamedSqmFunctionTemplate(left)] under left; prior registration was null
2025-04-06T12:38:07.267+03:00 DEBUG 63042 --- [    Test worker] o.h.q.sqm.function.SqmFunctionRegistry   : Registered SqmFunctionTemplate [NamedSqmFunctionTemplate(right)] under right; prior registration was null
2025-04-06T12:38:07.267+03:00 DEBUG 63042 --- [    Test worker] o.h.q.sqm.function.SqmFunctionRegistry   : Registered SqmFunctionTemplate [NamedSqmFunctionTemplate(replace)] under replace; prior registration was null
2025-04-06T12:38:07.267+03:00 DEBUG 63042 --- [    Test worker] o.h.q.sqm.function.SqmFunctionRegistry   : Registered SqmFunctionTemplate [NamedSqmFunctionTemplate(concat)] under concat; prior registration was null
2025-04-06T12:38:07.267+03:00 DEBUG 63042 --- [    Test worker] o.h.q.sqm.function.SqmFunctionRegistry   : Registered SqmFunctionTemplate [NamedSqmFunctionTemplate(lower)] under lower; prior registration was null
2025-04-06T12:38:07.267+03:00 DEBUG 63042 --- [    Test worker] o.h.q.sqm.function.SqmFunctionRegistry   : Registered SqmFunctionTemplate [NamedSqmFunctionTemplate(upper)] under upper; prior registration was null
2025-04-06T12:38:07.267+03:00 DEBUG 63042 --- [    Test worker] o.h.q.sqm.function.SqmFunctionRegistry   : Registered SqmFunctionTemplate [NamedSqmFunctionTemplate(substring)] under substring; prior registration was null
2025-04-06T12:38:07.267+03:00 DEBUG 63042 --- [    Test worker] o.h.q.sqm.function.SqmFunctionRegistry   : Registered SqmFunctionTemplate [NamedSqmFunctionTemplate(locate)] under locate; prior registration was null
2025-04-06T12:38:07.267+03:00 DEBUG 63042 --- [    Test worker] o.h.q.sqm.function.SqmFunctionRegistry   : Registered SqmFunctionTemplate [NamedSqmFunctionTemplate(character_length)] under character_length; prior registration was null
2025-04-06T12:38:07.267+03:00 DEBUG 63042 --- [    Test worker] o.h.q.sqm.function.SqmFunctionRegistry   : Registering alternate key : length -> character_length
2025-04-06T12:38:07.267+03:00 DEBUG 63042 --- [    Test worker] o.h.q.sqm.function.SqmFunctionRegistry   : Registered SqmFunctionTemplate [org.hibernate.dialect.function.LocatePositionEmulation@1b89debc] under position; prior registration was null
2025-04-06T12:38:07.268+03:00 DEBUG 63042 --- [    Test worker] o.h.q.sqm.function.SqmFunctionRegistry   : Registered SqmFunctionTemplate [org.hibernate.dialect.function.InsertSubstringOverlayEmulation@597eb9ac] under overlay; prior registration was null
2025-04-06T12:38:07.268+03:00 DEBUG 63042 --- [    Test worker] o.h.q.sqm.function.SqmFunctionRegistry   : Registered SqmFunctionTemplate [org.hibernate.dialect.function.TrimFunction@2bd8c8f1] under trim; prior registration was null
2025-04-06T12:38:07.268+03:00 DEBUG 63042 --- [    Test worker] o.h.q.sqm.function.SqmFunctionRegistry   : Registered SqmFunctionTemplate [org.hibernate.dialect.function.CastFunction@51e14cb6] under cast; prior registration was null
2025-04-06T12:38:07.268+03:00 DEBUG 63042 --- [    Test worker] o.h.q.sqm.function.SqmFunctionRegistry   : Registered SqmFunctionTemplate [org.hibernate.query.sqm.function.PatternBasedSqmFunctionDescriptor@715523b8] under collate; prior registration was null
2025-04-06T12:38:07.268+03:00 DEBUG 63042 --- [    Test worker] o.h.q.sqm.function.SqmFunctionRegistry   : Registered SqmFunctionTemplate [org.hibernate.dialect.function.ExtractFunction@190cc39e] under extract; prior registration was null
2025-04-06T12:38:07.268+03:00 DEBUG 63042 --- [    Test worker] o.h.q.sqm.function.SqmFunctionRegistry   : Registered SqmFunctionTemplate [NamedSqmFunctionTemplate(least)] under least; prior registration was null
2025-04-06T12:38:07.268+03:00 DEBUG 63042 --- [    Test worker] o.h.q.sqm.function.SqmFunctionRegistry   : Registered SqmFunctionTemplate [NamedSqmFunctionTemplate(greatest)] under greatest; prior registration was null
2025-04-06T12:38:07.268+03:00 DEBUG 63042 --- [    Test worker] o.h.q.sqm.function.SqmFunctionRegistry   : Registered SqmFunctionTemplate [org.hibernate.dialect.function.CoalesceIfnullEmulation@15e748b5] under ifnull; prior registration was null
2025-04-06T12:38:07.268+03:00 DEBUG 63042 --- [    Test worker] o.h.q.sqm.function.SqmFunctionRegistry   : Registered SqmFunctionTemplate [NamedSqmFunctionTemplate(lpad)] under lpad; prior registration was null
2025-04-06T12:38:07.268+03:00 DEBUG 63042 --- [    Test worker] o.h.q.sqm.function.SqmFunctionRegistry   : Registered SqmFunctionTemplate [NamedSqmFunctionTemplate(rpad)] under rpad; prior registration was null
2025-04-06T12:38:07.269+03:00 DEBUG 63042 --- [    Test worker] o.h.q.sqm.function.SqmFunctionRegistry   : Registered SqmFunctionTemplate [org.hibernate.dialect.function.LpadRpadPadEmulation@64641998] under pad; prior registration was null
2025-04-06T12:38:07.269+03:00 DEBUG 63042 --- [    Test worker] o.h.q.sqm.function.SqmFunctionRegistry   : Registered SqmFunctionTemplate [org.hibernate.dialect.function.CastStrEmulation@5b8ba1d2] under str; prior registration was null
2025-04-06T12:38:07.269+03:00 DEBUG 63042 --- [    Test worker] o.h.q.sqm.function.SqmFunctionRegistry   : Registered SqmFunctionTemplate [org.hibernate.dialect.function.FormatFunction@6eaf6ced] under format; prior registration was null
2025-04-06T12:38:07.269+03:00 DEBUG 63042 --- [    Test worker] o.h.q.sqm.function.SqmFunctionRegistry   : Registered SqmFunctionTemplate [org.hibernate.dialect.function.TimestampaddFunction@3f7d73e3] under timestampadd; prior registration was null
2025-04-06T12:38:07.270+03:00 DEBUG 63042 --- [    Test worker] o.h.q.sqm.function.SqmFunctionRegistry   : Registered SqmFunctionTemplate [org.hibernate.dialect.function.TimestampdiffFunction@67201002] under timestampdiff; prior registration was null
2025-04-06T12:38:07.270+03:00 DEBUG 63042 --- [    Test worker] o.h.q.sqm.function.SqmFunctionRegistry   : Registering alternate key : dateadd -> timestampadd
2025-04-06T12:38:07.270+03:00 DEBUG 63042 --- [    Test worker] o.h.q.sqm.function.SqmFunctionRegistry   : Registering alternate key : datediff -> timestampdiff
2025-04-06T12:38:07.270+03:00 DEBUG 63042 --- [    Test worker] o.h.q.sqm.function.SqmFunctionRegistry   : Registered SqmFunctionTemplate [org.hibernate.dialect.function.CurrentFunction@34f2d3a6] under current_date; prior registration was null
2025-04-06T12:38:07.270+03:00 DEBUG 63042 --- [    Test worker] o.h.q.sqm.function.SqmFunctionRegistry   : Registered SqmFunctionTemplate [org.hibernate.dialect.function.CurrentFunction@3da701a1] under current_time; prior registration was null
2025-04-06T12:38:07.270+03:00 DEBUG 63042 --- [    Test worker] o.h.q.sqm.function.SqmFunctionRegistry   : Registered SqmFunctionTemplate [org.hibernate.dialect.function.CurrentFunction@6f51d1cc] under current_timestamp; prior registration was null
2025-04-06T12:38:07.270+03:00 DEBUG 63042 --- [    Test worker] o.h.q.sqm.function.SqmFunctionRegistry   : Registering alternate key : current date -> current_date
2025-04-06T12:38:07.270+03:00 DEBUG 63042 --- [    Test worker] o.h.q.sqm.function.SqmFunctionRegistry   : Registering alternate key : current time -> current_time
2025-04-06T12:38:07.270+03:00 DEBUG 63042 --- [    Test worker] o.h.q.sqm.function.SqmFunctionRegistry   : Registering alternate key : current timestamp -> current_timestamp
2025-04-06T12:38:07.270+03:00 DEBUG 63042 --- [    Test worker] o.h.q.sqm.function.SqmFunctionRegistry   : Registered SqmFunctionTemplate [org.hibernate.dialect.function.CurrentFunction@17d25e1d] under local_date; prior registration was null
2025-04-06T12:38:07.270+03:00 DEBUG 63042 --- [    Test worker] o.h.q.sqm.function.SqmFunctionRegistry   : Registered SqmFunctionTemplate [org.hibernate.dialect.function.CurrentFunction@359fd0a2] under local_time; prior registration was null
2025-04-06T12:38:07.270+03:00 DEBUG 63042 --- [    Test worker] o.h.q.sqm.function.SqmFunctionRegistry   : Registered SqmFunctionTemplate [org.hibernate.dialect.function.CurrentFunction@30b075b9] under local_datetime; prior registration was null
2025-04-06T12:38:07.270+03:00 DEBUG 63042 --- [    Test worker] o.h.q.sqm.function.SqmFunctionRegistry   : Registered SqmFunctionTemplate [org.hibernate.dialect.function.CurrentFunction@510e0dd2] under offset_datetime; prior registration was null
2025-04-06T12:38:07.270+03:00 DEBUG 63042 --- [    Test worker] o.h.q.sqm.function.SqmFunctionRegistry   : Registering alternate key : local date -> local_date
2025-04-06T12:38:07.270+03:00 DEBUG 63042 --- [    Test worker] o.h.q.sqm.function.SqmFunctionRegistry   : Registering alternate key : local time -> local_time
2025-04-06T12:38:07.270+03:00 DEBUG 63042 --- [    Test worker] o.h.q.sqm.function.SqmFunctionRegistry   : Registering alternate key : local datetime -> local_datetime
2025-04-06T12:38:07.270+03:00 DEBUG 63042 --- [    Test worker] o.h.q.sqm.function.SqmFunctionRegistry   : Registering alternate key : offset datetime -> offset_datetime
2025-04-06T12:38:07.270+03:00 DEBUG 63042 --- [    Test worker] o.h.q.sqm.function.SqmFunctionRegistry   : Registered SqmFunctionTemplate [org.hibernate.dialect.function.CurrentFunction@54a98358] under instant; prior registration was null
2025-04-06T12:38:07.270+03:00 DEBUG 63042 --- [    Test worker] o.h.q.sqm.function.SqmFunctionRegistry   : Registering alternate key : current_instant -> instant
2025-04-06T12:38:07.270+03:00 DEBUG 63042 --- [    Test worker] o.h.q.sqm.function.SqmFunctionRegistry   : Registered SqmFunctionTemplate [org.hibernate.dialect.function.SqlFunction@153cf928] under sql; prior registration was null
2025-04-06T12:38:07.270+03:00 DEBUG 63042 --- [    Test worker] o.h.q.sqm.function.SqmFunctionRegistry   : Registered SqmFunctionTemplate [NamedSqmFunctionTemplate(max)] under max; prior registration was NamedSqmFunctionTemplate(max)
2025-04-06T12:38:07.270+03:00 DEBUG 63042 --- [    Test worker] o.h.q.sqm.function.SqmFunctionRegistry   : Registered SqmFunctionTemplate [NamedSqmFunctionTemplate(min)] under min; prior registration was NamedSqmFunctionTemplate(min)
2025-04-06T12:38:07.270+03:00 DEBUG 63042 --- [    Test worker] o.h.q.sqm.function.SqmFunctionRegistry   : Registered SqmFunctionTemplate [NamedSqmFunctionTemplate(sum)] under sum; prior registration was NamedSqmFunctionTemplate(sum)
2025-04-06T12:38:07.270+03:00 DEBUG 63042 --- [    Test worker] o.h.q.sqm.function.SqmFunctionRegistry   : Registered SqmFunctionTemplate [NamedSqmFunctionTemplate(avg)] under avg; prior registration was NamedSqmFunctionTemplate(avg)
2025-04-06T12:38:07.270+03:00 DEBUG 63042 --- [    Test worker] o.h.q.sqm.function.SqmFunctionRegistry   : Registered SqmFunctionTemplate [org.hibernate.dialect.function.CountFunction@4884350b] under count; prior registration was org.hibernate.dialect.function.CountFunction@648bfebe
2025-04-06T12:38:07.270+03:00 DEBUG 63042 --- [    Test worker] o.h.q.sqm.function.SqmFunctionRegistry   : Registered SqmFunctionTemplate [org.hibernate.dialect.function.AvgFunction@7def62d0] under avg; prior registration was NamedSqmFunctionTemplate(avg)
2025-04-06T12:38:07.270+03:00 DEBUG 63042 --- [    Test worker] o.h.q.sqm.function.SqmFunctionRegistry   : Registered SqmFunctionTemplate [NamedSqmFunctionTemplate(pi)] under pi; prior registration was org.hibernate.query.sqm.function.PatternBasedSqmFunctionDescriptor@5319efc0
2025-04-06T12:38:07.270+03:00 DEBUG 63042 --- [    Test worker] o.h.q.sqm.function.SqmFunctionRegistry   : Registered SqmFunctionTemplate [NamedSqmFunctionTemplate(cot)] under cot; prior registration was null
2025-04-06T12:38:07.270+03:00 DEBUG 63042 --- [    Test worker] o.h.q.sqm.function.SqmFunctionRegistry   : Registered SqmFunctionTemplate [NamedSqmFunctionTemplate(radians)] under radians; prior registration was null
2025-04-06T12:38:07.270+03:00 DEBUG 63042 --- [    Test worker] o.h.q.sqm.function.SqmFunctionRegistry   : Registered SqmFunctionTemplate [NamedSqmFunctionTemplate(degrees)] under degrees; prior registration was null
2025-04-06T12:38:07.270+03:00 DEBUG 63042 --- [    Test worker] o.h.q.sqm.function.SqmFunctionRegistry   : Registered SqmFunctionTemplate [NamedSqmFunctionTemplate(log10)] under log10; prior registration was null
2025-04-06T12:38:07.270+03:00 DEBUG 63042 --- [    Test worker] o.h.q.sqm.function.SqmFunctionRegistry   : Registered SqmFunctionTemplate [org.hibernate.query.sqm.function.PatternBasedSqmFunctionDescriptor@736eb2a2] under mod; prior registration was NamedSqmFunctionTemplate(mod)
2025-04-06T12:38:07.270+03:00 DEBUG 63042 --- [    Test worker] o.h.q.sqm.function.SqmFunctionRegistry   : Registered SqmFunctionTemplate [NamedSqmFunctionTemplate(rand)] under rand; prior registration was null
2025-04-06T12:38:07.270+03:00 DEBUG 63042 --- [    Test worker] o.h.q.sqm.function.SqmFunctionRegistry   : Registered SqmFunctionTemplate [NamedSqmFunctionTemplate(soundex)] under soundex; prior registration was null
2025-04-06T12:38:07.270+03:00 DEBUG 63042 --- [    Test worker] o.h.q.sqm.function.SqmFunctionRegistry   : Registered SqmFunctionTemplate [NamedSqmFunctionTemplate(translate)] under translate; prior registration was null
2025-04-06T12:38:07.270+03:00 DEBUG 63042 --- [    Test worker] o.h.q.sqm.function.SqmFunctionRegistry   : Registered SqmFunctionTemplate [NamedSqmFunctionTemplate(bitand)] under bitand; prior registration was null
2025-04-06T12:38:07.270+03:00 DEBUG 63042 --- [    Test worker] o.h.q.sqm.function.SqmFunctionRegistry   : Registered SqmFunctionTemplate [NamedSqmFunctionTemplate(bitor)] under bitor; prior registration was null
2025-04-06T12:38:07.270+03:00 DEBUG 63042 --- [    Test worker] o.h.q.sqm.function.SqmFunctionRegistry   : Registered SqmFunctionTemplate [NamedSqmFunctionTemplate(bitxor)] under bitxor; prior registration was null
2025-04-06T12:38:07.271+03:00 DEBUG 63042 --- [    Test worker] o.h.q.sqm.function.SqmFunctionRegistry   : Registered SqmFunctionTemplate [NamedSqmFunctionTemplate(bitnot)] under bitnot; prior registration was null
2025-04-06T12:38:07.271+03:00 DEBUG 63042 --- [    Test worker] o.h.q.sqm.function.SqmFunctionRegistry   : Registered SqmFunctionTemplate [NamedSqmFunctionTemplate(bit_and)] under bit_and; prior registration was null
2025-04-06T12:38:07.271+03:00 DEBUG 63042 --- [    Test worker] o.h.q.sqm.function.SqmFunctionRegistry   : Registered SqmFunctionTemplate [NamedSqmFunctionTemplate(bit_or)] under bit_or; prior registration was null
2025-04-06T12:38:07.271+03:00 DEBUG 63042 --- [    Test worker] o.h.q.sqm.function.SqmFunctionRegistry   : Registered SqmFunctionTemplate [NamedSqmFunctionTemplate(day)] under day; prior registration was null
2025-04-06T12:38:07.271+03:00 DEBUG 63042 --- [    Test worker] o.h.q.sqm.function.SqmFunctionRegistry   : Registered SqmFunctionTemplate [NamedSqmFunctionTemplate(month)] under month; prior registration was null
2025-04-06T12:38:07.271+03:00 DEBUG 63042 --- [    Test worker] o.h.q.sqm.function.SqmFunctionRegistry   : Registered SqmFunctionTemplate [NamedSqmFunctionTemplate(year)] under year; prior registration was null
2025-04-06T12:38:07.271+03:00 DEBUG 63042 --- [    Test worker] o.h.q.sqm.function.SqmFunctionRegistry   : Registered SqmFunctionTemplate [NamedSqmFunctionTemplate(hour)] under hour; prior registration was null
2025-04-06T12:38:07.271+03:00 DEBUG 63042 --- [    Test worker] o.h.q.sqm.function.SqmFunctionRegistry   : Registered SqmFunctionTemplate [NamedSqmFunctionTemplate(minute)] under minute; prior registration was null
2025-04-06T12:38:07.271+03:00 DEBUG 63042 --- [    Test worker] o.h.q.sqm.function.SqmFunctionRegistry   : Registered SqmFunctionTemplate [NamedSqmFunctionTemplate(second)] under second; prior registration was null
2025-04-06T12:38:07.271+03:00 DEBUG 63042 --- [    Test worker] o.h.q.sqm.function.SqmFunctionRegistry   : Registered SqmFunctionTemplate [NamedSqmFunctionTemplate(microsecond)] under microsecond; prior registration was null
2025-04-06T12:38:07.271+03:00 DEBUG 63042 --- [    Test worker] o.h.q.sqm.function.SqmFunctionRegistry   : Registered SqmFunctionTemplate [NamedSqmFunctionTemplate(day_of_week)] under day_of_week; prior registration was null
2025-04-06T12:38:07.271+03:00 DEBUG 63042 --- [    Test worker] o.h.q.sqm.function.SqmFunctionRegistry   : Registered SqmFunctionTemplate [NamedSqmFunctionTemplate(day_of_month)] under day_of_month; prior registration was null
2025-04-06T12:38:07.271+03:00 DEBUG 63042 --- [    Test worker] o.h.q.sqm.function.SqmFunctionRegistry   : Registering alternate key : day -> day_of_month
2025-04-06T12:38:07.271+03:00 DEBUG 63042 --- [    Test worker] o.h.q.sqm.function.SqmFunctionRegistry   : Registered SqmFunctionTemplate [NamedSqmFunctionTemplate(day_of_year)] under day_of_year; prior registration was null
2025-04-06T12:38:07.271+03:00 DEBUG 63042 --- [    Test worker] o.h.q.sqm.function.SqmFunctionRegistry   : Registered SqmFunctionTemplate [NamedSqmFunctionTemplate(week)] under week; prior registration was null
2025-04-06T12:38:07.271+03:00 DEBUG 63042 --- [    Test worker] o.h.q.sqm.function.SqmFunctionRegistry   : Registered SqmFunctionTemplate [NamedSqmFunctionTemplate(quarter)] under quarter; prior registration was null
2025-04-06T12:38:07.271+03:00 DEBUG 63042 --- [    Test worker] o.h.q.sqm.function.SqmFunctionRegistry   : Registered SqmFunctionTemplate [NamedSqmFunctionTemplate(monthname)] under monthname; prior registration was null
2025-04-06T12:38:07.271+03:00 DEBUG 63042 --- [    Test worker] o.h.q.sqm.function.SqmFunctionRegistry   : Registered SqmFunctionTemplate [NamedSqmFunctionTemplate(dayname)] under dayname; prior registration was null
2025-04-06T12:38:07.271+03:00 DEBUG 63042 --- [    Test worker] o.h.q.sqm.function.SqmFunctionRegistry   : Registered SqmFunctionTemplate [NamedSqmFunctionTemplate(localtime)] under localtime; prior registration was null
2025-04-06T12:38:07.271+03:00 DEBUG 63042 --- [    Test worker] o.h.q.sqm.function.SqmFunctionRegistry   : Registered SqmFunctionTemplate [NamedSqmFunctionTemplate(localtimestamp)] under localtimestamp; prior registration was null
2025-04-06T12:38:07.271+03:00 DEBUG 63042 --- [    Test worker] o.h.q.sqm.function.SqmFunctionRegistry   : Registered SqmFunctionTemplate [NamedSqmFunctionTemplate(localtime)] under local_time; prior registration was org.hibernate.dialect.function.CurrentFunction@359fd0a2
2025-04-06T12:38:07.271+03:00 DEBUG 63042 --- [    Test worker] o.h.q.sqm.function.SqmFunctionRegistry   : Registered SqmFunctionTemplate [NamedSqmFunctionTemplate(localtimestamp)] under local_datetime; prior registration was org.hibernate.dialect.function.CurrentFunction@30b075b9
2025-04-06T12:38:07.271+03:00 DEBUG 63042 --- [    Test worker] o.h.q.sqm.function.SqmFunctionRegistry   : Registered SqmFunctionTemplate [org.hibernate.dialect.function.TruncFunction@7ab8c972] under trunc; prior registration was null
2025-04-06T12:38:07.271+03:00 DEBUG 63042 --- [    Test worker] o.h.q.sqm.function.SqmFunctionRegistry   : Registering alternate key : truncate -> trunc
2025-04-06T12:38:07.271+03:00 DEBUG 63042 --- [    Test worker] o.h.q.sqm.function.SqmFunctionRegistry   : Registered SqmFunctionTemplate [org.hibernate.query.sqm.function.PatternBasedSqmFunctionDescriptor@76cad511] under date_trunc; prior registration was null
2025-04-06T12:38:07.271+03:00 DEBUG 63042 --- [    Test worker] o.h.q.sqm.function.SqmFunctionRegistry   : Registered SqmFunctionTemplate [NamedSqmFunctionTemplate(bit_length)] under bit_length; prior registration was null
2025-04-06T12:38:07.271+03:00 DEBUG 63042 --- [    Test worker] o.h.q.sqm.function.SqmFunctionRegistry   : Registered SqmFunctionTemplate [NamedSqmFunctionTemplate(octet_length)] under octet_length; prior registration was null
2025-04-06T12:38:07.271+03:00 DEBUG 63042 --- [    Test worker] o.h.q.sqm.function.SqmFunctionRegistry   : Registered SqmFunctionTemplate [NamedSqmFunctionTemplate(ascii)] under ascii; prior registration was null
2025-04-06T12:38:07.271+03:00 DEBUG 63042 --- [    Test worker] o.h.q.sqm.function.SqmFunctionRegistry   : Registered SqmFunctionTemplate [NamedSqmFunctionTemplate(octet_length)] under octet_length; prior registration was NamedSqmFunctionTemplate(octet_length)
2025-04-06T12:38:07.272+03:00 DEBUG 63042 --- [    Test worker] o.h.q.sqm.function.SqmFunctionRegistry   : Registered SqmFunctionTemplate [NamedSqmFunctionTemplate(space)] under space; prior registration was null
2025-04-06T12:38:07.272+03:00 DEBUG 63042 --- [    Test worker] o.h.q.sqm.function.SqmFunctionRegistry   : Registered SqmFunctionTemplate [NamedSqmFunctionTemplate(repeat)] under repeat; prior registration was null
2025-04-06T12:38:07.272+03:00 DEBUG 63042 --- [    Test worker] o.h.q.sqm.function.SqmFunctionRegistry   : Registered SqmFunctionTemplate [NamedSqmFunctionTemplate(char)] under char; prior registration was null
2025-04-06T12:38:07.272+03:00 DEBUG 63042 --- [    Test worker] o.h.q.sqm.function.SqmFunctionRegistry   : Registering alternate key : chr -> char
2025-04-06T12:38:07.272+03:00 DEBUG 63042 --- [    Test worker] o.h.q.sqm.function.SqmFunctionRegistry   : Registered SqmFunctionTemplate [NamedSqmFunctionTemplate(instr)] under instr; prior registration was null
2025-04-06T12:38:07.272+03:00 DEBUG 63042 --- [    Test worker] o.h.q.sqm.function.SqmFunctionRegistry   : Registered SqmFunctionTemplate [NamedSqmFunctionTemplate(substr)] under substr; prior registration was null
2025-04-06T12:38:07.272+03:00 DEBUG 63042 --- [    Test worker] o.h.q.sqm.function.SqmFunctionRegistry   : Registered SqmFunctionTemplate [org.hibernate.query.sqm.function.PatternBasedSqmFunctionDescriptor@1ff52a71] under position; prior registration was org.hibernate.dialect.function.LocatePositionEmulation@1b89debc
2025-04-06T12:38:07.272+03:00 DEBUG 63042 --- [    Test worker] o.h.q.sqm.function.SqmFunctionRegistry   : Registered SqmFunctionTemplate [NamedSqmFunctionTemplate(ltrim)] under ltrim; prior registration was null
2025-04-06T12:38:07.272+03:00 DEBUG 63042 --- [    Test worker] o.h.q.sqm.function.SqmFunctionRegistry   : Registered SqmFunctionTemplate [NamedSqmFunctionTemplate(rtrim)] under rtrim; prior registration was null
2025-04-06T12:38:07.272+03:00 DEBUG 63042 --- [    Test worker] o.h.q.sqm.function.SqmFunctionRegistry   : Registered SqmFunctionTemplate [org.hibernate.query.sqm.function.PatternBasedSqmFunctionDescriptor@3338d706] under concat; prior registration was NamedSqmFunctionTemplate(concat)
2025-04-06T12:38:07.272+03:00 DEBUG 63042 --- [    Test worker] o.h.q.sqm.function.SqmFunctionRegistry   : Registered SqmFunctionTemplate [NamedSqmFunctionTemplate(curtime)] under curtime; prior registration was null
2025-04-06T12:38:07.272+03:00 DEBUG 63042 --- [    Test worker] o.h.q.sqm.function.SqmFunctionRegistry   : Registered SqmFunctionTemplate [NamedSqmFunctionTemplate(curdate)] under curdate; prior registration was null
2025-04-06T12:38:07.272+03:00 DEBUG 63042 --- [    Test worker] o.h.q.sqm.function.SqmFunctionRegistry   : Registered SqmFunctionTemplate [NamedSqmFunctionTemplate(now)] under now; prior registration was null
2025-04-06T12:38:07.272+03:00 DEBUG 63042 --- [    Test worker] o.h.q.sqm.function.SqmFunctionRegistry   : Registered SqmFunctionTemplate [NamedSqmFunctionTemplate(sysdate)] under sysdate; prior registration was null
2025-04-06T12:38:07.272+03:00 DEBUG 63042 --- [    Test worker] o.h.q.sqm.function.SqmFunctionRegistry   : Registered SqmFunctionTemplate [NamedSqmFunctionTemplate(insert)] under insert; prior registration was null
2025-04-06T12:38:07.272+03:00 DEBUG 63042 --- [    Test worker] o.h.q.sqm.function.SqmFunctionRegistry   : Registered SqmFunctionTemplate [NamedSqmFunctionTemplate(bool_and)] under bool_and; prior registration was null
2025-04-06T12:38:07.272+03:00 DEBUG 63042 --- [    Test worker] o.h.q.sqm.function.SqmFunctionRegistry   : Registering alternate key : every -> bool_and
2025-04-06T12:38:07.272+03:00 DEBUG 63042 --- [    Test worker] o.h.q.sqm.function.SqmFunctionRegistry   : Registered SqmFunctionTemplate [NamedSqmFunctionTemplate(bool_or)] under bool_or; prior registration was null
2025-04-06T12:38:07.272+03:00 DEBUG 63042 --- [    Test worker] o.h.q.sqm.function.SqmFunctionRegistry   : Registering alternate key : any -> bool_or
2025-04-06T12:38:07.272+03:00 DEBUG 63042 --- [    Test worker] o.h.q.sqm.function.SqmFunctionRegistry   : Registered SqmFunctionTemplate [NamedSqmFunctionTemplate(median)] under median; prior registration was null
2025-04-06T12:38:07.272+03:00 DEBUG 63042 --- [    Test worker] o.h.q.sqm.function.SqmFunctionRegistry   : Registered SqmFunctionTemplate [NamedSqmFunctionTemplate(stddev_pop)] under stddev_pop; prior registration was null
2025-04-06T12:38:07.272+03:00 DEBUG 63042 --- [    Test worker] o.h.q.sqm.function.SqmFunctionRegistry   : Registered SqmFunctionTemplate [NamedSqmFunctionTemplate(stddev_samp)] under stddev_samp; prior registration was null
2025-04-06T12:38:07.272+03:00 DEBUG 63042 --- [    Test worker] o.h.q.sqm.function.SqmFunctionRegistry   : Registered SqmFunctionTemplate [NamedSqmFunctionTemplate(var_pop)] under var_pop; prior registration was null
2025-04-06T12:38:07.272+03:00 DEBUG 63042 --- [    Test worker] o.h.q.sqm.function.SqmFunctionRegistry   : Registered SqmFunctionTemplate [NamedSqmFunctionTemplate(var_samp)] under var_samp; prior registration was null
2025-04-06T12:38:07.272+03:00 DEBUG 63042 --- [    Test worker] o.h.q.sqm.function.SqmFunctionRegistry   : Registered SqmFunctionTemplate [org.hibernate.dialect.function.FormatFunction@f776b4a] under format; prior registration was org.hibernate.dialect.function.FormatFunction@6eaf6ced
2025-04-06T12:38:07.272+03:00 DEBUG 63042 --- [    Test worker] o.h.q.sqm.function.SqmFunctionRegistry   : Registered SqmFunctionTemplate [NamedSqmFunctionTemplate(rownum)] under rownum; prior registration was null
2025-04-06T12:38:07.272+03:00 DEBUG 63042 --- [    Test worker] o.h.q.sqm.function.SqmFunctionRegistry   : Registered SqmFunctionTemplate [NamedSqmFunctionTemplate(row_number)] under row_number; prior registration was null
2025-04-06T12:38:07.272+03:00 DEBUG 63042 --- [    Test worker] o.h.q.sqm.function.SqmFunctionRegistry   : Registered SqmFunctionTemplate [NamedSqmFunctionTemplate(lag)] under lag; prior registration was null
2025-04-06T12:38:07.272+03:00 DEBUG 63042 --- [    Test worker] o.h.q.sqm.function.SqmFunctionRegistry   : Registered SqmFunctionTemplate [NamedSqmFunctionTemplate(lead)] under lead; prior registration was null
2025-04-06T12:38:07.272+03:00 DEBUG 63042 --- [    Test worker] o.h.q.sqm.function.SqmFunctionRegistry   : Registered SqmFunctionTemplate [NamedSqmFunctionTemplate(first_value)] under first_value; prior registration was null
2025-04-06T12:38:07.272+03:00 DEBUG 63042 --- [    Test worker] o.h.q.sqm.function.SqmFunctionRegistry   : Registered SqmFunctionTemplate [NamedSqmFunctionTemplate(last_value)] under last_value; prior registration was null
2025-04-06T12:38:07.272+03:00 DEBUG 63042 --- [    Test worker] o.h.q.sqm.function.SqmFunctionRegistry   : Registered SqmFunctionTemplate [NamedSqmFunctionTemplate(nth_value)] under nth_value; prior registration was null
2025-04-06T12:38:07.272+03:00 DEBUG 63042 --- [    Test worker] o.h.q.sqm.function.SqmFunctionRegistry   : Registered SqmFunctionTemplate [org.hibernate.dialect.function.ListaggFunction@5dd62f07] under listagg; prior registration was null
2025-04-06T12:38:07.273+03:00 DEBUG 63042 --- [    Test worker] o.h.q.sqm.function.SqmFunctionRegistry   : Registered SqmFunctionTemplate [org.hibernate.dialect.function.InverseDistributionFunction@7e4a6afd] under mode; prior registration was null
2025-04-06T12:38:07.273+03:00 DEBUG 63042 --- [    Test worker] o.h.q.sqm.function.SqmFunctionRegistry   : Registered SqmFunctionTemplate [org.hibernate.dialect.function.InverseDistributionFunction@c7aac7c] under percentile_cont; prior registration was null
2025-04-06T12:38:07.273+03:00 DEBUG 63042 --- [    Test worker] o.h.q.sqm.function.SqmFunctionRegistry   : Registered SqmFunctionTemplate [org.hibernate.dialect.function.InverseDistributionFunction@7ab8f93] under percentile_disc; prior registration was null
2025-04-06T12:38:07.273+03:00 DEBUG 63042 --- [    Test worker] o.h.q.sqm.function.SqmFunctionRegistry   : Registered SqmFunctionTemplate [org.hibernate.dialect.function.HypotheticalSetFunction@4fcb796f] under rank; prior registration was null
2025-04-06T12:38:07.273+03:00 DEBUG 63042 --- [    Test worker] o.h.q.sqm.function.SqmFunctionRegistry   : Registered SqmFunctionTemplate [org.hibernate.dialect.function.HypotheticalSetFunction@1483c738] under dense_rank; prior registration was null
2025-04-06T12:38:07.273+03:00 DEBUG 63042 --- [    Test worker] o.h.q.sqm.function.SqmFunctionRegistry   : Registered SqmFunctionTemplate [org.hibernate.dialect.function.HypotheticalSetFunction@66c91224] under percent_rank; prior registration was null
2025-04-06T12:38:07.273+03:00 DEBUG 63042 --- [    Test worker] o.h.q.sqm.function.SqmFunctionRegistry   : Registered SqmFunctionTemplate [org.hibernate.dialect.function.HypotheticalSetFunction@4ffcb1bd] under cume_dist; prior registration was null
2025-04-06T12:38:07.273+03:00 DEBUG 63042 --- [    Test worker] o.h.q.sqm.function.SqmFunctionRegistry   : Registered SqmFunctionTemplate [org.hibernate.dialect.function.array.ArrayConstructorFunction@2e76ade9] under array; prior registration was null
2025-04-06T12:38:07.273+03:00 DEBUG 63042 --- [    Test worker] o.h.q.sqm.function.SqmFunctionRegistry   : Registered SqmFunctionTemplate [org.hibernate.dialect.function.array.ArrayConstructorFunction@7a3ab73a] under array_list; prior registration was null
2025-04-06T12:38:07.273+03:00 DEBUG 63042 --- [    Test worker] o.h.q.sqm.function.SqmFunctionRegistry   : Registered SqmFunctionTemplate [org.hibernate.dialect.function.array.ArrayAggFunction@53630682] under array_agg; prior registration was null
2025-04-06T12:38:07.274+03:00 DEBUG 63042 --- [    Test worker] o.h.q.sqm.function.SqmFunctionRegistry   : Registered SqmFunctionTemplate [org.hibernate.dialect.function.array.H2ArrayPositionFunction@6202f8bf] under array_position; prior registration was null
2025-04-06T12:38:07.276+03:00 DEBUG 63042 --- [    Test worker] o.h.q.sqm.function.SqmFunctionRegistry   : Registered SqmFunctionTemplate [org.hibernate.dialect.function.array.H2ArrayPositionsFunction@3a1540be] under array_positions; prior registration was null
2025-04-06T12:38:07.276+03:00 DEBUG 63042 --- [    Test worker] o.h.q.sqm.function.SqmFunctionRegistry   : Registered SqmFunctionTemplate [org.hibernate.dialect.function.array.H2ArrayPositionsFunction@a1c4f69] under array_positions_list; prior registration was null
2025-04-06T12:38:07.276+03:00 DEBUG 63042 --- [    Test worker] o.h.q.sqm.function.SqmFunctionRegistry   : Registered SqmFunctionTemplate [org.hibernate.query.sqm.function.PatternBasedSqmFunctionDescriptor@7a285418] under array_length; prior registration was null
2025-04-06T12:38:07.276+03:00 DEBUG 63042 --- [    Test worker] o.h.q.sqm.function.SqmFunctionRegistry   : Registered SqmFunctionTemplate [org.hibernate.dialect.function.DynamicDispatchFunction@247877f3] under length; prior registration was null
2025-04-06T12:38:07.276+03:00 DEBUG 63042 --- [    Test worker] o.h.q.sqm.function.SqmFunctionRegistry   : Registered SqmFunctionTemplate [org.hibernate.dialect.function.array.ArrayConcatFunction@72ae1007] under array_concat; prior registration was null
2025-04-06T12:38:07.277+03:00 DEBUG 63042 --- [    Test worker] o.h.q.sqm.function.SqmFunctionRegistry   : Registered SqmFunctionTemplate [org.hibernate.dialect.function.array.ArrayConcatElementFunction@329a27ae] under array_prepend; prior registration was null
2025-04-06T12:38:07.277+03:00 DEBUG 63042 --- [    Test worker] o.h.q.sqm.function.SqmFunctionRegistry   : Registered SqmFunctionTemplate [org.hibernate.dialect.function.array.ArrayConcatElementFunction@589a82af] under array_append; prior registration was null
2025-04-06T12:38:07.277+03:00 DEBUG 63042 --- [    Test worker] o.h.q.sqm.function.SqmFunctionRegistry   : Registered SqmFunctionTemplate [org.hibernate.dialect.function.array.H2ArrayContainsFunction@7c045627] under array_contains; prior registration was null
2025-04-06T12:38:07.277+03:00 DEBUG 63042 --- [    Test worker] o.h.q.sqm.function.SqmFunctionRegistry   : Registered SqmFunctionTemplate [org.hibernate.dialect.function.array.H2ArrayContainsFunction@d79a69b] under array_contains_nullable; prior registration was null
2025-04-06T12:38:07.278+03:00 DEBUG 63042 --- [    Test worker] o.h.q.sqm.function.SqmFunctionRegistry   : Registered SqmFunctionTemplate [org.hibernate.dialect.function.array.H2ArrayIncludesFunction@3420547] under array_includes; prior registration was null
2025-04-06T12:38:07.278+03:00 DEBUG 63042 --- [    Test worker] o.h.q.sqm.function.SqmFunctionRegistry   : Registered SqmFunctionTemplate [org.hibernate.dialect.function.array.H2ArrayIncludesFunction@44d36b56] under array_includes_nullable; prior registration was null
2025-04-06T12:38:07.278+03:00 DEBUG 63042 --- [    Test worker] o.h.q.sqm.function.SqmFunctionRegistry   : Registered SqmFunctionTemplate [org.hibernate.dialect.function.array.H2ArrayIntersectsFunction@6c427386] under array_intersects; prior registration was null
2025-04-06T12:38:07.278+03:00 DEBUG 63042 --- [    Test worker] o.h.q.sqm.function.SqmFunctionRegistry   : Registered SqmFunctionTemplate [org.hibernate.dialect.function.array.H2ArrayIntersectsFunction@301c622d] under array_intersects_nullable; prior registration was null
2025-04-06T12:38:07.278+03:00 DEBUG 63042 --- [    Test worker] o.h.q.sqm.function.SqmFunctionRegistry   : Registering alternate key : array_overlaps -> array_intersects
2025-04-06T12:38:07.278+03:00 DEBUG 63042 --- [    Test worker] o.h.q.sqm.function.SqmFunctionRegistry   : Registering alternate key : array_overlaps_nullable -> array_intersects_nullable
2025-04-06T12:38:07.278+03:00 DEBUG 63042 --- [    Test worker] o.h.q.sqm.function.SqmFunctionRegistry   : Registered SqmFunctionTemplate [org.hibernate.query.sqm.function.PatternBasedSqmFunctionDescriptor@3ad80206] under array_get; prior registration was null
2025-04-06T12:38:07.278+03:00 DEBUG 63042 --- [    Test worker] o.h.q.sqm.function.SqmFunctionRegistry   : Registered SqmFunctionTemplate [org.hibernate.dialect.function.array.H2ArraySetFunction@4d50f682] under array_set; prior registration was null
2025-04-06T12:38:07.278+03:00 DEBUG 63042 --- [    Test worker] o.h.q.sqm.function.SqmFunctionRegistry   : Registered SqmFunctionTemplate [org.hibernate.dialect.function.array.H2ArrayRemoveFunction@1a899fcd] under array_remove; prior registration was null
2025-04-06T12:38:07.278+03:00 DEBUG 63042 --- [    Test worker] o.h.q.sqm.function.SqmFunctionRegistry   : Registered SqmFunctionTemplate [org.hibernate.dialect.function.array.H2ArrayRemoveIndexFunction@798d8247] under array_remove_index; prior registration was null
2025-04-06T12:38:07.278+03:00 DEBUG 63042 --- [    Test worker] o.h.q.sqm.function.SqmFunctionRegistry   : Registered SqmFunctionTemplate [org.hibernate.query.sqm.function.PatternBasedSqmFunctionDescriptor@41623694] under array_slice; prior registration was null
2025-04-06T12:38:07.279+03:00 DEBUG 63042 --- [    Test worker] o.h.q.sqm.function.SqmFunctionRegistry   : Registered SqmFunctionTemplate [org.hibernate.dialect.function.array.H2ArrayReplaceFunction@2a23c061] under array_replace; prior registration was null
2025-04-06T12:38:07.279+03:00 DEBUG 63042 --- [    Test worker] o.h.q.sqm.function.SqmFunctionRegistry   : Registered SqmFunctionTemplate [org.hibernate.query.sqm.function.PatternBasedSqmFunctionDescriptor@7c6557da] under array_trim; prior registration was null
2025-04-06T12:38:07.279+03:00 DEBUG 63042 --- [    Test worker] o.h.q.sqm.function.SqmFunctionRegistry   : Registered SqmFunctionTemplate [org.hibernate.dialect.function.array.H2ArrayFillFunction@2c1b10f2] under array_fill; prior registration was null
2025-04-06T12:38:07.279+03:00 DEBUG 63042 --- [    Test worker] o.h.q.sqm.function.SqmFunctionRegistry   : Registered SqmFunctionTemplate [org.hibernate.dialect.function.array.H2ArrayFillFunction@f5314bc] under array_fill_list; prior registration was null
2025-04-06T12:38:07.279+03:00 DEBUG 63042 --- [    Test worker] o.h.q.sqm.function.SqmFunctionRegistry   : Registered SqmFunctionTemplate [org.hibernate.dialect.function.array.H2ArrayToStringFunction@53ce27fa] under array_to_string; prior registration was null
2025-04-06T12:38:07.280+03:00 DEBUG 63042 --- [    Test worker] org.hibernate.HQL_FUNCTIONS              : abs(NUMERIC arg)
2025-04-06T12:38:07.280+03:00 DEBUG 63042 --- [    Test worker] org.hibernate.HQL_FUNCTIONS              : Double acos(NUMERIC arg)
2025-04-06T12:38:07.280+03:00 DEBUG 63042 --- [    Test worker] org.hibernate.HQL_FUNCTIONS              : Boolean any(BOOLEAN predicate)
2025-04-06T12:38:07.280+03:00 DEBUG 63042 --- [    Test worker] org.hibernate.HQL_FUNCTIONS              : array( ... )
2025-04-06T12:38:07.280+03:00 DEBUG 63042 --- [    Test worker] org.hibernate.HQL_FUNCTIONS              : array_agg(arg)
2025-04-06T12:38:07.280+03:00 DEBUG 63042 --- [    Test worker] org.hibernate.HQL_FUNCTIONS              : array_append( ... )
2025-04-06T12:38:07.280+03:00 DEBUG 63042 --- [    Test worker] org.hibernate.HQL_FUNCTIONS              : array_concat( ... )
2025-04-06T12:38:07.280+03:00 DEBUG 63042 --- [    Test worker] org.hibernate.HQL_FUNCTIONS              : Boolean array_contains(ARRAY haystackArray, OBJECT needleElementOrArray)
2025-04-06T12:38:07.280+03:00 DEBUG 63042 --- [    Test worker] org.hibernate.HQL_FUNCTIONS              : Boolean array_contains_nullable(ARRAY haystackArray, OBJECT needleElementOrArray)
2025-04-06T12:38:07.280+03:00 DEBUG 63042 --- [    Test worker] org.hibernate.HQL_FUNCTIONS              : array_fill(OBJECT element, INTEGER elementCount)
2025-04-06T12:38:07.280+03:00 DEBUG 63042 --- [    Test worker] org.hibernate.HQL_FUNCTIONS              : array_fill_list(OBJECT element, INTEGER elementCount)
2025-04-06T12:38:07.280+03:00 DEBUG 63042 --- [    Test worker] org.hibernate.HQL_FUNCTIONS              : array_get(ARRAY array, INTEGER index)
2025-04-06T12:38:07.280+03:00 DEBUG 63042 --- [    Test worker] org.hibernate.HQL_FUNCTIONS              : Boolean array_includes(ARRAY haystackArray, OBJECT needleArray)
2025-04-06T12:38:07.280+03:00 DEBUG 63042 --- [    Test worker] org.hibernate.HQL_FUNCTIONS              : Boolean array_includes_nullable(ARRAY haystackArray, OBJECT needleArray)
2025-04-06T12:38:07.280+03:00 DEBUG 63042 --- [    Test worker] org.hibernate.HQL_FUNCTIONS              : Boolean array_intersects(ARRAY array0, OBJECT array1)
2025-04-06T12:38:07.280+03:00 DEBUG 63042 --- [    Test worker] org.hibernate.HQL_FUNCTIONS              : Boolean array_intersects_nullable(ARRAY array0, OBJECT array1)
2025-04-06T12:38:07.280+03:00 DEBUG 63042 --- [    Test worker] org.hibernate.HQL_FUNCTIONS              : Integer array_length(ARRAY array)
2025-04-06T12:38:07.280+03:00 DEBUG 63042 --- [    Test worker] org.hibernate.HQL_FUNCTIONS              : array_list( ... )
2025-04-06T12:38:07.280+03:00 DEBUG 63042 --- [    Test worker] org.hibernate.HQL_FUNCTIONS              : Boolean array_overlaps(ARRAY array0, OBJECT array1)
2025-04-06T12:38:07.280+03:00 DEBUG 63042 --- [    Test worker] org.hibernate.HQL_FUNCTIONS              : Boolean array_overlaps_nullable(ARRAY array0, OBJECT array1)
2025-04-06T12:38:07.280+03:00 DEBUG 63042 --- [    Test worker] org.hibernate.HQL_FUNCTIONS              : Integer array_position(ARRAY array, OBJECT element[, INTEGER startPosition])
2025-04-06T12:38:07.280+03:00 DEBUG 63042 --- [    Test worker] org.hibernate.HQL_FUNCTIONS              : int[] array_positions(ARRAY array, OBJECT element)
2025-04-06T12:38:07.280+03:00 DEBUG 63042 --- [    Test worker] org.hibernate.HQL_FUNCTIONS              : List array_positions_list(ARRAY array, OBJECT element)
2025-04-06T12:38:07.280+03:00 DEBUG 63042 --- [    Test worker] org.hibernate.HQL_FUNCTIONS              : array_prepend( ... )
2025-04-06T12:38:07.280+03:00 DEBUG 63042 --- [    Test worker] org.hibernate.HQL_FUNCTIONS              : array_remove( ... )
2025-04-06T12:38:07.280+03:00 DEBUG 63042 --- [    Test worker] org.hibernate.HQL_FUNCTIONS              : array_remove_index( ... )
2025-04-06T12:38:07.280+03:00 DEBUG 63042 --- [    Test worker] org.hibernate.HQL_FUNCTIONS              : array_replace( ... )
2025-04-06T12:38:07.280+03:00 DEBUG 63042 --- [    Test worker] org.hibernate.HQL_FUNCTIONS              : array_set( ... )
2025-04-06T12:38:07.280+03:00 DEBUG 63042 --- [    Test worker] org.hibernate.HQL_FUNCTIONS              : array_slice(ARRAY array, INTEGER start, INTEGER end)
2025-04-06T12:38:07.280+03:00 DEBUG 63042 --- [    Test worker] org.hibernate.HQL_FUNCTIONS              : String array_to_string( ... )
2025-04-06T12:38:07.280+03:00 DEBUG 63042 --- [    Test worker] org.hibernate.HQL_FUNCTIONS              : array_trim(ARRAY array, INTEGER elementsToRemove)
2025-04-06T12:38:07.280+03:00 DEBUG 63042 --- [    Test worker] org.hibernate.HQL_FUNCTIONS              : Integer ascii(STRING arg)
2025-04-06T12:38:07.280+03:00 DEBUG 63042 --- [    Test worker] org.hibernate.HQL_FUNCTIONS              : Double asin(NUMERIC arg)
2025-04-06T12:38:07.280+03:00 DEBUG 63042 --- [    Test worker] org.hibernate.HQL_FUNCTIONS              : Double atan(NUMERIC arg)
2025-04-06T12:38:07.280+03:00 DEBUG 63042 --- [    Test worker] org.hibernate.HQL_FUNCTIONS              : Double atan2(NUMERIC arg0, NUMERIC arg1)
2025-04-06T12:38:07.280+03:00 DEBUG 63042 --- [    Test worker] org.hibernate.HQL_FUNCTIONS              : avg(NUMERIC arg)
2025-04-06T12:38:07.280+03:00 DEBUG 63042 --- [    Test worker] org.hibernate.HQL_FUNCTIONS              : bit_and(arg)
2025-04-06T12:38:07.280+03:00 DEBUG 63042 --- [    Test worker] org.hibernate.HQL_FUNCTIONS              : Integer bit_length(STRING_OR_CLOB arg)
2025-04-06T12:38:07.280+03:00 DEBUG 63042 --- [    Test worker] org.hibernate.HQL_FUNCTIONS              : bit_or(arg)
2025-04-06T12:38:07.280+03:00 DEBUG 63042 --- [    Test worker] org.hibernate.HQL_FUNCTIONS              : bitand(arg0, arg1)
2025-04-06T12:38:07.280+03:00 DEBUG 63042 --- [    Test worker] org.hibernate.HQL_FUNCTIONS              : bitnot(arg)
2025-04-06T12:38:07.280+03:00 DEBUG 63042 --- [    Test worker] org.hibernate.HQL_FUNCTIONS              : bitor(arg0, arg1)
2025-04-06T12:38:07.281+03:00 DEBUG 63042 --- [    Test worker] org.hibernate.HQL_FUNCTIONS              : bitxor(arg0, arg1)
2025-04-06T12:38:07.281+03:00 DEBUG 63042 --- [    Test worker] org.hibernate.HQL_FUNCTIONS              : Boolean bool_and(BOOLEAN predicate)
2025-04-06T12:38:07.281+03:00 DEBUG 63042 --- [    Test worker] org.hibernate.HQL_FUNCTIONS              : Boolean bool_or(BOOLEAN predicate)
2025-04-06T12:38:07.281+03:00 DEBUG 63042 --- [    Test worker] org.hibernate.HQL_FUNCTIONS              : cast(arg as Type)
2025-04-06T12:38:07.281+03:00 DEBUG 63042 --- [    Test worker] org.hibernate.HQL_FUNCTIONS              : ceiling(NUMERIC arg)
2025-04-06T12:38:07.281+03:00 DEBUG 63042 --- [    Test worker] org.hibernate.HQL_FUNCTIONS              : Character char(INTEGER arg)
2025-04-06T12:38:07.281+03:00 DEBUG 63042 --- [    Test worker] org.hibernate.HQL_FUNCTIONS              : Integer character_length(STRING_OR_CLOB arg)
2025-04-06T12:38:07.281+03:00 DEBUG 63042 --- [    Test worker] org.hibernate.HQL_FUNCTIONS              : Character chr(INTEGER arg)
2025-04-06T12:38:07.281+03:00 DEBUG 63042 --- [    Test worker] org.hibernate.HQL_FUNCTIONS              : coalesce(arg0[, arg1[, ...]])
2025-04-06T12:38:07.281+03:00 DEBUG 63042 --- [    Test worker] org.hibernate.HQL_FUNCTIONS              : String collate(STRING string as COLLATION collation)
2025-04-06T12:38:07.281+03:00 DEBUG 63042 --- [    Test worker] org.hibernate.HQL_FUNCTIONS              : String concat(STRING string0[, STRING string1[, ...]])
2025-04-06T12:38:07.281+03:00 DEBUG 63042 --- [    Test worker] org.hibernate.HQL_FUNCTIONS              : Double cos(NUMERIC arg)
2025-04-06T12:38:07.281+03:00 DEBUG 63042 --- [    Test worker] org.hibernate.HQL_FUNCTIONS              : Double cosh(NUMERIC arg)
2025-04-06T12:38:07.281+03:00 DEBUG 63042 --- [    Test worker] org.hibernate.HQL_FUNCTIONS              : Double cot(NUMERIC arg)
2025-04-06T12:38:07.281+03:00 DEBUG 63042 --- [    Test worker] org.hibernate.HQL_FUNCTIONS              : Long count([distinct ]{arg|*})
2025-04-06T12:38:07.281+03:00 DEBUG 63042 --- [    Test worker] org.hibernate.HQL_FUNCTIONS              : Double cume_dist([arg0[, ...]])
2025-04-06T12:38:07.281+03:00 DEBUG 63042 --- [    Test worker] org.hibernate.HQL_FUNCTIONS              : Date curdate()
2025-04-06T12:38:07.281+03:00 DEBUG 63042 --- [    Test worker] org.hibernate.HQL_FUNCTIONS              : Date current date
2025-04-06T12:38:07.281+03:00 DEBUG 63042 --- [    Test worker] org.hibernate.HQL_FUNCTIONS              : Time current time
2025-04-06T12:38:07.281+03:00 DEBUG 63042 --- [    Test worker] org.hibernate.HQL_FUNCTIONS              : Timestamp current timestamp
2025-04-06T12:38:07.281+03:00 DEBUG 63042 --- [    Test worker] org.hibernate.HQL_FUNCTIONS              : Date current_date
2025-04-06T12:38:07.281+03:00 DEBUG 63042 --- [    Test worker] org.hibernate.HQL_FUNCTIONS              : Instant current_instant
2025-04-06T12:38:07.281+03:00 DEBUG 63042 --- [    Test worker] org.hibernate.HQL_FUNCTIONS              : Time current_time
2025-04-06T12:38:07.281+03:00 DEBUG 63042 --- [    Test worker] org.hibernate.HQL_FUNCTIONS              : Timestamp current_timestamp
2025-04-06T12:38:07.281+03:00 DEBUG 63042 --- [    Test worker] org.hibernate.HQL_FUNCTIONS              : Time curtime()
2025-04-06T12:38:07.281+03:00 DEBUG 63042 --- [    Test worker] org.hibernate.HQL_FUNCTIONS              : date_trunc(STRING field, TEMPORAL datetime)
2025-04-06T12:38:07.281+03:00 DEBUG 63042 --- [    Test worker] org.hibernate.HQL_FUNCTIONS              : dateadd(TEMPORAL_UNIT field, INTEGER magnitude, TEMPORAL datetime)
2025-04-06T12:38:07.281+03:00 DEBUG 63042 --- [    Test worker] org.hibernate.HQL_FUNCTIONS              : Long|Double datediff(TEMPORAL_UNIT field, TEMPORAL start, TEMPORAL end)
2025-04-06T12:38:07.281+03:00 DEBUG 63042 --- [    Test worker] org.hibernate.HQL_FUNCTIONS              : Integer day(DATE arg)
2025-04-06T12:38:07.281+03:00 DEBUG 63042 --- [    Test worker] org.hibernate.HQL_FUNCTIONS              : Integer day_of_month(DATE arg)
2025-04-06T12:38:07.281+03:00 DEBUG 63042 --- [    Test worker] org.hibernate.HQL_FUNCTIONS              : Integer day_of_week(DATE arg)
2025-04-06T12:38:07.281+03:00 DEBUG 63042 --- [    Test worker] org.hibernate.HQL_FUNCTIONS              : Integer day_of_year(DATE arg)
2025-04-06T12:38:07.281+03:00 DEBUG 63042 --- [    Test worker] org.hibernate.HQL_FUNCTIONS              : String dayname(DATE arg)
2025-04-06T12:38:07.281+03:00 DEBUG 63042 --- [    Test worker] org.hibernate.HQL_FUNCTIONS              : Double degrees(NUMERIC arg)
2025-04-06T12:38:07.281+03:00 DEBUG 63042 --- [    Test worker] org.hibernate.HQL_FUNCTIONS              : Long dense_rank([arg0[, ...]])
2025-04-06T12:38:07.281+03:00 DEBUG 63042 --- [    Test worker] org.hibernate.HQL_FUNCTIONS              : Boolean every(BOOLEAN predicate)
2025-04-06T12:38:07.281+03:00 DEBUG 63042 --- [    Test worker] org.hibernate.HQL_FUNCTIONS              : Double exp(NUMERIC arg)
2025-04-06T12:38:07.281+03:00 DEBUG 63042 --- [    Test worker] org.hibernate.HQL_FUNCTIONS              : extract(TEMPORAL_UNIT field from TEMPORAL arg)
2025-04-06T12:38:07.281+03:00 DEBUG 63042 --- [    Test worker] org.hibernate.HQL_FUNCTIONS              : first_valueANY value
2025-04-06T12:38:07.281+03:00 DEBUG 63042 --- [    Test worker] org.hibernate.HQL_FUNCTIONS              : floor(NUMERIC arg)
2025-04-06T12:38:07.281+03:00 DEBUG 63042 --- [    Test worker] org.hibernate.HQL_FUNCTIONS              : String format(TEMPORAL datetime as STRING pattern)
2025-04-06T12:38:07.281+03:00 DEBUG 63042 --- [    Test worker] org.hibernate.HQL_FUNCTIONS              : greatest(COMPARABLE arg0, COMPARABLE arg1[, arg2[, ...]])
2025-04-06T12:38:07.281+03:00 DEBUG 63042 --- [    Test worker] org.hibernate.HQL_FUNCTIONS              : Integer hour(TIME arg)
2025-04-06T12:38:07.281+03:00 DEBUG 63042 --- [    Test worker] org.hibernate.HQL_FUNCTIONS              : ifnull(arg0, arg1)
2025-04-06T12:38:07.281+03:00 DEBUG 63042 --- [    Test worker] org.hibernate.HQL_FUNCTIONS              : String insert(STRING string, INTEGER start, INTEGER length, STRING replacement)
2025-04-06T12:38:07.281+03:00 DEBUG 63042 --- [    Test worker] org.hibernate.HQL_FUNCTIONS              : Instant instant
2025-04-06T12:38:07.281+03:00 DEBUG 63042 --- [    Test worker] org.hibernate.HQL_FUNCTIONS              : Integer instr(STRING string, STRING pattern[, INTEGER start[, INTEGER occurrence]])
2025-04-06T12:38:07.281+03:00 DEBUG 63042 --- [    Test worker] org.hibernate.HQL_FUNCTIONS              : lagANY value[, INTEGER offset[, ANY default]]
2025-04-06T12:38:07.281+03:00 DEBUG 63042 --- [    Test worker] org.hibernate.HQL_FUNCTIONS              : last_valueANY value
2025-04-06T12:38:07.281+03:00 DEBUG 63042 --- [    Test worker] org.hibernate.HQL_FUNCTIONS              : leadANY value[, INTEGER offset[, ANY default]]
2025-04-06T12:38:07.281+03:00 DEBUG 63042 --- [    Test worker] org.hibernate.HQL_FUNCTIONS              : least(COMPARABLE arg0, COMPARABLE arg1[, arg2[, ...]])
2025-04-06T12:38:07.281+03:00 DEBUG 63042 --- [    Test worker] org.hibernate.HQL_FUNCTIONS              : String left(STRING string, INTEGER length)
2025-04-06T12:38:07.281+03:00 DEBUG 63042 --- [    Test worker] org.hibernate.HQL_FUNCTIONS              : length
2025-04-06T12:38:07.281+03:00 DEBUG 63042 --- [    Test worker] org.hibernate.HQL_FUNCTIONS              : String listagg(STRING arg0, STRING arg1)
2025-04-06T12:38:07.281+03:00 DEBUG 63042 --- [    Test worker] org.hibernate.HQL_FUNCTIONS              : Double ln(NUMERIC arg)
2025-04-06T12:38:07.281+03:00 DEBUG 63042 --- [    Test worker] org.hibernate.HQL_FUNCTIONS              : LocalDate local date
2025-04-06T12:38:07.281+03:00 DEBUG 63042 --- [    Test worker] org.hibernate.HQL_FUNCTIONS              : LocalDateTime local datetime
2025-04-06T12:38:07.281+03:00 DEBUG 63042 --- [    Test worker] org.hibernate.HQL_FUNCTIONS              : LocalTime local time
2025-04-06T12:38:07.281+03:00 DEBUG 63042 --- [    Test worker] org.hibernate.HQL_FUNCTIONS              : LocalDate local_date
2025-04-06T12:38:07.281+03:00 DEBUG 63042 --- [    Test worker] org.hibernate.HQL_FUNCTIONS              : LocalDateTime local_datetime
2025-04-06T12:38:07.281+03:00 DEBUG 63042 --- [    Test worker] org.hibernate.HQL_FUNCTIONS              : LocalTime local_time
2025-04-06T12:38:07.281+03:00 DEBUG 63042 --- [    Test worker] org.hibernate.HQL_FUNCTIONS              : Time localtime
2025-04-06T12:38:07.281+03:00 DEBUG 63042 --- [    Test worker] org.hibernate.HQL_FUNCTIONS              : Timestamp localtimestamp
2025-04-06T12:38:07.281+03:00 DEBUG 63042 --- [    Test worker] org.hibernate.HQL_FUNCTIONS              : Integer locate(STRING pattern, STRING string[, INTEGER start])
2025-04-06T12:38:07.281+03:00 DEBUG 63042 --- [    Test worker] org.hibernate.HQL_FUNCTIONS              : Double log(NUMERIC base, NUMERIC arg)
2025-04-06T12:38:07.281+03:00 DEBUG 63042 --- [    Test worker] org.hibernate.HQL_FUNCTIONS              : Double log10(NUMERIC arg)
2025-04-06T12:38:07.281+03:00 DEBUG 63042 --- [    Test worker] org.hibernate.HQL_FUNCTIONS              : String lower(STRING string)
2025-04-06T12:38:07.281+03:00 DEBUG 63042 --- [    Test worker] org.hibernate.HQL_FUNCTIONS              : String lpad(STRING string, INTEGER length[, STRING padding])
2025-04-06T12:38:07.281+03:00 DEBUG 63042 --- [    Test worker] org.hibernate.HQL_FUNCTIONS              : String ltrim(STRING string)
2025-04-06T12:38:07.282+03:00 DEBUG 63042 --- [    Test worker] org.hibernate.HQL_FUNCTIONS              : max(COMPARABLE arg)
2025-04-06T12:38:07.282+03:00 DEBUG 63042 --- [    Test worker] org.hibernate.HQL_FUNCTIONS              : Double median(NUMERIC arg)
2025-04-06T12:38:07.282+03:00 DEBUG 63042 --- [    Test worker] org.hibernate.HQL_FUNCTIONS              : Integer microsecond(TIME arg)
2025-04-06T12:38:07.282+03:00 DEBUG 63042 --- [    Test worker] org.hibernate.HQL_FUNCTIONS              : min(COMPARABLE arg)
2025-04-06T12:38:07.282+03:00 DEBUG 63042 --- [    Test worker] org.hibernate.HQL_FUNCTIONS              : Integer minute(TIME arg)
2025-04-06T12:38:07.282+03:00 DEBUG 63042 --- [    Test worker] org.hibernate.HQL_FUNCTIONS              : Integer mod(INTEGER arg0, INTEGER arg1)
2025-04-06T12:38:07.282+03:00 DEBUG 63042 --- [    Test worker] org.hibernate.HQL_FUNCTIONS              : mode()
2025-04-06T12:38:07.282+03:00 DEBUG 63042 --- [    Test worker] org.hibernate.HQL_FUNCTIONS              : Integer month(DATE arg)
2025-04-06T12:38:07.282+03:00 DEBUG 63042 --- [    Test worker] org.hibernate.HQL_FUNCTIONS              : String monthname(DATE arg)
2025-04-06T12:38:07.282+03:00 DEBUG 63042 --- [    Test worker] org.hibernate.HQL_FUNCTIONS              : Timestamp now()
2025-04-06T12:38:07.282+03:00 DEBUG 63042 --- [    Test worker] org.hibernate.HQL_FUNCTIONS              : nth_valueANY value, INTEGER nth
2025-04-06T12:38:07.282+03:00 DEBUG 63042 --- [    Test worker] org.hibernate.HQL_FUNCTIONS              : nullif(arg0, arg1)
2025-04-06T12:38:07.282+03:00 DEBUG 63042 --- [    Test worker] org.hibernate.HQL_FUNCTIONS              : Integer octet_length(STRING_OR_CLOB arg)
2025-04-06T12:38:07.282+03:00 DEBUG 63042 --- [    Test worker] org.hibernate.HQL_FUNCTIONS              : OffsetDateTime offset datetime
2025-04-06T12:38:07.282+03:00 DEBUG 63042 --- [    Test worker] org.hibernate.HQL_FUNCTIONS              : OffsetDateTime offset_datetime
2025-04-06T12:38:07.282+03:00 DEBUG 63042 --- [    Test worker] org.hibernate.HQL_FUNCTIONS              : String overlay(STRING string placing STRING replacement from INTEGER start[ for INTEGER length])
2025-04-06T12:38:07.282+03:00 DEBUG 63042 --- [    Test worker] org.hibernate.HQL_FUNCTIONS              : String pad(STRING string with INTEGER length {leading|trailing}[ STRING character])
2025-04-06T12:38:07.282+03:00 DEBUG 63042 --- [    Test worker] org.hibernate.HQL_FUNCTIONS              : Double percent_rank([arg0[, ...]])
2025-04-06T12:38:07.282+03:00 DEBUG 63042 --- [    Test worker] org.hibernate.HQL_FUNCTIONS              : percentile_cont(NUMERIC arg)
2025-04-06T12:38:07.282+03:00 DEBUG 63042 --- [    Test worker] org.hibernate.HQL_FUNCTIONS              : percentile_disc(NUMERIC arg)
2025-04-06T12:38:07.282+03:00 DEBUG 63042 --- [    Test worker] org.hibernate.HQL_FUNCTIONS              : Double pi
2025-04-06T12:38:07.282+03:00 DEBUG 63042 --- [    Test worker] org.hibernate.HQL_FUNCTIONS              : Integer position(STRING pattern in STRING string)
2025-04-06T12:38:07.282+03:00 DEBUG 63042 --- [    Test worker] org.hibernate.HQL_FUNCTIONS              : Double power(NUMERIC arg0, NUMERIC arg1)
2025-04-06T12:38:07.282+03:00 DEBUG 63042 --- [    Test worker] org.hibernate.HQL_FUNCTIONS              : Integer quarter(DATE arg)
2025-04-06T12:38:07.282+03:00 DEBUG 63042 --- [    Test worker] org.hibernate.HQL_FUNCTIONS              : Double radians(NUMERIC arg)
2025-04-06T12:38:07.282+03:00 DEBUG 63042 --- [    Test worker] org.hibernate.HQL_FUNCTIONS              : Double rand([INTEGER seed])
2025-04-06T12:38:07.282+03:00 DEBUG 63042 --- [    Test worker] org.hibernate.HQL_FUNCTIONS              : Long rank([arg0[, ...]])
2025-04-06T12:38:07.282+03:00 DEBUG 63042 --- [    Test worker] org.hibernate.HQL_FUNCTIONS              : String repeat(STRING string, INTEGER times)
2025-04-06T12:38:07.282+03:00 DEBUG 63042 --- [    Test worker] org.hibernate.HQL_FUNCTIONS              : String replace(STRING string, STRING pattern, STRING replacement)
2025-04-06T12:38:07.282+03:00 DEBUG 63042 --- [    Test worker] org.hibernate.HQL_FUNCTIONS              : String right(STRING string, INTEGER length)
2025-04-06T12:38:07.282+03:00 DEBUG 63042 --- [    Test worker] org.hibernate.HQL_FUNCTIONS              : round(NUMERIC number[, INTEGER places])
2025-04-06T12:38:07.282+03:00 DEBUG 63042 --- [    Test worker] org.hibernate.HQL_FUNCTIONS              : Long row_number()
2025-04-06T12:38:07.282+03:00 DEBUG 63042 --- [    Test worker] org.hibernate.HQL_FUNCTIONS              : Long rownum()
2025-04-06T12:38:07.282+03:00 DEBUG 63042 --- [    Test worker] org.hibernate.HQL_FUNCTIONS              : String rpad(STRING string, INTEGER length[, STRING padding])
2025-04-06T12:38:07.282+03:00 DEBUG 63042 --- [    Test worker] org.hibernate.HQL_FUNCTIONS              : String rtrim(STRING string)
2025-04-06T12:38:07.282+03:00 DEBUG 63042 --- [    Test worker] org.hibernate.HQL_FUNCTIONS              : Integer second(TIME arg)
2025-04-06T12:38:07.282+03:00 DEBUG 63042 --- [    Test worker] org.hibernate.HQL_FUNCTIONS              : Integer sign(NUMERIC arg)
2025-04-06T12:38:07.282+03:00 DEBUG 63042 --- [    Test worker] org.hibernate.HQL_FUNCTIONS              : Double sin(NUMERIC arg)
2025-04-06T12:38:07.282+03:00 DEBUG 63042 --- [    Test worker] org.hibernate.HQL_FUNCTIONS              : Double sinh(NUMERIC arg)
2025-04-06T12:38:07.282+03:00 DEBUG 63042 --- [    Test worker] org.hibernate.HQL_FUNCTIONS              : String soundex(arg)
2025-04-06T12:38:07.282+03:00 DEBUG 63042 --- [    Test worker] org.hibernate.HQL_FUNCTIONS              : String space(INTEGER arg)
2025-04-06T12:38:07.282+03:00 DEBUG 63042 --- [    Test worker] org.hibernate.HQL_FUNCTIONS              : Object sql
2025-04-06T12:38:07.282+03:00 DEBUG 63042 --- [    Test worker] org.hibernate.HQL_FUNCTIONS              : Double sqrt(NUMERIC arg)
2025-04-06T12:38:07.282+03:00 DEBUG 63042 --- [    Test worker] org.hibernate.HQL_FUNCTIONS              : Double stddev_pop(NUMERIC arg)
2025-04-06T12:38:07.282+03:00 DEBUG 63042 --- [    Test worker] org.hibernate.HQL_FUNCTIONS              : Double stddev_samp(NUMERIC arg)
2025-04-06T12:38:07.282+03:00 DEBUG 63042 --- [    Test worker] org.hibernate.HQL_FUNCTIONS              : String str(arg)
2025-04-06T12:38:07.282+03:00 DEBUG 63042 --- [    Test worker] org.hibernate.HQL_FUNCTIONS              : String substr(STRING string, INTEGER start[, INTEGER length])
2025-04-06T12:38:07.282+03:00 DEBUG 63042 --- [    Test worker] org.hibernate.HQL_FUNCTIONS              : String substring(STRING string{ from|,} INTEGER start[{ for|,} INTEGER length])
2025-04-06T12:38:07.282+03:00 DEBUG 63042 --- [    Test worker] org.hibernate.HQL_FUNCTIONS              : sum(arg)
2025-04-06T12:38:07.282+03:00 DEBUG 63042 --- [    Test worker] org.hibernate.HQL_FUNCTIONS              : Timestamp sysdate
2025-04-06T12:38:07.282+03:00 DEBUG 63042 --- [    Test worker] org.hibernate.HQL_FUNCTIONS              : Double tan(NUMERIC arg)
2025-04-06T12:38:07.282+03:00 DEBUG 63042 --- [    Test worker] org.hibernate.HQL_FUNCTIONS              : Double tanh(NUMERIC arg)
2025-04-06T12:38:07.282+03:00 DEBUG 63042 --- [    Test worker] org.hibernate.HQL_FUNCTIONS              : timestampadd(TEMPORAL_UNIT field, INTEGER magnitude, TEMPORAL datetime)
2025-04-06T12:38:07.282+03:00 DEBUG 63042 --- [    Test worker] org.hibernate.HQL_FUNCTIONS              : Long|Double timestampdiff(TEMPORAL_UNIT field, TEMPORAL start, TEMPORAL end)
2025-04-06T12:38:07.282+03:00 DEBUG 63042 --- [    Test worker] org.hibernate.HQL_FUNCTIONS              : String translate(STRING arg0, STRING arg1, STRING arg2)
2025-04-06T12:38:07.282+03:00 DEBUG 63042 --- [    Test worker] org.hibernate.HQL_FUNCTIONS              : String trim([[{leading|trailing|both} ][STRING arg0 ]from] STRING arg1)
2025-04-06T12:38:07.282+03:00 DEBUG 63042 --- [    Test worker] org.hibernate.HQL_FUNCTIONS              : trunc( ... )
2025-04-06T12:38:07.282+03:00 DEBUG 63042 --- [    Test worker] org.hibernate.HQL_FUNCTIONS              : truncate( ... )
2025-04-06T12:38:07.282+03:00 DEBUG 63042 --- [    Test worker] org.hibernate.HQL_FUNCTIONS              : String upper(STRING string)
2025-04-06T12:38:07.282+03:00 DEBUG 63042 --- [    Test worker] org.hibernate.HQL_FUNCTIONS              : Double var_pop(NUMERIC arg)
2025-04-06T12:38:07.282+03:00 DEBUG 63042 --- [    Test worker] org.hibernate.HQL_FUNCTIONS              : Double var_samp(NUMERIC arg)
2025-04-06T12:38:07.282+03:00 DEBUG 63042 --- [    Test worker] org.hibernate.HQL_FUNCTIONS              : Integer week(DATE arg)
2025-04-06T12:38:07.282+03:00 DEBUG 63042 --- [    Test worker] org.hibernate.HQL_FUNCTIONS              : Integer year(DATE arg)
2025-04-06T12:38:07.282+03:00 DEBUG 63042 --- [onnection adder] com.zaxxer.hikari.pool.HikariPool        : HikariPool-1 - After adding stats (total=6, active=0, idle=6, waiting=0)
2025-04-06T12:38:07.283+03:00 DEBUG 63042 --- [onnection adder] com.zaxxer.hikari.pool.HikariPool        : HikariPool-1 - Added connection conn6: url=jdbc:h2:mem:4263c6bd-775c-4b0c-9d1e-814281f93129 user=SA
2025-04-06T12:38:07.284+03:00 DEBUG 63042 --- [    Test worker] org.hibernate.orm.query.plan.cache       : Starting QueryInterpretationCache(2048)
2025-04-06T12:38:07.310+03:00 DEBUG 63042 --- [    Test worker] .h.s.i.SessionFactoryServiceRegistryImpl : EventListenerRegistry access via ServiceRegistry is deprecated.  Use `sessionFactory.getEventEngine().getListenerRegistry()` instead
2025-04-06T12:38:07.310+03:00 DEBUG 63042 --- [    Test worker] h.e.i.EntityCopyObserverFactoryInitiator : Configured EntityCopyObserver strategy: disallow
2025-04-06T12:38:07.318+03:00 DEBUG 63042 --- [onnection adder] com.zaxxer.hikari.pool.HikariPool        : HikariPool-1 - After adding stats (total=7, active=0, idle=7, waiting=0)
2025-04-06T12:38:07.318+03:00 DEBUG 63042 --- [onnection adder] com.zaxxer.hikari.pool.HikariPool        : HikariPool-1 - Added connection conn7: url=jdbc:h2:mem:4263c6bd-775c-4b0c-9d1e-814281f93129 user=SA
2025-04-06T12:38:07.336+03:00 DEBUG 63042 --- [    Test worker] o.h.boot.internal.ClassLoaderAccessImpl  : Not known whether passed class name [com.example.springboot.Product] is safe
2025-04-06T12:38:07.336+03:00 DEBUG 63042 --- [    Test worker] o.h.boot.internal.ClassLoaderAccessImpl  : No temp ClassLoader provided; using live ClassLoader for loading potentially unsafe class : com.example.springboot.Product
2025-04-06T12:38:07.353+03:00 DEBUG 63042 --- [onnection adder] com.zaxxer.hikari.pool.HikariPool        : HikariPool-1 - After adding stats (total=8, active=0, idle=8, waiting=0)
2025-04-06T12:38:07.354+03:00 DEBUG 63042 --- [onnection adder] com.zaxxer.hikari.pool.HikariPool        : HikariPool-1 - Added connection conn8: url=jdbc:h2:mem:4263c6bd-775c-4b0c-9d1e-814281f93129 user=SA
2025-04-06T12:38:07.383+03:00 DEBUG 63042 --- [    Test worker] o.h.b.i.bytebuddy.BytecodeProviderImpl   : HHH000513: Unable to create the ReflectionOptimizer for [com.example.springboot.Product]: private accessor [name]
2025-04-06T12:38:07.387+03:00 DEBUG 63042 --- [onnection adder] com.zaxxer.hikari.pool.HikariPool        : HikariPool-1 - After adding stats (total=9, active=0, idle=9, waiting=0)
2025-04-06T12:38:07.388+03:00 DEBUG 63042 --- [onnection adder] com.zaxxer.hikari.pool.HikariPool        : HikariPool-1 - Added connection conn9: url=jdbc:h2:mem:4263c6bd-775c-4b0c-9d1e-814281f93129 user=SA
2025-04-06T12:38:07.396+03:00 DEBUG 63042 --- [    Test worker] o.hibernate.orm.model.mapping.creation   : Starting post-init callbacks
2025-04-06T12:38:07.396+03:00 DEBUG 63042 --- [    Test worker] o.hibernate.orm.model.mapping.creation   : Starting PostInitCallbackEntry : Entity(com.example.springboot.Product) `staticFetchableList` generator
2025-04-06T12:38:07.416+03:00 DEBUG 63042 --- [    Test worker] org.hibernate.orm.sql.ast.create         : Created new SQL alias : p1_0
2025-04-06T12:38:07.416+03:00 DEBUG 63042 --- [    Test worker] org.hibernate.orm.sql.ast.create         : Registration of TableGroup [StandardTableGroup(com.example.springboot.Product)] with identifierForTableGroup [com.example.springboot.Product] for NavigablePath [com.example.springboot.Product] 
2025-04-06T12:38:07.419+03:00 DEBUG 63042 --- [    Test worker] org.hibernate.orm.results.graph.AST      : DomainResult Graph:
 \-EntityResultImpl [com.example.springboot.Product]
 |  +-BasicFetch [com.example.springboot.Product.name]
 |  +-BasicFetch [com.example.springboot.Product.price]
 |  +-BasicFetch [com.example.springboot.Product.type]
 |  \-BasicFetch [com.example.springboot.Product.version]

2025-04-06T12:38:07.420+03:00 DEBUG 63042 --- [    Test worker] org.hibernate.orm.sql.ast.tree           : SQL AST Tree:
    SelectStatement {
      FromClause {
        StandardTableGroup (p1 : com.example.springboot.Product) {
          primaryTableReference : product as p1_0
        }
      }
    }

2025-04-06T12:38:07.422+03:00 DEBUG 63042 --- [    Test worker] o.h.p.entity.AbstractEntityPersister     : Static SQL for entity: com.example.springboot.Product
2025-04-06T12:38:07.422+03:00 DEBUG 63042 --- [    Test worker] o.h.p.entity.AbstractEntityPersister     :  Version select: select id from product where id=?
2025-04-06T12:38:07.422+03:00 DEBUG 63042 --- [    Test worker] o.h.p.entity.AbstractEntityPersister     :  Insert (0): insert into product (name,price,type,version,id) values (?,?,?,?,?)
2025-04-06T12:38:07.422+03:00 DEBUG 63042 --- [    Test worker] o.h.p.entity.AbstractEntityPersister     :  Update (0): update product set name=?,price=?,type=?,version=? where id=?
2025-04-06T12:38:07.422+03:00 DEBUG 63042 --- [    Test worker] o.h.p.entity.AbstractEntityPersister     :  Delete (0): delete from product where id=?
2025-04-06T12:38:07.423+03:00 DEBUG 63042 --- [onnection adder] com.zaxxer.hikari.pool.HikariPool        : HikariPool-1 - After adding stats (total=10, active=0, idle=10, waiting=0)
2025-04-06T12:38:07.429+03:00  INFO 63042 --- [    Test worker] o.h.e.t.j.p.i.JtaPlatformInitiator       : HHH000489: No JTA platform available (set 'hibernate.transaction.jta.platform' to enable JTA platform integration)
2025-04-06T12:38:07.429+03:00 DEBUG 63042 --- [    Test worker] o.h.type.spi.TypeConfiguration$Scope     : Scoping TypeConfiguration [org.hibernate.type.spi.TypeConfiguration@6e349258] to SessionFactoryImplementor [org.hibernate.internal.SessionFactoryImpl@4b7704ec]
2025-04-06T12:38:07.430+03:00 DEBUG 63042 --- [    Test worker] o.h.query.named.NamedObjectRepository    : Checking 0 named HQL queries
2025-04-06T12:38:07.430+03:00 DEBUG 63042 --- [    Test worker] o.h.query.named.NamedObjectRepository    : Checking 0 named SQL queries
2025-04-06T12:38:07.433+03:00 DEBUG 63042 --- [    Test worker] org.hibernate.SQL                        : drop table if exists product cascade 
2025-04-06T12:38:07.435+03:00 DEBUG 63042 --- [    Test worker] org.hibernate.SQL                        : create table product (price float(53), id bigint not null, name varchar(255), type varchar(255), version varchar(255), primary key (id))
2025-04-06T12:38:07.438+03:00 DEBUG 63042 --- [    Test worker] o.h.internal.SessionFactoryRegistry      : Initializing SessionFactoryRegistry : org.hibernate.internal.SessionFactoryRegistry@218e28d9
2025-04-06T12:38:07.438+03:00 DEBUG 63042 --- [    Test worker] o.h.internal.SessionFactoryRegistry      : Registering SessionFactory: 30147950-c921-480a-a5ce-101a3a7fd31c (<unnamed>)
2025-04-06T12:38:07.438+03:00 DEBUG 63042 --- [    Test worker] o.h.internal.SessionFactoryRegistry      : Not binding SessionFactory to JNDI, no JNDI name configured
2025-04-06T12:38:07.438+03:00 DEBUG 63042 --- [    Test worker] o.hibernate.internal.SessionFactoryImpl  : Instantiated SessionFactory
2025-04-06T12:38:07.438+03:00  INFO 63042 --- [    Test worker] j.LocalContainerEntityManagerFactoryBean : Initialized JPA EntityManagerFactory for persistence unit 'default'
2025-04-06T12:38:07.440+03:00 DEBUG 63042 --- [    Test worker] o.s.b.f.s.DefaultListableBeanFactory     : Creating shared instance of singleton bean 'application'
2025-04-06T12:38:07.440+03:00 DEBUG 63042 --- [    Test worker] o.s.b.f.s.DefaultListableBeanFactory     : Creating shared instance of singleton bean 'loadDatabase'
2025-04-06T12:38:07.441+03:00 DEBUG 63042 --- [    Test worker] o.s.b.f.s.DefaultListableBeanFactory     : Creating shared instance of singleton bean 'productController'
2025-04-06T12:38:07.442+03:00 DEBUG 63042 --- [    Test worker] o.s.b.f.s.DefaultListableBeanFactory     : Creating shared instance of singleton bean 'productRepository'
2025-04-06T12:38:07.445+03:00 DEBUG 63042 --- [    Test worker] o.s.b.f.s.DefaultListableBeanFactory     : Creating shared instance of singleton bean 'jpa.named-queries#0'
2025-04-06T12:38:07.446+03:00 DEBUG 63042 --- [    Test worker] o.s.b.f.s.DefaultListableBeanFactory     : Creating shared instance of singleton bean 'jpa.ProductRepository.fragments#0'
2025-04-06T12:38:07.448+03:00 DEBUG 63042 --- [    Test worker] o.s.b.f.s.DefaultListableBeanFactory     : Creating shared instance of singleton bean 'jpaSharedEM_entityManagerFactory'
2025-04-06T12:38:07.461+03:00 DEBUG 63042 --- [    Test worker] o.s.b.f.s.DefaultListableBeanFactory     : Creating shared instance of singleton bean 'jpaMappingContext'
2025-04-06T12:38:07.461+03:00 DEBUG 63042 --- [    Test worker] .c.JpaMetamodelMappingContextFactoryBean : Initializing JpaMetamodelMappingContext…
2025-04-06T12:38:07.465+03:00 DEBUG 63042 --- [    Test worker] .c.JpaMetamodelMappingContextFactoryBean : Finished initializing JpaMetamodelMappingContext
2025-04-06T12:38:07.473+03:00 DEBUG 63042 --- [    Test worker] tor$SharedEntityManagerInvocationHandler : Creating new EntityManager for shared EntityManager invocation
2025-04-06T12:38:07.483+03:00 DEBUG 63042 --- [    Test worker] o.h.stat.internal.StatisticsInitiator    : Statistics initialized [enabled=false]
2025-04-06T12:38:07.486+03:00 DEBUG 63042 --- [    Test worker] tor$SharedEntityManagerInvocationHandler : Creating new EntityManager for shared EntityManager invocation
2025-04-06T12:38:07.499+03:00 DEBUG 63042 --- [    Test worker] o.s.d.r.c.s.RepositoryFactorySupport     : Initializing repository instance for com.example.springboot.ProductRepository…
2025-04-06T12:38:07.502+03:00 DEBUG 63042 --- [    Test worker] tor$SharedEntityManagerInvocationHandler : Creating new EntityManager for shared EntityManager invocation
2025-04-06T12:38:07.514+03:00 DEBUG 63042 --- [    Test worker] o.s.d.r.c.s.RepositoryFactorySupport     : Finished creation of repository instance for com.example.springboot.ProductRepository.
2025-04-06T12:38:07.515+03:00 DEBUG 63042 --- [    Test worker] o.s.b.f.s.DefaultListableBeanFactory     : Autowiring by type from bean name 'productController' via constructor to bean named 'productRepository'
2025-04-06T12:38:07.516+03:00 DEBUG 63042 --- [    Test worker] o.s.b.f.s.DefaultListableBeanFactory     : Creating shared instance of singleton bean 'initDatabase'
2025-04-06T12:38:07.516+03:00 DEBUG 63042 --- [    Test worker] o.s.b.f.s.DefaultListableBeanFactory     : Autowiring by type from bean name 'initDatabase' via factory method to bean named 'productRepository'
2025-04-06T12:38:07.517+03:00 DEBUG 63042 --- [    Test worker] o.s.b.f.s.DefaultListableBeanFactory     : Creating shared instance of singleton bean 'org.springframework.boot.autoconfigure.context.PropertyPlaceholderAutoConfiguration'
2025-04-06T12:38:07.517+03:00 DEBUG 63042 --- [    Test worker] o.s.b.f.s.DefaultListableBeanFactory     : Creating shared instance of singleton bean 'org.springframework.boot.context.properties.EnableConfigurationPropertiesRegistrar.methodValidationExcludeFilter'
2025-04-06T12:38:07.517+03:00 DEBUG 63042 --- [    Test worker] o.s.b.f.s.DefaultListableBeanFactory     : Creating shared instance of singleton bean 'org.springframework.boot.autoconfigure.websocket.servlet.WebSocketServletAutoConfiguration'
2025-04-06T12:38:07.518+03:00 DEBUG 63042 --- [    Test worker] o.s.b.f.s.DefaultListableBeanFactory     : Creating shared instance of singleton bean 'org.springframework.boot.autoconfigure.web.servlet.DispatcherServletAutoConfiguration'
2025-04-06T12:38:07.518+03:00 DEBUG 63042 --- [    Test worker] o.s.b.f.s.DefaultListableBeanFactory     : Creating shared instance of singleton bean 'org.springframework.boot.autoconfigure.task.TaskExecutorConfigurations$ThreadPoolTaskExecutorBuilderConfiguration'
2025-04-06T12:38:07.518+03:00 DEBUG 63042 --- [    Test worker] o.s.b.f.s.DefaultListableBeanFactory     : Creating shared instance of singleton bean 'threadPoolTaskExecutorBuilder'
2025-04-06T12:38:07.518+03:00 DEBUG 63042 --- [    Test worker] o.s.b.f.s.DefaultListableBeanFactory     : Creating shared instance of singleton bean 'spring.task.execution-org.springframework.boot.autoconfigure.task.TaskExecutionProperties'
2025-04-06T12:38:07.519+03:00 DEBUG 63042 --- [    Test worker] o.s.b.f.s.DefaultListableBeanFactory     : Autowiring by type from bean name 'threadPoolTaskExecutorBuilder' via factory method to bean named 'spring.task.execution-org.springframework.boot.autoconfigure.task.TaskExecutionProperties'
2025-04-06T12:38:07.520+03:00 DEBUG 63042 --- [    Test worker] o.s.b.f.s.DefaultListableBeanFactory     : Creating shared instance of singleton bean 'org.springframework.boot.autoconfigure.task.TaskExecutorConfigurations$SimpleAsyncTaskExecutorBuilderConfiguration'
2025-04-06T12:38:07.520+03:00 DEBUG 63042 --- [    Test worker] o.s.b.f.s.DefaultListableBeanFactory     : Autowiring by type from bean name 'org.springframework.boot.autoconfigure.task.TaskExecutorConfigurations$SimpleAsyncTaskExecutorBuilderConfiguration' via constructor to bean named 'spring.task.execution-org.springframework.boot.autoconfigure.task.TaskExecutionProperties'
2025-04-06T12:38:07.520+03:00 DEBUG 63042 --- [    Test worker] o.s.b.f.s.DefaultListableBeanFactory     : Creating shared instance of singleton bean 'simpleAsyncTaskExecutorBuilder'
2025-04-06T12:38:07.521+03:00 DEBUG 63042 --- [    Test worker] o.s.b.f.s.DefaultListableBeanFactory     : Creating shared instance of singleton bean 'org.springframework.boot.autoconfigure.task.TaskExecutorConfigurations$TaskExecutorConfiguration'
2025-04-06T12:38:07.521+03:00 DEBUG 63042 --- [    Test worker] o.s.b.f.s.DefaultListableBeanFactory     : Creating shared instance of singleton bean 'org.springframework.boot.autoconfigure.task.TaskExecutionAutoConfiguration'
2025-04-06T12:38:07.521+03:00 DEBUG 63042 --- [    Test worker] o.s.b.f.s.DefaultListableBeanFactory     : Creating shared instance of singleton bean 'org.springframework.boot.autoconfigure.web.servlet.error.ErrorMvcAutoConfiguration$WhitelabelErrorViewConfiguration'
2025-04-06T12:38:07.521+03:00 DEBUG 63042 --- [    Test worker] o.s.b.f.s.DefaultListableBeanFactory     : Creating shared instance of singleton bean 'error'
2025-04-06T12:38:07.521+03:00 DEBUG 63042 --- [    Test worker] o.s.b.f.s.DefaultListableBeanFactory     : Creating shared instance of singleton bean 'beanNameViewResolver'
2025-04-06T12:38:07.522+03:00 DEBUG 63042 --- [    Test worker] o.s.b.f.s.DefaultListableBeanFactory     : Creating shared instance of singleton bean 'org.springframework.boot.autoconfigure.web.servlet.error.ErrorMvcAutoConfiguration$DefaultErrorViewResolverConfiguration'
2025-04-06T12:38:07.522+03:00 DEBUG 63042 --- [    Test worker] o.s.b.f.s.DefaultListableBeanFactory     : Creating shared instance of singleton bean 'spring.web-org.springframework.boot.autoconfigure.web.WebProperties'
2025-04-06T12:38:07.523+03:00 DEBUG 63042 --- [    Test worker] o.s.b.f.s.DefaultListableBeanFactory     : Autowiring by type from bean name 'org.springframework.boot.autoconfigure.web.servlet.error.ErrorMvcAutoConfiguration$DefaultErrorViewResolverConfiguration' via constructor to bean named 'org.springframework.boot.web.servlet.context.AnnotationConfigServletWebServerApplicationContext@104dc1a2'
2025-04-06T12:38:07.523+03:00 DEBUG 63042 --- [    Test worker] o.s.b.f.s.DefaultListableBeanFactory     : Autowiring by type from bean name 'org.springframework.boot.autoconfigure.web.servlet.error.ErrorMvcAutoConfiguration$DefaultErrorViewResolverConfiguration' via constructor to bean named 'spring.web-org.springframework.boot.autoconfigure.web.WebProperties'
2025-04-06T12:38:07.523+03:00 DEBUG 63042 --- [    Test worker] o.s.b.f.s.DefaultListableBeanFactory     : Creating shared instance of singleton bean 'conventionErrorViewResolver'
2025-04-06T12:38:07.523+03:00 DEBUG 63042 --- [    Test worker] o.s.b.f.s.DefaultListableBeanFactory     : Creating shared instance of singleton bean 'errorAttributes'
2025-04-06T12:38:07.524+03:00 DEBUG 63042 --- [    Test worker] o.s.b.f.s.DefaultListableBeanFactory     : Creating shared instance of singleton bean 'basicErrorController'
2025-04-06T12:38:07.524+03:00 DEBUG 63042 --- [    Test worker] o.s.b.f.s.DefaultListableBeanFactory     : Autowiring by type from bean name 'basicErrorController' via factory method to bean named 'errorAttributes'
2025-04-06T12:38:07.526+03:00 DEBUG 63042 --- [    Test worker] o.s.b.f.s.DefaultListableBeanFactory     : Creating shared instance of singleton bean 'org.springframework.boot.autoconfigure.web.servlet.WebMvcAutoConfiguration$EnableWebMvcConfiguration'
2025-04-06T12:38:07.526+03:00 DEBUG 63042 --- [    Test worker] o.s.b.f.s.DefaultListableBeanFactory     : Autowiring by type from bean name 'org.springframework.boot.autoconfigure.web.servlet.WebMvcAutoConfiguration$EnableWebMvcConfiguration' via constructor to bean named 'spring.mvc-org.springframework.boot.autoconfigure.web.servlet.WebMvcProperties'
2025-04-06T12:38:07.526+03:00 DEBUG 63042 --- [    Test worker] o.s.b.f.s.DefaultListableBeanFactory     : Autowiring by type from bean name 'org.springframework.boot.autoconfigure.web.servlet.WebMvcAutoConfiguration$EnableWebMvcConfiguration' via constructor to bean named 'spring.web-org.springframework.boot.autoconfigure.web.WebProperties'
2025-04-06T12:38:07.526+03:00 DEBUG 63042 --- [    Test worker] o.s.b.f.s.DefaultListableBeanFactory     : Autowiring by type from bean name 'org.springframework.boot.autoconfigure.web.servlet.WebMvcAutoConfiguration$EnableWebMvcConfiguration' via constructor to bean named 'org.springframework.beans.factory.support.DefaultListableBeanFactory@41e9f86'
2025-04-06T12:38:07.528+03:00 DEBUG 63042 --- [    Test worker] o.s.b.f.s.DefaultListableBeanFactory     : Creating shared instance of singleton bean 'org.springframework.boot.autoconfigure.web.servlet.WebMvcAutoConfiguration$WebMvcAutoConfigurationAdapter'
2025-04-06T12:38:07.528+03:00 DEBUG 63042 --- [    Test worker] o.s.b.f.s.DefaultListableBeanFactory     : Autowiring by type from bean name 'org.springframework.boot.autoconfigure.web.servlet.WebMvcAutoConfiguration$WebMvcAutoConfigurationAdapter' via constructor to bean named 'spring.web-org.springframework.boot.autoconfigure.web.WebProperties'
2025-04-06T12:38:07.528+03:00 DEBUG 63042 --- [    Test worker] o.s.b.f.s.DefaultListableBeanFactory     : Autowiring by type from bean name 'org.springframework.boot.autoconfigure.web.servlet.WebMvcAutoConfiguration$WebMvcAutoConfigurationAdapter' via constructor to bean named 'spring.mvc-org.springframework.boot.autoconfigure.web.servlet.WebMvcProperties'
2025-04-06T12:38:07.528+03:00 DEBUG 63042 --- [    Test worker] o.s.b.f.s.DefaultListableBeanFactory     : Autowiring by type from bean name 'org.springframework.boot.autoconfigure.web.servlet.WebMvcAutoConfiguration$WebMvcAutoConfigurationAdapter' via constructor to bean named 'org.springframework.beans.factory.support.DefaultListableBeanFactory@41e9f86'
2025-04-06T12:38:07.529+03:00 DEBUG 63042 --- [    Test worker] o.s.b.f.s.DefaultListableBeanFactory     : Creating shared instance of singleton bean 'openEntityManagerInViewInterceptorConfigurer'
2025-04-06T12:38:07.529+03:00 DEBUG 63042 --- [    Test worker] o.s.b.f.s.DefaultListableBeanFactory     : Creating shared instance of singleton bean 'org.springframework.boot.autoconfigure.orm.jpa.JpaBaseConfiguration$JpaWebConfiguration'
2025-04-06T12:38:07.529+03:00 DEBUG 63042 --- [    Test worker] o.s.b.f.s.DefaultListableBeanFactory     : Autowiring by type from bean name 'org.springframework.boot.autoconfigure.orm.jpa.JpaBaseConfiguration$JpaWebConfiguration' via constructor to bean named 'spring.jpa-org.springframework.boot.autoconfigure.orm.jpa.JpaProperties'
2025-04-06T12:38:07.529+03:00 DEBUG 63042 --- [    Test worker] o.s.b.f.s.DefaultListableBeanFactory     : Creating shared instance of singleton bean 'openEntityManagerInViewInterceptor'
2025-04-06T12:38:07.529+03:00  WARN 63042 --- [    Test worker] JpaBaseConfiguration$JpaWebConfiguration : spring.jpa.open-in-view is enabled by default. Therefore, database queries may be performed during view rendering. Explicitly configure spring.jpa.open-in-view to disable this warning
2025-04-06T12:38:07.530+03:00 DEBUG 63042 --- [    Test worker] o.s.b.f.s.DefaultListableBeanFactory     : Autowiring by type from bean name 'openEntityManagerInViewInterceptorConfigurer' via factory method to bean named 'openEntityManagerInViewInterceptor'
2025-04-06T12:38:07.530+03:00 DEBUG 63042 --- [    Test worker] o.s.b.f.s.DefaultListableBeanFactory     : Creating shared instance of singleton bean 'org.springframework.data.web.config.SpringDataWebConfiguration'
2025-04-06T12:38:07.531+03:00 DEBUG 63042 --- [    Test worker] o.s.b.f.s.DefaultListableBeanFactory     : Autowiring by type from bean name 'org.springframework.data.web.config.SpringDataWebConfiguration' via constructor to bean named 'org.springframework.boot.web.servlet.context.AnnotationConfigServletWebServerApplicationContext@104dc1a2'
2025-04-06T12:38:07.532+03:00 DEBUG 63042 --- [    Test worker] o.s.b.f.s.DefaultListableBeanFactory     : Creating shared instance of singleton bean 'welcomePageHandlerMapping'
2025-04-06T12:38:07.532+03:00 DEBUG 63042 --- [    Test worker] o.s.b.f.s.DefaultListableBeanFactory     : Creating shared instance of singleton bean 'mvcConversionService'
2025-04-06T12:38:07.535+03:00 DEBUG 63042 --- [    Test worker] o.s.b.f.s.DefaultListableBeanFactory     : Creating shared instance of singleton bean 'mvcResourceUrlProvider'
2025-04-06T12:38:07.536+03:00 DEBUG 63042 --- [    Test worker] o.s.b.f.s.DefaultListableBeanFactory     : Autowiring by type from bean name 'welcomePageHandlerMapping' via factory method to bean named 'org.springframework.boot.web.servlet.context.AnnotationConfigServletWebServerApplicationContext@104dc1a2'
2025-04-06T12:38:07.536+03:00 DEBUG 63042 --- [    Test worker] o.s.b.f.s.DefaultListableBeanFactory     : Autowiring by type from bean name 'welcomePageHandlerMapping' via factory method to bean named 'mvcConversionService'
2025-04-06T12:38:07.536+03:00 DEBUG 63042 --- [    Test worker] o.s.b.f.s.DefaultListableBeanFactory     : Autowiring by type from bean name 'welcomePageHandlerMapping' via factory method to bean named 'mvcResourceUrlProvider'
2025-04-06T12:38:07.537+03:00 DEBUG 63042 --- [    Test worker] org.apache.catalina.webresources.Cache   : Increased cache size by [521] for item [org.apache.catalina.webresources.CachedResource@2154de40] at [/index.html] making total cache size [1052]
2025-04-06T12:38:07.541+03:00 DEBUG 63042 --- [    Test worker] o.s.b.f.s.DefaultListableBeanFactory     : Creating shared instance of singleton bean 'welcomePageNotAcceptableHandlerMapping'
2025-04-06T12:38:07.541+03:00 DEBUG 63042 --- [    Test worker] o.s.b.f.s.DefaultListableBeanFactory     : Autowiring by type from bean name 'welcomePageNotAcceptableHandlerMapping' via factory method to bean named 'org.springframework.boot.web.servlet.context.AnnotationConfigServletWebServerApplicationContext@104dc1a2'
2025-04-06T12:38:07.541+03:00 DEBUG 63042 --- [    Test worker] o.s.b.f.s.DefaultListableBeanFactory     : Autowiring by type from bean name 'welcomePageNotAcceptableHandlerMapping' via factory method to bean named 'mvcConversionService'
2025-04-06T12:38:07.541+03:00 DEBUG 63042 --- [    Test worker] o.s.b.f.s.DefaultListableBeanFactory     : Autowiring by type from bean name 'welcomePageNotAcceptableHandlerMapping' via factory method to bean named 'mvcResourceUrlProvider'
2025-04-06T12:38:07.542+03:00 DEBUG 63042 --- [    Test worker] o.s.b.f.s.DefaultListableBeanFactory     : Creating shared instance of singleton bean 'localeResolver'
2025-04-06T12:38:07.543+03:00 DEBUG 63042 --- [    Test worker] o.s.b.f.s.DefaultListableBeanFactory     : Creating shared instance of singleton bean 'themeResolver'
2025-04-06T12:38:07.543+03:00 DEBUG 63042 --- [    Test worker] o.s.b.f.s.DefaultListableBeanFactory     : Creating shared instance of singleton bean 'flashMapManager'
2025-04-06T12:38:07.544+03:00 DEBUG 63042 --- [    Test worker] o.s.b.f.s.DefaultListableBeanFactory     : Creating shared instance of singleton bean 'viewNameTranslator'
2025-04-06T12:38:07.544+03:00 DEBUG 63042 --- [    Test worker] o.s.b.f.s.DefaultListableBeanFactory     : Creating shared instance of singleton bean 'mvcValidator'
2025-04-06T12:38:07.546+03:00 DEBUG 63042 --- [    Test worker] o.s.v.b.OptionalValidatorFactoryBean     : Failed to set up a Bean Validation provider

jakarta.validation.NoProviderFoundException: Unable to create a Configuration, because no Jakarta Bean Validation provider could be found. Add a provider like Hibernate Validator (RI) to your classpath.
	at jakarta.validation.Validation$GenericBootstrapImpl.configure(Validation.java:291) ~[jakarta.validation-api-3.0.2.jar:na]
	at org.springframework.validation.beanvalidation.LocalValidatorFactoryBean.afterPropertiesSet(LocalValidatorFactoryBean.java:270) ~[spring-context-6.2.3.jar:6.2.3]
	at org.springframework.validation.beanvalidation.OptionalValidatorFactoryBean.afterPropertiesSet(OptionalValidatorFactoryBean.java:40) ~[spring-context-6.2.3.jar:6.2.3]
	at org.springframework.boot.autoconfigure.validation.ValidatorAdapter.afterPropertiesSet(ValidatorAdapter.java:85) ~[spring-boot-autoconfigure-3.4.3.jar:3.4.3]
	at org.springframework.beans.factory.support.AbstractAutowireCapableBeanFactory.invokeInitMethods(AbstractAutowireCapableBeanFactory.java:1859) ~[spring-beans-6.2.3.jar:6.2.3]
	at org.springframework.beans.factory.support.AbstractAutowireCapableBeanFactory.initializeBean(AbstractAutowireCapableBeanFactory.java:1808) ~[spring-beans-6.2.3.jar:6.2.3]
	at org.springframework.beans.factory.support.AbstractAutowireCapableBeanFactory.doCreateBean(AbstractAutowireCapableBeanFactory.java:601) ~[spring-beans-6.2.3.jar:6.2.3]
	at org.springframework.beans.factory.support.AbstractAutowireCapableBeanFactory.createBean(AbstractAutowireCapableBeanFactory.java:523) ~[spring-beans-6.2.3.jar:6.2.3]
	at org.springframework.beans.factory.support.AbstractBeanFactory.lambda$doGetBean$0(AbstractBeanFactory.java:339) ~[spring-beans-6.2.3.jar:6.2.3]
	at org.springframework.beans.factory.support.DefaultSingletonBeanRegistry.getSingleton(DefaultSingletonBeanRegistry.java:346) ~[spring-beans-6.2.3.jar:6.2.3]
	at org.springframework.beans.factory.support.AbstractBeanFactory.doGetBean(AbstractBeanFactory.java:337) ~[spring-beans-6.2.3.jar:6.2.3]
	at org.springframework.beans.factory.support.AbstractBeanFactory.getBean(AbstractBeanFactory.java:202) ~[spring-beans-6.2.3.jar:6.2.3]
	at org.springframework.beans.factory.support.DefaultListableBeanFactory.instantiateSingleton(DefaultListableBeanFactory.java:1155) ~[spring-beans-6.2.3.jar:6.2.3]
	at org.springframework.beans.factory.support.DefaultListableBeanFactory.preInstantiateSingleton(DefaultListableBeanFactory.java:1121) ~[spring-beans-6.2.3.jar:6.2.3]
	at org.springframework.beans.factory.support.DefaultListableBeanFactory.preInstantiateSingletons(DefaultListableBeanFactory.java:1056) ~[spring-beans-6.2.3.jar:6.2.3]
	at org.springframework.context.support.AbstractApplicationContext.finishBeanFactoryInitialization(AbstractApplicationContext.java:987) ~[spring-context-6.2.3.jar:6.2.3]
	at org.springframework.context.support.AbstractApplicationContext.refresh(AbstractApplicationContext.java:627) ~[spring-context-6.2.3.jar:6.2.3]
	at org.springframework.boot.web.servlet.context.ServletWebServerApplicationContext.refresh(ServletWebServerApplicationContext.java:146) ~[spring-boot-3.4.3.jar:3.4.3]
	at org.springframework.boot.SpringApplication.refresh(SpringApplication.java:752) ~[spring-boot-3.4.3.jar:3.4.3]
	at org.springframework.boot.SpringApplication.refreshContext(SpringApplication.java:439) ~[spring-boot-3.4.3.jar:3.4.3]
	at org.springframework.boot.SpringApplication.run(SpringApplication.java:318) ~[spring-boot-3.4.3.jar:3.4.3]
	at org.springframework.boot.test.context.SpringBootContextLoader.lambda$loadContext$3(SpringBootContextLoader.java:137) ~[spring-boot-test-3.4.3.jar:3.4.3]
	at org.springframework.util.function.ThrowingSupplier.get(ThrowingSupplier.java:58) ~[spring-core-6.2.3.jar:6.2.3]
	at org.springframework.util.function.ThrowingSupplier.get(ThrowingSupplier.java:46) ~[spring-core-6.2.3.jar:6.2.3]
	at org.springframework.boot.SpringApplication.withHook(SpringApplication.java:1461) ~[spring-boot-3.4.3.jar:3.4.3]
	at org.springframework.boot.test.context.SpringBootContextLoader$ContextLoaderHook.run(SpringBootContextLoader.java:553) ~[spring-boot-test-3.4.3.jar:3.4.3]
	at org.springframework.boot.test.context.SpringBootContextLoader.loadContext(SpringBootContextLoader.java:137) ~[spring-boot-test-3.4.3.jar:3.4.3]
	at org.springframework.boot.test.context.SpringBootContextLoader.loadContext(SpringBootContextLoader.java:108) ~[spring-boot-test-3.4.3.jar:3.4.3]
	at org.springframework.test.context.cache.DefaultCacheAwareContextLoaderDelegate.loadContextInternal(DefaultCacheAwareContextLoaderDelegate.java:225) ~[spring-test-6.2.3.jar:6.2.3]
	at org.springframework.test.context.cache.DefaultCacheAwareContextLoaderDelegate.loadContext(DefaultCacheAwareContextLoaderDelegate.java:152) ~[spring-test-6.2.3.jar:6.2.3]
	at org.springframework.test.context.support.DefaultTestContext.getApplicationContext(DefaultTestContext.java:130) ~[spring-test-6.2.3.jar:6.2.3]
	at org.springframework.test.context.support.DependencyInjectionTestExecutionListener.injectDependencies(DependencyInjectionTestExecutionListener.java:155) ~[spring-test-6.2.3.jar:6.2.3]
	at org.springframework.test.context.support.DependencyInjectionTestExecutionListener.prepareTestInstance(DependencyInjectionTestExecutionListener.java:111) ~[spring-test-6.2.3.jar:6.2.3]
	at org.springframework.test.context.TestContextManager.prepareTestInstance(TestContextManager.java:260) ~[spring-test-6.2.3.jar:6.2.3]
	at org.springframework.test.context.junit.jupiter.SpringExtension.postProcessTestInstance(SpringExtension.java:160) ~[spring-test-6.2.3.jar:6.2.3]
	at org.junit.jupiter.engine.descriptor.ClassBasedTestDescriptor.lambda$invokeTestInstancePostProcessors$11(ClassBasedTestDescriptor.java:378) ~[junit-jupiter-engine-5.11.4.jar:5.11.4]
	at org.junit.jupiter.engine.descriptor.ClassBasedTestDescriptor.executeAndMaskThrowable(ClassBasedTestDescriptor.java:383) ~[junit-jupiter-engine-5.11.4.jar:5.11.4]
	at org.junit.jupiter.engine.descriptor.ClassBasedTestDescriptor.lambda$invokeTestInstancePostProcessors$12(ClassBasedTestDescriptor.java:378) ~[junit-jupiter-engine-5.11.4.jar:5.11.4]
	at java.base/java.util.stream.ForEachOps$ForEachOp$OfRef.accept(ForEachOps.java:184) ~[na:na]
	at java.base/java.util.stream.ReferencePipeline$3$1.accept(ReferencePipeline.java:215) ~[na:na]
	at java.base/java.util.stream.ReferencePipeline$2$1.accept(ReferencePipeline.java:197) ~[na:na]
	at java.base/java.util.stream.ReferencePipeline$3$1.accept(ReferencePipeline.java:215) ~[na:na]
	at java.base/java.util.ArrayList$ArrayListSpliterator.forEachRemaining(ArrayList.java:1709) ~[na:na]
	at java.base/java.util.stream.AbstractPipeline.copyInto(AbstractPipeline.java:570) ~[na:na]
	at java.base/java.util.stream.AbstractPipeline.wrapAndCopyInto(AbstractPipeline.java:560) ~[na:na]
	at java.base/java.util.stream.ForEachOps$ForEachOp.evaluateSequential(ForEachOps.java:151) ~[na:na]
	at java.base/java.util.stream.ForEachOps$ForEachOp$OfRef.evaluateSequential(ForEachOps.java:174) ~[na:na]
	at java.base/java.util.stream.AbstractPipeline.evaluate(AbstractPipeline.java:265) ~[na:na]
	at java.base/java.util.stream.ReferencePipeline.forEach(ReferencePipeline.java:636) ~[na:na]
	at org.junit.jupiter.engine.descriptor.ClassBasedTestDescriptor.invokeTestInstancePostProcessors(ClassBasedTestDescriptor.java:377) ~[junit-jupiter-engine-5.11.4.jar:5.11.4]
	at org.junit.jupiter.engine.descriptor.ClassBasedTestDescriptor.lambda$instantiateAndPostProcessTestInstance$7(ClassBasedTestDescriptor.java:290) ~[junit-jupiter-engine-5.11.4.jar:5.11.4]
	at org.junit.platform.engine.support.hierarchical.ThrowableCollector.execute(ThrowableCollector.java:73) ~[junit-platform-engine-1.11.4.jar:1.11.4]
	at org.junit.jupiter.engine.descriptor.ClassBasedTestDescriptor.instantiateAndPostProcessTestInstance(ClassBasedTestDescriptor.java:289) ~[junit-jupiter-engine-5.11.4.jar:5.11.4]
	at org.junit.jupiter.engine.descriptor.ClassBasedTestDescriptor.lambda$testInstancesProvider$5(ClassBasedTestDescriptor.java:279) ~[junit-jupiter-engine-5.11.4.jar:5.11.4]
	at java.base/java.util.Optional.orElseGet(Optional.java:364) ~[na:na]
	at org.junit.jupiter.engine.descriptor.ClassBasedTestDescriptor.lambda$testInstancesProvider$6(ClassBasedTestDescriptor.java:278) ~[junit-jupiter-engine-5.11.4.jar:5.11.4]
	at org.junit.jupiter.engine.execution.TestInstancesProvider.getTestInstances(TestInstancesProvider.java:31) ~[junit-jupiter-engine-5.11.4.jar:5.11.4]
	at org.junit.jupiter.engine.descriptor.TestMethodTestDescriptor.lambda$prepare$1(TestMethodTestDescriptor.java:105) ~[junit-jupiter-engine-5.11.4.jar:5.11.4]
	at org.junit.platform.engine.support.hierarchical.ThrowableCollector.execute(ThrowableCollector.java:73) ~[junit-platform-engine-1.11.4.jar:1.11.4]
	at org.junit.jupiter.engine.descriptor.TestMethodTestDescriptor.prepare(TestMethodTestDescriptor.java:104) ~[junit-jupiter-engine-5.11.4.jar:5.11.4]
	at org.junit.jupiter.engine.descriptor.TestMethodTestDescriptor.prepare(TestMethodTestDescriptor.java:68) ~[junit-jupiter-engine-5.11.4.jar:5.11.4]
	at org.junit.platform.engine.support.hierarchical.NodeTestTask.lambda$prepare$2(NodeTestTask.java:128) ~[junit-platform-engine-1.11.4.jar:1.11.4]
	at org.junit.platform.engine.support.hierarchical.ThrowableCollector.execute(ThrowableCollector.java:73) ~[junit-platform-engine-1.11.4.jar:1.11.4]
	at org.junit.platform.engine.support.hierarchical.NodeTestTask.prepare(NodeTestTask.java:128) ~[junit-platform-engine-1.11.4.jar:1.11.4]
	at org.junit.platform.engine.support.hierarchical.NodeTestTask.execute(NodeTestTask.java:95) ~[junit-platform-engine-1.11.4.jar:1.11.4]
	at java.base/java.util.ArrayList.forEach(ArrayList.java:1597) ~[na:na]
	at org.junit.platform.engine.support.hierarchical.SameThreadHierarchicalTestExecutorService.invokeAll(SameThreadHierarchicalTestExecutorService.java:41) ~[junit-platform-engine-1.11.4.jar:1.11.4]
	at org.junit.platform.engine.support.hierarchical.NodeTestTask.lambda$executeRecursively$6(NodeTestTask.java:160) ~[junit-platform-engine-1.11.4.jar:1.11.4]
	at org.junit.platform.engine.support.hierarchical.ThrowableCollector.execute(ThrowableCollector.java:73) ~[junit-platform-engine-1.11.4.jar:1.11.4]
	at org.junit.platform.engine.support.hierarchical.NodeTestTask.lambda$executeRecursively$8(NodeTestTask.java:146) ~[junit-platform-engine-1.11.4.jar:1.11.4]
	at org.junit.platform.engine.support.hierarchical.Node.around(Node.java:137) ~[junit-platform-engine-1.11.4.jar:1.11.4]
	at org.junit.platform.engine.support.hierarchical.NodeTestTask.lambda$executeRecursively$9(NodeTestTask.java:144) ~[junit-platform-engine-1.11.4.jar:1.11.4]
	at org.junit.platform.engine.support.hierarchical.ThrowableCollector.execute(ThrowableCollector.java:73) ~[junit-platform-engine-1.11.4.jar:1.11.4]
	at org.junit.platform.engine.support.hierarchical.NodeTestTask.executeRecursively(NodeTestTask.java:143) ~[junit-platform-engine-1.11.4.jar:1.11.4]
	at org.junit.platform.engine.support.hierarchical.NodeTestTask.execute(NodeTestTask.java:100) ~[junit-platform-engine-1.11.4.jar:1.11.4]
	at java.base/java.util.ArrayList.forEach(ArrayList.java:1597) ~[na:na]
	at org.junit.platform.engine.support.hierarchical.SameThreadHierarchicalTestExecutorService.invokeAll(SameThreadHierarchicalTestExecutorService.java:41) ~[junit-platform-engine-1.11.4.jar:1.11.4]
	at org.junit.platform.engine.support.hierarchical.NodeTestTask.lambda$executeRecursively$6(NodeTestTask.java:160) ~[junit-platform-engine-1.11.4.jar:1.11.4]
	at org.junit.platform.engine.support.hierarchical.ThrowableCollector.execute(ThrowableCollector.java:73) ~[junit-platform-engine-1.11.4.jar:1.11.4]
	at org.junit.platform.engine.support.hierarchical.NodeTestTask.lambda$executeRecursively$8(NodeTestTask.java:146) ~[junit-platform-engine-1.11.4.jar:1.11.4]
	at org.junit.platform.engine.support.hierarchical.Node.around(Node.java:137) ~[junit-platform-engine-1.11.4.jar:1.11.4]
	at org.junit.platform.engine.support.hierarchical.NodeTestTask.lambda$executeRecursively$9(NodeTestTask.java:144) ~[junit-platform-engine-1.11.4.jar:1.11.4]
	at org.junit.platform.engine.support.hierarchical.ThrowableCollector.execute(ThrowableCollector.java:73) ~[junit-platform-engine-1.11.4.jar:1.11.4]
	at org.junit.platform.engine.support.hierarchical.NodeTestTask.executeRecursively(NodeTestTask.java:143) ~[junit-platform-engine-1.11.4.jar:1.11.4]
	at org.junit.platform.engine.support.hierarchical.NodeTestTask.execute(NodeTestTask.java:100) ~[junit-platform-engine-1.11.4.jar:1.11.4]
	at org.junit.platform.engine.support.hierarchical.SameThreadHierarchicalTestExecutorService.submit(SameThreadHierarchicalTestExecutorService.java:35) ~[junit-platform-engine-1.11.4.jar:1.11.4]
	at org.junit.platform.engine.support.hierarchical.HierarchicalTestExecutor.execute(HierarchicalTestExecutor.java:57) ~[junit-platform-engine-1.11.4.jar:1.11.4]
	at org.junit.platform.engine.support.hierarchical.HierarchicalTestEngine.execute(HierarchicalTestEngine.java:54) ~[junit-platform-engine-1.11.4.jar:1.11.4]
	at org.junit.platform.launcher.core.EngineExecutionOrchestrator.execute(EngineExecutionOrchestrator.java:198) ~[junit-platform-launcher-1.11.4.jar:1.11.4]
	at org.junit.platform.launcher.core.EngineExecutionOrchestrator.execute(EngineExecutionOrchestrator.java:169) ~[junit-platform-launcher-1.11.4.jar:1.11.4]
	at org.junit.platform.launcher.core.EngineExecutionOrchestrator.execute(EngineExecutionOrchestrator.java:93) ~[junit-platform-launcher-1.11.4.jar:1.11.4]
	at org.junit.platform.launcher.core.EngineExecutionOrchestrator.lambda$execute$0(EngineExecutionOrchestrator.java:58) ~[junit-platform-launcher-1.11.4.jar:1.11.4]
	at org.junit.platform.launcher.core.EngineExecutionOrchestrator.withInterceptedStreams(EngineExecutionOrchestrator.java:141) ~[junit-platform-launcher-1.11.4.jar:1.11.4]
	at org.junit.platform.launcher.core.EngineExecutionOrchestrator.execute(EngineExecutionOrchestrator.java:57) ~[junit-platform-launcher-1.11.4.jar:1.11.4]
	at org.junit.platform.launcher.core.DefaultLauncher.execute(DefaultLauncher.java:103) ~[junit-platform-launcher-1.11.4.jar:1.11.4]
	at org.junit.platform.launcher.core.DefaultLauncher.execute(DefaultLauncher.java:85) ~[junit-platform-launcher-1.11.4.jar:1.11.4]
	at org.junit.platform.launcher.core.DelegatingLauncher.execute(DelegatingLauncher.java:47) ~[junit-platform-launcher-1.11.4.jar:1.11.4]
	at org.gradle.api.internal.tasks.testing.junitplatform.JUnitPlatformTestClassProcessor$CollectAllTestClassesExecutor.processAllTestClasses(JUnitPlatformTestClassProcessor.java:124) ~[na:na]
	at org.gradle.api.internal.tasks.testing.junitplatform.JUnitPlatformTestClassProcessor$CollectAllTestClassesExecutor.access$000(JUnitPlatformTestClassProcessor.java:99) ~[na:na]
	at org.gradle.api.internal.tasks.testing.junitplatform.JUnitPlatformTestClassProcessor.stop(JUnitPlatformTestClassProcessor.java:94) ~[na:na]
	at org.gradle.api.internal.tasks.testing.SuiteTestClassProcessor.stop(SuiteTestClassProcessor.java:63) ~[na:na]
	at java.base/jdk.internal.reflect.DirectMethodHandleAccessor.invoke(DirectMethodHandleAccessor.java:103) ~[na:na]
	at java.base/java.lang.reflect.Method.invoke(Method.java:580) ~[na:na]
	at org.gradle.internal.dispatch.ReflectionDispatch.dispatch(ReflectionDispatch.java:36) ~[na:na]
	at org.gradle.internal.dispatch.ReflectionDispatch.dispatch(ReflectionDispatch.java:24) ~[na:na]
	at org.gradle.internal.dispatch.ContextClassLoaderDispatch.dispatch(ContextClassLoaderDispatch.java:33) ~[na:na]
	at org.gradle.internal.dispatch.ProxyDispatchAdapter$DispatchingInvocationHandler.invoke(ProxyDispatchAdapter.java:92) ~[na:na]
	at jdk.proxy1/jdk.proxy1.$Proxy4.stop(Unknown Source) ~[na:na]
	at org.gradle.api.internal.tasks.testing.worker.TestWorker$3.run(TestWorker.java:200) ~[na:na]
	at org.gradle.api.internal.tasks.testing.worker.TestWorker.executeAndMaintainThreadName(TestWorker.java:132) ~[na:na]
	at org.gradle.api.internal.tasks.testing.worker.TestWorker.execute(TestWorker.java:103) ~[na:na]
	at org.gradle.api.internal.tasks.testing.worker.TestWorker.execute(TestWorker.java:63) ~[na:na]
	at org.gradle.process.internal.worker.child.ActionExecutionWorker.execute(ActionExecutionWorker.java:56) ~[na:na]
	at org.gradle.process.internal.worker.child.SystemApplicationClassLoaderWorker.call(SystemApplicationClassLoaderWorker.java:121) ~[na:na]
	at org.gradle.process.internal.worker.child.SystemApplicationClassLoaderWorker.call(SystemApplicationClassLoaderWorker.java:71) ~[na:na]
	at worker.org.gradle.process.internal.worker.GradleWorkerMain.run(GradleWorkerMain.java:69) ~[gradle-worker.jar:na]
	at worker.org.gradle.process.internal.worker.GradleWorkerMain.main(GradleWorkerMain.java:74) ~[gradle-worker.jar:na]

2025-04-06T12:38:07.548+03:00 DEBUG 63042 --- [    Test worker] o.s.b.f.s.DefaultListableBeanFactory     : Creating shared instance of singleton bean 'mvcContentNegotiationManager'
2025-04-06T12:38:07.549+03:00 DEBUG 63042 --- [    Test worker] o.s.b.f.s.DefaultListableBeanFactory     : Creating shared instance of singleton bean 'requestMappingHandlerMapping'
2025-04-06T12:38:07.550+03:00 DEBUG 63042 --- [    Test worker] o.s.b.f.s.DefaultListableBeanFactory     : Autowiring by type from bean name 'requestMappingHandlerMapping' via factory method to bean named 'mvcContentNegotiationManager'
2025-04-06T12:38:07.550+03:00 DEBUG 63042 --- [    Test worker] o.s.b.f.s.DefaultListableBeanFactory     : Autowiring by type from bean name 'requestMappingHandlerMapping' via factory method to bean named 'mvcConversionService'
2025-04-06T12:38:07.550+03:00 DEBUG 63042 --- [    Test worker] o.s.b.f.s.DefaultListableBeanFactory     : Autowiring by type from bean name 'requestMappingHandlerMapping' via factory method to bean named 'mvcResourceUrlProvider'
2025-04-06T12:38:07.562+03:00 DEBUG 63042 --- [    Test worker] _.s.web.servlet.HandlerMapping.Mappings  : 
	c.e.s.ProductController:
	{GET [/product/{id}], produces [application/json;charset=utf-8]}: one(Long)
	{POST [/products], produces [application/json;charset=utf-8]}: newProduct(Product)
	{PUT [/product/{id}], produces [application/json;charset=utf-8]}: replaceProduct(Product,Long)
	{DELETE [/product/{id}], produces [application/json;charset=utf-8]}: deleteProduct(Long)
	{GET [/products], produces [application/json;charset=utf-8]}: all()
2025-04-06T12:38:07.566+03:00 DEBUG 63042 --- [    Test worker] _.s.web.servlet.HandlerMapping.Mappings  : 
	o.s.b.a.w.s.e.BasicErrorController:
	{ [/error], produces [text/html]}: errorHtml(HttpServletRequest,HttpServletResponse)
	{ [/error]}: error(HttpServletRequest)
2025-04-06T12:38:07.567+03:00 DEBUG 63042 --- [    Test worker] s.w.s.m.m.a.RequestMappingHandlerMapping : 7 mappings in 'requestMappingHandlerMapping'
2025-04-06T12:38:07.569+03:00 DEBUG 63042 --- [    Test worker] o.s.b.f.s.DefaultListableBeanFactory     : Creating shared instance of singleton bean 'mvcPatternParser'
2025-04-06T12:38:07.569+03:00 DEBUG 63042 --- [    Test worker] o.s.b.f.s.DefaultListableBeanFactory     : Creating shared instance of singleton bean 'mvcUrlPathHelper'
2025-04-06T12:38:07.569+03:00 DEBUG 63042 --- [    Test worker] o.s.b.f.s.DefaultListableBeanFactory     : Creating shared instance of singleton bean 'mvcPathMatcher'
2025-04-06T12:38:07.569+03:00 DEBUG 63042 --- [    Test worker] o.s.b.f.s.DefaultListableBeanFactory     : Creating shared instance of singleton bean 'viewControllerHandlerMapping'
2025-04-06T12:38:07.569+03:00 DEBUG 63042 --- [    Test worker] o.s.b.f.s.DefaultListableBeanFactory     : Autowiring by type from bean name 'viewControllerHandlerMapping' via factory method to bean named 'mvcConversionService'
2025-04-06T12:38:07.569+03:00 DEBUG 63042 --- [    Test worker] o.s.b.f.s.DefaultListableBeanFactory     : Autowiring by type from bean name 'viewControllerHandlerMapping' via factory method to bean named 'mvcResourceUrlProvider'
2025-04-06T12:38:07.570+03:00 DEBUG 63042 --- [    Test worker] o.s.b.f.s.DefaultListableBeanFactory     : Creating shared instance of singleton bean 'beanNameHandlerMapping'
2025-04-06T12:38:07.570+03:00 DEBUG 63042 --- [    Test worker] o.s.b.f.s.DefaultListableBeanFactory     : Autowiring by type from bean name 'beanNameHandlerMapping' via factory method to bean named 'mvcConversionService'
2025-04-06T12:38:07.570+03:00 DEBUG 63042 --- [    Test worker] o.s.b.f.s.DefaultListableBeanFactory     : Autowiring by type from bean name 'beanNameHandlerMapping' via factory method to bean named 'mvcResourceUrlProvider'
2025-04-06T12:38:07.571+03:00 DEBUG 63042 --- [    Test worker] _.s.web.servlet.HandlerMapping.Mappings  : 'beanNameHandlerMapping' {}
2025-04-06T12:38:07.571+03:00 DEBUG 63042 --- [    Test worker] o.s.b.f.s.DefaultListableBeanFactory     : Creating shared instance of singleton bean 'routerFunctionMapping'
2025-04-06T12:38:07.571+03:00 DEBUG 63042 --- [    Test worker] o.s.b.f.s.DefaultListableBeanFactory     : Autowiring by type from bean name 'routerFunctionMapping' via factory method to bean named 'mvcConversionService'
2025-04-06T12:38:07.571+03:00 DEBUG 63042 --- [    Test worker] o.s.b.f.s.DefaultListableBeanFactory     : Autowiring by type from bean name 'routerFunctionMapping' via factory method to bean named 'mvcResourceUrlProvider'
2025-04-06T12:38:07.572+03:00 DEBUG 63042 --- [    Test worker] o.s.b.f.s.DefaultListableBeanFactory     : Creating shared instance of singleton bean 'messageConverters'
2025-04-06T12:38:07.572+03:00 DEBUG 63042 --- [    Test worker] o.s.b.f.s.DefaultListableBeanFactory     : Creating shared instance of singleton bean 'org.springframework.boot.autoconfigure.http.HttpMessageConvertersAutoConfiguration'
2025-04-06T12:38:07.573+03:00 DEBUG 63042 --- [    Test worker] o.s.b.f.s.DefaultListableBeanFactory     : Creating shared instance of singleton bean 'stringHttpMessageConverter'
2025-04-06T12:38:07.573+03:00 DEBUG 63042 --- [    Test worker] o.s.b.f.s.DefaultListableBeanFactory     : Creating shared instance of singleton bean 'org.springframework.boot.autoconfigure.http.HttpMessageConvertersAutoConfiguration$StringHttpMessageConverterConfiguration'
2025-04-06T12:38:07.573+03:00 DEBUG 63042 --- [    Test worker] o.s.b.f.s.DefaultListableBeanFactory     : Autowiring by type from bean name 'stringHttpMessageConverter' via factory method to bean named 'environment'
2025-04-06T12:38:07.575+03:00 DEBUG 63042 --- [    Test worker] o.s.b.f.s.DefaultListableBeanFactory     : Creating shared instance of singleton bean 'mappingJackson2HttpMessageConverter'
2025-04-06T12:38:07.575+03:00 DEBUG 63042 --- [    Test worker] o.s.b.f.s.DefaultListableBeanFactory     : Creating shared instance of singleton bean 'org.springframework.boot.autoconfigure.http.JacksonHttpMessageConvertersConfiguration$MappingJackson2HttpMessageConverterConfiguration'
2025-04-06T12:38:07.575+03:00 DEBUG 63042 --- [    Test worker] o.s.b.f.s.DefaultListableBeanFactory     : Creating shared instance of singleton bean 'jacksonObjectMapper'
2025-04-06T12:38:07.575+03:00 DEBUG 63042 --- [    Test worker] o.s.b.f.s.DefaultListableBeanFactory     : Creating shared instance of singleton bean 'org.springframework.boot.autoconfigure.jackson.JacksonAutoConfiguration$JacksonObjectMapperConfiguration'
2025-04-06T12:38:07.575+03:00 DEBUG 63042 --- [    Test worker] o.s.b.f.s.DefaultListableBeanFactory     : Creating shared instance of singleton bean 'org.springframework.boot.autoconfigure.jackson.JacksonAutoConfiguration$JacksonObjectMapperBuilderConfiguration'
2025-04-06T12:38:07.576+03:00 DEBUG 63042 --- [    Test worker] o.s.b.f.s.DefaultListableBeanFactory     : Creating shared instance of singleton bean 'standardJacksonObjectMapperBuilderCustomizer'
2025-04-06T12:38:07.576+03:00 DEBUG 63042 --- [    Test worker] o.s.b.f.s.DefaultListableBeanFactory     : Creating shared instance of singleton bean 'org.springframework.boot.autoconfigure.jackson.JacksonAutoConfiguration$Jackson2ObjectMapperBuilderCustomizerConfiguration'
2025-04-06T12:38:07.576+03:00 DEBUG 63042 --- [    Test worker] o.s.b.f.s.DefaultListableBeanFactory     : Creating shared instance of singleton bean 'spring.jackson-org.springframework.boot.autoconfigure.jackson.JacksonProperties'
2025-04-06T12:38:07.577+03:00 DEBUG 63042 --- [    Test worker] o.s.b.f.s.DefaultListableBeanFactory     : Autowiring by type from bean name 'standardJacksonObjectMapperBuilderCustomizer' via factory method to bean named 'spring.jackson-org.springframework.boot.autoconfigure.jackson.JacksonProperties'
2025-04-06T12:38:07.577+03:00 DEBUG 63042 --- [    Test worker] o.s.b.f.s.DefaultListableBeanFactory     : Creating shared instance of singleton bean 'parameterNamesModule'
2025-04-06T12:38:07.577+03:00 DEBUG 63042 --- [    Test worker] o.s.b.f.s.DefaultListableBeanFactory     : Creating shared instance of singleton bean 'org.springframework.boot.autoconfigure.jackson.JacksonAutoConfiguration$ParameterNamesModuleConfiguration'
2025-04-06T12:38:07.578+03:00 DEBUG 63042 --- [    Test worker] o.s.b.f.s.DefaultListableBeanFactory     : Creating shared instance of singleton bean 'jsonMixinModule'
2025-04-06T12:38:07.579+03:00 DEBUG 63042 --- [    Test worker] o.s.b.f.s.DefaultListableBeanFactory     : Creating shared instance of singleton bean 'org.springframework.boot.autoconfigure.jackson.JacksonAutoConfiguration$JacksonMixinConfiguration'
2025-04-06T12:38:07.579+03:00 DEBUG 63042 --- [    Test worker] o.s.b.f.s.DefaultListableBeanFactory     : Creating shared instance of singleton bean 'jsonMixinModuleEntries'
2025-04-06T12:38:07.579+03:00 DEBUG 63042 --- [    Test worker] o.s.b.f.s.DefaultListableBeanFactory     : Autowiring by type from bean name 'jsonMixinModuleEntries' via factory method to bean named 'org.springframework.boot.web.servlet.context.AnnotationConfigServletWebServerApplicationContext@104dc1a2'
2025-04-06T12:38:07.580+03:00 DEBUG 63042 --- [    Test worker] o.s.b.f.s.DefaultListableBeanFactory     : Autowiring by type from bean name 'jsonMixinModule' via factory method to bean named 'org.springframework.boot.web.servlet.context.AnnotationConfigServletWebServerApplicationContext@104dc1a2'
2025-04-06T12:38:07.580+03:00 DEBUG 63042 --- [    Test worker] o.s.b.f.s.DefaultListableBeanFactory     : Autowiring by type from bean name 'jsonMixinModule' via factory method to bean named 'jsonMixinModuleEntries'
2025-04-06T12:38:07.581+03:00 DEBUG 63042 --- [    Test worker] o.s.b.f.s.DefaultListableBeanFactory     : Creating shared instance of singleton bean 'jsonComponentModule'
2025-04-06T12:38:07.581+03:00 DEBUG 63042 --- [    Test worker] o.s.b.f.s.DefaultListableBeanFactory     : Creating shared instance of singleton bean 'org.springframework.boot.autoconfigure.jackson.JacksonAutoConfiguration'
2025-04-06T12:38:07.582+03:00 DEBUG 63042 --- [    Test worker] o.s.b.f.s.DefaultListableBeanFactory     : Creating shared instance of singleton bean 'jacksonGeoModule'
2025-04-06T12:38:07.582+03:00 DEBUG 63042 --- [    Test worker] o.s.b.f.s.DefaultListableBeanFactory     : Creating shared instance of singleton bean 'org.springframework.data.web.config.SpringDataJacksonConfiguration'
2025-04-06T12:38:07.583+03:00 DEBUG 63042 --- [    Test worker] o.s.b.f.s.DefaultListableBeanFactory     : Creating shared instance of singleton bean 'springDataWebSettings'
2025-04-06T12:38:07.583+03:00 DEBUG 63042 --- [    Test worker] o.s.b.f.s.DefaultListableBeanFactory     : Creating shared instance of singleton bean 'org.springframework.boot.autoconfigure.data.web.SpringDataWebAutoConfiguration'
2025-04-06T12:38:07.583+03:00 DEBUG 63042 --- [    Test worker] o.s.b.f.s.DefaultListableBeanFactory     : Creating shared instance of singleton bean 'spring.data.web-org.springframework.boot.autoconfigure.data.web.SpringDataWebProperties'
2025-04-06T12:38:07.584+03:00 DEBUG 63042 --- [    Test worker] o.s.b.f.s.DefaultListableBeanFactory     : Autowiring by type from bean name 'org.springframework.boot.autoconfigure.data.web.SpringDataWebAutoConfiguration' via constructor to bean named 'spring.data.web-org.springframework.boot.autoconfigure.data.web.SpringDataWebProperties'
2025-04-06T12:38:07.586+03:00 DEBUG 63042 --- [    Test worker] o.s.b.f.s.DefaultListableBeanFactory     : Creating shared instance of singleton bean 'pageModule'
2025-04-06T12:38:07.586+03:00 DEBUG 63042 --- [    Test worker] o.s.b.f.s.DefaultListableBeanFactory     : Autowiring by type from bean name 'jacksonObjectMapperBuilder' via factory method to bean named 'org.springframework.boot.web.servlet.context.AnnotationConfigServletWebServerApplicationContext@104dc1a2'
2025-04-06T12:38:07.586+03:00 DEBUG 63042 --- [    Test worker] o.s.b.f.s.DefaultListableBeanFactory     : Autowiring by type from bean name 'jacksonObjectMapperBuilder' via factory method to bean named 'standardJacksonObjectMapperBuilderCustomizer'
2025-04-06T12:38:07.587+03:00 DEBUG 63042 --- [    Test worker] o.s.b.f.s.DefaultListableBeanFactory     : Autowiring by type from bean name 'jacksonObjectMapper' via factory method to bean named 'jacksonObjectMapperBuilder'
2025-04-06T12:38:07.590+03:00 DEBUG 63042 --- [    Test worker] o.s.b.f.s.DefaultListableBeanFactory     : Autowiring by type from bean name 'mappingJackson2HttpMessageConverter' via factory method to bean named 'jacksonObjectMapper'
2025-04-06T12:38:07.597+03:00 DEBUG 63042 --- [    Test worker] o.s.b.f.s.DefaultListableBeanFactory     : Creating shared instance of singleton bean 'resourceHandlerMapping'
2025-04-06T12:38:07.597+03:00 DEBUG 63042 --- [    Test worker] o.s.b.f.s.DefaultListableBeanFactory     : Autowiring by type from bean name 'resourceHandlerMapping' via factory method to bean named 'mvcContentNegotiationManager'
2025-04-06T12:38:07.597+03:00 DEBUG 63042 --- [    Test worker] o.s.b.f.s.DefaultListableBeanFactory     : Autowiring by type from bean name 'resourceHandlerMapping' via factory method to bean named 'mvcConversionService'
2025-04-06T12:38:07.597+03:00 DEBUG 63042 --- [    Test worker] o.s.b.f.s.DefaultListableBeanFactory     : Autowiring by type from bean name 'resourceHandlerMapping' via factory method to bean named 'mvcResourceUrlProvider'
2025-04-06T12:38:07.601+03:00 DEBUG 63042 --- [    Test worker] org.apache.catalina.webresources.Cache   : Increased cache size by [501] for item [org.apache.catalina.webresources.CachedResource@2d63534d] at [/] making total cache size [1553]
2025-04-06T12:38:07.602+03:00 DEBUG 63042 --- [    Test worker] _.s.web.servlet.HandlerMapping.Mappings  : 'resourceHandlerMapping' {/webjars/**=ResourceHttpRequestHandler [classpath [META-INF/resources/webjars/]], /**=ResourceHttpRequestHandler [classpath [META-INF/resources/], classpath [resources/], classpath [static/], classpath [public/], ServletContext [/]]}
2025-04-06T12:38:07.603+03:00 DEBUG 63042 --- [    Test worker] o.s.b.f.s.DefaultListableBeanFactory     : Creating shared instance of singleton bean 'defaultServletHandlerMapping'
2025-04-06T12:38:07.603+03:00 DEBUG 63042 --- [    Test worker] o.s.b.f.s.DefaultListableBeanFactory     : Creating shared instance of singleton bean 'requestMappingHandlerAdapter'
2025-04-06T12:38:07.604+03:00 DEBUG 63042 --- [    Test worker] o.s.b.f.s.DefaultListableBeanFactory     : Autowiring by type from bean name 'requestMappingHandlerAdapter' via factory method to bean named 'mvcContentNegotiationManager'
2025-04-06T12:38:07.604+03:00 DEBUG 63042 --- [    Test worker] o.s.b.f.s.DefaultListableBeanFactory     : Autowiring by type from bean name 'requestMappingHandlerAdapter' via factory method to bean named 'mvcConversionService'
2025-04-06T12:38:07.604+03:00 DEBUG 63042 --- [    Test worker] o.s.b.f.s.DefaultListableBeanFactory     : Autowiring by type from bean name 'requestMappingHandlerAdapter' via factory method to bean named 'mvcValidator'
2025-04-06T12:38:07.606+03:00 DEBUG 63042 --- [    Test worker] o.s.b.f.s.DefaultListableBeanFactory     : Creating shared instance of singleton bean 'sortResolver'
2025-04-06T12:38:07.606+03:00 DEBUG 63042 --- [    Test worker] o.s.b.f.s.DefaultListableBeanFactory     : Creating shared instance of singleton bean 'sortCustomizer'
2025-04-06T12:38:07.607+03:00 DEBUG 63042 --- [    Test worker] o.s.b.f.s.DefaultListableBeanFactory     : Creating shared instance of singleton bean 'pageableResolver'
2025-04-06T12:38:07.608+03:00 DEBUG 63042 --- [    Test worker] o.s.b.f.s.DefaultListableBeanFactory     : Creating shared instance of singleton bean 'pageableCustomizer'
2025-04-06T12:38:07.609+03:00 DEBUG 63042 --- [    Test worker] o.s.b.f.s.DefaultListableBeanFactory     : Creating shared instance of singleton bean 'applicationTaskExecutor'
2025-04-06T12:38:07.609+03:00 DEBUG 63042 --- [    Test worker] o.s.b.f.s.DefaultListableBeanFactory     : Autowiring by type from bean name 'applicationTaskExecutor' via factory method to bean named 'threadPoolTaskExecutorBuilder'
2025-04-06T12:38:07.610+03:00 DEBUG 63042 --- [    Test worker] o.s.s.concurrent.ThreadPoolTaskExecutor  : Initializing ExecutorService 'applicationTaskExecutor'
2025-04-06T12:38:07.614+03:00 DEBUG 63042 --- [    Test worker] s.w.s.m.m.a.RequestMappingHandlerAdapter : ControllerAdvice beans: 0 @ModelAttribute, 0 @InitBinder, 1 RequestBodyAdvice, 1 ResponseBodyAdvice
2025-04-06T12:38:07.621+03:00 DEBUG 63042 --- [    Test worker] o.s.b.f.s.DefaultListableBeanFactory     : Creating shared instance of singleton bean 'mvcViewResolver'
2025-04-06T12:38:07.621+03:00 DEBUG 63042 --- [    Test worker] o.s.b.f.s.DefaultListableBeanFactory     : Autowiring by type from bean name 'mvcViewResolver' via factory method to bean named 'mvcContentNegotiationManager'
2025-04-06T12:38:07.622+03:00 DEBUG 63042 --- [    Test worker] o.s.b.f.s.DefaultListableBeanFactory     : Creating shared instance of singleton bean 'defaultViewResolver'
2025-04-06T12:38:07.624+03:00 DEBUG 63042 --- [    Test worker] o.s.b.f.s.DefaultListableBeanFactory     : Creating shared instance of singleton bean 'viewResolver'
2025-04-06T12:38:07.624+03:00 DEBUG 63042 --- [    Test worker] o.s.b.f.s.DefaultListableBeanFactory     : Autowiring by type from bean name 'viewResolver' via factory method to bean named 'org.springframework.beans.factory.support.DefaultListableBeanFactory@41e9f86'
2025-04-06T12:38:07.624+03:00 DEBUG 63042 --- [    Test worker] o.s.b.f.s.DefaultListableBeanFactory     : Creating shared instance of singleton bean 'viewResolver'
2025-04-06T12:38:07.628+03:00 DEBUG 63042 --- [    Test worker] o.s.b.f.s.DefaultListableBeanFactory     : Creating shared instance of singleton bean 'handlerFunctionAdapter'
2025-04-06T12:38:07.629+03:00 DEBUG 63042 --- [    Test worker] o.s.b.f.s.DefaultListableBeanFactory     : Creating shared instance of singleton bean 'mvcUriComponentsContributor'
2025-04-06T12:38:07.629+03:00 DEBUG 63042 --- [    Test worker] o.s.b.f.s.DefaultListableBeanFactory     : Autowiring by type from bean name 'mvcUriComponentsContributor' via factory method to bean named 'mvcConversionService'
2025-04-06T12:38:07.629+03:00 DEBUG 63042 --- [    Test worker] o.s.b.f.s.DefaultListableBeanFactory     : Autowiring by type from bean name 'mvcUriComponentsContributor' via factory method to bean named 'requestMappingHandlerAdapter'
2025-04-06T12:38:07.630+03:00 DEBUG 63042 --- [    Test worker] o.s.b.f.s.DefaultListableBeanFactory     : Creating shared instance of singleton bean 'httpRequestHandlerAdapter'
2025-04-06T12:38:07.630+03:00 DEBUG 63042 --- [    Test worker] o.s.b.f.s.DefaultListableBeanFactory     : Creating shared instance of singleton bean 'simpleControllerHandlerAdapter'
2025-04-06T12:38:07.630+03:00 DEBUG 63042 --- [    Test worker] o.s.b.f.s.DefaultListableBeanFactory     : Creating shared instance of singleton bean 'handlerExceptionResolver'
2025-04-06T12:38:07.630+03:00 DEBUG 63042 --- [    Test worker] o.s.b.f.s.DefaultListableBeanFactory     : Autowiring by type from bean name 'handlerExceptionResolver' via factory method to bean named 'mvcContentNegotiationManager'
2025-04-06T12:38:07.632+03:00 DEBUG 63042 --- [    Test worker] .m.m.a.ExceptionHandlerExceptionResolver : ControllerAdvice beans: 0 @ExceptionHandler, 1 ResponseBodyAdvice
2025-04-06T12:38:07.633+03:00 DEBUG 63042 --- [    Test worker] o.s.b.f.s.DefaultListableBeanFactory     : Creating shared instance of singleton bean 'org.springframework.boot.autoconfigure.aop.AopAutoConfiguration$AspectJAutoProxyingConfiguration$CglibAutoProxyConfiguration'
2025-04-06T12:38:07.633+03:00 DEBUG 63042 --- [    Test worker] o.s.b.f.s.DefaultListableBeanFactory     : Creating shared instance of singleton bean 'org.springframework.boot.autoconfigure.aop.AopAutoConfiguration$AspectJAutoProxyingConfiguration'
2025-04-06T12:38:07.633+03:00 DEBUG 63042 --- [    Test worker] o.s.b.f.s.DefaultListableBeanFactory     : Creating shared instance of singleton bean 'org.springframework.boot.autoconfigure.aop.AopAutoConfiguration'
2025-04-06T12:38:07.633+03:00 DEBUG 63042 --- [    Test worker] o.s.b.f.s.DefaultListableBeanFactory     : Creating shared instance of singleton bean 'org.springframework.boot.autoconfigure.availability.ApplicationAvailabilityAutoConfiguration'
2025-04-06T12:38:07.633+03:00 DEBUG 63042 --- [    Test worker] o.s.b.f.s.DefaultListableBeanFactory     : Creating shared instance of singleton bean 'applicationAvailability'
2025-04-06T12:38:07.634+03:00 DEBUG 63042 --- [    Test worker] o.s.b.f.s.DefaultListableBeanFactory     : Creating shared instance of singleton bean 'org.springframework.boot.autoconfigure.transaction.jta.JtaAutoConfiguration'
2025-04-06T12:38:07.634+03:00 DEBUG 63042 --- [    Test worker] o.s.b.f.s.DefaultListableBeanFactory     : Creating shared instance of singleton bean 'org.springframework.boot.autoconfigure.jdbc.metadata.DataSourcePoolMetadataProvidersConfiguration'
2025-04-06T12:38:07.634+03:00 DEBUG 63042 --- [    Test worker] o.s.b.f.s.DefaultListableBeanFactory     : Creating shared instance of singleton bean 'org.springframework.boot.autoconfigure.jdbc.DataSourceAutoConfiguration'
2025-04-06T12:38:07.634+03:00 DEBUG 63042 --- [    Test worker] o.s.b.f.s.DefaultListableBeanFactory     : Creating shared instance of singleton bean 'org.springframework.boot.autoconfigure.transaction.TransactionManagerCustomizationAutoConfiguration'
2025-04-06T12:38:07.634+03:00 DEBUG 63042 --- [    Test worker] o.s.b.f.s.DefaultListableBeanFactory     : Creating shared instance of singleton bean 'platformTransactionManagerCustomizers'
2025-04-06T12:38:07.634+03:00 DEBUG 63042 --- [    Test worker] o.s.b.f.s.DefaultListableBeanFactory     : Creating shared instance of singleton bean 'transactionExecutionListeners'
2025-04-06T12:38:07.635+03:00 DEBUG 63042 --- [    Test worker] o.s.b.f.s.DefaultListableBeanFactory     : Creating shared instance of singleton bean 'spring.transaction-org.springframework.boot.autoconfigure.transaction.TransactionProperties'
2025-04-06T12:38:07.636+03:00 DEBUG 63042 --- [    Test worker] o.s.b.f.s.DefaultListableBeanFactory     : Creating shared instance of singleton bean 'org.springframework.boot.autoconfigure.orm.jpa.JpaBaseConfiguration$PersistenceManagedTypesConfiguration'
2025-04-06T12:38:07.636+03:00 DEBUG 63042 --- [    Test worker] o.s.b.f.s.DefaultListableBeanFactory     : Creating shared instance of singleton bean 'transactionManager'
2025-04-06T12:38:07.639+03:00 DEBUG 63042 --- [    Test worker] o.s.b.f.s.DefaultListableBeanFactory     : Creating shared instance of singleton bean 'org.springframework.boot.autoconfigure.orm.jpa.HibernateJpaAutoConfiguration'
2025-04-06T12:38:07.639+03:00 DEBUG 63042 --- [    Test worker] o.s.b.f.s.DefaultListableBeanFactory     : Creating shared instance of singleton bean 'org.springframework.boot.autoconfigure.context.ConfigurationPropertiesAutoConfiguration'
2025-04-06T12:38:07.639+03:00 DEBUG 63042 --- [    Test worker] o.s.b.f.s.DefaultListableBeanFactory     : Creating shared instance of singleton bean 'org.springframework.boot.autoconfigure.context.LifecycleAutoConfiguration'
2025-04-06T12:38:07.639+03:00 DEBUG 63042 --- [    Test worker] o.s.b.f.s.DefaultListableBeanFactory     : Creating shared instance of singleton bean 'lifecycleProcessor'
2025-04-06T12:38:07.639+03:00 DEBUG 63042 --- [    Test worker] o.s.b.f.s.DefaultListableBeanFactory     : Creating shared instance of singleton bean 'spring.lifecycle-org.springframework.boot.autoconfigure.context.LifecycleProperties'
2025-04-06T12:38:07.640+03:00 DEBUG 63042 --- [    Test worker] o.s.b.f.s.DefaultListableBeanFactory     : Autowiring by type from bean name 'lifecycleProcessor' via factory method to bean named 'spring.lifecycle-org.springframework.boot.autoconfigure.context.LifecycleProperties'
2025-04-06T12:38:07.640+03:00 DEBUG 63042 --- [    Test worker] o.s.b.f.s.DefaultListableBeanFactory     : Creating shared instance of singleton bean 'org.springframework.boot.autoconfigure.dao.PersistenceExceptionTranslationAutoConfiguration'
2025-04-06T12:38:07.640+03:00 DEBUG 63042 --- [    Test worker] o.s.b.f.s.DefaultListableBeanFactory     : Creating shared instance of singleton bean 'org.springframework.boot.autoconfigure.data.jpa.JpaRepositoriesAutoConfiguration'
2025-04-06T12:38:07.640+03:00 DEBUG 63042 --- [    Test worker] o.s.b.f.s.DefaultListableBeanFactory     : Creating shared instance of singleton bean 'org.springframework.data.jpa.util.JpaMetamodelCacheCleanup'
2025-04-06T12:38:07.641+03:00 DEBUG 63042 --- [    Test worker] o.s.b.f.s.DefaultListableBeanFactory     : Creating shared instance of singleton bean 'org.springframework.data.jpa.repository.support.JpaEvaluationContextExtension'
2025-04-06T12:38:07.641+03:00 DEBUG 63042 --- [    Test worker] o.s.b.f.s.DefaultListableBeanFactory     : Creating shared instance of singleton bean 'data-jpa.repository-aot-processor#0'
2025-04-06T12:38:07.646+03:00 DEBUG 63042 --- [    Test worker] o.s.b.f.s.DefaultListableBeanFactory     : Creating shared instance of singleton bean 'org.springframework.boot.autoconfigure.http.JacksonHttpMessageConvertersConfiguration'
2025-04-06T12:38:07.646+03:00 DEBUG 63042 --- [    Test worker] o.s.b.f.s.DefaultListableBeanFactory     : Creating shared instance of singleton bean 'org.springframework.data.web.config.ProjectingArgumentResolverRegistrar'
2025-04-06T12:38:07.646+03:00 DEBUG 63042 --- [    Test worker] o.s.b.f.s.DefaultListableBeanFactory     : Creating shared instance of singleton bean 'offsetResolver'
2025-04-06T12:38:07.648+03:00 DEBUG 63042 --- [    Test worker] o.s.b.f.s.DefaultListableBeanFactory     : Creating shared instance of singleton bean 'org.springframework.boot.autoconfigure.http.client.HttpClientAutoConfiguration'
2025-04-06T12:38:07.648+03:00 DEBUG 63042 --- [    Test worker] o.s.b.f.s.DefaultListableBeanFactory     : Creating shared instance of singleton bean 'clientHttpRequestFactoryBuilder'
2025-04-06T12:38:07.649+03:00 DEBUG 63042 --- [    Test worker] o.s.b.f.s.DefaultListableBeanFactory     : Creating shared instance of singleton bean 'spring.http.client-org.springframework.boot.autoconfigure.http.client.HttpClientProperties'
2025-04-06T12:38:07.651+03:00 DEBUG 63042 --- [    Test worker] o.s.b.f.s.DefaultListableBeanFactory     : Autowiring by type from bean name 'clientHttpRequestFactoryBuilder' via factory method to bean named 'spring.http.client-org.springframework.boot.autoconfigure.http.client.HttpClientProperties'
2025-04-06T12:38:07.658+03:00 DEBUG 63042 --- [    Test worker] o.s.b.f.s.DefaultListableBeanFactory     : Creating shared instance of singleton bean 'clientHttpRequestFactorySettings'
2025-04-06T12:38:07.658+03:00 DEBUG 63042 --- [    Test worker] o.s.b.f.s.DefaultListableBeanFactory     : Autowiring by type from bean name 'clientHttpRequestFactorySettings' via factory method to bean named 'spring.http.client-org.springframework.boot.autoconfigure.http.client.HttpClientProperties'
2025-04-06T12:38:07.659+03:00 DEBUG 63042 --- [    Test worker] o.s.b.f.s.DefaultListableBeanFactory     : Creating shared instance of singleton bean 'org.springframework.boot.autoconfigure.info.ProjectInfoAutoConfiguration'
2025-04-06T12:38:07.660+03:00 DEBUG 63042 --- [    Test worker] o.s.b.f.s.DefaultListableBeanFactory     : Creating shared instance of singleton bean 'spring.info-org.springframework.boot.autoconfigure.info.ProjectInfoProperties'
2025-04-06T12:38:07.661+03:00 DEBUG 63042 --- [    Test worker] o.s.b.f.s.DefaultListableBeanFactory     : Autowiring by type from bean name 'org.springframework.boot.autoconfigure.info.ProjectInfoAutoConfiguration' via constructor to bean named 'spring.info-org.springframework.boot.autoconfigure.info.ProjectInfoProperties'
2025-04-06T12:38:07.661+03:00 DEBUG 63042 --- [    Test worker] o.s.b.f.s.DefaultListableBeanFactory     : Creating shared instance of singleton bean 'org.springframework.boot.autoconfigure.jdbc.JdbcTemplateConfiguration'
2025-04-06T12:38:07.661+03:00 DEBUG 63042 --- [    Test worker] o.s.b.f.s.DefaultListableBeanFactory     : Creating shared instance of singleton bean 'jdbcTemplate'
2025-04-06T12:38:07.661+03:00 DEBUG 63042 --- [    Test worker] o.s.b.f.s.DefaultListableBeanFactory     : Creating shared instance of singleton bean 'spring.jdbc-org.springframework.boot.autoconfigure.jdbc.JdbcProperties'
2025-04-06T12:38:07.661+03:00 DEBUG 63042 --- [    Test worker] o.s.b.f.s.DefaultListableBeanFactory     : Autowiring by type from bean name 'jdbcTemplate' via factory method to bean named 'dataSource'
2025-04-06T12:38:07.661+03:00 DEBUG 63042 --- [    Test worker] o.s.b.f.s.DefaultListableBeanFactory     : Autowiring by type from bean name 'jdbcTemplate' via factory method to bean named 'spring.jdbc-org.springframework.boot.autoconfigure.jdbc.JdbcProperties'
2025-04-06T12:38:07.663+03:00 DEBUG 63042 --- [    Test worker] o.s.b.f.s.DefaultListableBeanFactory     : Creating shared instance of singleton bean 'org.springframework.boot.autoconfigure.jdbc.NamedParameterJdbcTemplateConfiguration'
2025-04-06T12:38:07.663+03:00 DEBUG 63042 --- [    Test worker] o.s.b.f.s.DefaultListableBeanFactory     : Creating shared instance of singleton bean 'namedParameterJdbcTemplate'
2025-04-06T12:38:07.663+03:00 DEBUG 63042 --- [    Test worker] o.s.b.f.s.DefaultListableBeanFactory     : Autowiring by type from bean name 'namedParameterJdbcTemplate' via factory method to bean named 'jdbcTemplate'
2025-04-06T12:38:07.664+03:00 DEBUG 63042 --- [    Test worker] o.s.b.f.s.DefaultListableBeanFactory     : Creating shared instance of singleton bean 'org.springframework.boot.autoconfigure.jdbc.JdbcTemplateAutoConfiguration'
2025-04-06T12:38:07.664+03:00 DEBUG 63042 --- [    Test worker] o.s.b.f.s.DefaultListableBeanFactory     : Creating shared instance of singleton bean 'org.springframework.boot.autoconfigure.jdbc.JdbcClientAutoConfiguration'
2025-04-06T12:38:07.664+03:00 DEBUG 63042 --- [    Test worker] o.s.b.f.s.DefaultListableBeanFactory     : Creating shared instance of singleton bean 'jdbcClient'
2025-04-06T12:38:07.665+03:00 DEBUG 63042 --- [    Test worker] o.s.b.f.s.DefaultListableBeanFactory     : Autowiring by type from bean name 'jdbcClient' via factory method to bean named 'namedParameterJdbcTemplate'
2025-04-06T12:38:07.665+03:00 DEBUG 63042 --- [    Test worker] o.s.b.f.s.DefaultListableBeanFactory     : Creating shared instance of singleton bean 'org.springframework.boot.autoconfigure.sql.init.SqlInitializationAutoConfiguration'
2025-04-06T12:38:07.665+03:00 DEBUG 63042 --- [    Test worker] o.s.b.f.s.DefaultListableBeanFactory     : Creating shared instance of singleton bean 'org.springframework.boot.autoconfigure.task.TaskSchedulingConfigurations$ThreadPoolTaskSchedulerBuilderConfiguration'
2025-04-06T12:38:07.665+03:00 DEBUG 63042 --- [    Test worker] o.s.b.f.s.DefaultListableBeanFactory     : Creating shared instance of singleton bean 'threadPoolTaskSchedulerBuilder'
2025-04-06T12:38:07.665+03:00 DEBUG 63042 --- [    Test worker] o.s.b.f.s.DefaultListableBeanFactory     : Creating shared instance of singleton bean 'spring.task.scheduling-org.springframework.boot.autoconfigure.task.TaskSchedulingProperties'
2025-04-06T12:38:07.666+03:00 DEBUG 63042 --- [    Test worker] o.s.b.f.s.DefaultListableBeanFactory     : Autowiring by type from bean name 'threadPoolTaskSchedulerBuilder' via factory method to bean named 'spring.task.scheduling-org.springframework.boot.autoconfigure.task.TaskSchedulingProperties'
2025-04-06T12:38:07.666+03:00 DEBUG 63042 --- [    Test worker] o.s.b.f.s.DefaultListableBeanFactory     : Creating shared instance of singleton bean 'org.springframework.boot.autoconfigure.task.TaskSchedulingConfigurations$SimpleAsyncTaskSchedulerBuilderConfiguration'
2025-04-06T12:38:07.666+03:00 DEBUG 63042 --- [    Test worker] o.s.b.f.s.DefaultListableBeanFactory     : Autowiring by type from bean name 'org.springframework.boot.autoconfigure.task.TaskSchedulingConfigurations$SimpleAsyncTaskSchedulerBuilderConfiguration' via constructor to bean named 'spring.task.scheduling-org.springframework.boot.autoconfigure.task.TaskSchedulingProperties'
2025-04-06T12:38:07.667+03:00 DEBUG 63042 --- [    Test worker] o.s.b.f.s.DefaultListableBeanFactory     : Creating shared instance of singleton bean 'simpleAsyncTaskSchedulerBuilder'
2025-04-06T12:38:07.667+03:00 DEBUG 63042 --- [    Test worker] o.s.b.f.s.DefaultListableBeanFactory     : Creating shared instance of singleton bean 'org.springframework.boot.autoconfigure.task.TaskSchedulingAutoConfiguration'
2025-04-06T12:38:07.667+03:00 DEBUG 63042 --- [    Test worker] o.s.b.f.s.DefaultListableBeanFactory     : Creating shared instance of singleton bean 'org.springframework.boot.autoconfigure.jdbc.DataSourceTransactionManagerAutoConfiguration$JdbcTransactionManagerConfiguration'
2025-04-06T12:38:07.667+03:00 DEBUG 63042 --- [    Test worker] o.s.b.f.s.DefaultListableBeanFactory     : Creating shared instance of singleton bean 'org.springframework.boot.autoconfigure.jdbc.DataSourceTransactionManagerAutoConfiguration'
2025-04-06T12:38:07.668+03:00 DEBUG 63042 --- [    Test worker] o.s.b.f.s.DefaultListableBeanFactory     : Creating shared instance of singleton bean 'org.springframework.boot.autoconfigure.transaction.TransactionAutoConfiguration$EnableTransactionManagementConfiguration$CglibAutoProxyConfiguration'
2025-04-06T12:38:07.668+03:00 DEBUG 63042 --- [    Test worker] o.s.b.f.s.DefaultListableBeanFactory     : Creating shared instance of singleton bean 'org.springframework.boot.autoconfigure.transaction.TransactionAutoConfiguration$EnableTransactionManagementConfiguration'
2025-04-06T12:38:07.668+03:00 DEBUG 63042 --- [    Test worker] o.s.b.f.s.DefaultListableBeanFactory     : Creating shared instance of singleton bean 'org.springframework.boot.autoconfigure.transaction.TransactionAutoConfiguration$TransactionTemplateConfiguration'
2025-04-06T12:38:07.668+03:00 DEBUG 63042 --- [    Test worker] o.s.b.f.s.DefaultListableBeanFactory     : Creating shared instance of singleton bean 'transactionTemplate'
2025-04-06T12:38:07.668+03:00 DEBUG 63042 --- [    Test worker] o.s.b.f.s.DefaultListableBeanFactory     : Autowiring by type from bean name 'transactionTemplate' via factory method to bean named 'transactionManager'
2025-04-06T12:38:07.668+03:00 DEBUG 63042 --- [    Test worker] o.s.b.f.s.DefaultListableBeanFactory     : Creating shared instance of singleton bean 'org.springframework.boot.autoconfigure.transaction.TransactionAutoConfiguration'
2025-04-06T12:38:07.669+03:00 DEBUG 63042 --- [    Test worker] o.s.b.f.s.DefaultListableBeanFactory     : Creating shared instance of singleton bean 'org.springframework.boot.autoconfigure.web.client.RestClientAutoConfiguration'
2025-04-06T12:38:07.669+03:00 DEBUG 63042 --- [    Test worker] o.s.b.f.s.DefaultListableBeanFactory     : Creating shared instance of singleton bean 'httpMessageConvertersRestClientCustomizer'
2025-04-06T12:38:07.669+03:00 DEBUG 63042 --- [    Test worker] o.s.b.f.s.DefaultListableBeanFactory     : Creating shared instance of singleton bean 'restClientSsl'
2025-04-06T12:38:07.669+03:00 DEBUG 63042 --- [    Test worker] o.s.b.f.s.DefaultListableBeanFactory     : Autowiring by type from bean name 'restClientSsl' via factory method to bean named 'sslBundleRegistry'
2025-04-06T12:38:07.669+03:00 DEBUG 63042 --- [    Test worker] o.s.b.f.s.DefaultListableBeanFactory     : Creating shared instance of singleton bean 'restClientBuilderConfigurer'
2025-04-06T12:38:07.670+03:00 DEBUG 63042 --- [    Test worker] o.s.b.f.s.DefaultListableBeanFactory     : Creating shared instance of singleton bean 'org.springframework.boot.autoconfigure.web.client.RestTemplateAutoConfiguration'
2025-04-06T12:38:07.670+03:00 DEBUG 63042 --- [    Test worker] o.s.b.f.s.DefaultListableBeanFactory     : Creating shared instance of singleton bean 'org.springframework.boot.autoconfigure.web.embedded.EmbeddedWebServerFactoryCustomizerAutoConfiguration'
2025-04-06T12:38:07.670+03:00 DEBUG 63042 --- [    Test worker] o.s.b.f.s.DefaultListableBeanFactory     : Creating shared instance of singleton bean 'multipartResolver'
2025-04-06T12:38:07.670+03:00 DEBUG 63042 --- [    Test worker] o.s.b.f.s.DefaultListableBeanFactory     : Creating shared instance of singleton bean 'org.springframework.boot.test.web.client.TestRestTemplate'
2025-04-06T12:38:07.670+03:00 DEBUG 63042 --- [    Test worker] o.s.b.f.s.DefaultListableBeanFactory     : Creating shared instance of singleton bean 'restTemplateBuilder'
2025-04-06T12:38:07.671+03:00 DEBUG 63042 --- [    Test worker] o.s.b.f.s.DefaultListableBeanFactory     : Creating shared instance of singleton bean 'restTemplateBuilderConfigurer'
2025-04-06T12:38:07.671+03:00 DEBUG 63042 --- [    Test worker] o.s.b.f.s.DefaultListableBeanFactory     : Autowiring by type from bean name 'restTemplateBuilder' via factory method to bean named 'restTemplateBuilderConfigurer'
2025-04-06T12:38:07.708+03:00 DEBUG 63042 --- [    Test worker] jdk.event.security                       : X509Certificate: Alg:SHA256withRSA, Serial:57:0a:11:97:42:c4:e3:cc, Subject:CN=Actalis Authentication Root CA, O=Actalis S.p.A./03358520967, L=Milan, C=IT, Issuer:CN=Actalis Authentication Root CA, O=Actalis S.p.A./03358520967, L=Milan, C=IT, Key type:RSA, Length:4096, Cert Id:1729119956, Valid from:9/22/11, 2:22 PM, Valid until:9/22/30, 2:22 PM
2025-04-06T12:38:07.709+03:00 DEBUG 63042 --- [    Test worker] jdk.event.security                       : X509Certificate: Alg:SHA1withRSA, Serial:01, Subject:CN=AddTrust External CA Root, OU=AddTrust External TTP Network, O=AddTrust AB, C=SE, Issuer:CN=AddTrust External CA Root, OU=AddTrust External TTP Network, O=AddTrust AB, C=SE, Key type:RSA, Length:2048, Cert Id:3968614624, Valid from:5/30/00, 1:48 PM, Valid until:5/30/20, 1:48 PM
2025-04-06T12:38:07.710+03:00 DEBUG 63042 --- [    Test worker] jdk.event.security                       : X509Certificate: Alg:SHA1withRSA, Serial:01, Subject:CN=AddTrust Qualified CA Root, OU=AddTrust TTP Network, O=AddTrust AB, C=SE, Issuer:CN=AddTrust Qualified CA Root, OU=AddTrust TTP Network, O=AddTrust AB, C=SE, Key type:RSA, Length:2048, Cert Id:607365522, Valid from:5/30/00, 1:44 PM, Valid until:5/30/20, 1:44 PM
2025-04-06T12:38:07.710+03:00 DEBUG 63042 --- [    Test worker] jdk.event.security                       : X509Certificate: Alg:SHA256withRSA, Serial:77:77:06:27:26:a9:b1:7c, Subject:CN=AffirmTrust Commercial, O=AffirmTrust, C=US, Issuer:CN=AffirmTrust Commercial, O=AffirmTrust, C=US, Key type:RSA, Length:2048, Cert Id:630485644, Valid from:1/29/10, 4:06 PM, Valid until:12/31/30, 4:06 PM
2025-04-06T12:38:07.710+03:00 DEBUG 63042 --- [    Test worker] jdk.event.security                       : X509Certificate: Alg:SHA1withRSA, Serial:7c:4f:04:39:1c:d4:99:2d, Subject:CN=AffirmTrust Networking, O=AffirmTrust, C=US, Issuer:CN=AffirmTrust Networking, O=AffirmTrust, C=US, Key type:RSA, Length:2048, Cert Id:651670175, Valid from:1/29/10, 4:08 PM, Valid until:12/31/30, 4:08 PM
2025-04-06T12:38:07.711+03:00 DEBUG 63042 --- [    Test worker] jdk.event.security                       : X509Certificate: Alg:SHA384withRSA, Serial:6d:8c:14:46:b1:a6:0a:ee, Subject:CN=AffirmTrust Premium, O=AffirmTrust, C=US, Issuer:CN=AffirmTrust Premium, O=AffirmTrust, C=US, Key type:RSA, Length:4096, Cert Id:2164683341, Valid from:1/29/10, 4:10 PM, Valid until:12/31/40, 4:10 PM
2025-04-06T12:38:07.711+03:00 DEBUG 63042 --- [    Test worker] jdk.event.security                       : X509Certificate: Alg:SHA384withECDSA, Serial:74:97:25:8a:c7:3f:7a:54, Subject:CN=AffirmTrust Premium ECC, O=AffirmTrust, C=US, Issuer:CN=AffirmTrust Premium ECC, O=AffirmTrust, C=US, Key type:EC, Length:384, Cert Id:2214603510, Valid from:1/29/10, 4:20 PM, Valid until:12/31/40, 4:20 PM
2025-04-06T12:38:07.712+03:00 DEBUG 63042 --- [    Test worker] jdk.event.security                       : X509Certificate: Alg:SHA256withRSA, Serial:06:6c:9f:cf:99:bf:8c:0a:39:e2:f0:78:8a:43:e6:96:36:5b:ca, Subject:CN=Amazon Root CA 1, O=Amazon, C=US, Issuer:CN=Amazon Root CA 1, O=Amazon, C=US, Key type:RSA, Length:2048, Cert Id:2822522334, Valid from:5/26/15, 3:00 AM, Valid until:1/17/38, 2:00 AM
2025-04-06T12:38:07.712+03:00 DEBUG 63042 --- [    Test worker] jdk.event.security                       : X509Certificate: Alg:SHA384withRSA, Serial:06:6c:9f:d2:96:35:86:9f:0a:0f:e5:86:78:f8:5b:26:bb:8a:37, Subject:CN=Amazon Root CA 2, O=Amazon, C=US, Issuer:CN=Amazon Root CA 2, O=Amazon, C=US, Key type:RSA, Length:4096, Cert Id:2528834908, Valid from:5/26/15, 3:00 AM, Valid until:5/26/40, 3:00 AM
2025-04-06T12:38:07.713+03:00 DEBUG 63042 --- [    Test worker] jdk.event.security                       : X509Certificate: Alg:SHA256withECDSA, Serial:06:6c:9f:d5:74:97:36:66:3f:3b:0b:9a:d9:e8:9e:76:03:f2:4a, Subject:CN=Amazon Root CA 3, O=Amazon, C=US, Issuer:CN=Amazon Root CA 3, O=Amazon, C=US, Key type:EC, Length:256, Cert Id:2732679773, Valid from:5/26/15, 3:00 AM, Valid until:5/26/40, 3:00 AM
2025-04-06T12:38:07.713+03:00 DEBUG 63042 --- [    Test worker] jdk.event.security                       : X509Certificate: Alg:SHA384withECDSA, Serial:06:6c:9f:d7:c1:bb:10:4c:29:43:e5:71:7b:7b:2c:c8:1a:c1:0e, Subject:CN=Amazon Root CA 4, O=Amazon, C=US, Issuer:CN=Amazon Root CA 4, O=Amazon, C=US, Key type:EC, Length:384, Cert Id:2640694783, Valid from:5/26/15, 3:00 AM, Valid until:5/26/40, 3:00 AM
2025-04-06T12:38:07.713+03:00 DEBUG 63042 --- [    Test worker] jdk.event.security                       : X509Certificate: Alg:SHA1withRSA, Serial:02:00:00:b9, Subject:CN=Baltimore CyberTrust Root, OU=CyberTrust, O=Baltimore, C=IE, Issuer:CN=Baltimore CyberTrust Root, OU=CyberTrust, O=Baltimore, C=IE, Key type:RSA, Length:2048, Cert Id:1425294543, Valid from:5/12/00, 9:46 PM, Valid until:5/13/25, 2:59 AM
2025-04-06T12:38:07.714+03:00 DEBUG 63042 --- [    Test worker] jdk.event.security                       : X509Certificate: Alg:SHA256withRSA, Serial:02, Subject:CN=Buypass Class 2 Root CA, O=Buypass AS-983163327, C=NO, Issuer:CN=Buypass Class 2 Root CA, O=Buypass AS-983163327, C=NO, Key type:RSA, Length:4096, Cert Id:969960563, Valid from:10/26/10, 11:38 AM, Valid until:10/26/40, 11:38 AM
2025-04-06T12:38:07.714+03:00 DEBUG 63042 --- [    Test worker] jdk.event.security                       : X509Certificate: Alg:SHA256withRSA, Serial:02, Subject:CN=Buypass Class 3 Root CA, O=Buypass AS-983163327, C=NO, Issuer:CN=Buypass Class 3 Root CA, O=Buypass AS-983163327, C=NO, Key type:RSA, Length:4096, Cert Id:1264269967, Valid from:10/26/10, 11:28 AM, Valid until:10/26/40, 11:28 AM
2025-04-06T12:38:07.715+03:00 DEBUG 63042 --- [    Test worker] jdk.event.security                       : X509Certificate: Alg:SHA1withRSA, Serial:00:a3:da:42:7e:a4:b1:ae:da, Subject:CN=Chambers of Commerce Root - 2008, O=AC Camerfirma S.A., SERIALNUMBER=A82743287, L=Madrid (see current address at www.camerfirma.com/address), C=EU, Issuer:CN=Chambers of Commerce Root - 2008, O=AC Camerfirma S.A., SERIALNUMBER=A82743287, L=Madrid (see current address at www.camerfirma.com/address), C=EU, Key type:RSA, Length:4096, Cert Id:4266703372, Valid from:8/1/08, 3:29 PM, Valid until:7/31/38, 3:29 PM
2025-04-06T12:38:07.716+03:00 DEBUG 63042 --- [    Test worker] jdk.event.security                       : X509Certificate: Alg:SHA1withRSA, Serial:00, Subject:CN=Chambers of Commerce Root, OU=http://www.chambersign.org, O=AC Camerfirma SA CIF A82743287, C=EU, Issuer:CN=Chambers of Commerce Root, OU=http://www.chambersign.org, O=AC Camerfirma SA CIF A82743287, C=EU, Key type:RSA, Length:2048, Cert Id:1827306452, Valid from:9/30/03, 7:13 PM, Valid until:9/30/37, 7:13 PM
2025-04-06T12:38:07.716+03:00 DEBUG 63042 --- [    Test worker] jdk.event.security                       : X509Certificate: Alg:SHA1withRSA, Serial:00:c9:cd:d3:e9:d5:7d:23:ce, Subject:CN=Global Chambersign Root - 2008, O=AC Camerfirma S.A., SERIALNUMBER=A82743287, L=Madrid (see current address at www.camerfirma.com/address), C=EU, Issuer:CN=Global Chambersign Root - 2008, O=AC Camerfirma S.A., SERIALNUMBER=A82743287, L=Madrid (see current address at www.camerfirma.com/address), C=EU, Key type:RSA, Length:4096, Cert Id:1271252776, Valid from:8/1/08, 3:31 PM, Valid until:7/31/38, 3:31 PM
2025-04-06T12:38:07.717+03:00 DEBUG 63042 --- [    Test worker] jdk.event.security                       : X509Certificate: Alg:SHA384withECDSA, Serial:06:25:33:b1:47:03:33:27:5c:f9:8d:9a:b9:bf:cc:f8, Subject:CN=Certainly Root E1, O=Certainly, C=US, Issuer:CN=Certainly Root E1, O=Certainly, C=US, Key type:EC, Length:384, Cert Id:792571453, Valid from:4/1/21, 3:00 AM, Valid until:4/1/46, 3:00 AM
2025-04-06T12:38:07.717+03:00 DEBUG 63042 --- [    Test worker] jdk.event.security                       : X509Certificate: Alg:SHA256withRSA, Serial:00:8e:0f:f9:4b:90:71:68:65:33:54:f4:d4:44:39:b7:e0, Subject:CN=Certainly Root R1, O=Certainly, C=US, Issuer:CN=Certainly Root R1, O=Certainly, C=US, Key type:RSA, Length:4096, Cert Id:2255958535, Valid from:4/1/21, 3:00 AM, Valid until:4/1/46, 3:00 AM
2025-04-06T12:38:07.717+03:00 DEBUG 63042 --- [    Test worker] jdk.event.security                       : X509Certificate: Alg:SHA1withRSA, Serial:00:fe:dc:e3:01:0f:c9:48:ff, Subject:CN=Certigna, O=Dhimyotis, C=FR, Issuer:CN=Certigna, O=Dhimyotis, C=FR, Key type:RSA, Length:2048, Cert Id:3506875840, Valid from:6/29/07, 6:13 PM, Valid until:6/29/27, 6:13 PM
2025-04-06T12:38:07.718+03:00 DEBUG 63042 --- [    Test worker] jdk.event.security                       : X509Certificate: Alg:SHA256withRSA, Serial:00:ca:e9:1b:89:f1:55:03:0d:a3:e6:41:6d:c4:e3:a6:e1, Subject:CN=Certigna Root CA, OU=0002 48146308100036, O=Dhimyotis, C=FR, Issuer:CN=Certigna Root CA, OU=0002 48146308100036, O=Dhimyotis, C=FR, Key type:RSA, Length:4096, Cert Id:356684591, Valid from:10/1/13, 11:32 AM, Valid until:10/1/33, 11:32 AM
2025-04-06T12:38:07.718+03:00 DEBUG 63042 --- [    Test worker] jdk.event.security                       : X509Certificate: Alg:SHA1withRSA, Serial:01:00:20, Subject:CN=Certum CA, O=Unizeto Sp. z o.o., C=PL, Issuer:CN=Certum CA, O=Unizeto Sp. z o.o., C=PL, Key type:RSA, Length:2048, Cert Id:3550516030, Valid from:6/11/02, 1:46 PM, Valid until:6/11/27, 1:46 PM
2025-04-06T12:38:07.718+03:00 DEBUG 63042 --- [    Test worker] jdk.event.security                       : X509Certificate: Alg:SHA1withRSA, Serial:04:44:c0, Subject:CN=Certum Trusted Network CA, OU=Certum Certification Authority, O=Unizeto Technologies S.A., C=PL, Issuer:CN=Certum Trusted Network CA, OU=Certum Certification Authority, O=Unizeto Technologies S.A., C=PL, Key type:RSA, Length:2048, Cert Id:2014002193, Valid from:10/22/08, 3:07 PM, Valid until:12/31/29, 2:07 PM
2025-04-06T12:38:07.719+03:00 DEBUG 63042 --- [    Test worker] jdk.event.security                       : X509Certificate: Alg:SHA1withRSA, Serial:15:c8:bd:65:47:5c:af:b8:97:00:5e:e4:06:d2:bc:9d, Subject:OU=ePKI Root Certification Authority, O="Chunghwa Telecom Co., Ltd.", C=TW, Issuer:OU=ePKI Root Certification Authority, O="Chunghwa Telecom Co., Ltd.", C=TW, Key type:RSA, Length:4096, Cert Id:3632331159, Valid from:12/20/04, 4:31 AM, Valid until:12/20/34, 4:31 AM
2025-04-06T12:38:07.719+03:00 DEBUG 63042 --- [    Test worker] jdk.event.security                       : X509Certificate: Alg:SHA1withRSA, Serial:01, Subject:CN=AAA Certificate Services, O=Comodo CA Limited, L=Salford, ST=Greater Manchester, C=GB, Issuer:CN=AAA Certificate Services, O=Comodo CA Limited, L=Salford, ST=Greater Manchester, C=GB, Key type:RSA, Length:2048, Cert Id:3097386402, Valid from:1/1/04, 2:00 AM, Valid until:1/1/29, 1:59 AM
2025-04-06T12:38:07.719+03:00 DEBUG 63042 --- [    Test worker] jdk.event.security                       : X509Certificate: Alg:SHA384withECDSA, Serial:1f:47:af:aa:62:00:70:50:54:4c:01:9e:9b:63:99:2a, Subject:CN=COMODO ECC Certification Authority, O=COMODO CA Limited, L=Salford, ST=Greater Manchester, C=GB, Issuer:CN=COMODO ECC Certification Authority, O=COMODO CA Limited, L=Salford, ST=Greater Manchester, C=GB, Key type:EC, Length:384, Cert Id:1146488932, Valid from:3/6/08, 2:00 AM, Valid until:1/19/38, 1:59 AM
2025-04-06T12:38:07.720+03:00 DEBUG 63042 --- [    Test worker] jdk.event.security                       : X509Certificate: Alg:SHA384withRSA, Serial:4c:aa:f9:ca:db:63:6f:e0:1f:f7:4e:d8:5b:03:86:9d, Subject:CN=COMODO RSA Certification Authority, O=COMODO CA Limited, L=Salford, ST=Greater Manchester, C=GB, Issuer:CN=COMODO RSA Certification Authority, O=COMODO CA Limited, L=Salford, ST=Greater Manchester, C=GB, Key type:RSA, Length:4096, Cert Id:1769425049, Valid from:1/19/10, 2:00 AM, Valid until:1/19/38, 1:59 AM
2025-04-06T12:38:07.720+03:00 DEBUG 63042 --- [    Test worker] jdk.event.security                       : X509Certificate: Alg:SHA256withRSA, Serial:0b:93:1c:3a:d6:39:67:ea:67:23:bf:c3:af:9a:f4:4b, Subject:CN=DigiCert Assured ID Root G2, OU=www.digicert.com, O=DigiCert Inc, C=US, Issuer:CN=DigiCert Assured ID Root G2, OU=www.digicert.com, O=DigiCert Inc, C=US, Key type:RSA, Length:2048, Cert Id:3909568913, Valid from:8/1/13, 3:00 PM, Valid until:1/15/38, 2:00 PM
2025-04-06T12:38:07.720+03:00 DEBUG 63042 --- [    Test worker] jdk.event.security                       : X509Certificate: Alg:SHA384withECDSA, Serial:0b:a1:5a:fa:1d:df:a0:b5:49:44:af:cd:24:a0:6c:ec, Subject:CN=DigiCert Assured ID Root G3, OU=www.digicert.com, O=DigiCert Inc, C=US, Issuer:CN=DigiCert Assured ID Root G3, OU=www.digicert.com, O=DigiCert Inc, C=US, Key type:EC, Length:384, Cert Id:3649430051, Valid from:8/1/13, 3:00 PM, Valid until:1/15/38, 2:00 PM
2025-04-06T12:38:07.721+03:00 DEBUG 63042 --- [    Test worker] jdk.event.security                       : X509Certificate: Alg:SHA1withRSA, Serial:0c:e7:e0:e5:17:d8:46:fe:8f:e5:60:fc:1b:f0:30:39, Subject:CN=DigiCert Assured ID Root CA, OU=www.digicert.com, O=DigiCert Inc, C=US, Issuer:CN=DigiCert Assured ID Root CA, OU=www.digicert.com, O=DigiCert Inc, C=US, Key type:RSA, Length:2048, Cert Id:3434562768, Valid from:11/10/06, 2:00 AM, Valid until:11/10/31, 2:00 AM
2025-04-06T12:38:07.721+03:00 DEBUG 63042 --- [    Test worker] jdk.event.security                       : X509Certificate: Alg:SHA384withECDSA, Serial:03:69:8f:e7:12:d5:19:f3:ce:d0:fd:b7:b1:64:30:11, Subject:CN=DigiCert CS ECC P384 Root G5, O="DigiCert, Inc.", C=US, Issuer:CN=DigiCert CS ECC P384 Root G5, O="DigiCert, Inc.", C=US, Key type:EC, Length:384, Cert Id:381797637, Valid from:1/15/21, 2:00 AM, Valid until:1/15/46, 1:59 AM
2025-04-06T12:38:07.721+03:00 DEBUG 63042 --- [    Test worker] jdk.event.security                       : X509Certificate: Alg:SHA384withRSA, Serial:06:ce:e1:31:be:6d:55:c8:07:f7:c0:c7:fb:44:e6:20, Subject:CN=DigiCert CS RSA4096 Root G5, O="DigiCert, Inc.", C=US, Issuer:CN=DigiCert CS RSA4096 Root G5, O="DigiCert, Inc.", C=US, Key type:RSA, Length:4096, Cert Id:1193514382, Valid from:1/15/21, 2:00 AM, Valid until:1/15/46, 1:59 AM
2025-04-06T12:38:07.722+03:00 DEBUG 63042 --- [    Test worker] jdk.event.security                       : X509Certificate: Alg:SHA1withRSA, Serial:08:3b:e0:56:90:42:46:b1:a1:75:6a:c9:59:91:c7:4a, Subject:CN=DigiCert Global Root CA, OU=www.digicert.com, O=DigiCert Inc, C=US, Issuer:CN=DigiCert Global Root CA, OU=www.digicert.com, O=DigiCert Inc, C=US, Key type:RSA, Length:2048, Cert Id:1341898239, Valid from:11/10/06, 2:00 AM, Valid until:11/10/31, 2:00 AM
2025-04-06T12:38:07.722+03:00 DEBUG 63042 --- [    Test worker] jdk.event.security                       : X509Certificate: Alg:SHA256withRSA, Serial:03:3a:f1:e6:a7:11:a9:a0:bb:28:64:b1:1d:09:fa:e5, Subject:CN=DigiCert Global Root G2, OU=www.digicert.com, O=DigiCert Inc, C=US, Issuer:CN=DigiCert Global Root G2, OU=www.digicert.com, O=DigiCert Inc, C=US, Key type:RSA, Length:2048, Cert Id:1136084297, Valid from:8/1/13, 3:00 PM, Valid until:1/15/38, 2:00 PM
2025-04-06T12:38:07.722+03:00 DEBUG 63042 --- [    Test worker] jdk.event.security                       : X509Certificate: Alg:SHA384withECDSA, Serial:05:55:56:bc:f2:5e:a4:35:35:c3:a4:0f:d5:ab:45:72, Subject:CN=DigiCert Global Root G3, OU=www.digicert.com, O=DigiCert Inc, C=US, Issuer:CN=DigiCert Global Root G3, OU=www.digicert.com, O=DigiCert Inc, C=US, Key type:EC, Length:384, Cert Id:3498998753, Valid from:8/1/13, 3:00 PM, Valid until:1/15/38, 2:00 PM
2025-04-06T12:38:07.722+03:00 DEBUG 63042 --- [    Test worker] jdk.event.security                       : X509Certificate: Alg:SHA1withRSA, Serial:02:ac:5c:26:6a:0b:40:9b:8f:0b:79:f2:ae:46:25:77, Subject:CN=DigiCert High Assurance EV Root CA, OU=www.digicert.com, O=DigiCert Inc, C=US, Issuer:CN=DigiCert High Assurance EV Root CA, OU=www.digicert.com, O=DigiCert Inc, C=US, Key type:RSA, Length:2048, Cert Id:2884286942, Valid from:11/10/06, 2:00 AM, Valid until:11/10/31, 2:00 AM
2025-04-06T12:38:07.723+03:00 DEBUG 63042 --- [    Test worker] jdk.event.security                       : X509Certificate: Alg:SHA384withECDSA, Serial:09:e0:93:65:ac:f7:d9:c8:b9:3e:1c:0b:04:2a:2e:f3, Subject:CN=DigiCert TLS ECC P384 Root G5, O="DigiCert, Inc.", C=US, Issuer:CN=DigiCert TLS ECC P384 Root G5, O="DigiCert, Inc.", C=US, Key type:EC, Length:384, Cert Id:3940772018, Valid from:1/15/21, 2:00 AM, Valid until:1/15/46, 1:59 AM
2025-04-06T12:38:07.723+03:00 DEBUG 63042 --- [    Test worker] jdk.event.security                       : X509Certificate: Alg:SHA384withRSA, Serial:08:f9:b4:78:a8:fa:7e:da:6a:33:37:89:de:7c:cf:8a, Subject:CN=DigiCert TLS RSA4096 Root G5, O="DigiCert, Inc.", C=US, Issuer:CN=DigiCert TLS RSA4096 Root G5, O="DigiCert, Inc.", C=US, Key type:RSA, Length:4096, Cert Id:165956757, Valid from:1/15/21, 2:00 AM, Valid until:1/15/46, 1:59 AM
2025-04-06T12:38:07.723+03:00 DEBUG 63042 --- [    Test worker] jdk.event.security                       : X509Certificate: Alg:SHA384withRSA, Serial:05:9b:1b:57:9e:8e:21:32:e2:39:07:bd:a7:77:75:5c, Subject:CN=DigiCert Trusted Root G4, OU=www.digicert.com, O=DigiCert Inc, C=US, Issuer:CN=DigiCert Trusted Root G4, OU=www.digicert.com, O=DigiCert Inc, C=US, Key type:RSA, Length:4096, Cert Id:1057369358, Valid from:8/1/13, 3:00 PM, Valid until:1/15/38, 2:00 PM
2025-04-06T12:38:07.724+03:00 DEBUG 63042 --- [    Test worker] jdk.event.security                       : X509Certificate: Alg:SHA256withRSA, Serial:09:83:f3, Subject:CN=D-TRUST Root Class 3 CA 2 2009, O=D-Trust GmbH, C=DE, Issuer:CN=D-TRUST Root Class 3 CA 2 2009, O=D-Trust GmbH, C=DE, Key type:RSA, Length:2048, Cert Id:1430153102, Valid from:11/5/09, 10:35 AM, Valid until:11/5/29, 10:35 AM
2025-04-06T12:38:07.724+03:00 DEBUG 63042 --- [    Test worker] jdk.event.security                       : X509Certificate: Alg:SHA256withRSA, Serial:09:83:f4, Subject:CN=D-TRUST Root Class 3 CA 2 EV 2009, O=D-Trust GmbH, C=DE, Issuer:CN=D-TRUST Root Class 3 CA 2 EV 2009, O=D-Trust GmbH, C=DE, Key type:RSA, Length:2048, Cert Id:971313728, Valid from:11/5/09, 10:50 AM, Valid until:11/5/29, 10:50 AM
2025-04-06T12:38:07.724+03:00 DEBUG 63042 --- [    Test worker] jdk.event.security                       : X509Certificate: Alg:SHA384withECDSA, Serial:3c:f6:07:a9:68:70:0e:da:8b:84, Subject:CN=emSign ECC Root CA - G3, O=eMudhra Technologies Limited, OU=emSign PKI, C=IN, Issuer:CN=emSign ECC Root CA - G3, O=eMudhra Technologies Limited, OU=emSign PKI, C=IN, Key type:EC, Length:384, Cert Id:3832035707, Valid from:2/18/18, 8:30 PM, Valid until:2/18/43, 8:30 PM
2025-04-06T12:38:07.725+03:00 DEBUG 63042 --- [    Test worker] jdk.event.security                       : X509Certificate: Alg:SHA256withRSA, Serial:31:f5:e4:62:0c:6c:58:ed:d6:d8, Subject:CN=emSign Root CA - G1, O=eMudhra Technologies Limited, OU=emSign PKI, C=IN, Issuer:CN=emSign Root CA - G1, O=eMudhra Technologies Limited, OU=emSign PKI, C=IN, Key type:RSA, Length:2048, Cert Id:392709196, Valid from:2/18/18, 8:30 PM, Valid until:2/18/43, 8:30 PM
2025-04-06T12:38:07.725+03:00 DEBUG 63042 --- [    Test worker] jdk.event.security                       : X509Certificate: Alg:SHA384withRSA, Serial:00:86:4d:bf:0f:e3:5e:d7:7d:8e:d8, Subject:CN=emSign Root CA - G2, O=eMudhra Technologies Limited, OU=emSign PKI, C=IN, Issuer:CN=emSign Root CA - G2, O=eMudhra Technologies Limited, OU=emSign PKI, C=IN, Key type:RSA, Length:4096, Cert Id:3373940126, Valid from:2/18/18, 8:30 PM, Valid until:2/18/43, 8:30 PM
2025-04-06T12:38:07.725+03:00 DEBUG 63042 --- [    Test worker] jdk.event.security                       : X509Certificate: Alg:SHA1withRSA, Serial:38:63:de:f8, Subject:CN=Entrust.net Certification Authority (2048), OU=(c) 1999 Entrust.net Limited, OU=www.entrust.net/CPS_2048 incorp. by ref. (limits liab.), O=Entrust.net, Issuer:CN=Entrust.net Certification Authority (2048), OU=(c) 1999 Entrust.net Limited, OU=www.entrust.net/CPS_2048 incorp. by ref. (limits liab.), O=Entrust.net, Key type:RSA, Length:2048, Cert Id:3966431214, Valid from:12/24/99, 7:50 PM, Valid until:7/24/29, 5:15 PM
2025-04-06T12:38:07.726+03:00 DEBUG 63042 --- [    Test worker] jdk.event.security                       : X509Certificate: Alg:SHA1withRSA, Serial:45:6b:50:54, Subject:CN=Entrust Root Certification Authority, OU="(c) 2006 Entrust, Inc.", OU=www.entrust.net/CPS is incorporated by reference, O="Entrust, Inc.", C=US, Issuer:CN=Entrust Root Certification Authority, OU="(c) 2006 Entrust, Inc.", OU=www.entrust.net/CPS is incorporated by reference, O="Entrust, Inc.", C=US, Key type:RSA, Length:2048, Cert Id:3033563200, Valid from:11/27/06, 10:23 PM, Valid until:11/27/26, 10:53 PM
2025-04-06T12:38:07.726+03:00 DEBUG 63042 --- [    Test worker] jdk.event.security                       : X509Certificate: Alg:SHA384withECDSA, Serial:00:a6:8b:79:29:00:00:00:00:50:d0:91:f9, Subject:CN=Entrust Root Certification Authority - EC1, OU="(c) 2012 Entrust, Inc. - for authorized use only", OU=See www.entrust.net/legal-terms, O="Entrust, Inc.", C=US, Issuer:CN=Entrust Root Certification Authority - EC1, OU="(c) 2012 Entrust, Inc. - for authorized use only", OU=See www.entrust.net/legal-terms, O="Entrust, Inc.", C=US, Key type:EC, Length:384, Cert Id:924514073, Valid from:12/18/12, 5:25 PM, Valid until:12/18/37, 5:55 PM
2025-04-06T12:38:07.726+03:00 DEBUG 63042 --- [    Test worker] jdk.event.security                       : X509Certificate: Alg:SHA256withRSA, Serial:4a:53:8c:28, Subject:CN=Entrust Root Certification Authority - G2, OU="(c) 2009 Entrust, Inc. - for authorized use only", OU=See www.entrust.net/legal-terms, O="Entrust, Inc.", C=US, Issuer:CN=Entrust Root Certification Authority - G2, OU="(c) 2009 Entrust, Inc. - for authorized use only", OU=See www.entrust.net/legal-terms, O="Entrust, Inc.", C=US, Key type:RSA, Length:2048, Cert Id:1936920337, Valid from:7/7/09, 8:25 PM, Valid until:12/7/30, 7:55 PM
2025-04-06T12:38:07.727+03:00 DEBUG 63042 --- [    Test worker] jdk.event.security                       : X509Certificate: Alg:SHA256withRSA, Serial:00:d9:b5:43:7f:af:a9:39:0f:00:00:00:00:55:65:ad:58, Subject:CN=Entrust Root Certification Authority - G4, OU="(c) 2015 Entrust, Inc. - for authorized use only", OU=See www.entrust.net/legal-terms, O="Entrust, Inc.", C=US, Issuer:CN=Entrust Root Certification Authority - G4, OU="(c) 2015 Entrust, Inc. - for authorized use only", OU=See www.entrust.net/legal-terms, O="Entrust, Inc.", C=US, Key type:RSA, Length:4096, Cert Id:1368037548, Valid from:5/27/15, 2:11 PM, Valid until:12/27/37, 1:41 PM
2025-04-06T12:38:07.727+03:00 DEBUG 63042 --- [    Test worker] jdk.event.security                       : X509Certificate: Alg:SHA1withRSA, Serial:02:34:56, Subject:CN=GeoTrust Global CA, O=GeoTrust Inc., C=US, Issuer:CN=GeoTrust Global CA, O=GeoTrust Inc., C=US, Key type:RSA, Length:2048, Cert Id:2266349922, Valid from:5/21/02, 7:00 AM, Valid until:5/21/22, 7:00 AM
2025-04-06T12:38:07.727+03:00 DEBUG 63042 --- [    Test worker] jdk.event.security                       : X509Certificate: Alg:SHA1withRSA, Serial:18:ac:b5:6a:fd:69:b6:15:3a:63:6c:af:da:fa:c4:a1, Subject:CN=GeoTrust Primary Certification Authority, O=GeoTrust Inc., C=US, Issuer:CN=GeoTrust Primary Certification Authority, O=GeoTrust Inc., C=US, Key type:RSA, Length:2048, Cert Id:3329622139, Valid from:11/27/06, 2:00 AM, Valid until:7/17/36, 2:59 AM
2025-04-06T12:38:07.728+03:00 DEBUG 63042 --- [    Test worker] jdk.event.security                       : X509Certificate: Alg:SHA384withECDSA, Serial:3c:b2:f4:48:0a:00:e2:fe:eb:24:3b:5e:60:3e:c3:6b, Subject:CN=GeoTrust Primary Certification Authority - G2, OU=(c) 2007 GeoTrust Inc. - For authorized use only, O=GeoTrust Inc., C=US, Issuer:CN=GeoTrust Primary Certification Authority - G2, OU=(c) 2007 GeoTrust Inc. - For authorized use only, O=GeoTrust Inc., C=US, Key type:EC, Length:384, Cert Id:3180663474, Valid from:11/5/07, 2:00 AM, Valid until:1/19/38, 1:59 AM
2025-04-06T12:38:07.728+03:00 DEBUG 63042 --- [    Test worker] jdk.event.security                       : X509Certificate: Alg:SHA256withRSA, Serial:15:ac:6e:94:19:b2:79:4b:41:f6:27:a9:c3:18:0f:1f, Subject:CN=GeoTrust Primary Certification Authority - G3, OU=(c) 2008 GeoTrust Inc. - For authorized use only, O=GeoTrust Inc., C=US, Issuer:CN=GeoTrust Primary Certification Authority - G3, OU=(c) 2008 GeoTrust Inc. - For authorized use only, O=GeoTrust Inc., C=US, Key type:RSA, Length:2048, Cert Id:2964813538, Valid from:4/2/08, 3:00 AM, Valid until:12/2/37, 1:59 AM
2025-04-06T12:38:07.728+03:00 DEBUG 63042 --- [    Test worker] jdk.event.security                       : X509Certificate: Alg:SHA1withRSA, Serial:01, Subject:CN=GeoTrust Universal CA, O=GeoTrust Inc., C=US, Issuer:CN=GeoTrust Universal CA, O=GeoTrust Inc., C=US, Key type:RSA, Length:4096, Cert Id:313566089, Valid from:3/4/04, 7:00 AM, Valid until:3/4/29, 7:00 AM
2025-04-06T12:38:07.728+03:00 DEBUG 63042 --- [    Test worker] jdk.event.security                       : X509Certificate: Alg:SHA1withRSA, Serial:04:00:00:00:00:01:15:4b:5a:c3:94, Subject:CN=GlobalSign Root CA, OU=Root CA, O=GlobalSign nv-sa, C=BE, Issuer:CN=GlobalSign Root CA, OU=Root CA, O=GlobalSign nv-sa, C=BE, Key type:RSA, Length:2048, Cert Id:536948034, Valid from:9/1/98, 3:00 PM, Valid until:1/28/28, 2:00 PM
2025-04-06T12:38:07.729+03:00 DEBUG 63042 --- [    Test worker] jdk.event.security                       : X509Certificate: Alg:SHA384withECDSA, Serial:11:d2:bb:ba:33:6e:d4:bc:e6:24:68:c5:0d:84:1d:98:e8:43, Subject:CN=GlobalSign Root E46, O=GlobalSign nv-sa, C=BE, Issuer:CN=GlobalSign Root E46, O=GlobalSign nv-sa, C=BE, Key type:EC, Length:384, Cert Id:3405603905, Valid from:3/20/19, 2:00 AM, Valid until:3/20/46, 2:00 AM
2025-04-06T12:38:07.729+03:00 DEBUG 63042 --- [    Test worker] jdk.event.security                       : X509Certificate: Alg:SHA256withECDSA, Serial:2a:38:a4:1c:96:0a:04:de:42:b2:28:a5:0b:e8:34:98:02, Subject:CN=GlobalSign, O=GlobalSign, OU=GlobalSign ECC Root CA - R4, Issuer:CN=GlobalSign, O=GlobalSign, OU=GlobalSign ECC Root CA - R4, Key type:EC, Length:256, Cert Id:2371693751, Valid from:11/13/12, 2:00 AM, Valid until:1/19/38, 5:14 AM
2025-04-06T12:38:07.729+03:00 DEBUG 63042 --- [    Test worker] jdk.event.security                       : X509Certificate: Alg:SHA384withECDSA, Serial:60:59:49:e0:26:2e:bb:55:f9:0a:77:8a:71:f9:4a:d8:6c, Subject:CN=GlobalSign, O=GlobalSign, OU=GlobalSign ECC Root CA - R5, Issuer:CN=GlobalSign, O=GlobalSign, OU=GlobalSign ECC Root CA - R5, Key type:EC, Length:384, Cert Id:1997048439, Valid from:11/13/12, 2:00 AM, Valid until:1/19/38, 5:14 AM
2025-04-06T12:38:07.729+03:00 DEBUG 63042 --- [    Test worker] jdk.event.security                       : X509Certificate: Alg:SHA256withRSA, Serial:04:00:00:00:00:01:21:58:53:08:a2, Subject:CN=GlobalSign, O=GlobalSign, OU=GlobalSign Root CA - R3, Issuer:CN=GlobalSign, O=GlobalSign, OU=GlobalSign Root CA - R3, Key type:RSA, Length:2048, Cert Id:733875591, Valid from:3/18/09, 12:00 PM, Valid until:3/18/29, 12:00 PM
2025-04-06T12:38:07.730+03:00 DEBUG 63042 --- [    Test worker] jdk.event.security                       : X509Certificate: Alg:SHA384withRSA, Serial:11:d2:bb:b9:d7:23:18:9e:40:5f:0a:9d:2d:d0:df:25:67:d1, Subject:CN=GlobalSign Root R46, O=GlobalSign nv-sa, C=BE, Issuer:CN=GlobalSign Root R46, O=GlobalSign nv-sa, C=BE, Key type:RSA, Length:4096, Cert Id:1275948927, Valid from:3/20/19, 2:00 AM, Valid until:3/20/46, 2:00 AM
2025-04-06T12:38:07.730+03:00 DEBUG 63042 --- [    Test worker] jdk.event.security                       : X509Certificate: Alg:SHA384withRSA, Serial:45:e6:bb:03:83:33:c3:85:65:48:e6:ff:45:51, Subject:CN=GlobalSign, O=GlobalSign, OU=GlobalSign Root CA - R6, Issuer:CN=GlobalSign, O=GlobalSign, OU=GlobalSign Root CA - R6, Key type:RSA, Length:4096, Cert Id:3788339543, Valid from:12/10/14, 2:00 AM, Valid until:12/10/34, 2:00 AM
2025-04-06T12:38:07.730+03:00 DEBUG 63042 --- [    Test worker] jdk.event.security                       : X509Certificate: Alg:SHA1withRSA, Serial:00, Subject:OU=Go Daddy Class 2 Certification Authority, O="The Go Daddy Group, Inc.", C=US, Issuer:OU=Go Daddy Class 2 Certification Authority, O="The Go Daddy Group, Inc.", C=US, Key type:RSA, Length:2048, Cert Id:4023522997, Valid from:6/29/04, 8:06 PM, Valid until:6/29/34, 8:06 PM
2025-04-06T12:38:07.730+03:00 DEBUG 63042 --- [    Test worker] jdk.event.security                       : X509Certificate: Alg:SHA256withRSA, Serial:00, Subject:CN=Go Daddy Root Certificate Authority - G2, O="GoDaddy.com, Inc.", L=Scottsdale, ST=Arizona, C=US, Issuer:CN=Go Daddy Root Certificate Authority - G2, O="GoDaddy.com, Inc.", L=Scottsdale, ST=Arizona, C=US, Key type:RSA, Length:2048, Cert Id:439600313, Valid from:9/1/09, 3:00 AM, Valid until:1/1/38, 1:59 AM
2025-04-06T12:38:07.731+03:00 DEBUG 63042 --- [    Test worker] jdk.event.security                       : X509Certificate: Alg:SHA384withRSA, Serial:02:03:e5:93:6f:31:b0:13:49:88:6b:a2:17, Subject:CN=GTS Root R1, O=Google Trust Services LLC, C=US, Issuer:CN=GTS Root R1, O=Google Trust Services LLC, C=US, Key type:RSA, Length:4096, Cert Id:657172038, Valid from:6/22/16, 3:00 AM, Valid until:6/22/36, 3:00 AM
2025-04-06T12:38:07.731+03:00 DEBUG 63042 --- [    Test worker] jdk.event.security                       : X509Certificate: Alg:SHA384withRSA, Serial:02:03:e5:ae:c5:8d:04:25:1a:ab:11:25:aa, Subject:CN=GTS Root R2, O=Google Trust Services LLC, C=US, Issuer:CN=GTS Root R2, O=Google Trust Services LLC, C=US, Key type:RSA, Length:4096, Cert Id:948387669, Valid from:6/22/16, 3:00 AM, Valid until:6/22/36, 3:00 AM
2025-04-06T12:38:07.731+03:00 DEBUG 63042 --- [    Test worker] jdk.event.security                       : X509Certificate: Alg:SHA384withECDSA, Serial:02:03:e5:b8:82:eb:20:f8:25:27:6d:3d:66, Subject:CN=GTS Root R3, O=Google Trust Services LLC, C=US, Issuer:CN=GTS Root R3, O=Google Trust Services LLC, C=US, Key type:EC, Length:384, Cert Id:1163081155, Valid from:6/22/16, 3:00 AM, Valid until:6/22/36, 3:00 AM
2025-04-06T12:38:07.731+03:00 DEBUG 63042 --- [    Test worker] jdk.event.security                       : X509Certificate: Alg:SHA384withECDSA, Serial:02:03:e5:c0:68:ef:63:1a:9c:72:90:50:52, Subject:CN=GTS Root R4, O=Google Trust Services LLC, C=US, Issuer:CN=GTS Root R4, O=Google Trust Services LLC, C=US, Key type:EC, Length:384, Cert Id:1326433111, Valid from:6/22/16, 3:00 AM, Valid until:6/22/36, 3:00 AM
2025-04-06T12:38:07.732+03:00 DEBUG 63042 --- [    Test worker] jdk.event.security                       : X509Certificate: Alg:SHA256withECDSA, Serial:00, Subject:CN=Hellenic Academic and Research Institutions ECC RootCA 2015, O=Hellenic Academic and Research Institutions Cert. Authority, L=Athens, C=GR, Issuer:CN=Hellenic Academic and Research Institutions ECC RootCA 2015, O=Hellenic Academic and Research Institutions Cert. Authority, L=Athens, C=GR, Key type:EC, Length:384, Cert Id:513613456, Valid from:7/7/15, 1:37 PM, Valid until:6/30/40, 1:37 PM
2025-04-06T12:38:07.732+03:00 DEBUG 63042 --- [    Test worker] jdk.event.security                       : X509Certificate: Alg:SHA256withRSA, Serial:00, Subject:CN=Hellenic Academic and Research Institutions RootCA 2015, O=Hellenic Academic and Research Institutions Cert. Authority, L=Athens, C=GR, Issuer:CN=Hellenic Academic and Research Institutions RootCA 2015, O=Hellenic Academic and Research Institutions Cert. Authority, L=Athens, C=GR, Key type:RSA, Length:4096, Cert Id:3491990565, Valid from:7/7/15, 1:11 PM, Valid until:6/30/40, 1:11 PM
2025-04-06T12:38:07.732+03:00 DEBUG 63042 --- [    Test worker] jdk.event.security                       : X509Certificate: Alg:SHA256withRSA, Serial:0a:01:42:80:00:00:01:45:23:c8:44:b5:00:00:00:02, Subject:CN=IdenTrust Commercial Root CA 1, O=IdenTrust, C=US, Issuer:CN=IdenTrust Commercial Root CA 1, O=IdenTrust, C=US, Key type:RSA, Length:4096, Cert Id:1232565210, Valid from:1/16/14, 8:12 PM, Valid until:1/16/34, 8:12 PM
2025-04-06T12:38:07.732+03:00 DEBUG 63042 --- [    Test worker] jdk.event.security                       : X509Certificate: Alg:SHA256withRSA, Serial:0a:01:42:80:00:00:01:45:23:cf:46:7c:00:00:00:02, Subject:CN=IdenTrust Public Sector Root CA 1, O=IdenTrust, C=US, Issuer:CN=IdenTrust Public Sector Root CA 1, O=IdenTrust, C=US, Key type:RSA, Length:4096, Cert Id:2123370772, Valid from:1/16/14, 7:53 PM, Valid until:1/16/34, 7:53 PM
2025-04-06T12:38:07.733+03:00 DEBUG 63042 --- [    Test worker] jdk.event.security                       : X509Certificate: Alg:SHA256withRSA, Serial:00:82:10:cf:b0:d2:40:e3:59:44:63:e0:bb:63:82:8b:00, Subject:CN=ISRG Root X1, O=Internet Security Research Group, C=US, Issuer:CN=ISRG Root X1, O=Internet Security Research Group, C=US, Key type:RSA, Length:4096, Cert Id:1521974916, Valid from:6/4/15, 2:04 PM, Valid until:6/4/35, 2:04 PM
2025-04-06T12:38:07.733+03:00 DEBUG 63042 --- [    Test worker] jdk.event.security                       : X509Certificate: Alg:SHA384withECDSA, Serial:41:d2:9d:d1:72:ea:ee:a7:80:c1:2c:6c:e9:2f:87:52, Subject:CN=ISRG Root X2, O=Internet Security Research Group, C=US, Issuer:CN=ISRG Root X2, O=Internet Security Research Group, C=US, Key type:EC, Length:384, Cert Id:3398642244, Valid from:9/4/20, 3:00 AM, Valid until:9/17/40, 7:00 PM
2025-04-06T12:38:07.734+03:00 DEBUG 63042 --- [    Test worker] jdk.event.security                       : X509Certificate: Alg:SHA256withRSA, Serial:0a:7e:a6:df:4b:44:9e:da:6a:24:85:9e:e6:b8:15:d3:16:7f:bb:b1, Subject:CN=LuxTrust Global Root 2, O=LuxTrust S.A., C=LU, Issuer:CN=LuxTrust Global Root 2, O=LuxTrust S.A., C=LU, Key type:RSA, Length:4096, Cert Id:3055636602, Valid from:3/5/15, 3:21 PM, Valid until:3/5/35, 3:21 PM
2025-04-06T12:38:07.734+03:00 DEBUG 63042 --- [    Test worker] jdk.event.security                       : X509Certificate: Alg:SHA256withRSA, Serial:0b:b8, Subject:CN=LuxTrust Global Root, O=LuxTrust s.a., C=LU, Issuer:CN=LuxTrust Global Root, O=LuxTrust s.a., C=LU, Key type:RSA, Length:2048, Cert Id:1714819687, Valid from:3/17/11, 11:51 AM, Valid until:3/17/21, 11:51 AM
2025-04-06T12:38:07.735+03:00 DEBUG 63042 --- [    Test worker] jdk.event.security                       : X509Certificate: Alg:SHA384withECDSA, Serial:66:f2:3d:af:87:de:8b:b1:4a:ea:0c:57:31:01:c2:ec, Subject:CN=Microsoft ECC Root Certificate Authority 2017, O=Microsoft Corporation, C=US, Issuer:CN=Microsoft ECC Root Certificate Authority 2017, O=Microsoft Corporation, C=US, Key type:EC, Length:384, Cert Id:3240761285, Valid from:12/19/19, 1:06 AM, Valid until:7/19/42, 2:16 AM
2025-04-06T12:38:07.735+03:00 DEBUG 63042 --- [    Test worker] jdk.event.security                       : X509Certificate: Alg:SHA384withRSA, Serial:1e:d3:97:09:5f:d8:b4:b3:47:70:1e:aa:be:7f:45:b3, Subject:CN=Microsoft RSA Root Certificate Authority 2017, O=Microsoft Corporation, C=US, Issuer:CN=Microsoft RSA Root Certificate Authority 2017, O=Microsoft Corporation, C=US, Key type:RSA, Length:4096, Cert Id:2848349048, Valid from:12/19/19, 12:51 AM, Valid until:7/19/42, 2:00 AM
2025-04-06T12:38:07.735+03:00 DEBUG 63042 --- [    Test worker] jdk.event.security                       : X509Certificate: Alg:SHA1withRSA, Serial:3a:b6:50:8b, Subject:CN=QuoVadis Root Certification Authority, OU=Root Certification Authority, O=QuoVadis Limited, C=BM, Issuer:CN=QuoVadis Root Certification Authority, OU=Root Certification Authority, O=QuoVadis Limited, C=BM, Key type:RSA, Length:2048, Cert Id:2412561694, Valid from:3/19/01, 8:33 PM, Valid until:3/17/21, 8:33 PM
2025-04-06T12:38:07.736+03:00 DEBUG 63042 --- [    Test worker] jdk.event.security                       : X509Certificate: Alg:SHA256withRSA, Serial:78:58:5f:2e:ad:2c:19:4b:e3:37:07:35:34:13:28:b5:96:d4:65:93, Subject:CN=QuoVadis Root CA 1 G3, O=QuoVadis Limited, C=BM, Issuer:CN=QuoVadis Root CA 1 G3, O=QuoVadis Limited, C=BM, Key type:RSA, Length:4096, Cert Id:3532531262, Valid from:1/12/12, 7:27 PM, Valid until:1/12/42, 7:27 PM
2025-04-06T12:38:07.736+03:00 DEBUG 63042 --- [    Test worker] jdk.event.security                       : X509Certificate: Alg:SHA1withRSA, Serial:05:09, Subject:CN=QuoVadis Root CA 2, O=QuoVadis Limited, C=BM, Issuer:CN=QuoVadis Root CA 2, O=QuoVadis Limited, C=BM, Key type:RSA, Length:4096, Cert Id:338250116, Valid from:11/24/06, 8:27 PM, Valid until:11/24/31, 8:23 PM
2025-04-06T12:38:07.736+03:00 DEBUG 63042 --- [    Test worker] jdk.event.security                       : X509Certificate: Alg:SHA256withRSA, Serial:44:57:34:24:5b:81:89:9b:35:f2:ce:b8:2b:3b:5b:a7:26:f0:75:28, Subject:CN=QuoVadis Root CA 2 G3, O=QuoVadis Limited, C=BM, Issuer:CN=QuoVadis Root CA 2 G3, O=QuoVadis Limited, C=BM, Key type:RSA, Length:4096, Cert Id:696763521, Valid from:1/12/12, 8:59 PM, Valid until:1/12/42, 8:59 PM
2025-04-06T12:38:07.736+03:00 DEBUG 63042 --- [    Test worker] jdk.event.security                       : X509Certificate: Alg:SHA1withRSA, Serial:05:c6, Subject:CN=QuoVadis Root CA 3, O=QuoVadis Limited, C=BM, Issuer:CN=QuoVadis Root CA 3, O=QuoVadis Limited, C=BM, Key type:RSA, Length:4096, Cert Id:1470392860, Valid from:11/24/06, 9:11 PM, Valid until:11/24/31, 9:06 PM
2025-04-06T12:38:07.737+03:00 DEBUG 63042 --- [    Test worker] jdk.event.security                       : X509Certificate: Alg:SHA256withRSA, Serial:2e:f5:9b:02:28:a7:db:7a:ff:d5:a3:a9:ee:bd:03:a0:cf:12:6a:1d, Subject:CN=QuoVadis Root CA 3 G3, O=QuoVadis Limited, C=BM, Issuer:CN=QuoVadis Root CA 3 G3, O=QuoVadis Limited, C=BM, Key type:RSA, Length:4096, Cert Id:3589344305, Valid from:1/12/12, 10:26 PM, Valid until:1/12/42, 10:26 PM
2025-04-06T12:38:07.737+03:00 DEBUG 63042 --- [    Test worker] jdk.event.security                       : X509Certificate: Alg:SHA256withRSA, Serial:00, Subject:OU=Security Communication RootCA2, O="SECOM Trust Systems CO.,LTD.", C=JP, Issuer:OU=Security Communication RootCA2, O="SECOM Trust Systems CO.,LTD.", C=JP, Key type:RSA, Length:2048, Cert Id:1521072570, Valid from:5/29/09, 8:00 AM, Valid until:5/29/29, 8:00 AM
2025-04-06T12:38:07.737+03:00 DEBUG 63042 --- [    Test worker] jdk.event.security                       : X509Certificate: Alg:SHA1withRSA, Serial:0c:f0:8e:5c:08:16:a5:ad:42:7f:f0:eb:27:18:59:d0, Subject:CN=SecureTrust CA, O=SecureTrust Corporation, C=US, Issuer:CN=SecureTrust CA, O=SecureTrust Corporation, C=US, Key type:RSA, Length:2048, Cert Id:2034155325, Valid from:11/7/06, 9:31 PM, Valid until:12/31/29, 9:40 PM
2025-04-06T12:38:07.738+03:00 DEBUG 63042 --- [    Test worker] jdk.event.security                       : X509Certificate: Alg:SHA256withECDSA, Serial:75:e6:df:cb:c1:68:5b:a8, Subject:CN=SSL.com Root Certification Authority ECC, O=SSL Corporation, L=Houston, ST=Texas, C=US, Issuer:CN=SSL.com Root Certification Authority ECC, O=SSL Corporation, L=Houston, ST=Texas, C=US, Key type:EC, Length:384, Cert Id:2926673683, Valid from:2/12/16, 8:14 PM, Valid until:2/12/41, 8:14 PM
2025-04-06T12:38:07.738+03:00 DEBUG 63042 --- [    Test worker] jdk.event.security                       : X509Certificate: Alg:SHA256withRSA, Serial:56:b6:29:cd:34:bc:78:f6, Subject:CN=SSL.com EV Root Certification Authority RSA R2, O=SSL Corporation, L=Houston, ST=Texas, C=US, Issuer:CN=SSL.com EV Root Certification Authority RSA R2, O=SSL Corporation, L=Houston, ST=Texas, C=US, Key type:RSA, Length:4096, Cert Id:1381862403, Valid from:5/31/17, 9:14 PM, Valid until:5/30/42, 9:14 PM
2025-04-06T12:38:07.739+03:00 DEBUG 63042 --- [    Test worker] jdk.event.security                       : X509Certificate: Alg:SHA256withRSA, Serial:7b:2c:9b:d3:16:80:32:99, Subject:CN=SSL.com Root Certification Authority RSA, O=SSL Corporation, L=Houston, ST=Texas, C=US, Issuer:CN=SSL.com Root Certification Authority RSA, O=SSL Corporation, L=Houston, ST=Texas, C=US, Key type:RSA, Length:4096, Cert Id:156725711, Valid from:2/12/16, 7:39 PM, Valid until:2/12/41, 7:39 PM
2025-04-06T12:38:07.739+03:00 DEBUG 63042 --- [    Test worker] jdk.event.security                       : X509Certificate: Alg:SHA384withECDSA, Serial:14:03:f5:ab:fb:37:8b:17:40:5b:e2:43:b2:a5:d1:c4, Subject:CN=SSL.com TLS ECC Root CA 2022, O=SSL Corporation, C=US, Issuer:CN=SSL.com TLS ECC Root CA 2022, O=SSL Corporation, C=US, Key type:EC, Length:384, Cert Id:683561703, Valid from:8/25/22, 7:33 PM, Valid until:8/19/46, 7:33 PM
2025-04-06T12:38:07.739+03:00 DEBUG 63042 --- [    Test worker] jdk.event.security                       : X509Certificate: Alg:SHA256withRSA, Serial:6f:be:da:ad:73:bd:08:40:e2:8b:4d:be:d4:f7:5b:91, Subject:CN=SSL.com TLS RSA Root CA 2022, O=SSL Corporation, C=US, Issuer:CN=SSL.com TLS RSA Root CA 2022, O=SSL Corporation, C=US, Key type:RSA, Length:4096, Cert Id:556880013, Valid from:8/25/22, 7:34 PM, Valid until:8/19/46, 7:34 PM
2025-04-06T12:38:07.740+03:00 DEBUG 63042 --- [    Test worker] jdk.event.security                       : X509Certificate: Alg:SHA1withRSA, Serial:00, Subject:OU=Starfield Class 2 Certification Authority, O="Starfield Technologies, Inc.", C=US, Issuer:OU=Starfield Class 2 Certification Authority, O="Starfield Technologies, Inc.", C=US, Key type:RSA, Length:2048, Cert Id:1825617644, Valid from:6/29/04, 8:39 PM, Valid until:6/29/34, 8:39 PM
2025-04-06T12:38:07.740+03:00 DEBUG 63042 --- [    Test worker] jdk.event.security                       : X509Certificate: Alg:SHA256withRSA, Serial:00, Subject:CN=Starfield Root Certificate Authority - G2, O="Starfield Technologies, Inc.", L=Scottsdale, ST=Arizona, C=US, Issuer:CN=Starfield Root Certificate Authority - G2, O="Starfield Technologies, Inc.", L=Scottsdale, ST=Arizona, C=US, Key type:RSA, Length:2048, Cert Id:3268325709, Valid from:9/1/09, 3:00 AM, Valid until:1/1/38, 1:59 AM
2025-04-06T12:38:07.740+03:00 DEBUG 63042 --- [    Test worker] jdk.event.security                       : X509Certificate: Alg:SHA256withRSA, Serial:00, Subject:CN=Starfield Services Root Certificate Authority - G2, O="Starfield Technologies, Inc.", L=Scottsdale, ST=Arizona, C=US, Issuer:CN=Starfield Services Root Certificate Authority - G2, O="Starfield Technologies, Inc.", L=Scottsdale, ST=Arizona, C=US, Key type:RSA, Length:2048, Cert Id:1964785574, Valid from:9/1/09, 3:00 AM, Valid until:1/1/38, 1:59 AM
2025-04-06T12:38:07.740+03:00 DEBUG 63042 --- [    Test worker] jdk.event.security                       : X509Certificate: Alg:SHA1withRSA, Serial:00:bb:40:1c:43:f5:5e:4f:b0, Subject:CN=SwissSign Gold CA - G2, O=SwissSign AG, C=CH, Issuer:CN=SwissSign Gold CA - G2, O=SwissSign AG, C=CH, Key type:RSA, Length:4096, Cert Id:1516221943, Valid from:10/25/06, 11:30 AM, Valid until:10/25/36, 11:30 AM
2025-04-06T12:38:07.741+03:00 DEBUG 63042 --- [    Test worker] jdk.event.security                       : X509Certificate: Alg:SHA1withRSA, Serial:4e:b2:00:67:0c:03:5d:4f, Subject:CN=SwissSign Platinum CA - G2, O=SwissSign AG, C=CH, Issuer:CN=SwissSign Platinum CA - G2, O=SwissSign AG, C=CH, Key type:RSA, Length:4096, Cert Id:771312514, Valid from:10/25/06, 11:36 AM, Valid until:10/25/36, 11:36 AM
2025-04-06T12:38:07.741+03:00 DEBUG 63042 --- [    Test worker] jdk.event.security                       : X509Certificate: Alg:SHA1withRSA, Serial:4f:1b:d4:2f:54:bb:2f:4b, Subject:CN=SwissSign Silver CA - G2, O=SwissSign AG, C=CH, Issuer:CN=SwissSign Silver CA - G2, O=SwissSign AG, C=CH, Key type:RSA, Length:4096, Cert Id:126726124, Valid from:10/25/06, 11:32 AM, Valid until:10/25/36, 11:32 AM
2025-04-06T12:38:07.741+03:00 DEBUG 63042 --- [    Test worker] jdk.event.security                       : X509Certificate: Alg:SHA256withRSA, Serial:01:67:5f:27:d6:fe:7a:e3:e4:ac:be:09:5b:05:9e, Subject:CN=Telia Root CA v2, O=Telia Finland Oyj, C=FI, Issuer:CN=Telia Root CA v2, O=Telia Finland Oyj, C=FI, Key type:RSA, Length:4096, Cert Id:3473063976, Valid from:11/29/18, 1:55 PM, Valid until:11/29/43, 1:55 PM
2025-04-06T12:38:07.741+03:00 DEBUG 63042 --- [    Test worker] jdk.event.security                       : X509Certificate: Alg:SHA1withRSA, Serial:00:95:be:16:a0:f7:2e:46:f1:7b:39:82:72:fa:8b:cd:96, Subject:CN=TeliaSonera Root CA v1, O=TeliaSonera, Issuer:CN=TeliaSonera Root CA v1, O=TeliaSonera, Key type:RSA, Length:4096, Cert Id:1495358374, Valid from:10/18/07, 3:00 PM, Valid until:10/18/32, 3:00 PM
2025-04-06T12:38:07.742+03:00 DEBUG 63042 --- [    Test worker] jdk.event.security                       : X509Certificate: Alg:SHA1withRSA, Serial:34:4e:d5:57:20:d5:ed:ec:49:f4:2f:ce:37:db:2b:6d, Subject:CN=thawte Primary Root CA, OU="(c) 2006 thawte, Inc. - For authorized use only", OU=Certification Services Division, O="thawte, Inc.", C=US, Issuer:CN=thawte Primary Root CA, OU="(c) 2006 thawte, Inc. - For authorized use only", OU=Certification Services Division, O="thawte, Inc.", C=US, Key type:RSA, Length:2048, Cert Id:643000026, Valid from:11/17/06, 2:00 AM, Valid until:7/17/36, 2:59 AM
2025-04-06T12:38:07.742+03:00 DEBUG 63042 --- [    Test worker] jdk.event.security                       : X509Certificate: Alg:SHA384withECDSA, Serial:35:fc:26:5c:d9:84:4f:c9:3d:26:3d:57:9b:ae:d7:56, Subject:CN=thawte Primary Root CA - G2, OU="(c) 2007 thawte, Inc. - For authorized use only", O="thawte, Inc.", C=US, Issuer:CN=thawte Primary Root CA - G2, OU="(c) 2007 thawte, Inc. - For authorized use only", O="thawte, Inc.", C=US, Key type:EC, Length:384, Cert Id:2068083090, Valid from:11/5/07, 2:00 AM, Valid until:1/19/38, 1:59 AM
2025-04-06T12:38:07.742+03:00 DEBUG 63042 --- [    Test worker] jdk.event.security                       : X509Certificate: Alg:SHA256withRSA, Serial:60:01:97:b7:46:a7:ea:b4:b4:9a:d6:4b:2f:f7:90:fb, Subject:CN=thawte Primary Root CA - G3, OU="(c) 2008 thawte, Inc. - For authorized use only", OU=Certification Services Division, O="thawte, Inc.", C=US, Issuer:CN=thawte Primary Root CA - G3, OU="(c) 2008 thawte, Inc. - For authorized use only", OU=Certification Services Division, O="thawte, Inc.", C=US, Key type:RSA, Length:2048, Cert Id:1032730720, Valid from:4/2/08, 3:00 AM, Valid until:12/2/37, 1:59 AM
2025-04-06T12:38:07.743+03:00 DEBUG 63042 --- [    Test worker] jdk.event.security                       : X509Certificate: Alg:SHA256withRSA, Serial:01, Subject:CN=T-TeleSec GlobalRoot Class 2, OU=T-Systems Trust Center, O=T-Systems Enterprise Services GmbH, C=DE, Issuer:CN=T-TeleSec GlobalRoot Class 2, OU=T-Systems Trust Center, O=T-Systems Enterprise Services GmbH, C=DE, Key type:RSA, Length:2048, Cert Id:3056503257, Valid from:10/1/08, 1:40 PM, Valid until:10/2/33, 2:59 AM
2025-04-06T12:38:07.743+03:00 DEBUG 63042 --- [    Test worker] jdk.event.security                       : X509Certificate: Alg:SHA256withRSA, Serial:01, Subject:CN=T-TeleSec GlobalRoot Class 3, OU=T-Systems Trust Center, O=T-Systems Enterprise Services GmbH, C=DE, Issuer:CN=T-TeleSec GlobalRoot Class 3, OU=T-Systems Trust Center, O=T-Systems Enterprise Services GmbH, C=DE, Key type:RSA, Length:2048, Cert Id:1894096264, Valid from:10/1/08, 1:29 PM, Valid until:10/2/33, 2:59 AM
2025-04-06T12:38:07.743+03:00 DEBUG 63042 --- [    Test worker] jdk.event.security                       : X509Certificate: Alg:SHA256withRSA, Serial:0c:be, Subject:CN=TWCA Global Root CA, OU=Root CA, O=TAIWAN-CA, C=TW, Issuer:CN=TWCA Global Root CA, OU=Root CA, O=TAIWAN-CA, C=TW, Key type:RSA, Length:4096, Cert Id:861175838, Valid from:6/27/12, 9:28 AM, Valid until:12/31/30, 5:59 PM
2025-04-06T12:38:07.743+03:00 DEBUG 63042 --- [    Test worker] jdk.event.security                       : X509Certificate: Alg:SHA384withECDSA, Serial:5c:8b:99:c5:5a:94:c5:d2:71:56:de:cd:89:80:cc:26, Subject:CN=USERTrust ECC Certification Authority, O=The USERTRUST Network, L=Jersey City, ST=New Jersey, C=US, Issuer:CN=USERTrust ECC Certification Authority, O=The USERTRUST Network, L=Jersey City, ST=New Jersey, C=US, Key type:EC, Length:384, Cert Id:3329287386, Valid from:2/1/10, 2:00 AM, Valid until:1/19/38, 1:59 AM
2025-04-06T12:38:07.744+03:00 DEBUG 63042 --- [    Test worker] jdk.event.security                       : X509Certificate: Alg:SHA384withRSA, Serial:01:fd:6d:30:fc:a3:ca:51:a8:1b:bc:64:0e:35:03:2d, Subject:CN=USERTrust RSA Certification Authority, O=The USERTRUST Network, L=Jersey City, ST=New Jersey, C=US, Issuer:CN=USERTrust RSA Certification Authority, O=The USERTRUST Network, L=Jersey City, ST=New Jersey, C=US, Key type:RSA, Length:4096, Cert Id:3947601401, Valid from:2/1/10, 2:00 AM, Valid until:1/19/38, 1:59 AM
2025-04-06T12:38:07.745+03:00 DEBUG 63042 --- [    Test worker] jdk.event.security                       : X509Certificate: Alg:SHA1withRSA, Serial:44:be:0c:8b:50:00:24:b4:11:d3:36:2d:e0:b3:5f:1b, Subject:CN=UTN-USERFirst-Object, OU=http://www.usertrust.com, O=The USERTRUST Network, L=Salt Lake City, ST=UT, C=US, Issuer:CN=UTN-USERFirst-Object, OU=http://www.usertrust.com, O=The USERTRUST Network, L=Salt Lake City, ST=UT, C=US, Key type:RSA, Length:2048, Cert Id:3997913868, Valid from:7/9/99, 9:31 PM, Valid until:7/9/19, 9:40 PM
2025-04-06T12:38:07.745+03:00 DEBUG 63042 --- [    Test worker] jdk.event.security                       : X509Certificate: Alg:SHA1withRSA, Serial:00:9b:7e:06:49:a3:3e:62:b9:d5:ee:90:48:71:29:ef:57, Subject:CN=VeriSign Class 3 Public Primary Certification Authority - G3, OU="(c) 1999 VeriSign, Inc. - For authorized use only", OU=VeriSign Trust Network, O="VeriSign, Inc.", C=US, Issuer:CN=VeriSign Class 3 Public Primary Certification Authority - G3, OU="(c) 1999 VeriSign, Inc. - For authorized use only", OU=VeriSign Trust Network, O="VeriSign, Inc.", C=US, Key type:RSA, Length:2048, Cert Id:2057300190, Valid from:10/1/99, 3:00 AM, Valid until:7/17/36, 2:59 AM
2025-04-06T12:38:07.745+03:00 DEBUG 63042 --- [    Test worker] jdk.event.security                       : X509Certificate: Alg:SHA384withECDSA, Serial:2f:80:fe:23:8c:0e:22:0f:48:67:12:28:91:87:ac:b3, Subject:CN=VeriSign Class 3 Public Primary Certification Authority - G4, OU="(c) 2007 VeriSign, Inc. - For authorized use only", OU=VeriSign Trust Network, O="VeriSign, Inc.", C=US, Issuer:CN=VeriSign Class 3 Public Primary Certification Authority - G4, OU="(c) 2007 VeriSign, Inc. - For authorized use only", OU=VeriSign Trust Network, O="VeriSign, Inc.", C=US, Key type:EC, Length:384, Cert Id:4163473319, Valid from:11/5/07, 2:00 AM, Valid until:1/19/38, 1:59 AM
2025-04-06T12:38:07.745+03:00 DEBUG 63042 --- [    Test worker] jdk.event.security                       : X509Certificate: Alg:SHA1withRSA, Serial:18:da:d1:9e:26:7d:e8:bb:4a:21:58:cd:cc:6b:3b:4a, Subject:CN=VeriSign Class 3 Public Primary Certification Authority - G5, OU="(c) 2006 VeriSign, Inc. - For authorized use only", OU=VeriSign Trust Network, O="VeriSign, Inc.", C=US, Issuer:CN=VeriSign Class 3 Public Primary Certification Authority - G5, OU="(c) 2006 VeriSign, Inc. - For authorized use only", OU=VeriSign Trust Network, O="VeriSign, Inc.", C=US, Key type:RSA, Length:2048, Cert Id:303010488, Valid from:11/8/06, 2:00 AM, Valid until:7/17/36, 2:59 AM
2025-04-06T12:38:07.746+03:00 DEBUG 63042 --- [    Test worker] jdk.event.security                       : X509Certificate: Alg:SHA256withRSA, Serial:40:1a:c4:64:21:b3:13:21:03:0e:bb:e4:12:1a:c5:1d, Subject:CN=VeriSign Universal Root Certification Authority, OU="(c) 2008 VeriSign, Inc. - For authorized use only", OU=VeriSign Trust Network, O="VeriSign, Inc.", C=US, Issuer:CN=VeriSign Universal Root Certification Authority, OU="(c) 2008 VeriSign, Inc. - For authorized use only", OU=VeriSign Trust Network, O="VeriSign, Inc.", C=US, Key type:RSA, Length:2048, Cert Id:2318285810, Valid from:4/2/08, 3:00 AM, Valid until:12/2/37, 1:59 AM
2025-04-06T12:38:07.746+03:00 DEBUG 63042 --- [    Test worker] jdk.event.security                       : X509Certificate: Alg:SHA1withRSA, Serial:50:94:6c:ec:18:ea:d5:9c:4d:d5:97:ef:75:8f:a0:ad, Subject:CN=XRamp Global Certification Authority, O=XRamp Security Services Inc, OU=www.xrampsecurity.com, C=US, Issuer:CN=XRamp Global Certification Authority, O=XRamp Security Services Inc, OU=www.xrampsecurity.com, C=US, Key type:RSA, Length:2048, Cert Id:3342493210, Valid from:11/1/04, 7:14 PM, Valid until:1/1/35, 7:37 AM
2025-04-06T12:38:07.777+03:00 DEBUG 63042 --- [    Test worker] o.s.c.support.DefaultLifecycleProcessor  : Starting beans in phase -2147483647
2025-04-06T12:38:07.777+03:00 DEBUG 63042 --- [    Test worker] o.s.c.support.DefaultLifecycleProcessor  : Successfully started bean 'springBootLoggingLifecycle'
2025-04-06T12:38:07.777+03:00 DEBUG 63042 --- [    Test worker] o.s.c.support.DefaultLifecycleProcessor  : Starting beans in phase 1073741823
2025-04-06T12:38:07.777+03:00 DEBUG 63042 --- [    Test worker] o.s.c.support.DefaultLifecycleProcessor  : Starting beans in phase 2147481599
2025-04-06T12:38:07.782+03:00  INFO 63042 --- [    Test worker] o.s.b.w.embedded.tomcat.TomcatWebServer  : Tomcat started on port 8080 (http) with context path '/'
2025-04-06T12:38:07.782+03:00 DEBUG 63042 --- [    Test worker] o.s.c.support.DefaultLifecycleProcessor  : Successfully started bean 'webServerStartStop'
2025-04-06T12:38:07.782+03:00 DEBUG 63042 --- [    Test worker] o.s.c.support.DefaultLifecycleProcessor  : Starting beans in phase 2147482623
2025-04-06T12:38:07.782+03:00 DEBUG 63042 --- [    Test worker] o.s.c.support.DefaultLifecycleProcessor  : Successfully started bean 'webServerGracefulShutdown'
2025-04-06T12:38:07.787+03:00 DEBUG 63042 --- [    Test worker] .s.b.a.l.ConditionEvaluationReportLogger : 


============================
CONDITIONS EVALUATION REPORT
============================


Positive matches:
-----------------

   AopAutoConfiguration matched:
      - @ConditionalOnProperty (spring.aop.auto=true) matched (OnPropertyCondition)

   AopAutoConfiguration.AspectJAutoProxyingConfiguration matched:
      - @ConditionalOnClass found required class 'org.aspectj.weaver.Advice' (OnClassCondition)

   AopAutoConfiguration.AspectJAutoProxyingConfiguration.CglibAutoProxyConfiguration matched:
      - @ConditionalOnProperty (spring.aop.proxy-target-class=true) matched (OnPropertyCondition)

   ApplicationAvailabilityAutoConfiguration#applicationAvailability matched:
      - @ConditionalOnMissingBean (types: org.springframework.boot.availability.ApplicationAvailability; SearchStrategy: all) did not find any beans (OnBeanCondition)

   DataSourceAutoConfiguration matched:
      - @ConditionalOnClass found required classes 'javax.sql.DataSource', 'org.springframework.jdbc.datasource.embedded.EmbeddedDatabaseType' (OnClassCondition)
      - @ConditionalOnMissingBean (types: io.r2dbc.spi.ConnectionFactory; SearchStrategy: all) did not find any beans (OnBeanCondition)

   DataSourceAutoConfiguration.PooledDataSourceConfiguration matched:
      - AnyNestedCondition 1 matched 1 did not; NestedCondition on DataSourceAutoConfiguration.PooledDataSourceCondition.PooledDataSourceAvailable PooledDataSource found supported DataSource; NestedCondition on DataSourceAutoConfiguration.PooledDataSourceCondition.ExplicitType @ConditionalOnProperty (spring.datasource.type) did not find property 'type' (DataSourceAutoConfiguration.PooledDataSourceCondition)
      - @ConditionalOnMissingBean (types: javax.sql.DataSource,javax.sql.XADataSource; SearchStrategy: all) did not find any beans (OnBeanCondition)

   DataSourceAutoConfiguration.PooledDataSourceConfiguration#jdbcConnectionDetails matched:
      - @ConditionalOnMissingBean (types: org.springframework.boot.autoconfigure.jdbc.JdbcConnectionDetails; SearchStrategy: all) did not find any beans (OnBeanCondition)

   DataSourceConfiguration.Hikari matched:
      - @ConditionalOnClass found required class 'com.zaxxer.hikari.HikariDataSource' (OnClassCondition)
      - @ConditionalOnProperty (spring.datasource.type=com.zaxxer.hikari.HikariDataSource) matched (OnPropertyCondition)
      - @ConditionalOnMissingBean (types: javax.sql.DataSource; SearchStrategy: all) did not find any beans (OnBeanCondition)

   DataSourceInitializationConfiguration matched:
      - @ConditionalOnClass found required class 'org.springframework.jdbc.datasource.init.DatabasePopulator' (OnClassCondition)
      - @ConditionalOnSingleCandidate (types: javax.sql.DataSource; SearchStrategy: all) found a single bean 'dataSource'; @ConditionalOnMissingBean (types: org.springframework.boot.autoconfigure.sql.init.SqlDataSourceScriptDatabaseInitializer,org.springframework.boot.autoconfigure.sql.init.SqlR2dbcScriptDatabaseInitializer; SearchStrategy: all) did not find any beans (OnBeanCondition)

   DataSourcePoolMetadataProvidersConfiguration.HikariPoolDataSourceMetadataProviderConfiguration matched:
      - @ConditionalOnClass found required class 'com.zaxxer.hikari.HikariDataSource' (OnClassCondition)

   DataSourceTransactionManagerAutoConfiguration matched:
      - @ConditionalOnClass found required classes 'javax.sql.DataSource', 'org.springframework.jdbc.core.JdbcTemplate', 'org.springframework.transaction.TransactionManager' (OnClassCondition)

   DataSourceTransactionManagerAutoConfiguration.JdbcTransactionManagerConfiguration matched:
      - @ConditionalOnSingleCandidate (types: javax.sql.DataSource; SearchStrategy: all) found a single bean 'dataSource' (OnBeanCondition)

   DispatcherServletAutoConfiguration matched:
      - @ConditionalOnClass found required class 'org.springframework.web.servlet.DispatcherServlet' (OnClassCondition)
      - found 'session' scope (OnWebApplicationCondition)

   DispatcherServletAutoConfiguration.DispatcherServletConfiguration matched:
      - @ConditionalOnClass found required class 'jakarta.servlet.ServletRegistration' (OnClassCondition)
      - Default DispatcherServlet did not find dispatcher servlet beans (DispatcherServletAutoConfiguration.DefaultDispatcherServletCondition)

   DispatcherServletAutoConfiguration.DispatcherServletRegistrationConfiguration matched:
      - @ConditionalOnClass found required class 'jakarta.servlet.ServletRegistration' (OnClassCondition)
      - DispatcherServlet Registration did not find servlet registration bean (DispatcherServletAutoConfiguration.DispatcherServletRegistrationCondition)

   DispatcherServletAutoConfiguration.DispatcherServletRegistrationConfiguration#dispatcherServletRegistration matched:
      - @ConditionalOnBean (names: dispatcherServlet types: org.springframework.web.servlet.DispatcherServlet; SearchStrategy: all) found bean 'dispatcherServlet' (OnBeanCondition)

   EmbeddedWebServerFactoryCustomizerAutoConfiguration matched:
      - @ConditionalOnWebApplication (required) found 'session' scope (OnWebApplicationCondition)
      - @ConditionalOnWarDeployment the application is not deployed as a WAR file. (OnWarDeploymentCondition)

   EmbeddedWebServerFactoryCustomizerAutoConfiguration.TomcatWebServerFactoryCustomizerConfiguration matched:
      - @ConditionalOnClass found required classes 'org.apache.catalina.startup.Tomcat', 'org.apache.coyote.UpgradeProtocol' (OnClassCondition)

   ErrorMvcAutoConfiguration matched:
      - @ConditionalOnClass found required classes 'jakarta.servlet.Servlet', 'org.springframework.web.servlet.DispatcherServlet' (OnClassCondition)
      - found 'session' scope (OnWebApplicationCondition)

   ErrorMvcAutoConfiguration#basicErrorController matched:
      - @ConditionalOnMissingBean (types: org.springframework.boot.web.servlet.error.ErrorController; SearchStrategy: current) did not find any beans (OnBeanCondition)

   ErrorMvcAutoConfiguration#errorAttributes matched:
      - @ConditionalOnMissingBean (types: org.springframework.boot.web.servlet.error.ErrorAttributes; SearchStrategy: current) did not find any beans (OnBeanCondition)

   ErrorMvcAutoConfiguration.DefaultErrorViewResolverConfiguration#conventionErrorViewResolver matched:
      - @ConditionalOnBean (types: org.springframework.web.servlet.DispatcherServlet; SearchStrategy: all) found bean 'dispatcherServlet'; @ConditionalOnMissingBean (types: org.springframework.boot.autoconfigure.web.servlet.error.ErrorViewResolver; SearchStrategy: all) did not find any beans (OnBeanCondition)

   ErrorMvcAutoConfiguration.WhitelabelErrorViewConfiguration matched:
      - @ConditionalOnProperty (server.error.whitelabel.enabled) matched (OnPropertyCondition)
      - ErrorTemplate Missing did not find error template view (ErrorMvcAutoConfiguration.ErrorTemplateMissingCondition)

   ErrorMvcAutoConfiguration.WhitelabelErrorViewConfiguration#beanNameViewResolver matched:
      - @ConditionalOnMissingBean (types: org.springframework.web.servlet.view.BeanNameViewResolver; SearchStrategy: all) did not find any beans (OnBeanCondition)

   ErrorMvcAutoConfiguration.WhitelabelErrorViewConfiguration#defaultErrorView matched:
      - @ConditionalOnMissingBean (names: error; SearchStrategy: all) did not find any beans (OnBeanCondition)

   GenericCacheConfiguration matched:
      - Cache org.springframework.boot.autoconfigure.cache.GenericCacheConfiguration automatic cache type (CacheCondition)

   HibernateJpaAutoConfiguration matched:
      - @ConditionalOnClass found required classes 'org.springframework.orm.jpa.LocalContainerEntityManagerFactoryBean', 'jakarta.persistence.EntityManager', 'org.hibernate.engine.spi.SessionImplementor' (OnClassCondition)

   HibernateJpaConfiguration matched:
      - @ConditionalOnSingleCandidate (types: javax.sql.DataSource; SearchStrategy: all) found a single bean 'dataSource' (OnBeanCondition)

   HttpClientAutoConfiguration matched:
      - @ConditionalOnClass found required class 'org.springframework.http.client.ClientHttpRequestFactory' (OnClassCondition)
      - NoneNestedConditions 0 matched 1 did not; NestedCondition on NotReactiveWebApplicationCondition.ReactiveWebApplication did not find reactive web application classes (NotReactiveWebApplicationCondition)

   HttpClientAutoConfiguration#clientHttpRequestFactoryBuilder matched:
      - @ConditionalOnMissingBean (types: org.springframework.boot.http.client.ClientHttpRequestFactoryBuilder; SearchStrategy: all) did not find any beans (OnBeanCondition)

   HttpClientAutoConfiguration#clientHttpRequestFactorySettings matched:
      - @ConditionalOnMissingBean (types: org.springframework.boot.http.client.ClientHttpRequestFactorySettings; SearchStrategy: all) did not find any beans (OnBeanCondition)

   HttpEncodingAutoConfiguration matched:
      - @ConditionalOnClass found required class 'org.springframework.web.filter.CharacterEncodingFilter' (OnClassCondition)
      - found 'session' scope (OnWebApplicationCondition)
      - @ConditionalOnProperty (server.servlet.encoding.enabled) matched (OnPropertyCondition)

   HttpEncodingAutoConfiguration#characterEncodingFilter matched:
      - @ConditionalOnMissingBean (types: org.springframework.web.filter.CharacterEncodingFilter; SearchStrategy: all) did not find any beans (OnBeanCondition)

   HttpMessageConvertersAutoConfiguration matched:
      - @ConditionalOnClass found required class 'org.springframework.http.converter.HttpMessageConverter' (OnClassCondition)
      - NoneNestedConditions 0 matched 1 did not; NestedCondition on HttpMessageConvertersAutoConfiguration.NotReactiveWebApplicationCondition.ReactiveWebApplication did not find reactive web application classes (HttpMessageConvertersAutoConfiguration.NotReactiveWebApplicationCondition)

   HttpMessageConvertersAutoConfiguration#messageConverters matched:
      - @ConditionalOnMissingBean (types: org.springframework.boot.autoconfigure.http.HttpMessageConverters; SearchStrategy: all) did not find any beans (OnBeanCondition)

   HttpMessageConvertersAutoConfiguration.StringHttpMessageConverterConfiguration matched:
      - @ConditionalOnClass found required class 'org.springframework.http.converter.StringHttpMessageConverter' (OnClassCondition)

   HttpMessageConvertersAutoConfiguration.StringHttpMessageConverterConfiguration#stringHttpMessageConverter matched:
      - @ConditionalOnMissingBean (types: org.springframework.http.converter.StringHttpMessageConverter; SearchStrategy: all) did not find any beans (OnBeanCondition)

   JacksonAutoConfiguration matched:
      - @ConditionalOnClass found required class 'com.fasterxml.jackson.databind.ObjectMapper' (OnClassCondition)

   JacksonAutoConfiguration.Jackson2ObjectMapperBuilderCustomizerConfiguration matched:
      - @ConditionalOnClass found required class 'org.springframework.http.converter.json.Jackson2ObjectMapperBuilder' (OnClassCondition)

   JacksonAutoConfiguration.JacksonObjectMapperBuilderConfiguration matched:
      - @ConditionalOnClass found required class 'org.springframework.http.converter.json.Jackson2ObjectMapperBuilder' (OnClassCondition)

   JacksonAutoConfiguration.JacksonObjectMapperBuilderConfiguration#jacksonObjectMapperBuilder matched:
      - @ConditionalOnMissingBean (types: org.springframework.http.converter.json.Jackson2ObjectMapperBuilder; SearchStrategy: all) did not find any beans (OnBeanCondition)

   JacksonAutoConfiguration.JacksonObjectMapperConfiguration matched:
      - @ConditionalOnClass found required class 'org.springframework.http.converter.json.Jackson2ObjectMapperBuilder' (OnClassCondition)

   JacksonAutoConfiguration.JacksonObjectMapperConfiguration#jacksonObjectMapper matched:
      - @ConditionalOnMissingBean (types: com.fasterxml.jackson.databind.ObjectMapper; SearchStrategy: all) did not find any beans (OnBeanCondition)

   JacksonAutoConfiguration.ParameterNamesModuleConfiguration matched:
      - @ConditionalOnClass found required class 'com.fasterxml.jackson.module.paramnames.ParameterNamesModule' (OnClassCondition)

   JacksonAutoConfiguration.ParameterNamesModuleConfiguration#parameterNamesModule matched:
      - @ConditionalOnMissingBean (types: com.fasterxml.jackson.module.paramnames.ParameterNamesModule; SearchStrategy: all) did not find any beans (OnBeanCondition)

   JacksonHttpMessageConvertersConfiguration.MappingJackson2HttpMessageConverterConfiguration matched:
      - @ConditionalOnClass found required class 'com.fasterxml.jackson.databind.ObjectMapper' (OnClassCondition)
      - @ConditionalOnProperty (spring.mvc.converters.preferred-json-mapper=jackson) matched (OnPropertyCondition)
      - @ConditionalOnBean (types: com.fasterxml.jackson.databind.ObjectMapper; SearchStrategy: all) found bean 'jacksonObjectMapper' (OnBeanCondition)

   JacksonHttpMessageConvertersConfiguration.MappingJackson2HttpMessageConverterConfiguration#mappingJackson2HttpMessageConverter matched:
      - @ConditionalOnMissingBean (types: org.springframework.http.converter.json.MappingJackson2HttpMessageConverter ignored: org.springframework.hateoas.server.mvc.TypeConstrainedMappingJackson2HttpMessageConverter,org.springframework.data.rest.webmvc.alps.AlpsJsonHttpMessageConverter; SearchStrategy: all) did not find any beans (OnBeanCondition)

   JdbcClientAutoConfiguration matched:
      - @ConditionalOnSingleCandidate (types: org.springframework.jdbc.core.namedparam.NamedParameterJdbcTemplate; SearchStrategy: all) found a single bean 'namedParameterJdbcTemplate'; @ConditionalOnMissingBean (types: org.springframework.jdbc.core.simple.JdbcClient; SearchStrategy: all) did not find any beans (OnBeanCondition)

   JdbcTemplateAutoConfiguration matched:
      - @ConditionalOnClass found required classes 'javax.sql.DataSource', 'org.springframework.jdbc.core.JdbcTemplate' (OnClassCondition)
      - @ConditionalOnSingleCandidate (types: javax.sql.DataSource; SearchStrategy: all) found a single bean 'dataSource' (OnBeanCondition)

   JdbcTemplateConfiguration matched:
      - @ConditionalOnMissingBean (types: org.springframework.jdbc.core.JdbcOperations; SearchStrategy: all) did not find any beans (OnBeanCondition)

   JpaBaseConfiguration#entityManagerFactory matched:
      - @ConditionalOnMissingBean (types: org.springframework.orm.jpa.LocalContainerEntityManagerFactoryBean,jakarta.persistence.EntityManagerFactory; SearchStrategy: all) did not find any beans (OnBeanCondition)

   JpaBaseConfiguration#entityManagerFactoryBuilder matched:
      - @ConditionalOnMissingBean (types: org.springframework.boot.orm.jpa.EntityManagerFactoryBuilder; SearchStrategy: all) did not find any beans (OnBeanCondition)

   JpaBaseConfiguration#jpaVendorAdapter matched:
      - @ConditionalOnMissingBean (types: org.springframework.orm.jpa.JpaVendorAdapter; SearchStrategy: all) did not find any beans (OnBeanCondition)

   JpaBaseConfiguration#transactionManager matched:
      - @ConditionalOnMissingBean (types: org.springframework.transaction.TransactionManager; SearchStrategy: all) did not find any beans (OnBeanCondition)

   JpaBaseConfiguration.JpaWebConfiguration matched:
      - @ConditionalOnClass found required class 'org.springframework.web.servlet.config.annotation.WebMvcConfigurer' (OnClassCondition)
      - found 'session' scope (OnWebApplicationCondition)
      - @ConditionalOnProperty (spring.jpa.open-in-view=true) matched (OnPropertyCondition)
      - @ConditionalOnMissingBean (types: org.springframework.orm.jpa.support.OpenEntityManagerInViewInterceptor,org.springframework.orm.jpa.support.OpenEntityManagerInViewFilter; SearchStrategy: all) did not find any beans (OnBeanCondition)

   JpaBaseConfiguration.PersistenceManagedTypesConfiguration matched:
      - @ConditionalOnMissingBean (types: org.springframework.orm.jpa.LocalContainerEntityManagerFactoryBean,jakarta.persistence.EntityManagerFactory; SearchStrategy: all) did not find any beans (OnBeanCondition)

   JpaBaseConfiguration.PersistenceManagedTypesConfiguration#persistenceManagedTypes matched:
      - @ConditionalOnMissingBean (types: org.springframework.orm.jpa.persistenceunit.PersistenceManagedTypes; SearchStrategy: all) did not find any beans (OnBeanCondition)

   JpaRepositoriesAutoConfiguration matched:
      - @ConditionalOnClass found required class 'org.springframework.data.jpa.repository.JpaRepository' (OnClassCondition)
      - @ConditionalOnProperty (spring.data.jpa.repositories.enabled=true) matched (OnPropertyCondition)
      - @ConditionalOnBean (types: javax.sql.DataSource; SearchStrategy: all) found bean 'dataSource'; @ConditionalOnMissingBean (types: org.springframework.data.jpa.repository.support.JpaRepositoryFactoryBean,org.springframework.data.jpa.repository.config.JpaRepositoryConfigExtension; SearchStrategy: all) did not find any beans (OnBeanCondition)

   JtaAutoConfiguration matched:
      - @ConditionalOnClass found required class 'jakarta.transaction.Transaction' (OnClassCondition)
      - @ConditionalOnProperty (spring.jta.enabled) matched (OnPropertyCondition)

   LifecycleAutoConfiguration#defaultLifecycleProcessor matched:
      - @ConditionalOnMissingBean (names: lifecycleProcessor; SearchStrategy: current) did not find any beans (OnBeanCondition)

   MultipartAutoConfiguration matched:
      - @ConditionalOnClass found required classes 'jakarta.servlet.Servlet', 'org.springframework.web.multipart.support.StandardServletMultipartResolver', 'jakarta.servlet.MultipartConfigElement' (OnClassCondition)
      - found 'session' scope (OnWebApplicationCondition)
      - @ConditionalOnProperty (spring.servlet.multipart.enabled) matched (OnPropertyCondition)

   MultipartAutoConfiguration#multipartConfigElement matched:
      - @ConditionalOnMissingBean (types: jakarta.servlet.MultipartConfigElement; SearchStrategy: all) did not find any beans (OnBeanCondition)

   MultipartAutoConfiguration#multipartResolver matched:
      - @ConditionalOnMissingBean (types: org.springframework.web.multipart.MultipartResolver; SearchStrategy: all) did not find any beans (OnBeanCondition)

   NamedParameterJdbcTemplateConfiguration matched:
      - @ConditionalOnSingleCandidate (types: org.springframework.jdbc.core.JdbcTemplate; SearchStrategy: all) found a single bean 'jdbcTemplate'; @ConditionalOnMissingBean (types: org.springframework.jdbc.core.namedparam.NamedParameterJdbcOperations; SearchStrategy: all) did not find any beans (OnBeanCondition)

   NoOpCacheConfiguration matched:
      - Cache org.springframework.boot.autoconfigure.cache.NoOpCacheConfiguration automatic cache type (CacheCondition)

   PersistenceExceptionTranslationAutoConfiguration matched:
      - @ConditionalOnClass found required class 'org.springframework.dao.annotation.PersistenceExceptionTranslationPostProcessor' (OnClassCondition)

   PersistenceExceptionTranslationAutoConfiguration#persistenceExceptionTranslationPostProcessor matched:
      - @ConditionalOnProperty (spring.dao.exceptiontranslation.enabled) matched (OnPropertyCondition)
      - @ConditionalOnMissingBean (types: org.springframework.dao.annotation.PersistenceExceptionTranslationPostProcessor; SearchStrategy: all) did not find any beans (OnBeanCondition)

   PropertyPlaceholderAutoConfiguration#propertySourcesPlaceholderConfigurer matched:
      - @ConditionalOnMissingBean (types: org.springframework.context.support.PropertySourcesPlaceholderConfigurer; SearchStrategy: current) did not find any beans (OnBeanCondition)

   RestClientAutoConfiguration matched:
      - @ConditionalOnClass found required class 'org.springframework.web.client.RestClient' (OnClassCondition)
      - NoneNestedConditions 0 matched 1 did not; NestedCondition on NotReactiveWebApplicationCondition.ReactiveWebApplication did not find reactive web application classes (NotReactiveWebApplicationCondition)

   RestClientAutoConfiguration#httpMessageConvertersRestClientCustomizer matched:
      - @ConditionalOnMissingBean (types: org.springframework.boot.autoconfigure.web.client.HttpMessageConvertersRestClientCustomizer; SearchStrategy: all) did not find any beans (OnBeanCondition)

   RestClientAutoConfiguration#restClientBuilder matched:
      - @ConditionalOnMissingBean (types: org.springframework.web.client.RestClient$Builder; SearchStrategy: all) did not find any beans (OnBeanCondition)

   RestClientAutoConfiguration#restClientBuilderConfigurer matched:
      - @ConditionalOnMissingBean (types: org.springframework.boot.autoconfigure.web.client.RestClientBuilderConfigurer; SearchStrategy: all) did not find any beans (OnBeanCondition)

   RestClientAutoConfiguration#restClientSsl matched:
      - @ConditionalOnBean (types: org.springframework.boot.ssl.SslBundles; SearchStrategy: all) found bean 'sslBundleRegistry'; @ConditionalOnMissingBean (types: org.springframework.boot.autoconfigure.web.client.RestClientSsl; SearchStrategy: all) did not find any beans (OnBeanCondition)

   RestTemplateAutoConfiguration matched:
      - @ConditionalOnClass found required class 'org.springframework.web.client.RestTemplate' (OnClassCondition)
      - NoneNestedConditions 0 matched 1 did not; NestedCondition on NotReactiveWebApplicationCondition.ReactiveWebApplication did not find reactive web application classes (NotReactiveWebApplicationCondition)

   RestTemplateAutoConfiguration#restTemplateBuilder matched:
      - @ConditionalOnMissingBean (types: org.springframework.boot.web.client.RestTemplateBuilder; SearchStrategy: all) did not find any beans (OnBeanCondition)

   ServletWebServerFactoryAutoConfiguration matched:
      - @ConditionalOnClass found required class 'jakarta.servlet.ServletRequest' (OnClassCondition)
      - found 'session' scope (OnWebApplicationCondition)

   ServletWebServerFactoryAutoConfiguration#tomcatServletWebServerFactoryCustomizer matched:
      - @ConditionalOnClass found required class 'org.apache.catalina.startup.Tomcat' (OnClassCondition)

   ServletWebServerFactoryConfiguration.EmbeddedTomcat matched:
      - @ConditionalOnClass found required classes 'jakarta.servlet.Servlet', 'org.apache.catalina.startup.Tomcat', 'org.apache.coyote.UpgradeProtocol' (OnClassCondition)
      - @ConditionalOnMissingBean (types: org.springframework.boot.web.servlet.server.ServletWebServerFactory; SearchStrategy: current) did not find any beans (OnBeanCondition)

   SimpleCacheConfiguration matched:
      - Cache org.springframework.boot.autoconfigure.cache.SimpleCacheConfiguration automatic cache type (CacheCondition)

   SpringDataWebAutoConfiguration matched:
      - @ConditionalOnClass found required classes 'org.springframework.data.web.PageableHandlerMethodArgumentResolver', 'org.springframework.web.servlet.config.annotation.WebMvcConfigurer' (OnClassCondition)
      - found 'session' scope (OnWebApplicationCondition)
      - @ConditionalOnMissingBean (types: org.springframework.data.web.PageableHandlerMethodArgumentResolver; SearchStrategy: all) did not find any beans (OnBeanCondition)

   SpringDataWebAutoConfiguration#pageableCustomizer matched:
      - @ConditionalOnMissingBean (types: org.springframework.data.web.config.PageableHandlerMethodArgumentResolverCustomizer; SearchStrategy: all) did not find any beans (OnBeanCondition)

   SpringDataWebAutoConfiguration#sortCustomizer matched:
      - @ConditionalOnMissingBean (types: org.springframework.data.web.config.SortHandlerMethodArgumentResolverCustomizer; SearchStrategy: all) did not find any beans (OnBeanCondition)

   SpringDataWebAutoConfiguration#springDataWebSettings matched:
      - @ConditionalOnMissingBean (types: org.springframework.data.web.config.SpringDataWebSettings; SearchStrategy: all) did not find any beans (OnBeanCondition)

   SqlInitializationAutoConfiguration matched:
      - @ConditionalOnProperty (spring.sql.init.enabled) matched (OnPropertyCondition)
      - NoneNestedConditions 0 matched 1 did not; NestedCondition on SqlInitializationAutoConfiguration.SqlInitializationModeCondition.ModeIsNever @ConditionalOnProperty (spring.sql.init.mode=never) did not find property 'mode' (SqlInitializationAutoConfiguration.SqlInitializationModeCondition)

   SslAutoConfiguration#sslBundleRegistry matched:
      - @ConditionalOnMissingBean (types: org.springframework.boot.ssl.SslBundleRegistry,org.springframework.boot.ssl.SslBundles; SearchStrategy: all) did not find any beans (OnBeanCondition)

   TaskExecutionAutoConfiguration matched:
      - @ConditionalOnClass found required class 'org.springframework.scheduling.concurrent.ThreadPoolTaskExecutor' (OnClassCondition)

   TaskExecutorConfigurations.SimpleAsyncTaskExecutorBuilderConfiguration#simpleAsyncTaskExecutorBuilder matched:
      - @ConditionalOnMissingBean (types: org.springframework.boot.task.SimpleAsyncTaskExecutorBuilder; SearchStrategy: all) did not find any beans (OnBeanCondition)
      - @ConditionalOnThreading found PLATFORM (OnThreadingCondition)

   TaskExecutorConfigurations.TaskExecutorConfiguration matched:
      - @ConditionalOnMissingBean (types: java.util.concurrent.Executor; SearchStrategy: all) did not find any beans (OnBeanCondition)

   TaskExecutorConfigurations.TaskExecutorConfiguration#applicationTaskExecutor matched:
      - @ConditionalOnThreading found PLATFORM (OnThreadingCondition)

   TaskExecutorConfigurations.ThreadPoolTaskExecutorBuilderConfiguration#threadPoolTaskExecutorBuilder matched:
      - @ConditionalOnMissingBean (types: org.springframework.boot.task.ThreadPoolTaskExecutorBuilder; SearchStrategy: all) did not find any beans (OnBeanCondition)

   TaskSchedulingAutoConfiguration matched:
      - @ConditionalOnClass found required class 'org.springframework.scheduling.concurrent.ThreadPoolTaskScheduler' (OnClassCondition)

   TaskSchedulingConfigurations.SimpleAsyncTaskSchedulerBuilderConfiguration#simpleAsyncTaskSchedulerBuilder matched:
      - @ConditionalOnMissingBean (types: org.springframework.boot.task.SimpleAsyncTaskSchedulerBuilder; SearchStrategy: all) did not find any beans (OnBeanCondition)
      - @ConditionalOnThreading found PLATFORM (OnThreadingCondition)

   TaskSchedulingConfigurations.ThreadPoolTaskSchedulerBuilderConfiguration#threadPoolTaskSchedulerBuilder matched:
      - @ConditionalOnMissingBean (types: org.springframework.boot.task.ThreadPoolTaskSchedulerBuilder; SearchStrategy: all) did not find any beans (OnBeanCondition)

   TransactionAutoConfiguration matched:
      - @ConditionalOnClass found required class 'org.springframework.transaction.PlatformTransactionManager' (OnClassCondition)

   TransactionAutoConfiguration.EnableTransactionManagementConfiguration matched:
      - @ConditionalOnBean (types: org.springframework.transaction.TransactionManager; SearchStrategy: all) found bean 'transactionManager'; @ConditionalOnMissingBean (types: org.springframework.transaction.annotation.AbstractTransactionManagementConfiguration; SearchStrategy: all) did not find any beans (OnBeanCondition)

   TransactionAutoConfiguration.EnableTransactionManagementConfiguration.CglibAutoProxyConfiguration matched:
      - @ConditionalOnProperty (spring.aop.proxy-target-class=true) matched (OnPropertyCondition)

   TransactionAutoConfiguration.TransactionTemplateConfiguration matched:
      - @ConditionalOnSingleCandidate (types: org.springframework.transaction.PlatformTransactionManager; SearchStrategy: all) found a single bean 'transactionManager' (OnBeanCondition)

   TransactionAutoConfiguration.TransactionTemplateConfiguration#transactionTemplate matched:
      - @ConditionalOnMissingBean (types: org.springframework.transaction.support.TransactionOperations; SearchStrategy: all) did not find any beans (OnBeanCondition)

   TransactionManagerCustomizationAutoConfiguration matched:
      - @ConditionalOnClass found required class 'org.springframework.transaction.PlatformTransactionManager' (OnClassCondition)

   TransactionManagerCustomizationAutoConfiguration#platformTransactionManagerCustomizers matched:
      - @ConditionalOnMissingBean (types: org.springframework.boot.autoconfigure.transaction.TransactionManagerCustomizers; SearchStrategy: all) did not find any beans (OnBeanCondition)

   WebMvcAutoConfiguration matched:
      - @ConditionalOnClass found required classes 'jakarta.servlet.Servlet', 'org.springframework.web.servlet.DispatcherServlet', 'org.springframework.web.servlet.config.annotation.WebMvcConfigurer' (OnClassCondition)
      - found 'session' scope (OnWebApplicationCondition)
      - @ConditionalOnMissingBean (types: org.springframework.web.servlet.config.annotation.WebMvcConfigurationSupport; SearchStrategy: all) did not find any beans (OnBeanCondition)

   WebMvcAutoConfiguration#formContentFilter matched:
      - @ConditionalOnProperty (spring.mvc.formcontent.filter.enabled) matched (OnPropertyCondition)
      - @ConditionalOnMissingBean (types: org.springframework.web.filter.FormContentFilter; SearchStrategy: all) did not find any beans (OnBeanCondition)

   WebMvcAutoConfiguration.EnableWebMvcConfiguration#flashMapManager matched:
      - @ConditionalOnMissingBean (names: flashMapManager; SearchStrategy: all) did not find any beans (OnBeanCondition)

   WebMvcAutoConfiguration.EnableWebMvcConfiguration#localeResolver matched:
      - @ConditionalOnMissingBean (names: localeResolver; SearchStrategy: all) did not find any beans (OnBeanCondition)

   WebMvcAutoConfiguration.EnableWebMvcConfiguration#themeResolver matched:
      - @ConditionalOnMissingBean (names: themeResolver; SearchStrategy: all) did not find any beans (OnBeanCondition)

   WebMvcAutoConfiguration.EnableWebMvcConfiguration#viewNameTranslator matched:
      - @ConditionalOnMissingBean (names: viewNameTranslator; SearchStrategy: all) did not find any beans (OnBeanCondition)

   WebMvcAutoConfiguration.WebMvcAutoConfigurationAdapter#defaultViewResolver matched:
      - @ConditionalOnMissingBean (types: org.springframework.web.servlet.view.InternalResourceViewResolver; SearchStrategy: all) did not find any beans (OnBeanCondition)

   WebMvcAutoConfiguration.WebMvcAutoConfigurationAdapter#requestContextFilter matched:
      - @ConditionalOnMissingBean (types: org.springframework.web.context.request.RequestContextListener,org.springframework.web.filter.RequestContextFilter; SearchStrategy: all) did not find any beans (OnBeanCondition)

   WebMvcAutoConfiguration.WebMvcAutoConfigurationAdapter#viewResolver matched:
      - @ConditionalOnBean (types: org.springframework.web.servlet.ViewResolver; SearchStrategy: all) found beans 'defaultViewResolver', 'beanNameViewResolver', 'mvcViewResolver'; @ConditionalOnMissingBean (names: viewResolver types: org.springframework.web.servlet.view.ContentNegotiatingViewResolver; SearchStrategy: all) did not find any beans (OnBeanCondition)

   WebSocketServletAutoConfiguration matched:
      - @ConditionalOnClass found required classes 'jakarta.servlet.Servlet', 'jakarta.websocket.server.ServerContainer' (OnClassCondition)
      - found 'session' scope (OnWebApplicationCondition)

   WebSocketServletAutoConfiguration.TomcatWebSocketConfiguration matched:
      - @ConditionalOnClass found required classes 'org.apache.catalina.startup.Tomcat', 'org.apache.tomcat.websocket.server.WsSci' (OnClassCondition)

   WebSocketServletAutoConfiguration.TomcatWebSocketConfiguration#websocketServletWebServerCustomizer matched:
      - @ConditionalOnMissingBean (names: websocketServletWebServerCustomizer; SearchStrategy: all) did not find any beans (OnBeanCondition)


Negative matches:
-----------------

   ActiveMQAutoConfiguration:
      Did not match:
         - @ConditionalOnClass did not find required class 'jakarta.jms.ConnectionFactory' (OnClassCondition)

   AopAutoConfiguration.AspectJAutoProxyingConfiguration.JdkDynamicAutoProxyConfiguration:
      Did not match:
         - @ConditionalOnProperty (spring.aop.proxy-target-class=false) did not find property 'proxy-target-class' (OnPropertyCondition)

   AopAutoConfiguration.ClassProxyingConfiguration:
      Did not match:
         - @ConditionalOnMissingClass found unwanted class 'org.aspectj.weaver.Advice' (OnClassCondition)

   ArtemisAutoConfiguration:
      Did not match:
         - @ConditionalOnClass did not find required class 'jakarta.jms.ConnectionFactory' (OnClassCondition)

   BatchAutoConfiguration:
      Did not match:
         - @ConditionalOnClass did not find required class 'org.springframework.batch.core.launch.JobLauncher' (OnClassCondition)

   Cache2kCacheConfiguration:
      Did not match:
         - @ConditionalOnClass did not find required class 'org.cache2k.Cache2kBuilder' (OnClassCondition)

   CacheAutoConfiguration:
      Did not match:
         - @ConditionalOnBean (types: org.springframework.cache.interceptor.CacheAspectSupport; SearchStrategy: all) did not find any beans of type org.springframework.cache.interceptor.CacheAspectSupport (OnBeanCondition)
      Matched:
         - @ConditionalOnClass found required class 'org.springframework.cache.CacheManager' (OnClassCondition)

   CacheAutoConfiguration.CacheManagerEntityManagerFactoryDependsOnPostProcessor:
      Did not match:
         - Ancestor org.springframework.boot.autoconfigure.cache.CacheAutoConfiguration did not match (ConditionEvaluationReport.AncestorsMatchedCondition)
      Matched:
         - @ConditionalOnClass found required class 'org.springframework.orm.jpa.LocalContainerEntityManagerFactoryBean' (OnClassCondition)

   CaffeineCacheConfiguration:
      Did not match:
         - @ConditionalOnClass did not find required class 'com.github.benmanes.caffeine.cache.Caffeine' (OnClassCondition)

   CassandraAutoConfiguration:
      Did not match:
         - @ConditionalOnClass did not find required class 'com.datastax.oss.driver.api.core.CqlSession' (OnClassCondition)

   CassandraDataAutoConfiguration:
      Did not match:
         - @ConditionalOnClass did not find required class 'com.datastax.oss.driver.api.core.CqlSession' (OnClassCondition)

   CassandraReactiveDataAutoConfiguration:
      Did not match:
         - @ConditionalOnClass did not find required class 'com.datastax.oss.driver.api.core.CqlSession' (OnClassCondition)

   CassandraReactiveRepositoriesAutoConfiguration:
      Did not match:
         - @ConditionalOnClass did not find required class 'org.springframework.data.cassandra.ReactiveSession' (OnClassCondition)

   CassandraRepositoriesAutoConfiguration:
      Did not match:
         - @ConditionalOnClass did not find required class 'com.datastax.oss.driver.api.core.CqlSession' (OnClassCondition)

   ClientHttpConnectorAutoConfiguration:
      Did not match:
         - @ConditionalOnClass did not find required class 'org.springframework.web.reactive.function.client.WebClient' (OnClassCondition)

   CodecsAutoConfiguration:
      Did not match:
         - @ConditionalOnClass did not find required class 'org.springframework.web.reactive.function.client.WebClient' (OnClassCondition)

   CouchbaseAutoConfiguration:
      Did not match:
         - @ConditionalOnClass did not find required class 'com.couchbase.client.java.Cluster' (OnClassCondition)

   CouchbaseCacheConfiguration:
      Did not match:
         - @ConditionalOnClass did not find required class 'com.couchbase.client.java.Cluster' (OnClassCondition)

   CouchbaseDataAutoConfiguration:
      Did not match:
         - @ConditionalOnClass did not find required class 'com.couchbase.client.java.Bucket' (OnClassCondition)

   CouchbaseReactiveDataAutoConfiguration:
      Did not match:
         - @ConditionalOnClass did not find required class 'com.couchbase.client.java.Cluster' (OnClassCondition)

   CouchbaseReactiveRepositoriesAutoConfiguration:
      Did not match:
         - @ConditionalOnClass did not find required class 'com.couchbase.client.java.Cluster' (OnClassCondition)

   CouchbaseRepositoriesAutoConfiguration:
      Did not match:
         - @ConditionalOnClass did not find required class 'com.couchbase.client.java.Bucket' (OnClassCondition)

   DataSourceAutoConfiguration.EmbeddedDatabaseConfiguration:
      Did not match:
         - EmbeddedDataSource found supported pooled data source (DataSourceAutoConfiguration.EmbeddedDatabaseCondition)

   DataSourceCheckpointRestoreConfiguration:
      Did not match:
         - @ConditionalOnClass did not find required class 'org.crac.Resource' (OnClassCondition)

   DataSourceConfiguration.Dbcp2:
      Did not match:
         - @ConditionalOnClass did not find required class 'org.apache.commons.dbcp2.BasicDataSource' (OnClassCondition)

   DataSourceConfiguration.Generic:
      Did not match:
         - @ConditionalOnProperty (spring.datasource.type) did not find property 'spring.datasource.type' (OnPropertyCondition)

   DataSourceConfiguration.OracleUcp:
      Did not match:
         - @ConditionalOnClass did not find required classes 'oracle.ucp.jdbc.PoolDataSourceImpl', 'oracle.jdbc.OracleConnection' (OnClassCondition)

   DataSourceConfiguration.Tomcat:
      Did not match:
         - @ConditionalOnClass did not find required class 'org.apache.tomcat.jdbc.pool.DataSource' (OnClassCondition)

   DataSourceJmxConfiguration:
      Did not match:
         - @ConditionalOnProperty (spring.jmx.enabled=true) found different value in property 'enabled' (OnPropertyCondition)

   DataSourcePoolMetadataProvidersConfiguration.CommonsDbcp2PoolDataSourceMetadataProviderConfiguration:
      Did not match:
         - @ConditionalOnClass did not find required class 'org.apache.commons.dbcp2.BasicDataSource' (OnClassCondition)

   DataSourcePoolMetadataProvidersConfiguration.OracleUcpPoolDataSourceMetadataProviderConfiguration:
      Did not match:
         - @ConditionalOnClass did not find required classes 'oracle.ucp.jdbc.PoolDataSource', 'oracle.jdbc.OracleConnection' (OnClassCondition)

   DataSourcePoolMetadataProvidersConfiguration.TomcatDataSourcePoolMetadataProviderConfiguration:
      Did not match:
         - @ConditionalOnClass did not find required class 'org.apache.tomcat.jdbc.pool.DataSource' (OnClassCondition)

   DataSourceTransactionManagerAutoConfiguration.JdbcTransactionManagerConfiguration#transactionManager:
      Did not match:
         - @ConditionalOnMissingBean (types: org.springframework.transaction.TransactionManager; SearchStrategy: all) found beans of type 'org.springframework.transaction.TransactionManager' transactionManager (OnBeanCondition)

   DispatcherServletAutoConfiguration.DispatcherServletConfiguration#multipartResolver:
      Did not match:
         - @ConditionalOnBean (types: org.springframework.web.multipart.MultipartResolver; SearchStrategy: all) did not find any beans of type org.springframework.web.multipart.MultipartResolver (OnBeanCondition)

   ElasticsearchClientAutoConfiguration:
      Did not match:
         - @ConditionalOnClass did not find required class 'co.elastic.clients.elasticsearch.ElasticsearchClient' (OnClassCondition)

   ElasticsearchDataAutoConfiguration:
      Did not match:
         - @ConditionalOnClass did not find required class 'org.springframework.data.elasticsearch.client.elc.ElasticsearchTemplate' (OnClassCondition)

   ElasticsearchRepositoriesAutoConfiguration:
      Did not match:
         - @ConditionalOnClass did not find required class 'org.springframework.data.elasticsearch.repository.ElasticsearchRepository' (OnClassCondition)

   ElasticsearchRestClientAutoConfiguration:
      Did not match:
         - @ConditionalOnClass did not find required class 'org.elasticsearch.client.RestClientBuilder' (OnClassCondition)

   EmbeddedLdapAutoConfiguration:
      Did not match:
         - @ConditionalOnClass did not find required class 'com.unboundid.ldap.listener.InMemoryDirectoryServer' (OnClassCondition)

   EmbeddedWebServerFactoryCustomizerAutoConfiguration.JettyWebServerFactoryCustomizerConfiguration:
      Did not match:
         - @ConditionalOnClass did not find required classes 'org.eclipse.jetty.server.Server', 'org.eclipse.jetty.util.Loader', 'org.eclipse.jetty.ee10.webapp.WebAppContext' (OnClassCondition)

   EmbeddedWebServerFactoryCustomizerAutoConfiguration.NettyWebServerFactoryCustomizerConfiguration:
      Did not match:
         - @ConditionalOnClass did not find required class 'reactor.netty.http.server.HttpServer' (OnClassCondition)

   EmbeddedWebServerFactoryCustomizerAutoConfiguration.TomcatWebServerFactoryCustomizerConfiguration#tomcatVirtualThreadsProtocolHandlerCustomizer:
      Did not match:
         - @ConditionalOnThreading did not find VIRTUAL (OnThreadingCondition)

   EmbeddedWebServerFactoryCustomizerAutoConfiguration.UndertowWebServerFactoryCustomizerConfiguration:
      Did not match:
         - @ConditionalOnClass did not find required classes 'io.undertow.Undertow', 'org.xnio.SslClientAuthMode' (OnClassCondition)

   ErrorWebFluxAutoConfiguration:
      Did not match:
         - @ConditionalOnClass did not find required class 'org.springframework.web.reactive.config.WebFluxConfigurer' (OnClassCondition)

   FlywayAutoConfiguration:
      Did not match:
         - @ConditionalOnClass did not find required class 'org.flywaydb.core.Flyway' (OnClassCondition)

   FreeMarkerAutoConfiguration:
      Did not match:
         - @ConditionalOnClass did not find required class 'freemarker.template.Configuration' (OnClassCondition)

   GraphQlAutoConfiguration:
      Did not match:
         - @ConditionalOnClass did not find required class 'graphql.GraphQL' (OnClassCondition)

   GraphQlQueryByExampleAutoConfiguration:
      Did not match:
         - @ConditionalOnClass did not find required class 'graphql.GraphQL' (OnClassCondition)

   GraphQlQuerydslAutoConfiguration:
      Did not match:
         - @ConditionalOnClass did not find required class 'com.querydsl.core.Query' (OnClassCondition)

   GraphQlRSocketAutoConfiguration:
      Did not match:
         - @ConditionalOnClass did not find required class 'graphql.GraphQL' (OnClassCondition)

   GraphQlReactiveQueryByExampleAutoConfiguration:
      Did not match:
         - @ConditionalOnClass did not find required class 'graphql.GraphQL' (OnClassCondition)

   GraphQlReactiveQuerydslAutoConfiguration:
      Did not match:
         - @ConditionalOnClass did not find required class 'com.querydsl.core.Query' (OnClassCondition)

   GraphQlWebFluxAutoConfiguration:
      Did not match:
         - @ConditionalOnClass did not find required class 'graphql.GraphQL' (OnClassCondition)

   GraphQlWebFluxSecurityAutoConfiguration:
      Did not match:
         - @ConditionalOnClass did not find required class 'graphql.GraphQL' (OnClassCondition)

   GraphQlWebMvcAutoConfiguration:
      Did not match:
         - @ConditionalOnClass did not find required class 'graphql.GraphQL' (OnClassCondition)

   GraphQlWebMvcSecurityAutoConfiguration:
      Did not match:
         - @ConditionalOnClass did not find required class 'graphql.GraphQL' (OnClassCondition)

   GroovyTemplateAutoConfiguration:
      Did not match:
         - @ConditionalOnClass did not find required class 'groovy.text.markup.MarkupTemplateEngine' (OnClassCondition)

   GsonAutoConfiguration:
      Did not match:
         - @ConditionalOnClass did not find required class 'com.google.gson.Gson' (OnClassCondition)

   GsonHttpMessageConvertersConfiguration:
      Did not match:
         - @ConditionalOnClass did not find required class 'com.google.gson.Gson' (OnClassCondition)

   H2ConsoleAutoConfiguration:
      Did not match:
         - @ConditionalOnProperty (spring.h2.console.enabled=true) did not find property 'enabled' (OnPropertyCondition)
      Matched:
         - @ConditionalOnClass found required class 'org.h2.server.web.JakartaWebServlet' (OnClassCondition)
         - found 'session' scope (OnWebApplicationCondition)

   HazelcastAutoConfiguration:
      Did not match:
         - @ConditionalOnClass did not find required class 'com.hazelcast.core.HazelcastInstance' (OnClassCondition)

   HazelcastCacheConfiguration:
      Did not match:
         - @ConditionalOnClass did not find required class 'com.hazelcast.core.HazelcastInstance' (OnClassCondition)

   HazelcastJpaDependencyAutoConfiguration:
      Did not match:
         - @ConditionalOnClass did not find required class 'com.hazelcast.core.HazelcastInstance' (OnClassCondition)

   HttpHandlerAutoConfiguration:
      Did not match:
         - @ConditionalOnClass did not find required class 'org.springframework.web.reactive.DispatcherHandler' (OnClassCondition)

   HypermediaAutoConfiguration:
      Did not match:
         - @ConditionalOnClass did not find required class 'org.springframework.hateoas.EntityModel' (OnClassCondition)

   InfinispanCacheConfiguration:
      Did not match:
         - @ConditionalOnClass did not find required class 'org.infinispan.spring.embedded.provider.SpringEmbeddedCacheManager' (OnClassCondition)

   IntegrationAutoConfiguration:
      Did not match:
         - @ConditionalOnClass did not find required class 'org.springframework.integration.config.EnableIntegration' (OnClassCondition)

   JCacheCacheConfiguration:
      Did not match:
         - @ConditionalOnClass did not find required class 'javax.cache.Caching' (OnClassCondition)

   JacksonHttpMessageConvertersConfiguration.MappingJackson2XmlHttpMessageConverterConfiguration:
      Did not match:
         - @ConditionalOnClass did not find required class 'com.fasterxml.jackson.dataformat.xml.XmlMapper' (OnClassCondition)

   JdbcRepositoriesAutoConfiguration:
      Did not match:
         - @ConditionalOnClass did not find required class 'org.springframework.data.jdbc.repository.config.AbstractJdbcConfiguration' (OnClassCondition)

   JerseyAutoConfiguration:
      Did not match:
         - @ConditionalOnClass did not find required class 'org.glassfish.jersey.server.spring.SpringComponentProvider' (OnClassCondition)

   JmsAutoConfiguration:
      Did not match:
         - @ConditionalOnClass did not find required class 'jakarta.jms.Message' (OnClassCondition)

   JmxAutoConfiguration:
      Did not match:
         - @ConditionalOnProperty (spring.jmx.enabled=true) found different value in property 'enabled' (OnPropertyCondition)
      Matched:
         - @ConditionalOnClass found required class 'org.springframework.jmx.export.MBeanExporter' (OnClassCondition)

   JndiConnectionFactoryAutoConfiguration:
      Did not match:
         - @ConditionalOnClass did not find required class 'org.springframework.jms.core.JmsTemplate' (OnClassCondition)

   JndiDataSourceAutoConfiguration:
      Did not match:
         - @ConditionalOnProperty (spring.datasource.jndi-name) did not find property 'jndi-name' (OnPropertyCondition)
      Matched:
         - @ConditionalOnClass found required classes 'javax.sql.DataSource', 'org.springframework.jdbc.datasource.embedded.EmbeddedDatabaseType' (OnClassCondition)

   JndiJtaConfiguration:
      Did not match:
         - @ConditionalOnJndi JNDI environment is not available (OnJndiCondition)
      Matched:
         - @ConditionalOnClass found required class 'org.springframework.transaction.jta.JtaTransactionManager' (OnClassCondition)

   JooqAutoConfiguration:
      Did not match:
         - @ConditionalOnClass did not find required class 'org.jooq.DSLContext' (OnClassCondition)

   JpaRepositoriesAutoConfiguration#entityManagerFactoryBootstrapExecutorCustomizer:
      Did not match:
         - AnyNestedCondition 0 matched 2 did not; NestedCondition on JpaRepositoriesAutoConfiguration.BootstrapExecutorCondition.LazyBootstrapMode @ConditionalOnProperty (spring.data.jpa.repositories.bootstrap-mode=lazy) did not find property 'bootstrap-mode'; NestedCondition on JpaRepositoriesAutoConfiguration.BootstrapExecutorCondition.DeferredBootstrapMode @ConditionalOnProperty (spring.data.jpa.repositories.bootstrap-mode=deferred) did not find property 'bootstrap-mode' (JpaRepositoriesAutoConfiguration.BootstrapExecutorCondition)

   JsonbAutoConfiguration:
      Did not match:
         - @ConditionalOnClass did not find required class 'jakarta.json.bind.Jsonb' (OnClassCondition)

   JsonbHttpMessageConvertersConfiguration:
      Did not match:
         - @ConditionalOnClass did not find required class 'jakarta.json.bind.Jsonb' (OnClassCondition)

   KafkaAutoConfiguration:
      Did not match:
         - @ConditionalOnClass did not find required class 'org.springframework.kafka.core.KafkaTemplate' (OnClassCondition)

   LdapAutoConfiguration:
      Did not match:
         - @ConditionalOnClass did not find required class 'org.springframework.ldap.core.ContextSource' (OnClassCondition)

   LdapRepositoriesAutoConfiguration:
      Did not match:
         - @ConditionalOnClass did not find required class 'org.springframework.data.ldap.repository.LdapRepository' (OnClassCondition)

   LiquibaseAutoConfiguration:
      Did not match:
         - @ConditionalOnClass did not find required class 'liquibase.change.DatabaseChange' (OnClassCondition)

   MailSenderAutoConfiguration:
      Did not match:
         - @ConditionalOnClass did not find required class 'jakarta.mail.internet.MimeMessage' (OnClassCondition)

   MailSenderValidatorAutoConfiguration:
      Did not match:
         - @ConditionalOnSingleCandidate did not find required type 'org.springframework.mail.javamail.JavaMailSenderImpl' (OnBeanCondition)

   MessageSourceAutoConfiguration:
      Did not match:
         - ResourceBundle did not find bundle with basename messages (MessageSourceAutoConfiguration.ResourceBundleCondition)

   MongoAutoConfiguration:
      Did not match:
         - @ConditionalOnClass did not find required class 'com.mongodb.client.MongoClient' (OnClassCondition)

   MongoDataAutoConfiguration:
      Did not match:
         - @ConditionalOnClass did not find required class 'com.mongodb.client.MongoClient' (OnClassCondition)

   MongoReactiveAutoConfiguration:
      Did not match:
         - @ConditionalOnClass did not find required class 'com.mongodb.reactivestreams.client.MongoClient' (OnClassCondition)

   MongoReactiveDataAutoConfiguration:
      Did not match:
         - @ConditionalOnClass did not find required class 'com.mongodb.reactivestreams.client.MongoClient' (OnClassCondition)

   MongoReactiveRepositoriesAutoConfiguration:
      Did not match:
         - @ConditionalOnClass did not find required class 'com.mongodb.reactivestreams.client.MongoClient' (OnClassCondition)

   MongoRepositoriesAutoConfiguration:
      Did not match:
         - @ConditionalOnClass did not find required class 'com.mongodb.client.MongoClient' (OnClassCondition)

   MustacheAutoConfiguration:
      Did not match:
         - @ConditionalOnClass did not find required class 'com.samskivert.mustache.Mustache' (OnClassCondition)

   Neo4jAutoConfiguration:
      Did not match:
         - @ConditionalOnClass did not find required class 'org.neo4j.driver.Driver' (OnClassCondition)

   Neo4jDataAutoConfiguration:
      Did not match:
         - @ConditionalOnClass did not find required class 'org.neo4j.driver.Driver' (OnClassCondition)

   Neo4jReactiveDataAutoConfiguration:
      Did not match:
         - @ConditionalOnClass did not find required class 'org.neo4j.driver.Driver' (OnClassCondition)

   Neo4jReactiveRepositoriesAutoConfiguration:
      Did not match:
         - @ConditionalOnClass did not find required class 'org.neo4j.driver.Driver' (OnClassCondition)

   Neo4jRepositoriesAutoConfiguration:
      Did not match:
         - @ConditionalOnClass did not find required class 'org.neo4j.driver.Driver' (OnClassCondition)

   NettyAutoConfiguration:
      Did not match:
         - @ConditionalOnClass did not find required class 'io.netty.util.NettyRuntime' (OnClassCondition)

   OAuth2AuthorizationServerAutoConfiguration:
      Did not match:
         - @ConditionalOnClass did not find required class 'org.springframework.security.oauth2.server.authorization.OAuth2Authorization' (OnClassCondition)

   OAuth2AuthorizationServerJwtAutoConfiguration:
      Did not match:
         - @ConditionalOnClass did not find required class 'org.springframework.security.oauth2.server.authorization.OAuth2Authorization' (OnClassCondition)

   OAuth2ClientAutoConfiguration:
      Did not match:
         - @ConditionalOnClass did not find required class 'org.springframework.security.config.annotation.web.configuration.EnableWebSecurity' (OnClassCondition)

   OAuth2ResourceServerAutoConfiguration:
      Did not match:
         - @ConditionalOnClass did not find required class 'org.springframework.security.oauth2.server.resource.authentication.BearerTokenAuthenticationToken' (OnClassCondition)

   ProjectInfoAutoConfiguration#buildProperties:
      Did not match:
         - @ConditionalOnResource did not find resource '${spring.info.build.location:classpath:META-INF/build-info.properties}' (OnResourceCondition)

   ProjectInfoAutoConfiguration#gitProperties:
      Did not match:
         - GitResource did not find git info at classpath:git.properties (ProjectInfoAutoConfiguration.GitResourceAvailableCondition)

   PulsarAutoConfiguration:
      Did not match:
         - @ConditionalOnClass did not find required class 'org.apache.pulsar.client.api.PulsarClient' (OnClassCondition)

   PulsarReactiveAutoConfiguration:
      Did not match:
         - @ConditionalOnClass did not find required class 'org.apache.pulsar.client.api.PulsarClient' (OnClassCondition)

   QuartzAutoConfiguration:
      Did not match:
         - @ConditionalOnClass did not find required class 'org.quartz.Scheduler' (OnClassCondition)

   R2dbcAutoConfiguration:
      Did not match:
         - @ConditionalOnClass did not find required class 'io.r2dbc.spi.ConnectionFactory' (OnClassCondition)

   R2dbcDataAutoConfiguration:
      Did not match:
         - @ConditionalOnClass did not find required class 'org.springframework.data.r2dbc.core.R2dbcEntityTemplate' (OnClassCondition)

   R2dbcInitializationConfiguration:
      Did not match:
         - @ConditionalOnClass did not find required classes 'io.r2dbc.spi.ConnectionFactory', 'org.springframework.r2dbc.connection.init.DatabasePopulator' (OnClassCondition)

   R2dbcProxyAutoConfiguration:
      Did not match:
         - @ConditionalOnClass did not find required class 'io.r2dbc.proxy.ProxyConnectionFactory' (OnClassCondition)

   R2dbcRepositoriesAutoConfiguration:
      Did not match:
         - @ConditionalOnClass did not find required class 'io.r2dbc.spi.ConnectionFactory' (OnClassCondition)

   R2dbcTransactionManagerAutoConfiguration:
      Did not match:
         - @ConditionalOnClass did not find required class 'org.springframework.r2dbc.connection.R2dbcTransactionManager' (OnClassCondition)

   RSocketGraphQlClientAutoConfiguration:
      Did not match:
         - @ConditionalOnClass did not find required class 'graphql.GraphQL' (OnClassCondition)

   RSocketMessagingAutoConfiguration:
      Did not match:
         - @ConditionalOnClass did not find required class 'io.rsocket.RSocket' (OnClassCondition)

   RSocketRequesterAutoConfiguration:
      Did not match:
         - @ConditionalOnClass did not find required class 'io.rsocket.RSocket' (OnClassCondition)

   RSocketSecurityAutoConfiguration:
      Did not match:
         - @ConditionalOnClass did not find required class 'org.springframework.security.rsocket.core.SecuritySocketAcceptorInterceptor' (OnClassCondition)

   RSocketServerAutoConfiguration:
      Did not match:
         - @ConditionalOnClass did not find required class 'io.rsocket.core.RSocketServer' (OnClassCondition)

   RSocketStrategiesAutoConfiguration:
      Did not match:
         - @ConditionalOnClass did not find required class 'io.netty.buffer.PooledByteBufAllocator' (OnClassCondition)

   RabbitAutoConfiguration:
      Did not match:
         - @ConditionalOnClass did not find required class 'com.rabbitmq.client.Channel' (OnClassCondition)

   ReactiveElasticsearchClientAutoConfiguration:
      Did not match:
         - @ConditionalOnClass did not find required class 'co.elastic.clients.transport.ElasticsearchTransport' (OnClassCondition)

   ReactiveElasticsearchRepositoriesAutoConfiguration:
      Did not match:
         - @ConditionalOnClass did not find required class 'reactor.core.publisher.Mono' (OnClassCondition)

   ReactiveMultipartAutoConfiguration:
      Did not match:
         - @ConditionalOnClass did not find required class 'org.springframework.web.reactive.config.WebFluxConfigurer' (OnClassCondition)

   ReactiveOAuth2ClientAutoConfiguration:
      Did not match:
         - @ConditionalOnClass did not find required class 'reactor.core.publisher.Flux' (OnClassCondition)

   ReactiveOAuth2ResourceServerAutoConfiguration:
      Did not match:
         - @ConditionalOnClass did not find required class 'org.springframework.security.config.annotation.web.reactive.EnableWebFluxSecurity' (OnClassCondition)

   ReactiveSecurityAutoConfiguration:
      Did not match:
         - @ConditionalOnClass did not find required class 'reactor.core.publisher.Flux' (OnClassCondition)

   ReactiveUserDetailsServiceAutoConfiguration:
      Did not match:
         - @ConditionalOnClass did not find required class 'org.springframework.security.authentication.ReactiveAuthenticationManager' (OnClassCondition)

   ReactiveWebServerFactoryAutoConfiguration:
      Did not match:
         - @ConditionalOnWebApplication did not find reactive web application classes (OnWebApplicationCondition)

   ReactorAutoConfiguration:
      Did not match:
         - @ConditionalOnClass did not find required class 'reactor.core.publisher.Hooks' (OnClassCondition)

   RedisAutoConfiguration:
      Did not match:
         - @ConditionalOnClass did not find required class 'org.springframework.data.redis.core.RedisOperations' (OnClassCondition)

   RedisCacheConfiguration:
      Did not match:
         - @ConditionalOnClass did not find required class 'org.springframework.data.redis.connection.RedisConnectionFactory' (OnClassCondition)

   RedisReactiveAutoConfiguration:
      Did not match:
         - @ConditionalOnClass did not find required class 'reactor.core.publisher.Flux' (OnClassCondition)

   RedisRepositoriesAutoConfiguration:
      Did not match:
         - @ConditionalOnClass did not find required class 'org.springframework.data.redis.repository.configuration.EnableRedisRepositories' (OnClassCondition)

   RepositoryRestMvcAutoConfiguration:
      Did not match:
         - @ConditionalOnClass did not find required class 'org.springframework.data.rest.webmvc.config.RepositoryRestMvcConfiguration' (OnClassCondition)

   Saml2RelyingPartyAutoConfiguration:
      Did not match:
         - @ConditionalOnClass did not find required class 'org.springframework.security.saml2.provider.service.registration.RelyingPartyRegistrationRepository' (OnClassCondition)

   SecurityAutoConfiguration:
      Did not match:
         - @ConditionalOnClass did not find required class 'org.springframework.security.authentication.DefaultAuthenticationEventPublisher' (OnClassCondition)

   SecurityFilterAutoConfiguration:
      Did not match:
         - @ConditionalOnClass did not find required class 'org.springframework.security.config.http.SessionCreationPolicy' (OnClassCondition)

   SendGridAutoConfiguration:
      Did not match:
         - @ConditionalOnClass did not find required class 'com.sendgrid.SendGrid' (OnClassCondition)

   ServletWebServerFactoryAutoConfiguration.ForwardedHeaderFilterConfiguration:
      Did not match:
         - @ConditionalOnProperty (server.forward-headers-strategy=framework) did not find property 'server.forward-headers-strategy' (OnPropertyCondition)

   ServletWebServerFactoryConfiguration.EmbeddedJetty:
      Did not match:
         - @ConditionalOnClass did not find required classes 'org.eclipse.jetty.server.Server', 'org.eclipse.jetty.util.Loader', 'org.eclipse.jetty.ee10.webapp.WebAppContext' (OnClassCondition)

   ServletWebServerFactoryConfiguration.EmbeddedUndertow:
      Did not match:
         - @ConditionalOnClass did not find required classes 'io.undertow.Undertow', 'org.xnio.SslClientAuthMode' (OnClassCondition)

   SessionAutoConfiguration:
      Did not match:
         - @ConditionalOnClass did not find required class 'org.springframework.session.Session' (OnClassCondition)

   SpringApplicationAdminJmxAutoConfiguration:
      Did not match:
         - @ConditionalOnProperty (spring.application.admin.enabled=true) did not find property 'enabled' (OnPropertyCondition)

   TaskExecutorConfigurations.SimpleAsyncTaskExecutorBuilderConfiguration#simpleAsyncTaskExecutorBuilderVirtualThreads:
      Did not match:
         - @ConditionalOnMissingBean (types: org.springframework.boot.task.SimpleAsyncTaskExecutorBuilder; SearchStrategy: all) found beans of type 'org.springframework.boot.task.SimpleAsyncTaskExecutorBuilder' simpleAsyncTaskExecutorBuilder (OnBeanCondition)

   TaskExecutorConfigurations.TaskExecutorConfiguration#applicationTaskExecutorVirtualThreads:
      Did not match:
         - @ConditionalOnThreading did not find VIRTUAL (OnThreadingCondition)

   TaskSchedulingAutoConfiguration#scheduledBeanLazyInitializationExcludeFilter:
      Did not match:
         - @ConditionalOnBean (names: org.springframework.context.annotation.internalScheduledAnnotationProcessor; SearchStrategy: all) did not find any beans named org.springframework.context.annotation.internalScheduledAnnotationProcessor (OnBeanCondition)

   TaskSchedulingConfigurations.SimpleAsyncTaskSchedulerBuilderConfiguration#simpleAsyncTaskSchedulerBuilderVirtualThreads:
      Did not match:
         - @ConditionalOnMissingBean (types: org.springframework.boot.task.SimpleAsyncTaskSchedulerBuilder; SearchStrategy: all) found beans of type 'org.springframework.boot.task.SimpleAsyncTaskSchedulerBuilder' simpleAsyncTaskSchedulerBuilder (OnBeanCondition)

   TaskSchedulingConfigurations.TaskSchedulerConfiguration:
      Did not match:
         - @ConditionalOnBean (names: org.springframework.context.annotation.internalScheduledAnnotationProcessor; SearchStrategy: all) did not find any beans named org.springframework.context.annotation.internalScheduledAnnotationProcessor (OnBeanCondition)

   ThymeleafAutoConfiguration:
      Did not match:
         - @ConditionalOnClass did not find required class 'org.thymeleaf.spring6.SpringTemplateEngine' (OnClassCondition)

   TransactionAutoConfiguration#transactionalOperator:
      Did not match:
         - @ConditionalOnSingleCandidate (types: org.springframework.transaction.ReactiveTransactionManager; SearchStrategy: all) did not find any beans (OnBeanCondition)

   TransactionAutoConfiguration.AspectJTransactionManagementConfiguration:
      Did not match:
         - @ConditionalOnBean (types: org.springframework.transaction.aspectj.AbstractTransactionAspect; SearchStrategy: all) did not find any beans of type org.springframework.transaction.aspectj.AbstractTransactionAspect (OnBeanCondition)

   TransactionAutoConfiguration.EnableTransactionManagementConfiguration.JdkDynamicAutoProxyConfiguration:
      Did not match:
         - @ConditionalOnProperty (spring.aop.proxy-target-class=false) did not find property 'proxy-target-class' (OnPropertyCondition)

   UserDetailsServiceAutoConfiguration:
      Did not match:
         - @ConditionalOnClass did not find required class 'org.springframework.security.authentication.AuthenticationManager' (OnClassCondition)

   ValidationAutoConfiguration:
      Did not match:
         - @ConditionalOnResource did not find resource 'classpath:META-INF/services/jakarta.validation.spi.ValidationProvider' (OnResourceCondition)
      Matched:
         - @ConditionalOnClass found required class 'jakarta.validation.executable.ExecutableValidator' (OnClassCondition)

   WebClientAutoConfiguration:
      Did not match:
         - @ConditionalOnClass did not find required class 'org.springframework.web.reactive.function.client.WebClient' (OnClassCondition)

   WebFluxAutoConfiguration:
      Did not match:
         - @ConditionalOnClass did not find required class 'org.springframework.web.reactive.config.WebFluxConfigurer' (OnClassCondition)

   WebMvcAutoConfiguration#hiddenHttpMethodFilter:
      Did not match:
         - @ConditionalOnProperty (spring.mvc.hiddenmethod.filter.enabled) did not find property 'enabled' (OnPropertyCondition)

   WebMvcAutoConfiguration.ProblemDetailsErrorHandlingConfiguration:
      Did not match:
         - @ConditionalOnProperty (spring.mvc.problemdetails.enabled=true) did not find property 'enabled' (OnPropertyCondition)

   WebMvcAutoConfiguration.ResourceChainCustomizerConfiguration:
      Did not match:
         - @ConditionalOnEnabledResourceChain did not find class org.webjars.WebJarVersionLocator (OnEnabledResourceChainCondition)

   WebMvcAutoConfiguration.WebMvcAutoConfigurationAdapter#beanNameViewResolver:
      Did not match:
         - @ConditionalOnMissingBean (types: org.springframework.web.servlet.view.BeanNameViewResolver; SearchStrategy: all) found beans of type 'org.springframework.web.servlet.view.BeanNameViewResolver' beanNameViewResolver (OnBeanCondition)

   WebServiceTemplateAutoConfiguration:
      Did not match:
         - @ConditionalOnClass did not find required class 'org.springframework.oxm.Marshaller' (OnClassCondition)

   WebServicesAutoConfiguration:
      Did not match:
         - @ConditionalOnClass did not find required class 'org.springframework.ws.transport.http.MessageDispatcherServlet' (OnClassCondition)

   WebSessionIdResolverAutoConfiguration:
      Did not match:
         - @ConditionalOnClass did not find required class 'reactor.core.publisher.Mono' (OnClassCondition)

   WebSocketMessagingAutoConfiguration:
      Did not match:
         - @ConditionalOnClass did not find required class 'org.springframework.web.socket.config.annotation.WebSocketMessageBrokerConfigurer' (OnClassCondition)

   WebSocketReactiveAutoConfiguration:
      Did not match:
         - @ConditionalOnWebApplication did not find reactive web application classes (OnWebApplicationCondition)

   WebSocketServletAutoConfiguration.JettyWebSocketConfiguration:
      Did not match:
         - @ConditionalOnClass did not find required class 'org.eclipse.jetty.ee10.websocket.jakarta.server.config.JakartaWebSocketServletContainerInitializer' (OnClassCondition)

   WebSocketServletAutoConfiguration.UndertowWebSocketConfiguration:
      Did not match:
         - @ConditionalOnClass did not find required class 'io.undertow.websockets.jsr.Bootstrap' (OnClassCondition)

   XADataSourceAutoConfiguration:
      Did not match:
         - @ConditionalOnBean (types: org.springframework.boot.jdbc.XADataSourceWrapper; SearchStrategy: all) did not find any beans of type org.springframework.boot.jdbc.XADataSourceWrapper (OnBeanCondition)
      Matched:
         - @ConditionalOnClass found required classes 'javax.sql.DataSource', 'jakarta.transaction.TransactionManager', 'org.springframework.jdbc.datasource.embedded.EmbeddedDatabaseType' (OnClassCondition)


Exclusions:
-----------

    None


Unconditional classes:
----------------------

    org.springframework.boot.autoconfigure.context.ConfigurationPropertiesAutoConfiguration

    org.springframework.boot.autoconfigure.ssl.SslAutoConfiguration

    org.springframework.boot.autoconfigure.context.LifecycleAutoConfiguration

    org.springframework.boot.autoconfigure.context.PropertyPlaceholderAutoConfiguration

    org.springframework.boot.autoconfigure.availability.ApplicationAvailabilityAutoConfiguration

    org.springframework.boot.autoconfigure.info.ProjectInfoAutoConfiguration



2025-04-06T12:38:07.792+03:00  INFO 63042 --- [    Test worker] com.example.springboot.ProductsAPITest   : Started ProductsAPITest in 1.474 seconds (process running for 2.087)
2025-04-06T12:38:07.793+03:00 DEBUG 63042 --- [    Test worker] o.s.b.a.ApplicationAvailabilityBean      : Application availability state LivenessState changed to CORRECT
2025-04-06T12:38:07.797+03:00 DEBUG 63042 --- [    Test worker] o.s.orm.jpa.JpaTransactionManager        : Creating new transaction with name [org.springframework.data.jpa.repository.support.SimpleJpaRepository.save]: PROPAGATION_REQUIRED,ISOLATION_DEFAULT
2025-04-06T12:38:07.797+03:00 DEBUG 63042 --- [    Test worker] o.s.orm.jpa.JpaTransactionManager        : Opened new EntityManager [SessionImpl(524038801<open>)] for JPA transaction
2025-04-06T12:38:07.798+03:00 DEBUG 63042 --- [    Test worker] o.h.e.t.internal.TransactionImpl         : On TransactionImpl creation, JpaCompliance#isJpaTransactionComplianceEnabled == false
2025-04-06T12:38:07.798+03:00 DEBUG 63042 --- [    Test worker] o.h.e.t.internal.TransactionImpl         : begin
2025-04-06T12:38:07.798+03:00 DEBUG 63042 --- [    Test worker] o.s.orm.jpa.JpaTransactionManager        : Exposing JPA transaction as JDBC [org.springframework.orm.jpa.vendor.HibernateJpaDialect$HibernateConnectionHandle@2ba0b7cf]
2025-04-06T12:38:07.800+03:00 DEBUG 63042 --- [    Test worker] o.h.j.internal.PersistenceUnitUtilImpl   : jakarta.persistence.PersistenceUnitUtil.getIdentifier is only intended to work with enhanced entities (although Hibernate also adapts this support to its proxies); however the passed entity was not enhanced (nor a proxy).. may not be able to read identifier
2025-04-06T12:38:07.803+03:00 DEBUG 63042 --- [    Test worker] org.hibernate.orm.sql.ast.create         : Created new SQL alias : p1_0
2025-04-06T12:38:07.803+03:00 DEBUG 63042 --- [    Test worker] org.hibernate.orm.sql.ast.create         : Registration of TableGroup [StandardTableGroup(com.example.springboot.Product)] with identifierForTableGroup [com.example.springboot.Product] for NavigablePath [com.example.springboot.Product] 
2025-04-06T12:38:07.803+03:00 DEBUG 63042 --- [    Test worker] org.hibernate.orm.results.graph.AST      : DomainResult Graph:
 \-EntityResultImpl [com.example.springboot.Product]
 |  +-BasicFetch [com.example.springboot.Product.name]
 |  +-BasicFetch [com.example.springboot.Product.price]
 |  +-BasicFetch [com.example.springboot.Product.type]
 |  \-BasicFetch [com.example.springboot.Product.version]

2025-04-06T12:38:07.803+03:00 DEBUG 63042 --- [    Test worker] org.hibernate.orm.sql.ast.tree           : SQL AST Tree:
    SelectStatement {
      FromClause {
        StandardTableGroup (p1 : com.example.springboot.Product) {
          primaryTableReference : product as p1_0
        }
      }
    }

2025-04-06T12:38:07.807+03:00 DEBUG 63042 --- [    Test worker] org.hibernate.orm.sql.exec               : Skipping reading Query result cache data: cache-enabled = false, cache-mode = IGNORE
2025-04-06T12:38:07.807+03:00 DEBUG 63042 --- [    Test worker] org.hibernate.SQL                        : select p1_0.id,p1_0.name,p1_0.price,p1_0.type,p1_0.version from product p1_0 where p1_0.id=?
2025-04-06T12:38:07.818+03:00 DEBUG 63042 --- [    Test worker] org.hibernate.orm.results                : Initializer list:
	  com.example.springboot.Product -> EntityJoinedFetchInitializer(com.example.springboot.Product)@1610833694 (SingleTableEntityPersister(com.example.springboot.Product))

2025-04-06T12:38:07.826+03:00 DEBUG 63042 --- [    Test worker] o.s.orm.jpa.JpaTransactionManager        : Initiating transaction commit
2025-04-06T12:38:07.826+03:00 DEBUG 63042 --- [    Test worker] o.s.orm.jpa.JpaTransactionManager        : Committing JPA transaction on EntityManager [SessionImpl(524038801<open>)]
2025-04-06T12:38:07.826+03:00 DEBUG 63042 --- [    Test worker] o.h.e.t.internal.TransactionImpl         : committing
2025-04-06T12:38:07.827+03:00 DEBUG 63042 --- [    Test worker] o.h.e.i.AbstractFlushingEventListener    : Processing flush-time cascades
2025-04-06T12:38:07.827+03:00 DEBUG 63042 --- [    Test worker] o.h.e.i.AbstractFlushingEventListener    : Dirty checking collections
2025-04-06T12:38:07.828+03:00 DEBUG 63042 --- [    Test worker] o.h.e.i.AbstractFlushingEventListener    : Flushed: 1 insertions, 0 updates, 0 deletions to 1 objects
2025-04-06T12:38:07.828+03:00 DEBUG 63042 --- [    Test worker] o.h.e.i.AbstractFlushingEventListener    : Flushed: 0 (re)creations, 0 updates, 0 removals to 0 collections
2025-04-06T12:38:07.828+03:00 DEBUG 63042 --- [    Test worker] o.hibernate.internal.util.EntityPrinter  : Listing entities:
2025-04-06T12:38:07.828+03:00 DEBUG 63042 --- [    Test worker] o.hibernate.internal.util.EntityPrinter  : com.example.springboot.Product{price=10.5, name=Burger, id=1, type=Aussie with avocade, egg, bacon and beetroot, version=1.0.0}
2025-04-06T12:38:07.830+03:00 DEBUG 63042 --- [    Test worker] org.hibernate.SQL                        : insert into product (name,price,type,version,id) values (?,?,?,?,?)
2025-04-06T12:38:07.832+03:00 DEBUG 63042 --- [    Test worker] o.s.orm.jpa.JpaTransactionManager        : Closing JPA EntityManager [SessionImpl(524038801<open>)] after transaction
2025-04-06T12:38:07.833+03:00  INFO 63042 --- [    Test worker] com.example.springboot.LoadDatabase      : Preloading Product(id=1, name=Burger, type=Aussie with avocade, egg, bacon and beetroot, version=1.0.0, price=10.5)
2025-04-06T12:38:07.833+03:00 DEBUG 63042 --- [    Test worker] o.s.orm.jpa.JpaTransactionManager        : Creating new transaction with name [org.springframework.data.jpa.repository.support.SimpleJpaRepository.save]: PROPAGATION_REQUIRED,ISOLATION_DEFAULT
2025-04-06T12:38:07.833+03:00 DEBUG 63042 --- [    Test worker] o.s.orm.jpa.JpaTransactionManager        : Opened new EntityManager [SessionImpl(855277552<open>)] for JPA transaction
2025-04-06T12:38:07.833+03:00 DEBUG 63042 --- [    Test worker] o.h.e.t.internal.TransactionImpl         : On TransactionImpl creation, JpaCompliance#isJpaTransactionComplianceEnabled == false
2025-04-06T12:38:07.833+03:00 DEBUG 63042 --- [    Test worker] o.h.e.t.internal.TransactionImpl         : begin
2025-04-06T12:38:07.833+03:00 DEBUG 63042 --- [    Test worker] o.s.orm.jpa.JpaTransactionManager        : Exposing JPA transaction as JDBC [org.springframework.orm.jpa.vendor.HibernateJpaDialect$HibernateConnectionHandle@32fccfc2]
2025-04-06T12:38:07.833+03:00 DEBUG 63042 --- [    Test worker] o.h.j.internal.PersistenceUnitUtilImpl   : jakarta.persistence.PersistenceUnitUtil.getIdentifier is only intended to work with enhanced entities (although Hibernate also adapts this support to its proxies); however the passed entity was not enhanced (nor a proxy).. may not be able to read identifier
2025-04-06T12:38:07.833+03:00 DEBUG 63042 --- [    Test worker] org.hibernate.orm.sql.exec               : Skipping reading Query result cache data: cache-enabled = false, cache-mode = IGNORE
2025-04-06T12:38:07.833+03:00 DEBUG 63042 --- [    Test worker] org.hibernate.SQL                        : select p1_0.id,p1_0.name,p1_0.price,p1_0.type,p1_0.version from product p1_0 where p1_0.id=?
2025-04-06T12:38:07.833+03:00 DEBUG 63042 --- [    Test worker] o.s.orm.jpa.JpaTransactionManager        : Initiating transaction commit
2025-04-06T12:38:07.833+03:00 DEBUG 63042 --- [    Test worker] o.s.orm.jpa.JpaTransactionManager        : Committing JPA transaction on EntityManager [SessionImpl(855277552<open>)]
2025-04-06T12:38:07.833+03:00 DEBUG 63042 --- [    Test worker] o.h.e.t.internal.TransactionImpl         : committing
2025-04-06T12:38:07.833+03:00 DEBUG 63042 --- [    Test worker] o.h.e.i.AbstractFlushingEventListener    : Processing flush-time cascades
2025-04-06T12:38:07.833+03:00 DEBUG 63042 --- [    Test worker] o.h.e.i.AbstractFlushingEventListener    : Dirty checking collections
2025-04-06T12:38:07.833+03:00 DEBUG 63042 --- [    Test worker] o.h.e.i.AbstractFlushingEventListener    : Flushed: 1 insertions, 0 updates, 0 deletions to 1 objects
2025-04-06T12:38:07.833+03:00 DEBUG 63042 --- [    Test worker] o.h.e.i.AbstractFlushingEventListener    : Flushed: 0 (re)creations, 0 updates, 0 removals to 0 collections
2025-04-06T12:38:07.833+03:00 DEBUG 63042 --- [    Test worker] o.hibernate.internal.util.EntityPrinter  : Listing entities:
2025-04-06T12:38:07.833+03:00 DEBUG 63042 --- [    Test worker] o.hibernate.internal.util.EntityPrinter  : com.example.springboot.Product{price=3.49, name=Chips, id=2, type=Sweet potato fries, version=1.2.3}
2025-04-06T12:38:07.834+03:00 DEBUG 63042 --- [    Test worker] org.hibernate.SQL                        : insert into product (name,price,type,version,id) values (?,?,?,?,?)
2025-04-06T12:38:07.834+03:00 DEBUG 63042 --- [    Test worker] o.s.orm.jpa.JpaTransactionManager        : Closing JPA EntityManager [SessionImpl(855277552<open>)] after transaction
2025-04-06T12:38:07.834+03:00  INFO 63042 --- [    Test worker] com.example.springboot.LoadDatabase      : Preloading Product(id=2, name=Chips, type=Sweet potato fries, version=1.2.3, price=3.49)
2025-04-06T12:38:07.834+03:00 DEBUG 63042 --- [    Test worker] o.s.b.a.ApplicationAvailabilityBean      : Application availability state ReadinessState changed to ACCEPTING_TRAFFIC
2025-04-06T12:38:07.835+03:00 DEBUG 63042 --- [    Test worker] org.springframework.test.context.cache   : Spring test ApplicationContext cache statistics: [DefaultContextCache@3f3b0b19 size = 1, maxSize = 32, parentContextCount = 0, hitCount = 0, missCount = 1, failureCount = 0]
2025-04-06T12:38:07.836+03:00 DEBUG 63042 --- [    Test worker] o.s.c.e.PropertySourcesPropertyResolver  : Found key 'local.server.port' in PropertySource 'environmentProperties' with value of type String
2025-04-06T12:38:07.837+03:00 DEBUG 63042 --- [    Test worker] org.springframework.test.context.cache   : Spring test ApplicationContext cache statistics: [DefaultContextCache@3f3b0b19 size = 1, maxSize = 32, parentContextCount = 0, hitCount = 1, missCount = 1, failureCount = 0]
2025-04-06T12:38:07.838+03:00 DEBUG 63042 --- [    Test worker] sContextBeforeModesTestExecutionListener : Before test method: class [ProductsAPITest], method [testCreateProduct200], class annotated with @DirtiesContext [false] with mode [null], method annotated with @DirtiesContext [false] with mode [null]
2025-04-06T12:38:07.838+03:00 DEBUG 63042 --- [    Test worker] org.springframework.test.context.cache   : Spring test ApplicationContext cache statistics: [DefaultContextCache@3f3b0b19 size = 1, maxSize = 32, parentContextCount = 0, hitCount = 2, missCount = 1, failureCount = 0]
2025-04-06T12:38:07.838+03:00 DEBUG 63042 --- [    Test worker] org.springframework.test.context.cache   : Spring test ApplicationContext cache statistics: [DefaultContextCache@3f3b0b19 size = 1, maxSize = 32, parentContextCount = 0, hitCount = 3, missCount = 1, failureCount = 0]
2025-04-06T12:38:07.849+03:00 DEBUG 63042 --- [    Test worker] java.lang.ProcessBuilder                 : ProcessBuilder.start(): pid: 63045, dir: null, cmd: "/opt/homebrew/Cellar/openjdk/23.0.2/libexec/openjdk.jdk/Contents/Home/bin/java"

java.lang.RuntimeException: ProcessBuilder.start() debug
	at java.base/java.lang.ProcessBuilder.start(ProcessBuilder.java:1147) ~[na:na]
	at java.base/java.lang.ProcessBuilder.start(ProcessBuilder.java:1089) ~[na:na]
	at net.bytebuddy.agent.ByteBuddyAgent.installExternal(ByteBuddyAgent.java:673) ~[byte-buddy-agent-1.15.11.jar:na]
	at net.bytebuddy.agent.ByteBuddyAgent.install(ByteBuddyAgent.java:604) ~[byte-buddy-agent-1.15.11.jar:na]
	at net.bytebuddy.agent.ByteBuddyAgent.install(ByteBuddyAgent.java:584) ~[byte-buddy-agent-1.15.11.jar:na]
	at net.bytebuddy.agent.ByteBuddyAgent.install(ByteBuddyAgent.java:536) ~[byte-buddy-agent-1.15.11.jar:na]
	at net.bytebuddy.agent.ByteBuddyAgent.install(ByteBuddyAgent.java:513) ~[byte-buddy-agent-1.15.11.jar:na]
	at org.mockito.internal.PremainAttachAccess.getInstrumentation(PremainAttachAccess.java:49) ~[mockito-core-5.14.2.jar:na]
	at org.mockito.internal.creation.bytebuddy.InlineDelegateByteBuddyMockMaker.<clinit>(InlineDelegateByteBuddyMockMaker.java:138) ~[mockito-core-5.14.2.jar:na]
	at org.mockito.internal.creation.bytebuddy.InlineByteBuddyMockMaker.<init>(InlineByteBuddyMockMaker.java:23) ~[mockito-core-5.14.2.jar:na]
	at java.base/jdk.internal.reflect.DirectConstructorHandleAccessor.newInstance(DirectConstructorHandleAccessor.java:62) ~[na:na]
	at java.base/java.lang.reflect.Constructor.newInstanceWithCaller(Constructor.java:501) ~[na:na]
	at java.base/java.lang.reflect.Constructor.newInstance(Constructor.java:485) ~[na:na]
	at org.mockito.internal.configuration.plugins.DefaultMockitoPlugins.create(DefaultMockitoPlugins.java:103) ~[mockito-core-5.14.2.jar:na]
	at org.mockito.internal.configuration.plugins.DefaultMockitoPlugins.getDefaultPlugin(DefaultMockitoPlugins.java:79) ~[mockito-core-5.14.2.jar:na]
	at org.mockito.internal.configuration.plugins.PluginLoader.loadPlugin(PluginLoader.java:75) ~[mockito-core-5.14.2.jar:na]
	at org.mockito.internal.configuration.plugins.PluginLoader.loadPlugin(PluginLoader.java:49) ~[mockito-core-5.14.2.jar:na]
	at org.mockito.internal.configuration.plugins.PluginRegistry.<init>(PluginRegistry.java:29) ~[mockito-core-5.14.2.jar:na]
	at org.mockito.internal.configuration.plugins.Plugins.<clinit>(Plugins.java:26) ~[mockito-core-5.14.2.jar:na]
	at org.mockito.internal.MockitoCore.<clinit>(MockitoCore.java:71) ~[mockito-core-5.14.2.jar:na]
	at org.mockito.Mockito.<clinit>(Mockito.java:1741) ~[mockito-core-5.14.2.jar:na]
	at org.springframework.boot.test.mock.mockito.MockReset.get(MockReset.java:109) ~[spring-boot-test-3.4.3.jar:3.4.3]
	at org.springframework.boot.test.mock.mockito.ResetMocksTestExecutionListener.resetMocks(ResetMocksTestExecutionListener.java:89) ~[spring-boot-test-3.4.3.jar:3.4.3]
	at org.springframework.boot.test.mock.mockito.ResetMocksTestExecutionListener.resetMocks(ResetMocksTestExecutionListener.java:77) ~[spring-boot-test-3.4.3.jar:3.4.3]
	at org.springframework.boot.test.mock.mockito.ResetMocksTestExecutionListener.beforeTestMethod(ResetMocksTestExecutionListener.java:64) ~[spring-boot-test-3.4.3.jar:3.4.3]
	at org.springframework.test.context.TestContextManager.beforeTestMethod(TestContextManager.java:320) ~[spring-test-6.2.3.jar:6.2.3]
	at org.springframework.test.context.junit.jupiter.SpringExtension.beforeEach(SpringExtension.java:237) ~[spring-test-6.2.3.jar:6.2.3]
	at org.junit.jupiter.engine.descriptor.TestMethodTestDescriptor.lambda$invokeBeforeEachCallbacks$3(TestMethodTestDescriptor.java:166) ~[junit-jupiter-engine-5.11.4.jar:5.11.4]
	at org.junit.jupiter.engine.descriptor.TestMethodTestDescriptor.lambda$invokeBeforeMethodsOrCallbacksUntilExceptionOccurs$7(TestMethodTestDescriptor.java:202) ~[junit-jupiter-engine-5.11.4.jar:5.11.4]
	at org.junit.platform.engine.support.hierarchical.ThrowableCollector.execute(ThrowableCollector.java:73) ~[junit-platform-engine-1.11.4.jar:1.11.4]
	at org.junit.jupiter.engine.descriptor.TestMethodTestDescriptor.invokeBeforeMethodsOrCallbacksUntilExceptionOccurs(TestMethodTestDescriptor.java:202) ~[junit-jupiter-engine-5.11.4.jar:5.11.4]
	at org.junit.jupiter.engine.descriptor.TestMethodTestDescriptor.invokeBeforeEachCallbacks(TestMethodTestDescriptor.java:165) ~[junit-jupiter-engine-5.11.4.jar:5.11.4]
	at org.junit.jupiter.engine.descriptor.TestMethodTestDescriptor.execute(TestMethodTestDescriptor.java:132) ~[junit-jupiter-engine-5.11.4.jar:5.11.4]
	at org.junit.jupiter.engine.descriptor.TestMethodTestDescriptor.execute(TestMethodTestDescriptor.java:68) ~[junit-jupiter-engine-5.11.4.jar:5.11.4]
	at org.junit.platform.engine.support.hierarchical.NodeTestTask.lambda$executeRecursively$6(NodeTestTask.java:156) ~[junit-platform-engine-1.11.4.jar:1.11.4]
	at org.junit.platform.engine.support.hierarchical.ThrowableCollector.execute(ThrowableCollector.java:73) ~[junit-platform-engine-1.11.4.jar:1.11.4]
	at org.junit.platform.engine.support.hierarchical.NodeTestTask.lambda$executeRecursively$8(NodeTestTask.java:146) ~[junit-platform-engine-1.11.4.jar:1.11.4]
	at org.junit.platform.engine.support.hierarchical.Node.around(Node.java:137) ~[junit-platform-engine-1.11.4.jar:1.11.4]
	at org.junit.platform.engine.support.hierarchical.NodeTestTask.lambda$executeRecursively$9(NodeTestTask.java:144) ~[junit-platform-engine-1.11.4.jar:1.11.4]
	at org.junit.platform.engine.support.hierarchical.ThrowableCollector.execute(ThrowableCollector.java:73) ~[junit-platform-engine-1.11.4.jar:1.11.4]
	at org.junit.platform.engine.support.hierarchical.NodeTestTask.executeRecursively(NodeTestTask.java:143) ~[junit-platform-engine-1.11.4.jar:1.11.4]
	at org.junit.platform.engine.support.hierarchical.NodeTestTask.execute(NodeTestTask.java:100) ~[junit-platform-engine-1.11.4.jar:1.11.4]
	at java.base/java.util.ArrayList.forEach(ArrayList.java:1597) ~[na:na]
	at org.junit.platform.engine.support.hierarchical.SameThreadHierarchicalTestExecutorService.invokeAll(SameThreadHierarchicalTestExecutorService.java:41) ~[junit-platform-engine-1.11.4.jar:1.11.4]
	at org.junit.platform.engine.support.hierarchical.NodeTestTask.lambda$executeRecursively$6(NodeTestTask.java:160) ~[junit-platform-engine-1.11.4.jar:1.11.4]
	at org.junit.platform.engine.support.hierarchical.ThrowableCollector.execute(ThrowableCollector.java:73) ~[junit-platform-engine-1.11.4.jar:1.11.4]
	at org.junit.platform.engine.support.hierarchical.NodeTestTask.lambda$executeRecursively$8(NodeTestTask.java:146) ~[junit-platform-engine-1.11.4.jar:1.11.4]
	at org.junit.platform.engine.support.hierarchical.Node.around(Node.java:137) ~[junit-platform-engine-1.11.4.jar:1.11.4]
	at org.junit.platform.engine.support.hierarchical.NodeTestTask.lambda$executeRecursively$9(NodeTestTask.java:144) ~[junit-platform-engine-1.11.4.jar:1.11.4]
	at org.junit.platform.engine.support.hierarchical.ThrowableCollector.execute(ThrowableCollector.java:73) ~[junit-platform-engine-1.11.4.jar:1.11.4]
	at org.junit.platform.engine.support.hierarchical.NodeTestTask.executeRecursively(NodeTestTask.java:143) ~[junit-platform-engine-1.11.4.jar:1.11.4]
	at org.junit.platform.engine.support.hierarchical.NodeTestTask.execute(NodeTestTask.java:100) ~[junit-platform-engine-1.11.4.jar:1.11.4]
	at java.base/java.util.ArrayList.forEach(ArrayList.java:1597) ~[na:na]
	at org.junit.platform.engine.support.hierarchical.SameThreadHierarchicalTestExecutorService.invokeAll(SameThreadHierarchicalTestExecutorService.java:41) ~[junit-platform-engine-1.11.4.jar:1.11.4]
	at org.junit.platform.engine.support.hierarchical.NodeTestTask.lambda$executeRecursively$6(NodeTestTask.java:160) ~[junit-platform-engine-1.11.4.jar:1.11.4]
	at org.junit.platform.engine.support.hierarchical.ThrowableCollector.execute(ThrowableCollector.java:73) ~[junit-platform-engine-1.11.4.jar:1.11.4]
	at org.junit.platform.engine.support.hierarchical.NodeTestTask.lambda$executeRecursively$8(NodeTestTask.java:146) ~[junit-platform-engine-1.11.4.jar:1.11.4]
	at org.junit.platform.engine.support.hierarchical.Node.around(Node.java:137) ~[junit-platform-engine-1.11.4.jar:1.11.4]
	at org.junit.platform.engine.support.hierarchical.NodeTestTask.lambda$executeRecursively$9(NodeTestTask.java:144) ~[junit-platform-engine-1.11.4.jar:1.11.4]
	at org.junit.platform.engine.support.hierarchical.ThrowableCollector.execute(ThrowableCollector.java:73) ~[junit-platform-engine-1.11.4.jar:1.11.4]
	at org.junit.platform.engine.support.hierarchical.NodeTestTask.executeRecursively(NodeTestTask.java:143) ~[junit-platform-engine-1.11.4.jar:1.11.4]
	at org.junit.platform.engine.support.hierarchical.NodeTestTask.execute(NodeTestTask.java:100) ~[junit-platform-engine-1.11.4.jar:1.11.4]
	at org.junit.platform.engine.support.hierarchical.SameThreadHierarchicalTestExecutorService.submit(SameThreadHierarchicalTestExecutorService.java:35) ~[junit-platform-engine-1.11.4.jar:1.11.4]
	at org.junit.platform.engine.support.hierarchical.HierarchicalTestExecutor.execute(HierarchicalTestExecutor.java:57) ~[junit-platform-engine-1.11.4.jar:1.11.4]
	at org.junit.platform.engine.support.hierarchical.HierarchicalTestEngine.execute(HierarchicalTestEngine.java:54) ~[junit-platform-engine-1.11.4.jar:1.11.4]
	at org.junit.platform.launcher.core.EngineExecutionOrchestrator.execute(EngineExecutionOrchestrator.java:198) ~[junit-platform-launcher-1.11.4.jar:1.11.4]
	at org.junit.platform.launcher.core.EngineExecutionOrchestrator.execute(EngineExecutionOrchestrator.java:169) ~[junit-platform-launcher-1.11.4.jar:1.11.4]
	at org.junit.platform.launcher.core.EngineExecutionOrchestrator.execute(EngineExecutionOrchestrator.java:93) ~[junit-platform-launcher-1.11.4.jar:1.11.4]
	at org.junit.platform.launcher.core.EngineExecutionOrchestrator.lambda$execute$0(EngineExecutionOrchestrator.java:58) ~[junit-platform-launcher-1.11.4.jar:1.11.4]
	at org.junit.platform.launcher.core.EngineExecutionOrchestrator.withInterceptedStreams(EngineExecutionOrchestrator.java:141) ~[junit-platform-launcher-1.11.4.jar:1.11.4]
	at org.junit.platform.launcher.core.EngineExecutionOrchestrator.execute(EngineExecutionOrchestrator.java:57) ~[junit-platform-launcher-1.11.4.jar:1.11.4]
	at org.junit.platform.launcher.core.DefaultLauncher.execute(DefaultLauncher.java:103) ~[junit-platform-launcher-1.11.4.jar:1.11.4]
	at org.junit.platform.launcher.core.DefaultLauncher.execute(DefaultLauncher.java:85) ~[junit-platform-launcher-1.11.4.jar:1.11.4]
	at org.junit.platform.launcher.core.DelegatingLauncher.execute(DelegatingLauncher.java:47) ~[junit-platform-launcher-1.11.4.jar:1.11.4]
	at org.gradle.api.internal.tasks.testing.junitplatform.JUnitPlatformTestClassProcessor$CollectAllTestClassesExecutor.processAllTestClasses(JUnitPlatformTestClassProcessor.java:124) ~[na:na]
	at org.gradle.api.internal.tasks.testing.junitplatform.JUnitPlatformTestClassProcessor$CollectAllTestClassesExecutor.access$000(JUnitPlatformTestClassProcessor.java:99) ~[na:na]
	at org.gradle.api.internal.tasks.testing.junitplatform.JUnitPlatformTestClassProcessor.stop(JUnitPlatformTestClassProcessor.java:94) ~[na:na]
	at org.gradle.api.internal.tasks.testing.SuiteTestClassProcessor.stop(SuiteTestClassProcessor.java:63) ~[na:na]
	at java.base/jdk.internal.reflect.DirectMethodHandleAccessor.invoke(DirectMethodHandleAccessor.java:103) ~[na:na]
	at java.base/java.lang.reflect.Method.invoke(Method.java:580) ~[na:na]
	at org.gradle.internal.dispatch.ReflectionDispatch.dispatch(ReflectionDispatch.java:36) ~[na:na]
	at org.gradle.internal.dispatch.ReflectionDispatch.dispatch(ReflectionDispatch.java:24) ~[na:na]
	at org.gradle.internal.dispatch.ContextClassLoaderDispatch.dispatch(ContextClassLoaderDispatch.java:33) ~[na:na]
	at org.gradle.internal.dispatch.ProxyDispatchAdapter$DispatchingInvocationHandler.invoke(ProxyDispatchAdapter.java:92) ~[na:na]
	at jdk.proxy1/jdk.proxy1.$Proxy4.stop(Unknown Source) ~[na:na]
	at org.gradle.api.internal.tasks.testing.worker.TestWorker$3.run(TestWorker.java:200) ~[na:na]
	at org.gradle.api.internal.tasks.testing.worker.TestWorker.executeAndMaintainThreadName(TestWorker.java:132) ~[na:na]
	at org.gradle.api.internal.tasks.testing.worker.TestWorker.execute(TestWorker.java:103) ~[na:na]
	at org.gradle.api.internal.tasks.testing.worker.TestWorker.execute(TestWorker.java:63) ~[na:na]
	at org.gradle.process.internal.worker.child.ActionExecutionWorker.execute(ActionExecutionWorker.java:56) ~[na:na]
	at org.gradle.process.internal.worker.child.SystemApplicationClassLoaderWorker.call(SystemApplicationClassLoaderWorker.java:121) ~[na:na]
	at org.gradle.process.internal.worker.child.SystemApplicationClassLoaderWorker.call(SystemApplicationClassLoaderWorker.java:71) ~[na:na]
	at worker.org.gradle.process.internal.worker.GradleWorkerMain.run(GradleWorkerMain.java:69) ~[gradle-worker.jar:na]
	at worker.org.gradle.process.internal.worker.GradleWorkerMain.main(GradleWorkerMain.java:74) ~[gradle-worker.jar:na]

2025-04-06T12:38:08.092+03:00 DEBUG 63042 --- [    Test worker] org.springframework.test.context.cache   : Spring test ApplicationContext cache statistics: [DefaultContextCache@3f3b0b19 size = 1, maxSize = 32, parentContextCount = 0, hitCount = 4, missCount = 1, failureCount = 0]
2025-04-06T12:38:08.093+03:00 DEBUG 63042 --- [    Test worker] org.springframework.test.context.cache   : Spring test ApplicationContext cache statistics: [DefaultContextCache@3f3b0b19 size = 1, maxSize = 32, parentContextCount = 0, hitCount = 5, missCount = 1, failureCount = 0]
2025-04-06T12:38:08.367+03:00 DEBUG 63042 --- [    Test worker] o.a.h.i.c.BasicClientConnectionManager   : Get connection for route {}->http://localhost:8080
2025-04-06T12:38:08.370+03:00 DEBUG 63042 --- [    Test worker] .a.h.i.c.DefaultClientConnectionOperator : Connecting to localhost:8080
2025-04-06T12:38:08.376+03:00 DEBUG 63042 --- [    Test worker] o.a.h.client.protocol.RequestAddCookies  : CookieSpec selected: ignoreCookies
2025-04-06T12:38:08.376+03:00 DEBUG 63042 --- [    Test worker] o.a.h.client.protocol.RequestAuthCache   : Auth cache not set in the context
2025-04-06T12:38:08.376+03:00 DEBUG 63042 --- [    Test worker] o.a.h.c.p.RequestTargetAuthentication    : Target auth state: UNCHALLENGED
2025-04-06T12:38:08.376+03:00 DEBUG 63042 --- [    Test worker] o.a.h.c.p.RequestProxyAuthentication     : Proxy auth state: UNCHALLENGED
2025-04-06T12:38:08.376+03:00 DEBUG 63042 --- [    Test worker] o.a.http.impl.client.DefaultHttpClient   : Attempt 1 to execute request
2025-04-06T12:38:08.376+03:00 DEBUG 63042 --- [    Test worker] o.a.h.impl.conn.DefaultClientConnection  : Sending request: POST /products HTTP/1.1
2025-04-06T12:38:08.376+03:00 DEBUG 63042 --- [    Test worker] org.apache.http.wire                     :  >> "POST /products HTTP/1.1[\r][\n]"
2025-04-06T12:38:08.376+03:00 DEBUG 63042 --- [    Test worker] org.apache.http.wire                     :  >> "Accept: */*[\r][\n]"
2025-04-06T12:38:08.376+03:00 DEBUG 63042 --- [    Test worker] org.apache.http.wire                     :  >> "Content-Type: application/json[\r][\n]"
2025-04-06T12:38:08.376+03:00 DEBUG 63042 --- [    Test worker] org.apache.http.wire                     :  >> "Content-Length: 86[\r][\n]"
2025-04-06T12:38:08.376+03:00 DEBUG 63042 --- [    Test worker] org.apache.http.wire                     :  >> "Host: localhost:8080[\r][\n]"
2025-04-06T12:38:08.376+03:00 DEBUG 63042 --- [    Test worker] org.apache.http.wire                     :  >> "Connection: Keep-Alive[\r][\n]"
2025-04-06T12:38:08.376+03:00 DEBUG 63042 --- [    Test worker] org.apache.http.wire                     :  >> "User-Agent: Apache-HttpClient/4.5.14 (Java/23.0.2)[\r][\n]"
2025-04-06T12:38:08.376+03:00 DEBUG 63042 --- [    Test worker] org.apache.http.wire                     :  >> "Accept-Encoding: gzip,deflate[\r][\n]"
2025-04-06T12:38:08.376+03:00 DEBUG 63042 --- [    Test worker] org.apache.http.wire                     :  >> "[\r][\n]"
2025-04-06T12:38:08.377+03:00 DEBUG 63042 --- [    Test worker] org.apache.http.headers                  : >> POST /products HTTP/1.1
2025-04-06T12:38:08.377+03:00 DEBUG 63042 --- [    Test worker] org.apache.http.headers                  : >> Accept: */*
2025-04-06T12:38:08.377+03:00 DEBUG 63042 --- [    Test worker] org.apache.http.headers                  : >> Content-Type: application/json
2025-04-06T12:38:08.377+03:00 DEBUG 63042 --- [    Test worker] org.apache.http.headers                  : >> Content-Length: 86
2025-04-06T12:38:08.377+03:00 DEBUG 63042 --- [    Test worker] org.apache.http.headers                  : >> Host: localhost:8080
2025-04-06T12:38:08.377+03:00 DEBUG 63042 --- [    Test worker] org.apache.http.headers                  : >> Connection: Keep-Alive
2025-04-06T12:38:08.377+03:00 DEBUG 63042 --- [    Test worker] org.apache.http.headers                  : >> User-Agent: Apache-HttpClient/4.5.14 (Java/23.0.2)
2025-04-06T12:38:08.377+03:00 DEBUG 63042 --- [    Test worker] org.apache.http.headers                  : >> Accept-Encoding: gzip,deflate
2025-04-06T12:38:08.377+03:00 DEBUG 63042 --- [    Test worker] org.apache.http.wire                     :  >> "{"id":"99","name":"new product","type":"product category","version":"v1","price":1.99}"
2025-04-06T12:38:08.392+03:00 DEBUG 63042 --- [nio-8080-exec-1] o.a.c.a.jaspic.AuthConfigFactoryImpl     : Loading persistent provider registrations from [/private/var/folders/5_/m1mm8q990mx3z0tdjm_99lrm0000gn/T/tomcat.8080.195634700220904922/conf/jaspic-providers.xml]
2025-04-06T12:38:08.393+03:00  INFO 63042 --- [nio-8080-exec-1] o.a.c.c.C.[Tomcat].[localhost].[/]       : Initializing Spring DispatcherServlet 'dispatcherServlet'
2025-04-06T12:38:08.393+03:00  INFO 63042 --- [nio-8080-exec-1] o.s.web.servlet.DispatcherServlet        : Initializing Servlet 'dispatcherServlet'
2025-04-06T12:38:08.393+03:00 DEBUG 63042 --- [nio-8080-exec-1] o.s.web.servlet.DispatcherServlet        : Detected StandardServletMultipartResolver
2025-04-06T12:38:08.393+03:00 DEBUG 63042 --- [nio-8080-exec-1] o.s.web.servlet.DispatcherServlet        : Detected AcceptHeaderLocaleResolver
2025-04-06T12:38:08.393+03:00 DEBUG 63042 --- [nio-8080-exec-1] o.s.web.servlet.DispatcherServlet        : Detected FixedThemeResolver
2025-04-06T12:38:08.393+03:00 DEBUG 63042 --- [nio-8080-exec-1] o.s.web.servlet.DispatcherServlet        : Detected org.springframework.web.servlet.view.DefaultRequestToViewNameTranslator@796267e8
2025-04-06T12:38:08.393+03:00 DEBUG 63042 --- [nio-8080-exec-1] o.s.web.servlet.DispatcherServlet        : Detected org.springframework.web.servlet.support.SessionFlashMapManager@310df168
2025-04-06T12:38:08.394+03:00 DEBUG 63042 --- [nio-8080-exec-1] o.s.web.servlet.DispatcherServlet        : enableLoggingRequestDetails='false': request parameters and headers will be masked to prevent unsafe logging of potentially sensitive data
2025-04-06T12:38:08.394+03:00  INFO 63042 --- [nio-8080-exec-1] o.s.web.servlet.DispatcherServlet        : Completed initialization in 1 ms
2025-04-06T12:38:08.396+03:00 DEBUG 63042 --- [nio-8080-exec-1] o.s.web.servlet.DispatcherServlet        : POST "/products", parameters={}
2025-04-06T12:38:08.399+03:00 DEBUG 63042 --- [nio-8080-exec-1] s.w.s.m.m.a.RequestMappingHandlerMapping : Mapped to com.example.springboot.ProductController#newProduct(Product)
2025-04-06T12:38:08.399+03:00 DEBUG 63042 --- [nio-8080-exec-1] o.j.s.OpenEntityManagerInViewInterceptor : Opening JPA EntityManager in OpenEntityManagerInViewInterceptor
2025-04-06T12:38:08.411+03:00 DEBUG 63042 --- [nio-8080-exec-1] m.m.a.RequestResponseBodyMethodProcessor : Read "application/json;charset=UTF-8" to [Product(id=99, name=new product, type=product category, version=v1, price=1.99)]
2025-04-06T12:38:08.413+03:00 DEBUG 63042 --- [nio-8080-exec-1] o.s.orm.jpa.JpaTransactionManager        : Found thread-bound EntityManager [SessionImpl(441872072<open>)] for JPA transaction
2025-04-06T12:38:08.413+03:00 DEBUG 63042 --- [nio-8080-exec-1] o.s.orm.jpa.JpaTransactionManager        : Creating new transaction with name [org.springframework.data.jpa.repository.support.SimpleJpaRepository.save]: PROPAGATION_REQUIRED,ISOLATION_DEFAULT
2025-04-06T12:38:08.413+03:00 DEBUG 63042 --- [nio-8080-exec-1] o.h.e.t.internal.TransactionImpl         : On TransactionImpl creation, JpaCompliance#isJpaTransactionComplianceEnabled == false
2025-04-06T12:38:08.413+03:00 DEBUG 63042 --- [nio-8080-exec-1] o.h.e.t.internal.TransactionImpl         : begin
2025-04-06T12:38:08.413+03:00 DEBUG 63042 --- [nio-8080-exec-1] o.s.orm.jpa.JpaTransactionManager        : Exposing JPA transaction as JDBC [org.springframework.orm.jpa.vendor.HibernateJpaDialect$HibernateConnectionHandle@39cffa69]
2025-04-06T12:38:08.413+03:00 DEBUG 63042 --- [nio-8080-exec-1] o.h.j.internal.PersistenceUnitUtilImpl   : jakarta.persistence.PersistenceUnitUtil.getIdentifier is only intended to work with enhanced entities (although Hibernate also adapts this support to its proxies); however the passed entity was not enhanced (nor a proxy).. may not be able to read identifier
2025-04-06T12:38:08.413+03:00 DEBUG 63042 --- [nio-8080-exec-1] org.hibernate.orm.sql.exec               : Skipping reading Query result cache data: cache-enabled = false, cache-mode = IGNORE
2025-04-06T12:38:08.413+03:00 DEBUG 63042 --- [nio-8080-exec-1] org.hibernate.SQL                        : select p1_0.id,p1_0.name,p1_0.price,p1_0.type,p1_0.version from product p1_0 where p1_0.id=?
2025-04-06T12:38:08.414+03:00 DEBUG 63042 --- [nio-8080-exec-1] o.s.orm.jpa.JpaTransactionManager        : Initiating transaction commit
2025-04-06T12:38:08.414+03:00 DEBUG 63042 --- [nio-8080-exec-1] o.s.orm.jpa.JpaTransactionManager        : Committing JPA transaction on EntityManager [SessionImpl(441872072<open>)]
2025-04-06T12:38:08.414+03:00 DEBUG 63042 --- [nio-8080-exec-1] o.h.e.t.internal.TransactionImpl         : committing
2025-04-06T12:38:08.414+03:00 DEBUG 63042 --- [nio-8080-exec-1] o.h.e.i.AbstractFlushingEventListener    : Processing flush-time cascades
2025-04-06T12:38:08.414+03:00 DEBUG 63042 --- [nio-8080-exec-1] o.h.e.i.AbstractFlushingEventListener    : Dirty checking collections
2025-04-06T12:38:08.414+03:00 DEBUG 63042 --- [nio-8080-exec-1] o.h.e.i.AbstractFlushingEventListener    : Flushed: 1 insertions, 0 updates, 0 deletions to 1 objects
2025-04-06T12:38:08.414+03:00 DEBUG 63042 --- [nio-8080-exec-1] o.h.e.i.AbstractFlushingEventListener    : Flushed: 0 (re)creations, 0 updates, 0 removals to 0 collections
2025-04-06T12:38:08.414+03:00 DEBUG 63042 --- [nio-8080-exec-1] o.hibernate.internal.util.EntityPrinter  : Listing entities:
2025-04-06T12:38:08.414+03:00 DEBUG 63042 --- [nio-8080-exec-1] o.hibernate.internal.util.EntityPrinter  : com.example.springboot.Product{price=1.99, name=new product, id=99, type=product category, version=v1}
2025-04-06T12:38:08.414+03:00 DEBUG 63042 --- [nio-8080-exec-1] org.hibernate.SQL                        : insert into product (name,price,type,version,id) values (?,?,?,?,?)
2025-04-06T12:38:08.414+03:00 DEBUG 63042 --- [nio-8080-exec-1] o.s.orm.jpa.JpaTransactionManager        : Not closing pre-bound JPA EntityManager after transaction
2025-04-06T12:38:08.416+03:00 DEBUG 63042 --- [nio-8080-exec-1] m.m.a.RequestResponseBodyMethodProcessor : Using 'application/json;charset=utf-8', given [*/*] and supported [application/json;charset=utf-8]
2025-04-06T12:38:08.417+03:00 DEBUG 63042 --- [nio-8080-exec-1] m.m.a.RequestResponseBodyMethodProcessor : Writing [Product(id=99, name=new product, type=product category, version=v1, price=1.99)]
2025-04-06T12:38:08.418+03:00 DEBUG 63042 --- [    Test worker] org.apache.http.wire                     :  << "HTTP/1.1 200 [\r][\n]"
2025-04-06T12:38:08.418+03:00 DEBUG 63042 --- [nio-8080-exec-1] o.j.s.OpenEntityManagerInViewInterceptor : Closing JPA EntityManager in OpenEntityManagerInViewInterceptor
2025-04-06T12:38:08.418+03:00 DEBUG 63042 --- [nio-8080-exec-1] o.s.web.servlet.DispatcherServlet        : Completed 200 OK
2025-04-06T12:38:08.418+03:00 DEBUG 63042 --- [    Test worker] org.apache.http.wire                     :  << "Vary: Origin[\r][\n]"
2025-04-06T12:38:08.418+03:00 DEBUG 63042 --- [    Test worker] org.apache.http.wire                     :  << "Vary: Access-Control-Request-Method[\r][\n]"
2025-04-06T12:38:08.418+03:00 DEBUG 63042 --- [    Test worker] org.apache.http.wire                     :  << "Vary: Access-Control-Request-Headers[\r][\n]"
2025-04-06T12:38:08.419+03:00 DEBUG 63042 --- [    Test worker] org.apache.http.wire                     :  << "Content-Type: application/json;charset=utf-8[\r][\n]"
2025-04-06T12:38:08.419+03:00 DEBUG 63042 --- [    Test worker] org.apache.http.wire                     :  << "Transfer-Encoding: chunked[\r][\n]"
2025-04-06T12:38:08.419+03:00 DEBUG 63042 --- [    Test worker] org.apache.http.wire                     :  << "Date: Sun, 06 Apr 2025 09:38:08 GMT[\r][\n]"
2025-04-06T12:38:08.419+03:00 DEBUG 63042 --- [    Test worker] org.apache.http.wire                     :  << "Keep-Alive: timeout=60[\r][\n]"
2025-04-06T12:38:08.419+03:00 DEBUG 63042 --- [    Test worker] org.apache.http.wire                     :  << "Connection: keep-alive[\r][\n]"
2025-04-06T12:38:08.419+03:00 DEBUG 63042 --- [    Test worker] org.apache.http.wire                     :  << "[\r][\n]"
2025-04-06T12:38:08.419+03:00 DEBUG 63042 --- [    Test worker] o.a.h.impl.conn.DefaultClientConnection  : Receiving response: HTTP/1.1 200 
2025-04-06T12:38:08.419+03:00 DEBUG 63042 --- [    Test worker] org.apache.http.headers                  : << HTTP/1.1 200 
2025-04-06T12:38:08.419+03:00 DEBUG 63042 --- [    Test worker] org.apache.http.headers                  : << Vary: Origin
2025-04-06T12:38:08.419+03:00 DEBUG 63042 --- [    Test worker] org.apache.http.headers                  : << Vary: Access-Control-Request-Method
2025-04-06T12:38:08.419+03:00 DEBUG 63042 --- [    Test worker] org.apache.http.headers                  : << Vary: Access-Control-Request-Headers
2025-04-06T12:38:08.419+03:00 DEBUG 63042 --- [    Test worker] org.apache.http.headers                  : << Content-Type: application/json;charset=utf-8
2025-04-06T12:38:08.419+03:00 DEBUG 63042 --- [    Test worker] org.apache.http.headers                  : << Transfer-Encoding: chunked
2025-04-06T12:38:08.419+03:00 DEBUG 63042 --- [    Test worker] org.apache.http.headers                  : << Date: Sun, 06 Apr 2025 09:38:08 GMT
2025-04-06T12:38:08.419+03:00 DEBUG 63042 --- [    Test worker] org.apache.http.headers                  : << Keep-Alive: timeout=60
2025-04-06T12:38:08.419+03:00 DEBUG 63042 --- [    Test worker] org.apache.http.headers                  : << Connection: keep-alive
2025-04-06T12:38:08.420+03:00 DEBUG 63042 --- [    Test worker] o.a.http.impl.client.DefaultHttpClient   : Connection can be kept alive for 60000 MILLISECONDS
2025-04-06T12:38:08.421+03:00 DEBUG 63042 --- [    Test worker] i.r.internal.RestAssuredHttpBuilder      : Parsing response as: application/json;charset=utf-8
2025-04-06T12:38:08.421+03:00 DEBUG 63042 --- [    Test worker] i.r.internal.RestAssuredHttpBuilder      : Parsed data to instance of: class org.apache.http.conn.EofSensorInputStream
2025-04-06T12:38:08.440+03:00 DEBUG 63042 --- [    Test worker] org.apache.http.wire                     :  << "56[\r][\n]"
2025-04-06T12:38:08.440+03:00 DEBUG 63042 --- [    Test worker] org.apache.http.wire                     :  << "{"id":"99","name":"new product","type":"product category","version":"v1","price":1.99}"
2025-04-06T12:38:08.440+03:00 DEBUG 63042 --- [    Test worker] org.apache.http.wire                     :  << "[\r][\n]"
2025-04-06T12:38:08.440+03:00 DEBUG 63042 --- [    Test worker] org.apache.http.wire                     :  << "0[\r][\n]"
2025-04-06T12:38:08.440+03:00 DEBUG 63042 --- [    Test worker] org.apache.http.wire                     :  << "[\r][\n]"
2025-04-06T12:38:08.440+03:00 DEBUG 63042 --- [    Test worker] o.a.h.i.c.BasicClientConnectionManager   : Releasing connection org.apache.http.impl.conn.ManagedClientConnectionImpl@e7283dd
2025-04-06T12:38:08.440+03:00 DEBUG 63042 --- [    Test worker] o.a.h.i.c.BasicClientConnectionManager   : Connection can be kept alive for 60000 MILLISECONDS
2025-04-06T12:38:08.468+03:00 DEBUG 63042 --- [    Test worker] org.springframework.test.context.cache   : Spring test ApplicationContext cache statistics: [DefaultContextCache@3f3b0b19 size = 1, maxSize = 32, parentContextCount = 0, hitCount = 6, missCount = 1, failureCount = 0]
2025-04-06T12:38:08.468+03:00 DEBUG 63042 --- [    Test worker] org.springframework.test.context.cache   : Spring test ApplicationContext cache statistics: [DefaultContextCache@3f3b0b19 size = 1, maxSize = 32, parentContextCount = 0, hitCount = 7, missCount = 1, failureCount = 0]
2025-04-06T12:38:08.468+03:00 DEBUG 63042 --- [    Test worker] org.springframework.test.context.cache   : Spring test ApplicationContext cache statistics: [DefaultContextCache@3f3b0b19 size = 1, maxSize = 32, parentContextCount = 0, hitCount = 8, missCount = 1, failureCount = 0]
2025-04-06T12:38:08.469+03:00 DEBUG 63042 --- [    Test worker] org.springframework.test.context.cache   : Spring test ApplicationContext cache statistics: [DefaultContextCache@3f3b0b19 size = 1, maxSize = 32, parentContextCount = 0, hitCount = 9, missCount = 1, failureCount = 0]
2025-04-06T12:38:08.469+03:00 DEBUG 63042 --- [    Test worker] org.springframework.test.context.cache   : Spring test ApplicationContext cache statistics: [DefaultContextCache@3f3b0b19 size = 1, maxSize = 32, parentContextCount = 0, hitCount = 10, missCount = 1, failureCount = 0]
2025-04-06T12:38:08.469+03:00 DEBUG 63042 --- [    Test worker] org.springframework.test.context.cache   : Spring test ApplicationContext cache statistics: [DefaultContextCache@3f3b0b19 size = 1, maxSize = 32, parentContextCount = 0, hitCount = 11, missCount = 1, failureCount = 0]
2025-04-06T12:38:08.469+03:00 DEBUG 63042 --- [    Test worker] org.springframework.test.context.cache   : Spring test ApplicationContext cache statistics: [DefaultContextCache@3f3b0b19 size = 1, maxSize = 32, parentContextCount = 0, hitCount = 12, missCount = 1, failureCount = 0]
2025-04-06T12:38:08.469+03:00 DEBUG 63042 --- [    Test worker] .c.s.DirtiesContextTestExecutionListener : After test method: class [ProductsAPITest], method [testCreateProduct200], class annotated with @DirtiesContext [false] with mode [null], method annotated with @DirtiesContext [false] with mode [null]
2025-04-06T12:38:08.472+03:00 DEBUG 63042 --- [    Test worker] c.a.o.v.r.LevelLoader$PropertiesLoader   : Levels file /Users/vanonatobaidze/projects/pactflow/pactflow-provider/.swagger-validator does not exist. Skipping.
2025-04-06T12:38:08.472+03:00 DEBUG 63042 --- [    Test worker] io.swagger.v3.parser.OpenAPIV3Parser     : Loaded raw data: openapi: 3.0.1
info:
  title: Product API
  description: PactFlow Product API demo
  version: 1.0.0
paths:
  /products:
    post:
      summary: Create a product
      description: Creates a new product
      operationId: createProduct
      requestBody:
        description: Create a new Product
        required: true
        content:
          application/json:
            schema:
              $ref: '#/components/schemas/Product'
            examples:
              application/json:
                value:
                  id: "1234"
                  type: "food"
                  price: 42
      responses:
        "200":
          description: successful operation
          content:
            "application/json; charset=utf-8":
              schema:
                $ref: '#/components/schemas/Product'
              examples:
                application/json:
                  value:
                    id: "1234"
                    type: "food"
                    price: 42
    get:
      summary: List all products
      description: Returns all products
      operationId: getAllProducts
      responses:
        "200":
          description: successful operation
          content:
            "application/json; charset=utf-8":
              schema:
                type: "array"
                items:
                  $ref: '#/components/schemas/Product'
              examples:
                application/json:
                  value:
                    - id: "1234"
                      type: "food"
                      price: 42
                      # name: "pizza"
                      # version: "1.0.0"
                      # see https://github.com/apiaryio/dredd/issues/1430 for why
        "400":
          description: Invalid ID supplied
          content: {}
  /product/{id}:
    get:
      summary: Find product by ID
      description: Returns a single product
      operationId: getProductByID
      parameters:
      - name: id
        in: path
        description: ID of product to get
        schema:
          type: string
        required: true
        example: 10
      responses:
        "200":
          description: successful operation
          content:
            "application/json; charset=utf-8":
              schema:
                $ref: '#/components/schemas/Product'
              examples:
                application/json:
                  value:
                    id: "1234"
                    type: "food"
                    price: 42
                    # name: "pizza"
                    # version: "1.0.0"
                    # see https://github.com/apiaryio/dredd/issues/1430 for why
        "400":
          description: Invalid ID supplied
          content: {}
        "404":
          description: Product not found
          content: {}
components:
  schemas:
    Product:
      type: object
      required:
        - id
        - name
        - price
      properties:
        id:
          type: string
        type:
          type: string
        name:
          type: string
        version:
          type: string
        price:
          type: number

2025-04-06T12:38:08.476+03:00 DEBUG 63042 --- [    Test worker] i.swagger.v3.parser.util.ResolverFully   : avoiding infinite loop
2025-04-06T12:38:08.476+03:00 DEBUG 63042 --- [    Test worker] i.swagger.v3.parser.util.ResolverFully   : avoiding infinite loop
2025-04-06T12:38:08.476+03:00 DEBUG 63042 --- [    Test worker] i.swagger.v3.parser.util.ResolverFully   : avoiding infinite loop
2025-04-06T12:38:08.476+03:00 DEBUG 63042 --- [    Test worker] i.swagger.v3.parser.util.ResolverFully   : avoiding infinite loop
2025-04-06T12:38:08.476+03:00 DEBUG 63042 --- [    Test worker] i.swagger.v3.parser.util.ResolverFully   : avoiding infinite loop
2025-04-06T12:38:08.476+03:00 DEBUG 63042 --- [    Test worker] i.swagger.v3.parser.util.ResolverFully   : avoiding infinite loop
2025-04-06T12:38:08.476+03:00 DEBUG 63042 --- [    Test worker] i.swagger.v3.parser.util.ResolverFully   : avoiding infinite loop
2025-04-06T12:38:08.476+03:00 DEBUG 63042 --- [    Test worker] i.swagger.v3.parser.util.ResolverFully   : avoiding infinite loop
2025-04-06T12:38:08.477+03:00 DEBUG 63042 --- [    Test worker] c.a.o.v.r.LevelLoader$PropertiesLoader   : Levels file /Users/vanonatobaidze/projects/pactflow/pactflow-provider/.swagger-validator does not exist. Skipping.
2025-04-06T12:38:08.477+03:00 DEBUG 63042 --- [    Test worker] c.a.o.v.r.LevelLoader$PropertiesLoader   : Levels file /Users/vanonatobaidze/projects/pactflow/pactflow-provider/.swagger-validator does not exist. Skipping.
2025-04-06T12:38:08.477+03:00 DEBUG 63042 --- [    Test worker] io.swagger.v3.parser.OpenAPIV3Parser     : Loaded raw data: openapi: 3.0.1
info:
  title: Product API
  description: PactFlow Product API demo
  version: 1.0.0
paths:
  /products:
    post:
      summary: Create a product
      description: Creates a new product
      operationId: createProduct
      requestBody:
        description: Create a new Product
        required: true
        content:
          application/json:
            schema:
              $ref: '#/components/schemas/Product'
            examples:
              application/json:
                value:
                  id: "1234"
                  type: "food"
                  price: 42
      responses:
        "200":
          description: successful operation
          content:
            "application/json; charset=utf-8":
              schema:
                $ref: '#/components/schemas/Product'
              examples:
                application/json:
                  value:
                    id: "1234"
                    type: "food"
                    price: 42
    get:
      summary: List all products
      description: Returns all products
      operationId: getAllProducts
      responses:
        "200":
          description: successful operation
          content:
            "application/json; charset=utf-8":
              schema:
                type: "array"
                items:
                  $ref: '#/components/schemas/Product'
              examples:
                application/json:
                  value:
                    - id: "1234"
                      type: "food"
                      price: 42
                      # name: "pizza"
                      # version: "1.0.0"
                      # see https://github.com/apiaryio/dredd/issues/1430 for why
        "400":
          description: Invalid ID supplied
          content: {}
  /product/{id}:
    get:
      summary: Find product by ID
      description: Returns a single product
      operationId: getProductByID
      parameters:
      - name: id
        in: path
        description: ID of product to get
        schema:
          type: string
        required: true
        example: 10
      responses:
        "200":
          description: successful operation
          content:
            "application/json; charset=utf-8":
              schema:
                $ref: '#/components/schemas/Product'
              examples:
                application/json:
                  value:
                    id: "1234"
                    type: "food"
                    price: 42
                    # name: "pizza"
                    # version: "1.0.0"
                    # see https://github.com/apiaryio/dredd/issues/1430 for why
        "400":
          description: Invalid ID supplied
          content: {}
        "404":
          description: Product not found
          content: {}
components:
  schemas:
    Product:
      type: object
      required:
        - id
        - name
        - price
      properties:
        id:
          type: string
        type:
          type: string
        name:
          type: string
        version:
          type: string
        price:
          type: number

2025-04-06T12:38:08.480+03:00 DEBUG 63042 --- [    Test worker] i.swagger.v3.parser.util.ResolverFully   : avoiding infinite loop
2025-04-06T12:38:08.480+03:00 DEBUG 63042 --- [    Test worker] i.swagger.v3.parser.util.ResolverFully   : avoiding infinite loop
2025-04-06T12:38:08.480+03:00 DEBUG 63042 --- [    Test worker] i.swagger.v3.parser.util.ResolverFully   : avoiding infinite loop
2025-04-06T12:38:08.480+03:00 DEBUG 63042 --- [    Test worker] i.swagger.v3.parser.util.ResolverFully   : avoiding infinite loop
2025-04-06T12:38:08.480+03:00 DEBUG 63042 --- [    Test worker] i.swagger.v3.parser.util.ResolverFully   : avoiding infinite loop
2025-04-06T12:38:08.480+03:00 DEBUG 63042 --- [    Test worker] i.swagger.v3.parser.util.ResolverFully   : avoiding infinite loop
2025-04-06T12:38:08.480+03:00 DEBUG 63042 --- [    Test worker] i.swagger.v3.parser.util.ResolverFully   : avoiding infinite loop
2025-04-06T12:38:08.480+03:00 DEBUG 63042 --- [    Test worker] i.swagger.v3.parser.util.ResolverFully   : avoiding infinite loop
2025-04-06T12:38:08.481+03:00 DEBUG 63042 --- [    Test worker] DependencyInjectionTestExecutionListener : Performing dependency injection for test class com.example.springboot.ProductsAPITest
2025-04-06T12:38:08.481+03:00 DEBUG 63042 --- [    Test worker] org.springframework.test.context.cache   : Spring test ApplicationContext cache statistics: [DefaultContextCache@3f3b0b19 size = 1, maxSize = 32, parentContextCount = 0, hitCount = 13, missCount = 1, failureCount = 0]
2025-04-06T12:38:08.481+03:00 DEBUG 63042 --- [    Test worker] o.s.c.e.PropertySourcesPropertyResolver  : Found key 'local.server.port' in PropertySource 'environmentProperties' with value of type String
2025-04-06T12:38:08.481+03:00 DEBUG 63042 --- [    Test worker] org.springframework.test.context.cache   : Spring test ApplicationContext cache statistics: [DefaultContextCache@3f3b0b19 size = 1, maxSize = 32, parentContextCount = 0, hitCount = 14, missCount = 1, failureCount = 0]
2025-04-06T12:38:08.482+03:00 DEBUG 63042 --- [    Test worker] sContextBeforeModesTestExecutionListener : Before test method: class [ProductsAPITest], method [testCreateProduct400], class annotated with @DirtiesContext [false] with mode [null], method annotated with @DirtiesContext [false] with mode [null]
2025-04-06T12:38:08.482+03:00 DEBUG 63042 --- [    Test worker] org.springframework.test.context.cache   : Spring test ApplicationContext cache statistics: [DefaultContextCache@3f3b0b19 size = 1, maxSize = 32, parentContextCount = 0, hitCount = 15, missCount = 1, failureCount = 0]
2025-04-06T12:38:08.482+03:00 DEBUG 63042 --- [    Test worker] org.springframework.test.context.cache   : Spring test ApplicationContext cache statistics: [DefaultContextCache@3f3b0b19 size = 1, maxSize = 32, parentContextCount = 0, hitCount = 16, missCount = 1, failureCount = 0]
2025-04-06T12:38:08.482+03:00 DEBUG 63042 --- [    Test worker] org.springframework.test.context.cache   : Spring test ApplicationContext cache statistics: [DefaultContextCache@3f3b0b19 size = 1, maxSize = 32, parentContextCount = 0, hitCount = 17, missCount = 1, failureCount = 0]
2025-04-06T12:38:08.482+03:00 DEBUG 63042 --- [    Test worker] org.springframework.test.context.cache   : Spring test ApplicationContext cache statistics: [DefaultContextCache@3f3b0b19 size = 1, maxSize = 32, parentContextCount = 0, hitCount = 18, missCount = 1, failureCount = 0]
2025-04-06T12:38:08.486+03:00 DEBUG 63042 --- [    Test worker] o.a.h.i.c.BasicClientConnectionManager   : Get connection for route {}->http://localhost:8080
2025-04-06T12:38:08.486+03:00 DEBUG 63042 --- [    Test worker] .a.h.i.c.DefaultClientConnectionOperator : Connecting to localhost:8080
2025-04-06T12:38:08.486+03:00 DEBUG 63042 --- [    Test worker] o.a.h.client.protocol.RequestAddCookies  : CookieSpec selected: ignoreCookies
2025-04-06T12:38:08.486+03:00 DEBUG 63042 --- [    Test worker] o.a.h.client.protocol.RequestAuthCache   : Auth cache not set in the context
2025-04-06T12:38:08.486+03:00 DEBUG 63042 --- [    Test worker] o.a.h.c.p.RequestTargetAuthentication    : Target auth state: UNCHALLENGED
2025-04-06T12:38:08.486+03:00 DEBUG 63042 --- [    Test worker] o.a.h.c.p.RequestProxyAuthentication     : Proxy auth state: UNCHALLENGED
2025-04-06T12:38:08.486+03:00 DEBUG 63042 --- [    Test worker] o.a.http.impl.client.DefaultHttpClient   : Attempt 1 to execute request
2025-04-06T12:38:08.486+03:00 DEBUG 63042 --- [    Test worker] o.a.h.impl.conn.DefaultClientConnection  : Sending request: POST /products HTTP/1.1
2025-04-06T12:38:08.486+03:00 DEBUG 63042 --- [    Test worker] org.apache.http.wire                     :  >> "POST /products HTTP/1.1[\r][\n]"
2025-04-06T12:38:08.486+03:00 DEBUG 63042 --- [    Test worker] org.apache.http.wire                     :  >> "Accept: */*[\r][\n]"
2025-04-06T12:38:08.486+03:00 DEBUG 63042 --- [    Test worker] org.apache.http.wire                     :  >> "Content-Type: application/json[\r][\n]"
2025-04-06T12:38:08.486+03:00 DEBUG 63042 --- [    Test worker] org.apache.http.wire                     :  >> "Content-Length: 2[\r][\n]"
2025-04-06T12:38:08.486+03:00 DEBUG 63042 --- [    Test worker] org.apache.http.wire                     :  >> "Host: localhost:8080[\r][\n]"
2025-04-06T12:38:08.486+03:00 DEBUG 63042 --- [    Test worker] org.apache.http.wire                     :  >> "Connection: Keep-Alive[\r][\n]"
2025-04-06T12:38:08.486+03:00 DEBUG 63042 --- [    Test worker] org.apache.http.wire                     :  >> "User-Agent: Apache-HttpClient/4.5.14 (Java/23.0.2)[\r][\n]"
2025-04-06T12:38:08.486+03:00 DEBUG 63042 --- [    Test worker] org.apache.http.wire                     :  >> "Accept-Encoding: gzip,deflate[\r][\n]"
2025-04-06T12:38:08.486+03:00 DEBUG 63042 --- [    Test worker] org.apache.http.wire                     :  >> "[\r][\n]"
2025-04-06T12:38:08.486+03:00 DEBUG 63042 --- [    Test worker] org.apache.http.headers                  : >> POST /products HTTP/1.1
2025-04-06T12:38:08.486+03:00 DEBUG 63042 --- [    Test worker] org.apache.http.headers                  : >> Accept: */*
2025-04-06T12:38:08.486+03:00 DEBUG 63042 --- [    Test worker] org.apache.http.headers                  : >> Content-Type: application/json
2025-04-06T12:38:08.486+03:00 DEBUG 63042 --- [    Test worker] org.apache.http.headers                  : >> Content-Length: 2
2025-04-06T12:38:08.486+03:00 DEBUG 63042 --- [    Test worker] org.apache.http.headers                  : >> Host: localhost:8080
2025-04-06T12:38:08.486+03:00 DEBUG 63042 --- [    Test worker] org.apache.http.headers                  : >> Connection: Keep-Alive
2025-04-06T12:38:08.486+03:00 DEBUG 63042 --- [    Test worker] org.apache.http.headers                  : >> User-Agent: Apache-HttpClient/4.5.14 (Java/23.0.2)
2025-04-06T12:38:08.486+03:00 DEBUG 63042 --- [    Test worker] org.apache.http.headers                  : >> Accept-Encoding: gzip,deflate
2025-04-06T12:38:08.486+03:00 DEBUG 63042 --- [    Test worker] org.apache.http.wire                     :  >> "{}"
2025-04-06T12:38:08.487+03:00 DEBUG 63042 --- [nio-8080-exec-2] o.s.web.servlet.DispatcherServlet        : POST "/products", parameters={}
2025-04-06T12:38:08.487+03:00 DEBUG 63042 --- [nio-8080-exec-2] s.w.s.m.m.a.RequestMappingHandlerMapping : Mapped to com.example.springboot.ProductController#newProduct(Product)
2025-04-06T12:38:08.487+03:00 DEBUG 63042 --- [nio-8080-exec-2] o.j.s.OpenEntityManagerInViewInterceptor : Opening JPA EntityManager in OpenEntityManagerInViewInterceptor
2025-04-06T12:38:08.488+03:00 DEBUG 63042 --- [nio-8080-exec-2] m.m.a.RequestResponseBodyMethodProcessor : Read "application/json;charset=UTF-8" to [Product(id=null, name=null, type=null, version=null, price=null)]
2025-04-06T12:38:08.488+03:00 DEBUG 63042 --- [nio-8080-exec-2] o.s.orm.jpa.JpaTransactionManager        : Found thread-bound EntityManager [SessionImpl(1441090384<open>)] for JPA transaction
2025-04-06T12:38:08.488+03:00 DEBUG 63042 --- [nio-8080-exec-2] o.s.orm.jpa.JpaTransactionManager        : Creating new transaction with name [org.springframework.data.jpa.repository.support.SimpleJpaRepository.save]: PROPAGATION_REQUIRED,ISOLATION_DEFAULT
2025-04-06T12:38:08.488+03:00 DEBUG 63042 --- [nio-8080-exec-2] o.h.e.t.internal.TransactionImpl         : On TransactionImpl creation, JpaCompliance#isJpaTransactionComplianceEnabled == false
2025-04-06T12:38:08.488+03:00 DEBUG 63042 --- [nio-8080-exec-2] o.h.e.t.internal.TransactionImpl         : begin
2025-04-06T12:38:08.488+03:00 DEBUG 63042 --- [nio-8080-exec-2] o.s.orm.jpa.JpaTransactionManager        : Exposing JPA transaction as JDBC [org.springframework.orm.jpa.vendor.HibernateJpaDialect$HibernateConnectionHandle@5b22af9c]
2025-04-06T12:38:08.488+03:00 DEBUG 63042 --- [nio-8080-exec-2] o.h.j.internal.PersistenceUnitUtilImpl   : jakarta.persistence.PersistenceUnitUtil.getIdentifier is only intended to work with enhanced entities (although Hibernate also adapts this support to its proxies); however the passed entity was not enhanced (nor a proxy).. may not be able to read identifier
2025-04-06T12:38:08.489+03:00 DEBUG 63042 --- [nio-8080-exec-2] cResourceLocalTransactionCoordinatorImpl : JDBC transaction marked for rollback-only (exception provided for stack trace)

java.lang.Exception: exception just for purpose of providing stack trace
	at org.hibernate.resource.transaction.backend.jdbc.internal.JdbcResourceLocalTransactionCoordinatorImpl$TransactionDriverControlImpl.markRollbackOnly(JdbcResourceLocalTransactionCoordinatorImpl.java:309) ~[hibernate-core-6.6.8.Final.jar:6.6.8.Final]
	at org.hibernate.engine.transaction.internal.TransactionImpl.markRollbackOnly(TransactionImpl.java:203) ~[hibernate-core-6.6.8.Final.jar:6.6.8.Final]
	at org.hibernate.internal.AbstractSharedSessionContract.markForRollbackOnly(AbstractSharedSessionContract.java:543) ~[hibernate-core-6.6.8.Final.jar:6.6.8.Final]
	at org.hibernate.internal.ExceptionConverterImpl.rollbackIfNecessary(ExceptionConverterImpl.java:264) ~[hibernate-core-6.6.8.Final.jar:6.6.8.Final]
	at org.hibernate.internal.ExceptionConverterImpl.convert(ExceptionConverterImpl.java:160) ~[hibernate-core-6.6.8.Final.jar:6.6.8.Final]
	at org.hibernate.internal.ExceptionConverterImpl.convert(ExceptionConverterImpl.java:167) ~[hibernate-core-6.6.8.Final.jar:6.6.8.Final]
	at org.hibernate.internal.ExceptionConverterImpl.convert(ExceptionConverterImpl.java:173) ~[hibernate-core-6.6.8.Final.jar:6.6.8.Final]
	at org.hibernate.internal.SessionImpl.firePersist(SessionImpl.java:767) ~[hibernate-core-6.6.8.Final.jar:6.6.8.Final]
	at org.hibernate.internal.SessionImpl.persist(SessionImpl.java:745) ~[hibernate-core-6.6.8.Final.jar:6.6.8.Final]
	at java.base/jdk.internal.reflect.DirectMethodHandleAccessor.invoke(DirectMethodHandleAccessor.java:103) ~[na:na]
	at java.base/java.lang.reflect.Method.invoke(Method.java:580) ~[na:na]
	at org.springframework.orm.jpa.ExtendedEntityManagerCreator$ExtendedEntityManagerInvocationHandler.invoke(ExtendedEntityManagerCreator.java:364) ~[spring-orm-6.2.3.jar:6.2.3]
	at jdk.proxy3/jdk.proxy3.$Proxy128.persist(Unknown Source) ~[na:na]
	at java.base/jdk.internal.reflect.DirectMethodHandleAccessor.invoke(DirectMethodHandleAccessor.java:103) ~[na:na]
	at java.base/java.lang.reflect.Method.invoke(Method.java:580) ~[na:na]
	at org.springframework.orm.jpa.SharedEntityManagerCreator$SharedEntityManagerInvocationHandler.invoke(SharedEntityManagerCreator.java:320) ~[spring-orm-6.2.3.jar:6.2.3]
	at jdk.proxy3/jdk.proxy3.$Proxy128.persist(Unknown Source) ~[na:na]
	at org.springframework.data.jpa.repository.support.SimpleJpaRepository.save(SimpleJpaRepository.java:636) ~[spring-data-jpa-3.4.3.jar:3.4.3]
	at java.base/jdk.internal.reflect.DirectMethodHandleAccessor.invoke(DirectMethodHandleAccessor.java:103) ~[na:na]
	at java.base/java.lang.reflect.Method.invoke(Method.java:580) ~[na:na]
	at org.springframework.aop.support.AopUtils.invokeJoinpointUsingReflection(AopUtils.java:359) ~[spring-aop-6.2.3.jar:6.2.3]
	at org.springframework.data.repository.core.support.RepositoryMethodInvoker$RepositoryFragmentMethodInvoker.lambda$new$0(RepositoryMethodInvoker.java:277) ~[spring-data-commons-3.4.3.jar:3.4.3]
	at org.springframework.data.repository.core.support.RepositoryMethodInvoker.doInvoke(RepositoryMethodInvoker.java:170) ~[spring-data-commons-3.4.3.jar:3.4.3]
	at org.springframework.data.repository.core.support.RepositoryMethodInvoker.invoke(RepositoryMethodInvoker.java:158) ~[spring-data-commons-3.4.3.jar:3.4.3]
	at org.springframework.data.repository.core.support.RepositoryComposition$RepositoryFragments.invoke(RepositoryComposition.java:515) ~[spring-data-commons-3.4.3.jar:3.4.3]
	at org.springframework.data.repository.core.support.RepositoryComposition.invoke(RepositoryComposition.java:284) ~[spring-data-commons-3.4.3.jar:3.4.3]
	at org.springframework.data.repository.core.support.RepositoryFactorySupport$ImplementationMethodExecutionInterceptor.invoke(RepositoryFactorySupport.java:752) ~[spring-data-commons-3.4.3.jar:3.4.3]
	at org.springframework.aop.framework.ReflectiveMethodInvocation.proceed(ReflectiveMethodInvocation.java:184) ~[spring-aop-6.2.3.jar:6.2.3]
	at org.springframework.data.repository.core.support.QueryExecutorMethodInterceptor.doInvoke(QueryExecutorMethodInterceptor.java:174) ~[spring-data-commons-3.4.3.jar:3.4.3]
	at org.springframework.data.repository.core.support.QueryExecutorMethodInterceptor.invoke(QueryExecutorMethodInterceptor.java:149) ~[spring-data-commons-3.4.3.jar:3.4.3]
	at org.springframework.aop.framework.ReflectiveMethodInvocation.proceed(ReflectiveMethodInvocation.java:184) ~[spring-aop-6.2.3.jar:6.2.3]
	at org.springframework.data.projection.DefaultMethodInvokingMethodInterceptor.invoke(DefaultMethodInvokingMethodInterceptor.java:69) ~[spring-data-commons-3.4.3.jar:3.4.3]
	at org.springframework.aop.framework.ReflectiveMethodInvocation.proceed(ReflectiveMethodInvocation.java:184) ~[spring-aop-6.2.3.jar:6.2.3]
	at org.springframework.transaction.interceptor.TransactionAspectSupport.invokeWithinTransaction(TransactionAspectSupport.java:380) ~[spring-tx-6.2.3.jar:6.2.3]
	at org.springframework.transaction.interceptor.TransactionInterceptor.invoke(TransactionInterceptor.java:119) ~[spring-tx-6.2.3.jar:6.2.3]
	at org.springframework.aop.framework.ReflectiveMethodInvocation.proceed(ReflectiveMethodInvocation.java:184) ~[spring-aop-6.2.3.jar:6.2.3]
	at org.springframework.dao.support.PersistenceExceptionTranslationInterceptor.invoke(PersistenceExceptionTranslationInterceptor.java:138) ~[spring-tx-6.2.3.jar:6.2.3]
	at org.springframework.aop.framework.ReflectiveMethodInvocation.proceed(ReflectiveMethodInvocation.java:184) ~[spring-aop-6.2.3.jar:6.2.3]
	at org.springframework.data.jpa.repository.support.CrudMethodMetadataPostProcessor$CrudMethodMetadataPopulatingMethodInterceptor.invoke(CrudMethodMetadataPostProcessor.java:165) ~[spring-data-jpa-3.4.3.jar:3.4.3]
	at org.springframework.aop.framework.ReflectiveMethodInvocation.proceed(ReflectiveMethodInvocation.java:184) ~[spring-aop-6.2.3.jar:6.2.3]
	at org.springframework.aop.framework.JdkDynamicAopProxy.invoke(JdkDynamicAopProxy.java:223) ~[spring-aop-6.2.3.jar:6.2.3]
	at com.example.springboot.$Proxy133.save(Unknown Source) ~[na:na]
	at com.example.springboot.ProductController.newProduct(ProductController.java:34) ~[main/:na]
	at java.base/jdk.internal.reflect.DirectMethodHandleAccessor.invoke(DirectMethodHandleAccessor.java:103) ~[na:na]
	at java.base/java.lang.reflect.Method.invoke(Method.java:580) ~[na:na]
	at org.springframework.web.method.support.InvocableHandlerMethod.doInvoke(InvocableHandlerMethod.java:257) ~[spring-web-6.2.3.jar:6.2.3]
	at org.springframework.web.method.support.InvocableHandlerMethod.invokeForRequest(InvocableHandlerMethod.java:190) ~[spring-web-6.2.3.jar:6.2.3]
	at org.springframework.web.servlet.mvc.method.annotation.ServletInvocableHandlerMethod.invokeAndHandle(ServletInvocableHandlerMethod.java:118) ~[spring-webmvc-6.2.3.jar:6.2.3]
	at org.springframework.web.servlet.mvc.method.annotation.RequestMappingHandlerAdapter.invokeHandlerMethod(RequestMappingHandlerAdapter.java:986) ~[spring-webmvc-6.2.3.jar:6.2.3]
	at org.springframework.web.servlet.mvc.method.annotation.RequestMappingHandlerAdapter.handleInternal(RequestMappingHandlerAdapter.java:891) ~[spring-webmvc-6.2.3.jar:6.2.3]
	at org.springframework.web.servlet.mvc.method.AbstractHandlerMethodAdapter.handle(AbstractHandlerMethodAdapter.java:87) ~[spring-webmvc-6.2.3.jar:6.2.3]
	at org.springframework.web.servlet.DispatcherServlet.doDispatch(DispatcherServlet.java:1088) ~[spring-webmvc-6.2.3.jar:6.2.3]
	at org.springframework.web.servlet.DispatcherServlet.doService(DispatcherServlet.java:978) ~[spring-webmvc-6.2.3.jar:6.2.3]
	at org.springframework.web.servlet.FrameworkServlet.processRequest(FrameworkServlet.java:1014) ~[spring-webmvc-6.2.3.jar:6.2.3]
	at org.springframework.web.servlet.FrameworkServlet.doPost(FrameworkServlet.java:914) ~[spring-webmvc-6.2.3.jar:6.2.3]
	at jakarta.servlet.http.HttpServlet.service(HttpServlet.java:590) ~[tomcat-embed-core-10.1.36.jar:6.0]
	at org.springframework.web.servlet.FrameworkServlet.service(FrameworkServlet.java:885) ~[spring-webmvc-6.2.3.jar:6.2.3]
	at jakarta.servlet.http.HttpServlet.service(HttpServlet.java:658) ~[tomcat-embed-core-10.1.36.jar:6.0]
	at org.apache.catalina.core.ApplicationFilterChain.internalDoFilter(ApplicationFilterChain.java:195) ~[tomcat-embed-core-10.1.36.jar:10.1.36]
	at org.apache.catalina.core.ApplicationFilterChain.doFilter(ApplicationFilterChain.java:140) ~[tomcat-embed-core-10.1.36.jar:10.1.36]
	at org.apache.tomcat.websocket.server.WsFilter.doFilter(WsFilter.java:51) ~[tomcat-embed-websocket-10.1.36.jar:10.1.36]
	at org.apache.catalina.core.ApplicationFilterChain.internalDoFilter(ApplicationFilterChain.java:164) ~[tomcat-embed-core-10.1.36.jar:10.1.36]
	at org.apache.catalina.core.ApplicationFilterChain.doFilter(ApplicationFilterChain.java:140) ~[tomcat-embed-core-10.1.36.jar:10.1.36]
	at org.springframework.web.filter.RequestContextFilter.doFilterInternal(RequestContextFilter.java:100) ~[spring-web-6.2.3.jar:6.2.3]
	at org.springframework.web.filter.OncePerRequestFilter.doFilter(OncePerRequestFilter.java:116) ~[spring-web-6.2.3.jar:6.2.3]
	at org.apache.catalina.core.ApplicationFilterChain.internalDoFilter(ApplicationFilterChain.java:164) ~[tomcat-embed-core-10.1.36.jar:10.1.36]
	at org.apache.catalina.core.ApplicationFilterChain.doFilter(ApplicationFilterChain.java:140) ~[tomcat-embed-core-10.1.36.jar:10.1.36]
	at org.springframework.web.filter.FormContentFilter.doFilterInternal(FormContentFilter.java:93) ~[spring-web-6.2.3.jar:6.2.3]
	at org.springframework.web.filter.OncePerRequestFilter.doFilter(OncePerRequestFilter.java:116) ~[spring-web-6.2.3.jar:6.2.3]
	at org.apache.catalina.core.ApplicationFilterChain.internalDoFilter(ApplicationFilterChain.java:164) ~[tomcat-embed-core-10.1.36.jar:10.1.36]
	at org.apache.catalina.core.ApplicationFilterChain.doFilter(ApplicationFilterChain.java:140) ~[tomcat-embed-core-10.1.36.jar:10.1.36]
	at org.springframework.web.filter.CharacterEncodingFilter.doFilterInternal(CharacterEncodingFilter.java:201) ~[spring-web-6.2.3.jar:6.2.3]
	at org.springframework.web.filter.OncePerRequestFilter.doFilter(OncePerRequestFilter.java:116) ~[spring-web-6.2.3.jar:6.2.3]
	at org.apache.catalina.core.ApplicationFilterChain.internalDoFilter(ApplicationFilterChain.java:164) ~[tomcat-embed-core-10.1.36.jar:10.1.36]
	at org.apache.catalina.core.ApplicationFilterChain.doFilter(ApplicationFilterChain.java:140) ~[tomcat-embed-core-10.1.36.jar:10.1.36]
	at org.apache.catalina.core.StandardWrapperValve.invoke(StandardWrapperValve.java:167) ~[tomcat-embed-core-10.1.36.jar:10.1.36]
	at org.apache.catalina.core.StandardContextValve.invoke(StandardContextValve.java:90) ~[tomcat-embed-core-10.1.36.jar:10.1.36]
	at org.apache.catalina.authenticator.AuthenticatorBase.invoke(AuthenticatorBase.java:483) ~[tomcat-embed-core-10.1.36.jar:10.1.36]
	at org.apache.catalina.core.StandardHostValve.invoke(StandardHostValve.java:115) ~[tomcat-embed-core-10.1.36.jar:10.1.36]
	at org.apache.catalina.valves.ErrorReportValve.invoke(ErrorReportValve.java:93) ~[tomcat-embed-core-10.1.36.jar:10.1.36]
	at org.apache.catalina.core.StandardEngineValve.invoke(StandardEngineValve.java:74) ~[tomcat-embed-core-10.1.36.jar:10.1.36]
	at org.apache.catalina.connector.CoyoteAdapter.service(CoyoteAdapter.java:344) ~[tomcat-embed-core-10.1.36.jar:10.1.36]
	at org.apache.coyote.http11.Http11Processor.service(Http11Processor.java:397) ~[tomcat-embed-core-10.1.36.jar:10.1.36]
	at org.apache.coyote.AbstractProcessorLight.process(AbstractProcessorLight.java:63) ~[tomcat-embed-core-10.1.36.jar:10.1.36]
	at org.apache.coyote.AbstractProtocol$ConnectionHandler.process(AbstractProtocol.java:905) ~[tomcat-embed-core-10.1.36.jar:10.1.36]
	at org.apache.tomcat.util.net.NioEndpoint$SocketProcessor.doRun(NioEndpoint.java:1743) ~[tomcat-embed-core-10.1.36.jar:10.1.36]
	at org.apache.tomcat.util.net.SocketProcessorBase.run(SocketProcessorBase.java:52) ~[tomcat-embed-core-10.1.36.jar:10.1.36]
	at org.apache.tomcat.util.threads.ThreadPoolExecutor.runWorker(ThreadPoolExecutor.java:1190) ~[tomcat-embed-core-10.1.36.jar:10.1.36]
	at org.apache.tomcat.util.threads.ThreadPoolExecutor$Worker.run(ThreadPoolExecutor.java:659) ~[tomcat-embed-core-10.1.36.jar:10.1.36]
	at org.apache.tomcat.util.threads.TaskThread$WrappingRunnable.run(TaskThread.java:63) ~[tomcat-embed-core-10.1.36.jar:10.1.36]
	at java.base/java.lang.Thread.run(Thread.java:1575) ~[na:na]

2025-04-06T12:38:08.490+03:00 DEBUG 63042 --- [nio-8080-exec-2] o.s.orm.jpa.JpaTransactionManager        : Initiating transaction rollback
2025-04-06T12:38:08.490+03:00 DEBUG 63042 --- [nio-8080-exec-2] o.s.orm.jpa.JpaTransactionManager        : Rolling back JPA transaction on EntityManager [SessionImpl(1441090384<open>)]
2025-04-06T12:38:08.490+03:00 DEBUG 63042 --- [nio-8080-exec-2] o.h.e.t.internal.TransactionImpl         : rolling back
2025-04-06T12:38:08.491+03:00 DEBUG 63042 --- [nio-8080-exec-2] o.s.orm.jpa.JpaTransactionManager        : Not closing pre-bound JPA EntityManager after transaction
2025-04-06T12:38:08.493+03:00 DEBUG 63042 --- [nio-8080-exec-2] .w.s.m.a.ResponseStatusExceptionResolver : Resolved [com.example.springboot.BadRequestException]
2025-04-06T12:38:08.493+03:00 DEBUG 63042 --- [nio-8080-exec-2] o.j.s.OpenEntityManagerInViewInterceptor : Closing JPA EntityManager in OpenEntityManagerInViewInterceptor
2025-04-06T12:38:08.493+03:00 DEBUG 63042 --- [nio-8080-exec-2] o.s.web.servlet.DispatcherServlet        : Completed 400 BAD_REQUEST
2025-04-06T12:38:08.496+03:00 DEBUG 63042 --- [nio-8080-exec-2] o.s.web.servlet.DispatcherServlet        : "ERROR" dispatch for POST "/error", parameters={}
2025-04-06T12:38:08.496+03:00 DEBUG 63042 --- [nio-8080-exec-2] s.w.s.m.m.a.RequestMappingHandlerMapping : Mapped to org.springframework.boot.autoconfigure.web.servlet.error.BasicErrorController#error(HttpServletRequest)
2025-04-06T12:38:08.496+03:00 DEBUG 63042 --- [nio-8080-exec-2] o.j.s.OpenEntityManagerInViewInterceptor : Opening JPA EntityManager in OpenEntityManagerInViewInterceptor
2025-04-06T12:38:08.498+03:00 DEBUG 63042 --- [nio-8080-exec-2] o.s.w.s.m.m.a.HttpEntityMethodProcessor  : Using 'application/json', given [*/*] and supported [application/json, application/*+json, application/yaml]
2025-04-06T12:38:08.498+03:00 DEBUG 63042 --- [nio-8080-exec-2] o.s.w.s.m.m.a.HttpEntityMethodProcessor  : Writing [{timestamp=Sun Apr 06 12:38:08 EEST 2025, status=400, error=Bad Request, path=/products}]
2025-04-06T12:38:08.499+03:00 DEBUG 63042 --- [nio-8080-exec-2] o.j.s.OpenEntityManagerInViewInterceptor : Closing JPA EntityManager in OpenEntityManagerInViewInterceptor
2025-04-06T12:38:08.499+03:00 DEBUG 63042 --- [    Test worker] org.apache.http.wire                     :  << "HTTP/1.1 400 [\r][\n]"
2025-04-06T12:38:08.499+03:00 DEBUG 63042 --- [    Test worker] org.apache.http.wire                     :  << "Vary: Origin[\r][\n]"
2025-04-06T12:38:08.499+03:00 DEBUG 63042 --- [    Test worker] org.apache.http.wire                     :  << "Vary: Access-Control-Request-Method[\r][\n]"
2025-04-06T12:38:08.499+03:00 DEBUG 63042 --- [    Test worker] org.apache.http.wire                     :  << "Vary: Access-Control-Request-Headers[\r][\n]"
2025-04-06T12:38:08.499+03:00 DEBUG 63042 --- [    Test worker] org.apache.http.wire                     :  << "Content-Type: application/json[\r][\n]"
2025-04-06T12:38:08.499+03:00 DEBUG 63042 --- [    Test worker] org.apache.http.wire                     :  << "Transfer-Encoding: chunked[\r][\n]"
2025-04-06T12:38:08.499+03:00 DEBUG 63042 --- [    Test worker] org.apache.http.wire                     :  << "Date: Sun, 06 Apr 2025 09:38:08 GMT[\r][\n]"
2025-04-06T12:38:08.499+03:00 DEBUG 63042 --- [    Test worker] org.apache.http.wire                     :  << "Connection: close[\r][\n]"
2025-04-06T12:38:08.499+03:00 DEBUG 63042 --- [    Test worker] org.apache.http.wire                     :  << "[\r][\n]"
2025-04-06T12:38:08.499+03:00 DEBUG 63042 --- [    Test worker] o.a.h.impl.conn.DefaultClientConnection  : Receiving response: HTTP/1.1 400 
2025-04-06T12:38:08.499+03:00 DEBUG 63042 --- [    Test worker] org.apache.http.headers                  : << HTTP/1.1 400 
2025-04-06T12:38:08.499+03:00 DEBUG 63042 --- [    Test worker] org.apache.http.headers                  : << Vary: Origin
2025-04-06T12:38:08.499+03:00 DEBUG 63042 --- [    Test worker] org.apache.http.headers                  : << Vary: Access-Control-Request-Method
2025-04-06T12:38:08.499+03:00 DEBUG 63042 --- [    Test worker] org.apache.http.headers                  : << Vary: Access-Control-Request-Headers
2025-04-06T12:38:08.499+03:00 DEBUG 63042 --- [    Test worker] org.apache.http.headers                  : << Content-Type: application/json
2025-04-06T12:38:08.499+03:00 DEBUG 63042 --- [    Test worker] org.apache.http.headers                  : << Transfer-Encoding: chunked
2025-04-06T12:38:08.499+03:00 DEBUG 63042 --- [    Test worker] org.apache.http.headers                  : << Date: Sun, 06 Apr 2025 09:38:08 GMT
2025-04-06T12:38:08.499+03:00 DEBUG 63042 --- [    Test worker] org.apache.http.headers                  : << Connection: close
2025-04-06T12:38:08.499+03:00 DEBUG 63042 --- [    Test worker] i.r.internal.RestAssuredHttpBuilder      : Parsing response as: application/json
2025-04-06T12:38:08.499+03:00 DEBUG 63042 --- [    Test worker] i.r.internal.RestAssuredHttpBuilder      : Parsed data to instance of: class org.apache.http.conn.EofSensorInputStream
2025-04-06T12:38:08.500+03:00 DEBUG 63042 --- [    Test worker] org.apache.http.wire                     :  << "63[\r][\n]"
2025-04-06T12:38:08.500+03:00 DEBUG 63042 --- [    Test worker] org.apache.http.wire                     :  << "{"timestamp":"2025-04-06T09:38:08.497+00:00","status":400,"error":"Bad Request","path":"/products"}"
2025-04-06T12:38:08.500+03:00 DEBUG 63042 --- [    Test worker] org.apache.http.wire                     :  << "[\r][\n]"
2025-04-06T12:38:08.500+03:00 DEBUG 63042 --- [nio-8080-exec-2] o.s.web.servlet.DispatcherServlet        : Exiting from "ERROR" dispatch, status 400
2025-04-06T12:38:08.500+03:00 DEBUG 63042 --- [    Test worker] org.apache.http.wire                     :  << "0[\r][\n]"
2025-04-06T12:38:08.500+03:00 DEBUG 63042 --- [    Test worker] org.apache.http.wire                     :  << "[\r][\n]"
2025-04-06T12:38:08.500+03:00 DEBUG 63042 --- [    Test worker] o.a.h.i.c.BasicClientConnectionManager   : Releasing connection org.apache.http.impl.conn.ManagedClientConnectionImpl@2e1437aa
2025-04-06T12:38:08.501+03:00 DEBUG 63042 --- [    Test worker] o.a.h.impl.conn.DefaultClientConnection  : Connection 0.0.0.0:56248<->127.0.0.1:8080 shut down
2025-04-06T12:38:08.505+03:00 DEBUG 63042 --- [    Test worker] org.springframework.test.context.cache   : Spring test ApplicationContext cache statistics: [DefaultContextCache@3f3b0b19 size = 1, maxSize = 32, parentContextCount = 0, hitCount = 19, missCount = 1, failureCount = 0]
2025-04-06T12:38:08.505+03:00 DEBUG 63042 --- [    Test worker] org.springframework.test.context.cache   : Spring test ApplicationContext cache statistics: [DefaultContextCache@3f3b0b19 size = 1, maxSize = 32, parentContextCount = 0, hitCount = 20, missCount = 1, failureCount = 0]
2025-04-06T12:38:08.505+03:00 DEBUG 63042 --- [    Test worker] org.springframework.test.context.cache   : Spring test ApplicationContext cache statistics: [DefaultContextCache@3f3b0b19 size = 1, maxSize = 32, parentContextCount = 0, hitCount = 21, missCount = 1, failureCount = 0]
2025-04-06T12:38:08.505+03:00 DEBUG 63042 --- [    Test worker] org.springframework.test.context.cache   : Spring test ApplicationContext cache statistics: [DefaultContextCache@3f3b0b19 size = 1, maxSize = 32, parentContextCount = 0, hitCount = 22, missCount = 1, failureCount = 0]
2025-04-06T12:38:08.505+03:00 DEBUG 63042 --- [    Test worker] org.springframework.test.context.cache   : Spring test ApplicationContext cache statistics: [DefaultContextCache@3f3b0b19 size = 1, maxSize = 32, parentContextCount = 0, hitCount = 23, missCount = 1, failureCount = 0]
2025-04-06T12:38:08.505+03:00 DEBUG 63042 --- [    Test worker] org.springframework.test.context.cache   : Spring test ApplicationContext cache statistics: [DefaultContextCache@3f3b0b19 size = 1, maxSize = 32, parentContextCount = 0, hitCount = 24, missCount = 1, failureCount = 0]
2025-04-06T12:38:08.505+03:00 DEBUG 63042 --- [    Test worker] org.springframework.test.context.cache   : Spring test ApplicationContext cache statistics: [DefaultContextCache@3f3b0b19 size = 1, maxSize = 32, parentContextCount = 0, hitCount = 25, missCount = 1, failureCount = 0]
2025-04-06T12:38:08.506+03:00 DEBUG 63042 --- [    Test worker] .c.s.DirtiesContextTestExecutionListener : After test method: class [ProductsAPITest], method [testCreateProduct400], class annotated with @DirtiesContext [false] with mode [null], method annotated with @DirtiesContext [false] with mode [null]
2025-04-06T12:38:08.506+03:00 DEBUG 63042 --- [    Test worker] c.a.o.v.r.LevelLoader$PropertiesLoader   : Levels file /Users/vanonatobaidze/projects/pactflow/pactflow-provider/.swagger-validator does not exist. Skipping.
2025-04-06T12:38:08.506+03:00 DEBUG 63042 --- [    Test worker] io.swagger.v3.parser.OpenAPIV3Parser     : Loaded raw data: openapi: 3.0.1
info:
  title: Product API
  description: PactFlow Product API demo
  version: 1.0.0
paths:
  /products:
    post:
      summary: Create a product
      description: Creates a new product
      operationId: createProduct
      requestBody:
        description: Create a new Product
        required: true
        content:
          application/json:
            schema:
              $ref: '#/components/schemas/Product'
            examples:
              application/json:
                value:
                  id: "1234"
                  type: "food"
                  price: 42
      responses:
        "200":
          description: successful operation
          content:
            "application/json; charset=utf-8":
              schema:
                $ref: '#/components/schemas/Product'
              examples:
                application/json:
                  value:
                    id: "1234"
                    type: "food"
                    price: 42
    get:
      summary: List all products
      description: Returns all products
      operationId: getAllProducts
      responses:
        "200":
          description: successful operation
          content:
            "application/json; charset=utf-8":
              schema:
                type: "array"
                items:
                  $ref: '#/components/schemas/Product'
              examples:
                application/json:
                  value:
                    - id: "1234"
                      type: "food"
                      price: 42
                      # name: "pizza"
                      # version: "1.0.0"
                      # see https://github.com/apiaryio/dredd/issues/1430 for why
        "400":
          description: Invalid ID supplied
          content: {}
  /product/{id}:
    get:
      summary: Find product by ID
      description: Returns a single product
      operationId: getProductByID
      parameters:
      - name: id
        in: path
        description: ID of product to get
        schema:
          type: string
        required: true
        example: 10
      responses:
        "200":
          description: successful operation
          content:
            "application/json; charset=utf-8":
              schema:
                $ref: '#/components/schemas/Product'
              examples:
                application/json:
                  value:
                    id: "1234"
                    type: "food"
                    price: 42
                    # name: "pizza"
                    # version: "1.0.0"
                    # see https://github.com/apiaryio/dredd/issues/1430 for why
        "400":
          description: Invalid ID supplied
          content: {}
        "404":
          description: Product not found
          content: {}
components:
  schemas:
    Product:
      type: object
      required:
        - id
        - name
        - price
      properties:
        id:
          type: string
        type:
          type: string
        name:
          type: string
        version:
          type: string
        price:
          type: number

2025-04-06T12:38:08.509+03:00 DEBUG 63042 --- [    Test worker] i.swagger.v3.parser.util.ResolverFully   : avoiding infinite loop
2025-04-06T12:38:08.509+03:00 DEBUG 63042 --- [    Test worker] i.swagger.v3.parser.util.ResolverFully   : avoiding infinite loop
2025-04-06T12:38:08.509+03:00 DEBUG 63042 --- [    Test worker] i.swagger.v3.parser.util.ResolverFully   : avoiding infinite loop
2025-04-06T12:38:08.509+03:00 DEBUG 63042 --- [    Test worker] i.swagger.v3.parser.util.ResolverFully   : avoiding infinite loop
2025-04-06T12:38:08.509+03:00 DEBUG 63042 --- [    Test worker] i.swagger.v3.parser.util.ResolverFully   : avoiding infinite loop
2025-04-06T12:38:08.509+03:00 DEBUG 63042 --- [    Test worker] i.swagger.v3.parser.util.ResolverFully   : avoiding infinite loop
2025-04-06T12:38:08.509+03:00 DEBUG 63042 --- [    Test worker] i.swagger.v3.parser.util.ResolverFully   : avoiding infinite loop
2025-04-06T12:38:08.509+03:00 DEBUG 63042 --- [    Test worker] i.swagger.v3.parser.util.ResolverFully   : avoiding infinite loop
2025-04-06T12:38:08.510+03:00 DEBUG 63042 --- [    Test worker] c.a.o.v.r.LevelLoader$PropertiesLoader   : Levels file /Users/vanonatobaidze/projects/pactflow/pactflow-provider/.swagger-validator does not exist. Skipping.
2025-04-06T12:38:08.510+03:00 DEBUG 63042 --- [    Test worker] c.a.o.v.r.LevelLoader$PropertiesLoader   : Levels file /Users/vanonatobaidze/projects/pactflow/pactflow-provider/.swagger-validator does not exist. Skipping.
2025-04-06T12:38:08.511+03:00 DEBUG 63042 --- [    Test worker] io.swagger.v3.parser.OpenAPIV3Parser     : Loaded raw data: openapi: 3.0.1
info:
  title: Product API
  description: PactFlow Product API demo
  version: 1.0.0
paths:
  /products:
    post:
      summary: Create a product
      description: Creates a new product
      operationId: createProduct
      requestBody:
        description: Create a new Product
        required: true
        content:
          application/json:
            schema:
              $ref: '#/components/schemas/Product'
            examples:
              application/json:
                value:
                  id: "1234"
                  type: "food"
                  price: 42
      responses:
        "200":
          description: successful operation
          content:
            "application/json; charset=utf-8":
              schema:
                $ref: '#/components/schemas/Product'
              examples:
                application/json:
                  value:
                    id: "1234"
                    type: "food"
                    price: 42
    get:
      summary: List all products
      description: Returns all products
      operationId: getAllProducts
      responses:
        "200":
          description: successful operation
          content:
            "application/json; charset=utf-8":
              schema:
                type: "array"
                items:
                  $ref: '#/components/schemas/Product'
              examples:
                application/json:
                  value:
                    - id: "1234"
                      type: "food"
                      price: 42
                      # name: "pizza"
                      # version: "1.0.0"
                      # see https://github.com/apiaryio/dredd/issues/1430 for why
        "400":
          description: Invalid ID supplied
          content: {}
  /product/{id}:
    get:
      summary: Find product by ID
      description: Returns a single product
      operationId: getProductByID
      parameters:
      - name: id
        in: path
        description: ID of product to get
        schema:
          type: string
        required: true
        example: 10
      responses:
        "200":
          description: successful operation
          content:
            "application/json; charset=utf-8":
              schema:
                $ref: '#/components/schemas/Product'
              examples:
                application/json:
                  value:
                    id: "1234"
                    type: "food"
                    price: 42
                    # name: "pizza"
                    # version: "1.0.0"
                    # see https://github.com/apiaryio/dredd/issues/1430 for why
        "400":
          description: Invalid ID supplied
          content: {}
        "404":
          description: Product not found
          content: {}
components:
  schemas:
    Product:
      type: object
      required:
        - id
        - name
        - price
      properties:
        id:
          type: string
        type:
          type: string
        name:
          type: string
        version:
          type: string
        price:
          type: number

2025-04-06T12:38:08.513+03:00 DEBUG 63042 --- [    Test worker] i.swagger.v3.parser.util.ResolverFully   : avoiding infinite loop
2025-04-06T12:38:08.513+03:00 DEBUG 63042 --- [    Test worker] i.swagger.v3.parser.util.ResolverFully   : avoiding infinite loop
2025-04-06T12:38:08.513+03:00 DEBUG 63042 --- [    Test worker] i.swagger.v3.parser.util.ResolverFully   : avoiding infinite loop
2025-04-06T12:38:08.513+03:00 DEBUG 63042 --- [    Test worker] i.swagger.v3.parser.util.ResolverFully   : avoiding infinite loop
2025-04-06T12:38:08.513+03:00 DEBUG 63042 --- [    Test worker] i.swagger.v3.parser.util.ResolverFully   : avoiding infinite loop
2025-04-06T12:38:08.513+03:00 DEBUG 63042 --- [    Test worker] i.swagger.v3.parser.util.ResolverFully   : avoiding infinite loop
2025-04-06T12:38:08.513+03:00 DEBUG 63042 --- [    Test worker] i.swagger.v3.parser.util.ResolverFully   : avoiding infinite loop
2025-04-06T12:38:08.513+03:00 DEBUG 63042 --- [    Test worker] i.swagger.v3.parser.util.ResolverFully   : avoiding infinite loop
2025-04-06T12:38:08.514+03:00 DEBUG 63042 --- [    Test worker] DependencyInjectionTestExecutionListener : Performing dependency injection for test class com.example.springboot.ProductsAPITest
2025-04-06T12:38:08.514+03:00 DEBUG 63042 --- [    Test worker] org.springframework.test.context.cache   : Spring test ApplicationContext cache statistics: [DefaultContextCache@3f3b0b19 size = 1, maxSize = 32, parentContextCount = 0, hitCount = 26, missCount = 1, failureCount = 0]
2025-04-06T12:38:08.514+03:00 DEBUG 63042 --- [    Test worker] o.s.c.e.PropertySourcesPropertyResolver  : Found key 'local.server.port' in PropertySource 'environmentProperties' with value of type String
2025-04-06T12:38:08.514+03:00 DEBUG 63042 --- [    Test worker] org.springframework.test.context.cache   : Spring test ApplicationContext cache statistics: [DefaultContextCache@3f3b0b19 size = 1, maxSize = 32, parentContextCount = 0, hitCount = 27, missCount = 1, failureCount = 0]
2025-04-06T12:38:08.515+03:00 DEBUG 63042 --- [    Test worker] sContextBeforeModesTestExecutionListener : Before test method: class [ProductsAPITest], method [testGetProduct200], class annotated with @DirtiesContext [false] with mode [null], method annotated with @DirtiesContext [false] with mode [null]
2025-04-06T12:38:08.515+03:00 DEBUG 63042 --- [    Test worker] org.springframework.test.context.cache   : Spring test ApplicationContext cache statistics: [DefaultContextCache@3f3b0b19 size = 1, maxSize = 32, parentContextCount = 0, hitCount = 28, missCount = 1, failureCount = 0]
2025-04-06T12:38:08.515+03:00 DEBUG 63042 --- [    Test worker] org.springframework.test.context.cache   : Spring test ApplicationContext cache statistics: [DefaultContextCache@3f3b0b19 size = 1, maxSize = 32, parentContextCount = 0, hitCount = 29, missCount = 1, failureCount = 0]
2025-04-06T12:38:08.515+03:00 DEBUG 63042 --- [    Test worker] org.springframework.test.context.cache   : Spring test ApplicationContext cache statistics: [DefaultContextCache@3f3b0b19 size = 1, maxSize = 32, parentContextCount = 0, hitCount = 30, missCount = 1, failureCount = 0]
2025-04-06T12:38:08.515+03:00 DEBUG 63042 --- [    Test worker] org.springframework.test.context.cache   : Spring test ApplicationContext cache statistics: [DefaultContextCache@3f3b0b19 size = 1, maxSize = 32, parentContextCount = 0, hitCount = 31, missCount = 1, failureCount = 0]
2025-04-06T12:38:08.523+03:00 DEBUG 63042 --- [    Test worker] o.a.h.i.c.BasicClientConnectionManager   : Get connection for route {}->http://localhost:8080
2025-04-06T12:38:08.523+03:00 DEBUG 63042 --- [    Test worker] .a.h.i.c.DefaultClientConnectionOperator : Connecting to localhost:8080
2025-04-06T12:38:08.523+03:00 DEBUG 63042 --- [    Test worker] o.a.h.client.protocol.RequestAddCookies  : CookieSpec selected: ignoreCookies
2025-04-06T12:38:08.523+03:00 DEBUG 63042 --- [    Test worker] o.a.h.client.protocol.RequestAuthCache   : Auth cache not set in the context
2025-04-06T12:38:08.523+03:00 DEBUG 63042 --- [    Test worker] o.a.h.c.p.RequestTargetAuthentication    : Target auth state: UNCHALLENGED
2025-04-06T12:38:08.523+03:00 DEBUG 63042 --- [    Test worker] o.a.h.c.p.RequestProxyAuthentication     : Proxy auth state: UNCHALLENGED
2025-04-06T12:38:08.523+03:00 DEBUG 63042 --- [    Test worker] o.a.http.impl.client.DefaultHttpClient   : Attempt 1 to execute request
2025-04-06T12:38:08.523+03:00 DEBUG 63042 --- [    Test worker] o.a.h.impl.conn.DefaultClientConnection  : Sending request: GET /product/1 HTTP/1.1
2025-04-06T12:38:08.523+03:00 DEBUG 63042 --- [    Test worker] org.apache.http.wire                     :  >> "GET /product/1 HTTP/1.1[\r][\n]"
2025-04-06T12:38:08.523+03:00 DEBUG 63042 --- [    Test worker] org.apache.http.wire                     :  >> "Accept: */*[\r][\n]"
2025-04-06T12:38:08.523+03:00 DEBUG 63042 --- [    Test worker] org.apache.http.wire                     :  >> "Host: localhost:8080[\r][\n]"
2025-04-06T12:38:08.523+03:00 DEBUG 63042 --- [    Test worker] org.apache.http.wire                     :  >> "Connection: Keep-Alive[\r][\n]"
2025-04-06T12:38:08.523+03:00 DEBUG 63042 --- [    Test worker] org.apache.http.wire                     :  >> "User-Agent: Apache-HttpClient/4.5.14 (Java/23.0.2)[\r][\n]"
2025-04-06T12:38:08.523+03:00 DEBUG 63042 --- [    Test worker] org.apache.http.wire                     :  >> "Accept-Encoding: gzip,deflate[\r][\n]"
2025-04-06T12:38:08.523+03:00 DEBUG 63042 --- [    Test worker] org.apache.http.wire                     :  >> "[\r][\n]"
2025-04-06T12:38:08.523+03:00 DEBUG 63042 --- [    Test worker] org.apache.http.headers                  : >> GET /product/1 HTTP/1.1
2025-04-06T12:38:08.523+03:00 DEBUG 63042 --- [    Test worker] org.apache.http.headers                  : >> Accept: */*
2025-04-06T12:38:08.523+03:00 DEBUG 63042 --- [    Test worker] org.apache.http.headers                  : >> Host: localhost:8080
2025-04-06T12:38:08.523+03:00 DEBUG 63042 --- [    Test worker] org.apache.http.headers                  : >> Connection: Keep-Alive
2025-04-06T12:38:08.523+03:00 DEBUG 63042 --- [    Test worker] org.apache.http.headers                  : >> User-Agent: Apache-HttpClient/4.5.14 (Java/23.0.2)
2025-04-06T12:38:08.523+03:00 DEBUG 63042 --- [    Test worker] org.apache.http.headers                  : >> Accept-Encoding: gzip,deflate
2025-04-06T12:38:08.524+03:00 DEBUG 63042 --- [nio-8080-exec-3] o.s.web.servlet.DispatcherServlet        : GET "/product/1", parameters={}
2025-04-06T12:38:08.524+03:00 DEBUG 63042 --- [nio-8080-exec-3] s.w.s.m.m.a.RequestMappingHandlerMapping : Mapped to com.example.springboot.ProductController#one(Long)
2025-04-06T12:38:08.524+03:00 DEBUG 63042 --- [nio-8080-exec-3] o.j.s.OpenEntityManagerInViewInterceptor : Opening JPA EntityManager in OpenEntityManagerInViewInterceptor
2025-04-06T12:38:08.525+03:00 DEBUG 63042 --- [nio-8080-exec-3] o.s.orm.jpa.JpaTransactionManager        : Found thread-bound EntityManager [SessionImpl(2020648716<open>)] for JPA transaction
2025-04-06T12:38:08.525+03:00 DEBUG 63042 --- [nio-8080-exec-3] o.s.orm.jpa.JpaTransactionManager        : Creating new transaction with name [org.springframework.data.jpa.repository.support.SimpleJpaRepository.findById]: PROPAGATION_REQUIRED,ISOLATION_DEFAULT,readOnly
2025-04-06T12:38:08.525+03:00 DEBUG 63042 --- [nio-8080-exec-3] o.s.jdbc.datasource.DataSourceUtils      : Setting JDBC Connection [HikariProxyConnection@1773983117 wrapping conn0: url=jdbc:h2:mem:4263c6bd-775c-4b0c-9d1e-814281f93129 user=SA] read-only
2025-04-06T12:38:08.526+03:00 DEBUG 63042 --- [nio-8080-exec-3] o.h.e.t.internal.TransactionImpl         : On TransactionImpl creation, JpaCompliance#isJpaTransactionComplianceEnabled == false
2025-04-06T12:38:08.526+03:00 DEBUG 63042 --- [nio-8080-exec-3] o.h.e.t.internal.TransactionImpl         : begin
2025-04-06T12:38:08.526+03:00 DEBUG 63042 --- [nio-8080-exec-3] o.s.orm.jpa.JpaTransactionManager        : Exposing JPA transaction as JDBC [org.springframework.orm.jpa.vendor.HibernateJpaDialect$HibernateConnectionHandle@5620e4b4]
2025-04-06T12:38:08.527+03:00 DEBUG 63042 --- [nio-8080-exec-3] org.hibernate.orm.sql.exec               : Skipping reading Query result cache data: cache-enabled = false, cache-mode = IGNORE
2025-04-06T12:38:08.527+03:00 DEBUG 63042 --- [nio-8080-exec-3] org.hibernate.SQL                        : select p1_0.id,p1_0.name,p1_0.price,p1_0.type,p1_0.version from product p1_0 where p1_0.id=?
2025-04-06T12:38:08.527+03:00 DEBUG 63042 --- [nio-8080-exec-3] org.hibernate.orm.results                : Initializer list:
	  com.example.springboot.Product -> EntityJoinedFetchInitializer(com.example.springboot.Product)@1424617384 (SingleTableEntityPersister(com.example.springboot.Product))

2025-04-06T12:38:08.528+03:00 DEBUG 63042 --- [nio-8080-exec-3] o.s.orm.jpa.JpaTransactionManager        : Initiating transaction commit
2025-04-06T12:38:08.528+03:00 DEBUG 63042 --- [nio-8080-exec-3] o.s.orm.jpa.JpaTransactionManager        : Committing JPA transaction on EntityManager [SessionImpl(2020648716<open>)]
2025-04-06T12:38:08.528+03:00 DEBUG 63042 --- [nio-8080-exec-3] o.h.e.t.internal.TransactionImpl         : committing
2025-04-06T12:38:08.528+03:00 DEBUG 63042 --- [nio-8080-exec-3] o.s.jdbc.datasource.DataSourceUtils      : Resetting read-only flag of JDBC Connection [HikariProxyConnection@1773983117 wrapping conn0: url=jdbc:h2:mem:4263c6bd-775c-4b0c-9d1e-814281f93129 user=SA]
2025-04-06T12:38:08.528+03:00 DEBUG 63042 --- [nio-8080-exec-3] o.s.orm.jpa.JpaTransactionManager        : Not closing pre-bound JPA EntityManager after transaction
2025-04-06T12:38:08.528+03:00 DEBUG 63042 --- [nio-8080-exec-3] m.m.a.RequestResponseBodyMethodProcessor : Using 'application/json;charset=utf-8', given [*/*] and supported [application/json;charset=utf-8]
2025-04-06T12:38:08.528+03:00 DEBUG 63042 --- [nio-8080-exec-3] m.m.a.RequestResponseBodyMethodProcessor : Writing [Product(id=1, name=Burger, type=Aussie with avocade, egg, bacon and beetroot, version=1.0.0, price=1 (truncated)...]
2025-04-06T12:38:08.529+03:00 DEBUG 63042 --- [nio-8080-exec-3] o.j.s.OpenEntityManagerInViewInterceptor : Closing JPA EntityManager in OpenEntityManagerInViewInterceptor
2025-04-06T12:38:08.529+03:00 DEBUG 63042 --- [    Test worker] org.apache.http.wire                     :  << "HTTP/1.1 200 [\r][\n]"
2025-04-06T12:38:08.529+03:00 DEBUG 63042 --- [nio-8080-exec-3] o.s.web.servlet.DispatcherServlet        : Completed 200 OK
2025-04-06T12:38:08.529+03:00 DEBUG 63042 --- [    Test worker] org.apache.http.wire                     :  << "Vary: Origin[\r][\n]"
2025-04-06T12:38:08.529+03:00 DEBUG 63042 --- [    Test worker] org.apache.http.wire                     :  << "Vary: Access-Control-Request-Method[\r][\n]"
2025-04-06T12:38:08.529+03:00 DEBUG 63042 --- [    Test worker] org.apache.http.wire                     :  << "Vary: Access-Control-Request-Headers[\r][\n]"
2025-04-06T12:38:08.529+03:00 DEBUG 63042 --- [    Test worker] org.apache.http.wire                     :  << "Content-Type: application/json;charset=utf-8[\r][\n]"
2025-04-06T12:38:08.529+03:00 DEBUG 63042 --- [    Test worker] org.apache.http.wire                     :  << "Transfer-Encoding: chunked[\r][\n]"
2025-04-06T12:38:08.529+03:00 DEBUG 63042 --- [    Test worker] org.apache.http.wire                     :  << "Date: Sun, 06 Apr 2025 09:38:08 GMT[\r][\n]"
2025-04-06T12:38:08.529+03:00 DEBUG 63042 --- [    Test worker] org.apache.http.wire                     :  << "Keep-Alive: timeout=60[\r][\n]"
2025-04-06T12:38:08.529+03:00 DEBUG 63042 --- [    Test worker] org.apache.http.wire                     :  << "Connection: keep-alive[\r][\n]"
2025-04-06T12:38:08.529+03:00 DEBUG 63042 --- [    Test worker] org.apache.http.wire                     :  << "[\r][\n]"
2025-04-06T12:38:08.529+03:00 DEBUG 63042 --- [    Test worker] o.a.h.impl.conn.DefaultClientConnection  : Receiving response: HTTP/1.1 200 
2025-04-06T12:38:08.529+03:00 DEBUG 63042 --- [    Test worker] org.apache.http.headers                  : << HTTP/1.1 200 
2025-04-06T12:38:08.529+03:00 DEBUG 63042 --- [    Test worker] org.apache.http.headers                  : << Vary: Origin
2025-04-06T12:38:08.529+03:00 DEBUG 63042 --- [    Test worker] org.apache.http.headers                  : << Vary: Access-Control-Request-Method
2025-04-06T12:38:08.529+03:00 DEBUG 63042 --- [    Test worker] org.apache.http.headers                  : << Vary: Access-Control-Request-Headers
2025-04-06T12:38:08.529+03:00 DEBUG 63042 --- [    Test worker] org.apache.http.headers                  : << Content-Type: application/json;charset=utf-8
2025-04-06T12:38:08.529+03:00 DEBUG 63042 --- [    Test worker] org.apache.http.headers                  : << Transfer-Encoding: chunked
2025-04-06T12:38:08.529+03:00 DEBUG 63042 --- [    Test worker] org.apache.http.headers                  : << Date: Sun, 06 Apr 2025 09:38:08 GMT
2025-04-06T12:38:08.529+03:00 DEBUG 63042 --- [    Test worker] org.apache.http.headers                  : << Keep-Alive: timeout=60
2025-04-06T12:38:08.529+03:00 DEBUG 63042 --- [    Test worker] org.apache.http.headers                  : << Connection: keep-alive
2025-04-06T12:38:08.529+03:00 DEBUG 63042 --- [    Test worker] o.a.http.impl.client.DefaultHttpClient   : Connection can be kept alive for 60000 MILLISECONDS
2025-04-06T12:38:08.529+03:00 DEBUG 63042 --- [    Test worker] i.r.internal.RestAssuredHttpBuilder      : Parsing response as: application/json;charset=utf-8
2025-04-06T12:38:08.529+03:00 DEBUG 63042 --- [    Test worker] i.r.internal.RestAssuredHttpBuilder      : Parsed data to instance of: class org.apache.http.conn.EofSensorInputStream
2025-04-06T12:38:08.530+03:00 DEBUG 63042 --- [    Test worker] org.apache.http.wire                     :  << "6f[\r][\n]"
2025-04-06T12:38:08.530+03:00 DEBUG 63042 --- [    Test worker] org.apache.http.wire                     :  << "{"id":"1","name":"Burger","type":"Aussie with avocade, egg, bacon and beetroot","version":"1.0.0","price":10.5}"
2025-04-06T12:38:08.530+03:00 DEBUG 63042 --- [    Test worker] org.apache.http.wire                     :  << "[\r][\n]"
2025-04-06T12:38:08.530+03:00 DEBUG 63042 --- [    Test worker] org.apache.http.wire                     :  << "0[\r][\n]"
2025-04-06T12:38:08.530+03:00 DEBUG 63042 --- [    Test worker] org.apache.http.wire                     :  << "[\r][\n]"
2025-04-06T12:38:08.530+03:00 DEBUG 63042 --- [    Test worker] o.a.h.i.c.BasicClientConnectionManager   : Releasing connection org.apache.http.impl.conn.ManagedClientConnectionImpl@4dac863d
2025-04-06T12:38:08.530+03:00 DEBUG 63042 --- [    Test worker] o.a.h.i.c.BasicClientConnectionManager   : Connection can be kept alive for 60000 MILLISECONDS
2025-04-06T12:38:08.535+03:00 DEBUG 63042 --- [    Test worker] org.springframework.test.context.cache   : Spring test ApplicationContext cache statistics: [DefaultContextCache@3f3b0b19 size = 1, maxSize = 32, parentContextCount = 0, hitCount = 32, missCount = 1, failureCount = 0]
2025-04-06T12:38:08.535+03:00 DEBUG 63042 --- [    Test worker] org.springframework.test.context.cache   : Spring test ApplicationContext cache statistics: [DefaultContextCache@3f3b0b19 size = 1, maxSize = 32, parentContextCount = 0, hitCount = 33, missCount = 1, failureCount = 0]
2025-04-06T12:38:08.535+03:00 DEBUG 63042 --- [    Test worker] org.springframework.test.context.cache   : Spring test ApplicationContext cache statistics: [DefaultContextCache@3f3b0b19 size = 1, maxSize = 32, parentContextCount = 0, hitCount = 34, missCount = 1, failureCount = 0]
2025-04-06T12:38:08.536+03:00 DEBUG 63042 --- [    Test worker] org.springframework.test.context.cache   : Spring test ApplicationContext cache statistics: [DefaultContextCache@3f3b0b19 size = 1, maxSize = 32, parentContextCount = 0, hitCount = 35, missCount = 1, failureCount = 0]
2025-04-06T12:38:08.536+03:00 DEBUG 63042 --- [    Test worker] org.springframework.test.context.cache   : Spring test ApplicationContext cache statistics: [DefaultContextCache@3f3b0b19 size = 1, maxSize = 32, parentContextCount = 0, hitCount = 36, missCount = 1, failureCount = 0]
2025-04-06T12:38:08.536+03:00 DEBUG 63042 --- [    Test worker] org.springframework.test.context.cache   : Spring test ApplicationContext cache statistics: [DefaultContextCache@3f3b0b19 size = 1, maxSize = 32, parentContextCount = 0, hitCount = 37, missCount = 1, failureCount = 0]
2025-04-06T12:38:08.536+03:00 DEBUG 63042 --- [    Test worker] org.springframework.test.context.cache   : Spring test ApplicationContext cache statistics: [DefaultContextCache@3f3b0b19 size = 1, maxSize = 32, parentContextCount = 0, hitCount = 38, missCount = 1, failureCount = 0]
2025-04-06T12:38:08.536+03:00 DEBUG 63042 --- [    Test worker] .c.s.DirtiesContextTestExecutionListener : After test method: class [ProductsAPITest], method [testGetProduct200], class annotated with @DirtiesContext [false] with mode [null], method annotated with @DirtiesContext [false] with mode [null]
2025-04-06T12:38:08.537+03:00 DEBUG 63042 --- [    Test worker] c.a.o.v.r.LevelLoader$PropertiesLoader   : Levels file /Users/vanonatobaidze/projects/pactflow/pactflow-provider/.swagger-validator does not exist. Skipping.
2025-04-06T12:38:08.537+03:00 DEBUG 63042 --- [    Test worker] io.swagger.v3.parser.OpenAPIV3Parser     : Loaded raw data: openapi: 3.0.1
info:
  title: Product API
  description: PactFlow Product API demo
  version: 1.0.0
paths:
  /products:
    post:
      summary: Create a product
      description: Creates a new product
      operationId: createProduct
      requestBody:
        description: Create a new Product
        required: true
        content:
          application/json:
            schema:
              $ref: '#/components/schemas/Product'
            examples:
              application/json:
                value:
                  id: "1234"
                  type: "food"
                  price: 42
      responses:
        "200":
          description: successful operation
          content:
            "application/json; charset=utf-8":
              schema:
                $ref: '#/components/schemas/Product'
              examples:
                application/json:
                  value:
                    id: "1234"
                    type: "food"
                    price: 42
    get:
      summary: List all products
      description: Returns all products
      operationId: getAllProducts
      responses:
        "200":
          description: successful operation
          content:
            "application/json; charset=utf-8":
              schema:
                type: "array"
                items:
                  $ref: '#/components/schemas/Product'
              examples:
                application/json:
                  value:
                    - id: "1234"
                      type: "food"
                      price: 42
                      # name: "pizza"
                      # version: "1.0.0"
                      # see https://github.com/apiaryio/dredd/issues/1430 for why
        "400":
          description: Invalid ID supplied
          content: {}
  /product/{id}:
    get:
      summary: Find product by ID
      description: Returns a single product
      operationId: getProductByID
      parameters:
      - name: id
        in: path
        description: ID of product to get
        schema:
          type: string
        required: true
        example: 10
      responses:
        "200":
          description: successful operation
          content:
            "application/json; charset=utf-8":
              schema:
                $ref: '#/components/schemas/Product'
              examples:
                application/json:
                  value:
                    id: "1234"
                    type: "food"
                    price: 42
                    # name: "pizza"
                    # version: "1.0.0"
                    # see https://github.com/apiaryio/dredd/issues/1430 for why
        "400":
          description: Invalid ID supplied
          content: {}
        "404":
          description: Product not found
          content: {}
components:
  schemas:
    Product:
      type: object
      required:
        - id
        - name
        - price
      properties:
        id:
          type: string
        type:
          type: string
        name:
          type: string
        version:
          type: string
        price:
          type: number

2025-04-06T12:38:08.540+03:00 DEBUG 63042 --- [    Test worker] i.swagger.v3.parser.util.ResolverFully   : avoiding infinite loop
2025-04-06T12:38:08.540+03:00 DEBUG 63042 --- [    Test worker] i.swagger.v3.parser.util.ResolverFully   : avoiding infinite loop
2025-04-06T12:38:08.540+03:00 DEBUG 63042 --- [    Test worker] i.swagger.v3.parser.util.ResolverFully   : avoiding infinite loop
2025-04-06T12:38:08.540+03:00 DEBUG 63042 --- [    Test worker] i.swagger.v3.parser.util.ResolverFully   : avoiding infinite loop
2025-04-06T12:38:08.540+03:00 DEBUG 63042 --- [    Test worker] i.swagger.v3.parser.util.ResolverFully   : avoiding infinite loop
2025-04-06T12:38:08.540+03:00 DEBUG 63042 --- [    Test worker] i.swagger.v3.parser.util.ResolverFully   : avoiding infinite loop
2025-04-06T12:38:08.540+03:00 DEBUG 63042 --- [    Test worker] i.swagger.v3.parser.util.ResolverFully   : avoiding infinite loop
2025-04-06T12:38:08.540+03:00 DEBUG 63042 --- [    Test worker] i.swagger.v3.parser.util.ResolverFully   : avoiding infinite loop
2025-04-06T12:38:08.541+03:00 DEBUG 63042 --- [    Test worker] c.a.o.v.r.LevelLoader$PropertiesLoader   : Levels file /Users/vanonatobaidze/projects/pactflow/pactflow-provider/.swagger-validator does not exist. Skipping.
2025-04-06T12:38:08.541+03:00 DEBUG 63042 --- [    Test worker] c.a.o.v.r.LevelLoader$PropertiesLoader   : Levels file /Users/vanonatobaidze/projects/pactflow/pactflow-provider/.swagger-validator does not exist. Skipping.
2025-04-06T12:38:08.541+03:00 DEBUG 63042 --- [    Test worker] io.swagger.v3.parser.OpenAPIV3Parser     : Loaded raw data: openapi: 3.0.1
info:
  title: Product API
  description: PactFlow Product API demo
  version: 1.0.0
paths:
  /products:
    post:
      summary: Create a product
      description: Creates a new product
      operationId: createProduct
      requestBody:
        description: Create a new Product
        required: true
        content:
          application/json:
            schema:
              $ref: '#/components/schemas/Product'
            examples:
              application/json:
                value:
                  id: "1234"
                  type: "food"
                  price: 42
      responses:
        "200":
          description: successful operation
          content:
            "application/json; charset=utf-8":
              schema:
                $ref: '#/components/schemas/Product'
              examples:
                application/json:
                  value:
                    id: "1234"
                    type: "food"
                    price: 42
    get:
      summary: List all products
      description: Returns all products
      operationId: getAllProducts
      responses:
        "200":
          description: successful operation
          content:
            "application/json; charset=utf-8":
              schema:
                type: "array"
                items:
                  $ref: '#/components/schemas/Product'
              examples:
                application/json:
                  value:
                    - id: "1234"
                      type: "food"
                      price: 42
                      # name: "pizza"
                      # version: "1.0.0"
                      # see https://github.com/apiaryio/dredd/issues/1430 for why
        "400":
          description: Invalid ID supplied
          content: {}
  /product/{id}:
    get:
      summary: Find product by ID
      description: Returns a single product
      operationId: getProductByID
      parameters:
      - name: id
        in: path
        description: ID of product to get
        schema:
          type: string
        required: true
        example: 10
      responses:
        "200":
          description: successful operation
          content:
            "application/json; charset=utf-8":
              schema:
                $ref: '#/components/schemas/Product'
              examples:
                application/json:
                  value:
                    id: "1234"
                    type: "food"
                    price: 42
                    # name: "pizza"
                    # version: "1.0.0"
                    # see https://github.com/apiaryio/dredd/issues/1430 for why
        "400":
          description: Invalid ID supplied
          content: {}
        "404":
          description: Product not found
          content: {}
components:
  schemas:
    Product:
      type: object
      required:
        - id
        - name
        - price
      properties:
        id:
          type: string
        type:
          type: string
        name:
          type: string
        version:
          type: string
        price:
          type: number

2025-04-06T12:38:08.544+03:00 DEBUG 63042 --- [    Test worker] i.swagger.v3.parser.util.ResolverFully   : avoiding infinite loop
2025-04-06T12:38:08.544+03:00 DEBUG 63042 --- [    Test worker] i.swagger.v3.parser.util.ResolverFully   : avoiding infinite loop
2025-04-06T12:38:08.544+03:00 DEBUG 63042 --- [    Test worker] i.swagger.v3.parser.util.ResolverFully   : avoiding infinite loop
2025-04-06T12:38:08.544+03:00 DEBUG 63042 --- [    Test worker] i.swagger.v3.parser.util.ResolverFully   : avoiding infinite loop
2025-04-06T12:38:08.544+03:00 DEBUG 63042 --- [    Test worker] i.swagger.v3.parser.util.ResolverFully   : avoiding infinite loop
2025-04-06T12:38:08.544+03:00 DEBUG 63042 --- [    Test worker] i.swagger.v3.parser.util.ResolverFully   : avoiding infinite loop
2025-04-06T12:38:08.544+03:00 DEBUG 63042 --- [    Test worker] i.swagger.v3.parser.util.ResolverFully   : avoiding infinite loop
2025-04-06T12:38:08.544+03:00 DEBUG 63042 --- [    Test worker] i.swagger.v3.parser.util.ResolverFully   : avoiding infinite loop
2025-04-06T12:38:08.545+03:00 DEBUG 63042 --- [    Test worker] DependencyInjectionTestExecutionListener : Performing dependency injection for test class com.example.springboot.ProductsAPITest
2025-04-06T12:38:08.545+03:00 DEBUG 63042 --- [    Test worker] org.springframework.test.context.cache   : Spring test ApplicationContext cache statistics: [DefaultContextCache@3f3b0b19 size = 1, maxSize = 32, parentContextCount = 0, hitCount = 39, missCount = 1, failureCount = 0]
2025-04-06T12:38:08.545+03:00 DEBUG 63042 --- [    Test worker] o.s.c.e.PropertySourcesPropertyResolver  : Found key 'local.server.port' in PropertySource 'environmentProperties' with value of type String
2025-04-06T12:38:08.545+03:00 DEBUG 63042 --- [    Test worker] org.springframework.test.context.cache   : Spring test ApplicationContext cache statistics: [DefaultContextCache@3f3b0b19 size = 1, maxSize = 32, parentContextCount = 0, hitCount = 40, missCount = 1, failureCount = 0]
2025-04-06T12:38:08.545+03:00 DEBUG 63042 --- [    Test worker] sContextBeforeModesTestExecutionListener : Before test method: class [ProductsAPITest], method [testGetProduct400], class annotated with @DirtiesContext [false] with mode [null], method annotated with @DirtiesContext [false] with mode [null]
2025-04-06T12:38:08.546+03:00 DEBUG 63042 --- [    Test worker] org.springframework.test.context.cache   : Spring test ApplicationContext cache statistics: [DefaultContextCache@3f3b0b19 size = 1, maxSize = 32, parentContextCount = 0, hitCount = 41, missCount = 1, failureCount = 0]
2025-04-06T12:38:08.546+03:00 DEBUG 63042 --- [    Test worker] org.springframework.test.context.cache   : Spring test ApplicationContext cache statistics: [DefaultContextCache@3f3b0b19 size = 1, maxSize = 32, parentContextCount = 0, hitCount = 42, missCount = 1, failureCount = 0]
2025-04-06T12:38:08.546+03:00 DEBUG 63042 --- [    Test worker] org.springframework.test.context.cache   : Spring test ApplicationContext cache statistics: [DefaultContextCache@3f3b0b19 size = 1, maxSize = 32, parentContextCount = 0, hitCount = 43, missCount = 1, failureCount = 0]
2025-04-06T12:38:08.546+03:00 DEBUG 63042 --- [    Test worker] org.springframework.test.context.cache   : Spring test ApplicationContext cache statistics: [DefaultContextCache@3f3b0b19 size = 1, maxSize = 32, parentContextCount = 0, hitCount = 44, missCount = 1, failureCount = 0]
2025-04-06T12:38:08.549+03:00 DEBUG 63042 --- [    Test worker] o.a.h.i.c.BasicClientConnectionManager   : Get connection for route {}->http://localhost:8080
2025-04-06T12:38:08.549+03:00 DEBUG 63042 --- [    Test worker] .a.h.i.c.DefaultClientConnectionOperator : Connecting to localhost:8080
2025-04-06T12:38:08.550+03:00 DEBUG 63042 --- [    Test worker] o.a.h.client.protocol.RequestAddCookies  : CookieSpec selected: ignoreCookies
2025-04-06T12:38:08.550+03:00 DEBUG 63042 --- [    Test worker] o.a.h.client.protocol.RequestAuthCache   : Auth cache not set in the context
2025-04-06T12:38:08.550+03:00 DEBUG 63042 --- [    Test worker] o.a.h.c.p.RequestTargetAuthentication    : Target auth state: UNCHALLENGED
2025-04-06T12:38:08.550+03:00 DEBUG 63042 --- [    Test worker] o.a.h.c.p.RequestProxyAuthentication     : Proxy auth state: UNCHALLENGED
2025-04-06T12:38:08.550+03:00 DEBUG 63042 --- [    Test worker] o.a.http.impl.client.DefaultHttpClient   : Attempt 1 to execute request
2025-04-06T12:38:08.550+03:00 DEBUG 63042 --- [    Test worker] o.a.h.impl.conn.DefaultClientConnection  : Sending request: GET /product/notanumber HTTP/1.1
2025-04-06T12:38:08.550+03:00 DEBUG 63042 --- [    Test worker] org.apache.http.wire                     :  >> "GET /product/notanumber HTTP/1.1[\r][\n]"
2025-04-06T12:38:08.550+03:00 DEBUG 63042 --- [    Test worker] org.apache.http.wire                     :  >> "Accept: */*[\r][\n]"
2025-04-06T12:38:08.550+03:00 DEBUG 63042 --- [    Test worker] org.apache.http.wire                     :  >> "Host: localhost:8080[\r][\n]"
2025-04-06T12:38:08.550+03:00 DEBUG 63042 --- [    Test worker] org.apache.http.wire                     :  >> "Connection: Keep-Alive[\r][\n]"
2025-04-06T12:38:08.550+03:00 DEBUG 63042 --- [    Test worker] org.apache.http.wire                     :  >> "User-Agent: Apache-HttpClient/4.5.14 (Java/23.0.2)[\r][\n]"
2025-04-06T12:38:08.550+03:00 DEBUG 63042 --- [    Test worker] org.apache.http.wire                     :  >> "Accept-Encoding: gzip,deflate[\r][\n]"
2025-04-06T12:38:08.550+03:00 DEBUG 63042 --- [    Test worker] org.apache.http.wire                     :  >> "[\r][\n]"
2025-04-06T12:38:08.550+03:00 DEBUG 63042 --- [    Test worker] org.apache.http.headers                  : >> GET /product/notanumber HTTP/1.1
2025-04-06T12:38:08.550+03:00 DEBUG 63042 --- [    Test worker] org.apache.http.headers                  : >> Accept: */*
2025-04-06T12:38:08.550+03:00 DEBUG 63042 --- [    Test worker] org.apache.http.headers                  : >> Host: localhost:8080
2025-04-06T12:38:08.550+03:00 DEBUG 63042 --- [    Test worker] org.apache.http.headers                  : >> Connection: Keep-Alive
2025-04-06T12:38:08.550+03:00 DEBUG 63042 --- [    Test worker] org.apache.http.headers                  : >> User-Agent: Apache-HttpClient/4.5.14 (Java/23.0.2)
2025-04-06T12:38:08.550+03:00 DEBUG 63042 --- [    Test worker] org.apache.http.headers                  : >> Accept-Encoding: gzip,deflate
2025-04-06T12:38:08.550+03:00 DEBUG 63042 --- [nio-8080-exec-4] o.s.web.servlet.DispatcherServlet        : GET "/product/notanumber", parameters={}
2025-04-06T12:38:08.550+03:00 DEBUG 63042 --- [nio-8080-exec-4] s.w.s.m.m.a.RequestMappingHandlerMapping : Mapped to com.example.springboot.ProductController#one(Long)
2025-04-06T12:38:08.550+03:00 DEBUG 63042 --- [nio-8080-exec-4] o.j.s.OpenEntityManagerInViewInterceptor : Opening JPA EntityManager in OpenEntityManagerInViewInterceptor
2025-04-06T12:38:08.553+03:00 DEBUG 63042 --- [      Finalizer] o.a.h.impl.conn.DefaultClientConnection  : Connection 0.0.0.0:56249<->127.0.0.1:8080 closed
2025-04-06T12:38:08.553+03:00 DEBUG 63042 --- [nio-8080-exec-5] o.apache.coyote.http11.Http11Processor   : Error parsing HTTP request header

java.io.EOFException: null
	at org.apache.tomcat.util.net.NioEndpoint$NioSocketWrapper.fillReadBuffer(NioEndpoint.java:1295) ~[tomcat-embed-core-10.1.36.jar:10.1.36]
	at org.apache.tomcat.util.net.NioEndpoint$NioSocketWrapper.read(NioEndpoint.java:1183) ~[tomcat-embed-core-10.1.36.jar:10.1.36]
	at org.apache.coyote.http11.Http11InputBuffer.fill(Http11InputBuffer.java:795) ~[tomcat-embed-core-10.1.36.jar:10.1.36]
	at org.apache.coyote.http11.Http11InputBuffer.parseRequestLine(Http11InputBuffer.java:351) ~[tomcat-embed-core-10.1.36.jar:10.1.36]
	at org.apache.coyote.http11.Http11Processor.service(Http11Processor.java:270) ~[tomcat-embed-core-10.1.36.jar:10.1.36]
	at org.apache.coyote.AbstractProcessorLight.process(AbstractProcessorLight.java:63) ~[tomcat-embed-core-10.1.36.jar:10.1.36]
	at org.apache.coyote.AbstractProtocol$ConnectionHandler.process(AbstractProtocol.java:905) ~[tomcat-embed-core-10.1.36.jar:10.1.36]
	at org.apache.tomcat.util.net.NioEndpoint$SocketProcessor.doRun(NioEndpoint.java:1743) ~[tomcat-embed-core-10.1.36.jar:10.1.36]
	at org.apache.tomcat.util.net.SocketProcessorBase.run(SocketProcessorBase.java:52) ~[tomcat-embed-core-10.1.36.jar:10.1.36]
	at org.apache.tomcat.util.threads.ThreadPoolExecutor.runWorker(ThreadPoolExecutor.java:1190) ~[tomcat-embed-core-10.1.36.jar:10.1.36]
	at org.apache.tomcat.util.threads.ThreadPoolExecutor$Worker.run(ThreadPoolExecutor.java:659) ~[tomcat-embed-core-10.1.36.jar:10.1.36]
	at org.apache.tomcat.util.threads.TaskThread$WrappingRunnable.run(TaskThread.java:63) ~[tomcat-embed-core-10.1.36.jar:10.1.36]
	at java.base/java.lang.Thread.run(Thread.java:1575) ~[na:na]

2025-04-06T12:38:08.554+03:00 DEBUG 63042 --- [nio-8080-exec-5] o.apache.coyote.http11.Http11Processor   : Error state [CLOSE_CONNECTION_NOW] reported while processing request

java.io.EOFException: null
	at org.apache.tomcat.util.net.NioEndpoint$NioSocketWrapper.fillReadBuffer(NioEndpoint.java:1295) ~[tomcat-embed-core-10.1.36.jar:10.1.36]
	at org.apache.tomcat.util.net.NioEndpoint$NioSocketWrapper.read(NioEndpoint.java:1183) ~[tomcat-embed-core-10.1.36.jar:10.1.36]
	at org.apache.coyote.http11.Http11InputBuffer.fill(Http11InputBuffer.java:795) ~[tomcat-embed-core-10.1.36.jar:10.1.36]
	at org.apache.coyote.http11.Http11InputBuffer.parseRequestLine(Http11InputBuffer.java:351) ~[tomcat-embed-core-10.1.36.jar:10.1.36]
	at org.apache.coyote.http11.Http11Processor.service(Http11Processor.java:270) ~[tomcat-embed-core-10.1.36.jar:10.1.36]
	at org.apache.coyote.AbstractProcessorLight.process(AbstractProcessorLight.java:63) ~[tomcat-embed-core-10.1.36.jar:10.1.36]
	at org.apache.coyote.AbstractProtocol$ConnectionHandler.process(AbstractProtocol.java:905) ~[tomcat-embed-core-10.1.36.jar:10.1.36]
	at org.apache.tomcat.util.net.NioEndpoint$SocketProcessor.doRun(NioEndpoint.java:1743) ~[tomcat-embed-core-10.1.36.jar:10.1.36]
	at org.apache.tomcat.util.net.SocketProcessorBase.run(SocketProcessorBase.java:52) ~[tomcat-embed-core-10.1.36.jar:10.1.36]
	at org.apache.tomcat.util.threads.ThreadPoolExecutor.runWorker(ThreadPoolExecutor.java:1190) ~[tomcat-embed-core-10.1.36.jar:10.1.36]
	at org.apache.tomcat.util.threads.ThreadPoolExecutor$Worker.run(ThreadPoolExecutor.java:659) ~[tomcat-embed-core-10.1.36.jar:10.1.36]
	at org.apache.tomcat.util.threads.TaskThread$WrappingRunnable.run(TaskThread.java:63) ~[tomcat-embed-core-10.1.36.jar:10.1.36]
	at java.base/java.lang.Thread.run(Thread.java:1575) ~[na:na]

2025-04-06T12:38:08.555+03:00 DEBUG 63042 --- [nio-8080-exec-4] o.s.web.method.HandlerMethod             : Could not resolve parameter [0] in com.example.springboot.Product com.example.springboot.ProductController.one(java.lang.Long): Method parameter 'id': Failed to convert value of type 'java.lang.String' to required type 'java.lang.Long'; For input string: "notanumber"
2025-04-06T12:38:08.555+03:00  WARN 63042 --- [nio-8080-exec-4] .w.s.m.s.DefaultHandlerExceptionResolver : Resolved [org.springframework.web.method.annotation.MethodArgumentTypeMismatchException: Method parameter 'id': Failed to convert value of type 'java.lang.String' to required type 'java.lang.Long'; For input string: "notanumber"]
2025-04-06T12:38:08.555+03:00 DEBUG 63042 --- [nio-8080-exec-4] o.j.s.OpenEntityManagerInViewInterceptor : Closing JPA EntityManager in OpenEntityManagerInViewInterceptor
2025-04-06T12:38:08.555+03:00 DEBUG 63042 --- [nio-8080-exec-4] o.s.web.servlet.DispatcherServlet        : Completed 400 BAD_REQUEST
2025-04-06T12:38:08.555+03:00 DEBUG 63042 --- [nio-8080-exec-4] o.s.web.servlet.DispatcherServlet        : "ERROR" dispatch for GET "/error", parameters={}
2025-04-06T12:38:08.555+03:00 DEBUG 63042 --- [nio-8080-exec-4] s.w.s.m.m.a.RequestMappingHandlerMapping : Mapped to org.springframework.boot.autoconfigure.web.servlet.error.BasicErrorController#error(HttpServletRequest)
2025-04-06T12:38:08.555+03:00 DEBUG 63042 --- [nio-8080-exec-4] o.j.s.OpenEntityManagerInViewInterceptor : Opening JPA EntityManager in OpenEntityManagerInViewInterceptor
2025-04-06T12:38:08.555+03:00 DEBUG 63042 --- [nio-8080-exec-4] o.s.w.s.m.m.a.HttpEntityMethodProcessor  : Using 'application/json', given [*/*] and supported [application/json, application/*+json, application/yaml]
2025-04-06T12:38:08.556+03:00 DEBUG 63042 --- [nio-8080-exec-4] o.s.w.s.m.m.a.HttpEntityMethodProcessor  : Writing [{timestamp=Sun Apr 06 12:38:08 EEST 2025, status=400, error=Bad Request, path=/product/notanumber}]
2025-04-06T12:38:08.556+03:00 DEBUG 63042 --- [nio-8080-exec-4] o.j.s.OpenEntityManagerInViewInterceptor : Closing JPA EntityManager in OpenEntityManagerInViewInterceptor
2025-04-06T12:38:08.556+03:00 DEBUG 63042 --- [    Test worker] org.apache.http.wire                     :  << "HTTP/1.1 400 [\r][\n]"
2025-04-06T12:38:08.556+03:00 DEBUG 63042 --- [nio-8080-exec-4] o.s.web.servlet.DispatcherServlet        : Exiting from "ERROR" dispatch, status 400
2025-04-06T12:38:08.556+03:00 DEBUG 63042 --- [    Test worker] org.apache.http.wire                     :  << "Vary: Origin[\r][\n]"
2025-04-06T12:38:08.556+03:00 DEBUG 63042 --- [    Test worker] org.apache.http.wire                     :  << "Vary: Access-Control-Request-Method[\r][\n]"
2025-04-06T12:38:08.556+03:00 DEBUG 63042 --- [    Test worker] org.apache.http.wire                     :  << "Vary: Access-Control-Request-Headers[\r][\n]"
2025-04-06T12:38:08.556+03:00 DEBUG 63042 --- [    Test worker] org.apache.http.wire                     :  << "Content-Type: application/json[\r][\n]"
2025-04-06T12:38:08.556+03:00 DEBUG 63042 --- [    Test worker] org.apache.http.wire                     :  << "Transfer-Encoding: chunked[\r][\n]"
2025-04-06T12:38:08.556+03:00 DEBUG 63042 --- [    Test worker] org.apache.http.wire                     :  << "Date: Sun, 06 Apr 2025 09:38:08 GMT[\r][\n]"
2025-04-06T12:38:08.556+03:00 DEBUG 63042 --- [    Test worker] org.apache.http.wire                     :  << "Connection: close[\r][\n]"
2025-04-06T12:38:08.556+03:00 DEBUG 63042 --- [    Test worker] org.apache.http.wire                     :  << "[\r][\n]"
2025-04-06T12:38:08.556+03:00 DEBUG 63042 --- [    Test worker] o.a.h.impl.conn.DefaultClientConnection  : Receiving response: HTTP/1.1 400 
2025-04-06T12:38:08.556+03:00 DEBUG 63042 --- [    Test worker] org.apache.http.headers                  : << HTTP/1.1 400 
2025-04-06T12:38:08.556+03:00 DEBUG 63042 --- [    Test worker] org.apache.http.headers                  : << Vary: Origin
2025-04-06T12:38:08.556+03:00 DEBUG 63042 --- [    Test worker] org.apache.http.headers                  : << Vary: Access-Control-Request-Method
2025-04-06T12:38:08.556+03:00 DEBUG 63042 --- [    Test worker] org.apache.http.headers                  : << Vary: Access-Control-Request-Headers
2025-04-06T12:38:08.556+03:00 DEBUG 63042 --- [    Test worker] org.apache.http.headers                  : << Content-Type: application/json
2025-04-06T12:38:08.556+03:00 DEBUG 63042 --- [    Test worker] org.apache.http.headers                  : << Transfer-Encoding: chunked
2025-04-06T12:38:08.556+03:00 DEBUG 63042 --- [    Test worker] org.apache.http.headers                  : << Date: Sun, 06 Apr 2025 09:38:08 GMT
2025-04-06T12:38:08.556+03:00 DEBUG 63042 --- [    Test worker] org.apache.http.headers                  : << Connection: close
2025-04-06T12:38:08.556+03:00 DEBUG 63042 --- [    Test worker] i.r.internal.RestAssuredHttpBuilder      : Parsing response as: application/json
2025-04-06T12:38:08.556+03:00 DEBUG 63042 --- [    Test worker] i.r.internal.RestAssuredHttpBuilder      : Parsed data to instance of: class org.apache.http.conn.EofSensorInputStream
2025-04-06T12:38:08.557+03:00 DEBUG 63042 --- [    Test worker] org.apache.http.wire                     :  << "6d[\r][\n]"
2025-04-06T12:38:08.557+03:00 DEBUG 63042 --- [    Test worker] org.apache.http.wire                     :  << "{"timestamp":"2025-04-06T09:38:08.555+00:00","status":400,"error":"Bad Request","path":"/product/notanumber"}"
2025-04-06T12:38:08.557+03:00 DEBUG 63042 --- [    Test worker] org.apache.http.wire                     :  << "[\r][\n]"
2025-04-06T12:38:08.557+03:00 DEBUG 63042 --- [    Test worker] org.apache.http.wire                     :  << "0[\r][\n]"
2025-04-06T12:38:08.557+03:00 DEBUG 63042 --- [    Test worker] org.apache.http.wire                     :  << "[\r][\n]"
2025-04-06T12:38:08.557+03:00 DEBUG 63042 --- [    Test worker] o.a.h.i.c.BasicClientConnectionManager   : Releasing connection org.apache.http.impl.conn.ManagedClientConnectionImpl@47585784
2025-04-06T12:38:08.557+03:00 DEBUG 63042 --- [    Test worker] o.a.h.impl.conn.DefaultClientConnection  : Connection 0.0.0.0:56250<->127.0.0.1:8080 shut down
2025-04-06T12:38:08.558+03:00 DEBUG 63042 --- [    Test worker] org.springframework.test.context.cache   : Spring test ApplicationContext cache statistics: [DefaultContextCache@3f3b0b19 size = 1, maxSize = 32, parentContextCount = 0, hitCount = 45, missCount = 1, failureCount = 0]
2025-04-06T12:38:08.558+03:00 DEBUG 63042 --- [    Test worker] org.springframework.test.context.cache   : Spring test ApplicationContext cache statistics: [DefaultContextCache@3f3b0b19 size = 1, maxSize = 32, parentContextCount = 0, hitCount = 46, missCount = 1, failureCount = 0]
2025-04-06T12:38:08.558+03:00 DEBUG 63042 --- [    Test worker] org.springframework.test.context.cache   : Spring test ApplicationContext cache statistics: [DefaultContextCache@3f3b0b19 size = 1, maxSize = 32, parentContextCount = 0, hitCount = 47, missCount = 1, failureCount = 0]
2025-04-06T12:38:08.558+03:00 DEBUG 63042 --- [    Test worker] org.springframework.test.context.cache   : Spring test ApplicationContext cache statistics: [DefaultContextCache@3f3b0b19 size = 1, maxSize = 32, parentContextCount = 0, hitCount = 48, missCount = 1, failureCount = 0]
2025-04-06T12:38:08.558+03:00 DEBUG 63042 --- [    Test worker] org.springframework.test.context.cache   : Spring test ApplicationContext cache statistics: [DefaultContextCache@3f3b0b19 size = 1, maxSize = 32, parentContextCount = 0, hitCount = 49, missCount = 1, failureCount = 0]
2025-04-06T12:38:08.558+03:00 DEBUG 63042 --- [    Test worker] org.springframework.test.context.cache   : Spring test ApplicationContext cache statistics: [DefaultContextCache@3f3b0b19 size = 1, maxSize = 32, parentContextCount = 0, hitCount = 50, missCount = 1, failureCount = 0]
2025-04-06T12:38:08.558+03:00 DEBUG 63042 --- [    Test worker] org.springframework.test.context.cache   : Spring test ApplicationContext cache statistics: [DefaultContextCache@3f3b0b19 size = 1, maxSize = 32, parentContextCount = 0, hitCount = 51, missCount = 1, failureCount = 0]
2025-04-06T12:38:08.559+03:00 DEBUG 63042 --- [    Test worker] .c.s.DirtiesContextTestExecutionListener : After test method: class [ProductsAPITest], method [testGetProduct400], class annotated with @DirtiesContext [false] with mode [null], method annotated with @DirtiesContext [false] with mode [null]
2025-04-06T12:38:08.559+03:00 DEBUG 63042 --- [    Test worker] c.a.o.v.r.LevelLoader$PropertiesLoader   : Levels file /Users/vanonatobaidze/projects/pactflow/pactflow-provider/.swagger-validator does not exist. Skipping.
2025-04-06T12:38:08.559+03:00 DEBUG 63042 --- [    Test worker] io.swagger.v3.parser.OpenAPIV3Parser     : Loaded raw data: openapi: 3.0.1
info:
  title: Product API
  description: PactFlow Product API demo
  version: 1.0.0
paths:
  /products:
    post:
      summary: Create a product
      description: Creates a new product
      operationId: createProduct
      requestBody:
        description: Create a new Product
        required: true
        content:
          application/json:
            schema:
              $ref: '#/components/schemas/Product'
            examples:
              application/json:
                value:
                  id: "1234"
                  type: "food"
                  price: 42
      responses:
        "200":
          description: successful operation
          content:
            "application/json; charset=utf-8":
              schema:
                $ref: '#/components/schemas/Product'
              examples:
                application/json:
                  value:
                    id: "1234"
                    type: "food"
                    price: 42
    get:
      summary: List all products
      description: Returns all products
      operationId: getAllProducts
      responses:
        "200":
          description: successful operation
          content:
            "application/json; charset=utf-8":
              schema:
                type: "array"
                items:
                  $ref: '#/components/schemas/Product'
              examples:
                application/json:
                  value:
                    - id: "1234"
                      type: "food"
                      price: 42
                      # name: "pizza"
                      # version: "1.0.0"
                      # see https://github.com/apiaryio/dredd/issues/1430 for why
        "400":
          description: Invalid ID supplied
          content: {}
  /product/{id}:
    get:
      summary: Find product by ID
      description: Returns a single product
      operationId: getProductByID
      parameters:
      - name: id
        in: path
        description: ID of product to get
        schema:
          type: string
        required: true
        example: 10
      responses:
        "200":
          description: successful operation
          content:
            "application/json; charset=utf-8":
              schema:
                $ref: '#/components/schemas/Product'
              examples:
                application/json:
                  value:
                    id: "1234"
                    type: "food"
                    price: 42
                    # name: "pizza"
                    # version: "1.0.0"
                    # see https://github.com/apiaryio/dredd/issues/1430 for why
        "400":
          description: Invalid ID supplied
          content: {}
        "404":
          description: Product not found
          content: {}
components:
  schemas:
    Product:
      type: object
      required:
        - id
        - name
        - price
      properties:
        id:
          type: string
        type:
          type: string
        name:
          type: string
        version:
          type: string
        price:
          type: number

2025-04-06T12:38:08.561+03:00 DEBUG 63042 --- [    Test worker] i.swagger.v3.parser.util.ResolverFully   : avoiding infinite loop
2025-04-06T12:38:08.561+03:00 DEBUG 63042 --- [    Test worker] i.swagger.v3.parser.util.ResolverFully   : avoiding infinite loop
2025-04-06T12:38:08.561+03:00 DEBUG 63042 --- [    Test worker] i.swagger.v3.parser.util.ResolverFully   : avoiding infinite loop
2025-04-06T12:38:08.561+03:00 DEBUG 63042 --- [    Test worker] i.swagger.v3.parser.util.ResolverFully   : avoiding infinite loop
2025-04-06T12:38:08.561+03:00 DEBUG 63042 --- [    Test worker] i.swagger.v3.parser.util.ResolverFully   : avoiding infinite loop
2025-04-06T12:38:08.561+03:00 DEBUG 63042 --- [    Test worker] i.swagger.v3.parser.util.ResolverFully   : avoiding infinite loop
2025-04-06T12:38:08.561+03:00 DEBUG 63042 --- [    Test worker] i.swagger.v3.parser.util.ResolverFully   : avoiding infinite loop
2025-04-06T12:38:08.561+03:00 DEBUG 63042 --- [    Test worker] i.swagger.v3.parser.util.ResolverFully   : avoiding infinite loop
2025-04-06T12:38:08.562+03:00 DEBUG 63042 --- [    Test worker] c.a.o.v.r.LevelLoader$PropertiesLoader   : Levels file /Users/vanonatobaidze/projects/pactflow/pactflow-provider/.swagger-validator does not exist. Skipping.
2025-04-06T12:38:08.562+03:00 DEBUG 63042 --- [    Test worker] c.a.o.v.r.LevelLoader$PropertiesLoader   : Levels file /Users/vanonatobaidze/projects/pactflow/pactflow-provider/.swagger-validator does not exist. Skipping.
2025-04-06T12:38:08.562+03:00 DEBUG 63042 --- [    Test worker] io.swagger.v3.parser.OpenAPIV3Parser     : Loaded raw data: openapi: 3.0.1
info:
  title: Product API
  description: PactFlow Product API demo
  version: 1.0.0
paths:
  /products:
    post:
      summary: Create a product
      description: Creates a new product
      operationId: createProduct
      requestBody:
        description: Create a new Product
        required: true
        content:
          application/json:
            schema:
              $ref: '#/components/schemas/Product'
            examples:
              application/json:
                value:
                  id: "1234"
                  type: "food"
                  price: 42
      responses:
        "200":
          description: successful operation
          content:
            "application/json; charset=utf-8":
              schema:
                $ref: '#/components/schemas/Product'
              examples:
                application/json:
                  value:
                    id: "1234"
                    type: "food"
                    price: 42
    get:
      summary: List all products
      description: Returns all products
      operationId: getAllProducts
      responses:
        "200":
          description: successful operation
          content:
            "application/json; charset=utf-8":
              schema:
                type: "array"
                items:
                  $ref: '#/components/schemas/Product'
              examples:
                application/json:
                  value:
                    - id: "1234"
                      type: "food"
                      price: 42
                      # name: "pizza"
                      # version: "1.0.0"
                      # see https://github.com/apiaryio/dredd/issues/1430 for why
        "400":
          description: Invalid ID supplied
          content: {}
  /product/{id}:
    get:
      summary: Find product by ID
      description: Returns a single product
      operationId: getProductByID
      parameters:
      - name: id
        in: path
        description: ID of product to get
        schema:
          type: string
        required: true
        example: 10
      responses:
        "200":
          description: successful operation
          content:
            "application/json; charset=utf-8":
              schema:
                $ref: '#/components/schemas/Product'
              examples:
                application/json:
                  value:
                    id: "1234"
                    type: "food"
                    price: 42
                    # name: "pizza"
                    # version: "1.0.0"
                    # see https://github.com/apiaryio/dredd/issues/1430 for why
        "400":
          description: Invalid ID supplied
          content: {}
        "404":
          description: Product not found
          content: {}
components:
  schemas:
    Product:
      type: object
      required:
        - id
        - name
        - price
      properties:
        id:
          type: string
        type:
          type: string
        name:
          type: string
        version:
          type: string
        price:
          type: number

2025-04-06T12:38:08.564+03:00 DEBUG 63042 --- [    Test worker] i.swagger.v3.parser.util.ResolverFully   : avoiding infinite loop
2025-04-06T12:38:08.564+03:00 DEBUG 63042 --- [    Test worker] i.swagger.v3.parser.util.ResolverFully   : avoiding infinite loop
2025-04-06T12:38:08.564+03:00 DEBUG 63042 --- [    Test worker] i.swagger.v3.parser.util.ResolverFully   : avoiding infinite loop
2025-04-06T12:38:08.564+03:00 DEBUG 63042 --- [    Test worker] i.swagger.v3.parser.util.ResolverFully   : avoiding infinite loop
2025-04-06T12:38:08.564+03:00 DEBUG 63042 --- [    Test worker] i.swagger.v3.parser.util.ResolverFully   : avoiding infinite loop
2025-04-06T12:38:08.564+03:00 DEBUG 63042 --- [    Test worker] i.swagger.v3.parser.util.ResolverFully   : avoiding infinite loop
2025-04-06T12:38:08.564+03:00 DEBUG 63042 --- [    Test worker] i.swagger.v3.parser.util.ResolverFully   : avoiding infinite loop
2025-04-06T12:38:08.564+03:00 DEBUG 63042 --- [    Test worker] i.swagger.v3.parser.util.ResolverFully   : avoiding infinite loop
2025-04-06T12:38:08.564+03:00 DEBUG 63042 --- [    Test worker] DependencyInjectionTestExecutionListener : Performing dependency injection for test class com.example.springboot.ProductsAPITest
2025-04-06T12:38:08.564+03:00 DEBUG 63042 --- [    Test worker] org.springframework.test.context.cache   : Spring test ApplicationContext cache statistics: [DefaultContextCache@3f3b0b19 size = 1, maxSize = 32, parentContextCount = 0, hitCount = 52, missCount = 1, failureCount = 0]
2025-04-06T12:38:08.565+03:00 DEBUG 63042 --- [    Test worker] o.s.c.e.PropertySourcesPropertyResolver  : Found key 'local.server.port' in PropertySource 'environmentProperties' with value of type String
2025-04-06T12:38:08.565+03:00 DEBUG 63042 --- [    Test worker] org.springframework.test.context.cache   : Spring test ApplicationContext cache statistics: [DefaultContextCache@3f3b0b19 size = 1, maxSize = 32, parentContextCount = 0, hitCount = 53, missCount = 1, failureCount = 0]
2025-04-06T12:38:08.565+03:00 DEBUG 63042 --- [    Test worker] sContextBeforeModesTestExecutionListener : Before test method: class [ProductsAPITest], method [testGetProduct404], class annotated with @DirtiesContext [false] with mode [null], method annotated with @DirtiesContext [false] with mode [null]
2025-04-06T12:38:08.565+03:00 DEBUG 63042 --- [    Test worker] org.springframework.test.context.cache   : Spring test ApplicationContext cache statistics: [DefaultContextCache@3f3b0b19 size = 1, maxSize = 32, parentContextCount = 0, hitCount = 54, missCount = 1, failureCount = 0]
2025-04-06T12:38:08.565+03:00 DEBUG 63042 --- [    Test worker] org.springframework.test.context.cache   : Spring test ApplicationContext cache statistics: [DefaultContextCache@3f3b0b19 size = 1, maxSize = 32, parentContextCount = 0, hitCount = 55, missCount = 1, failureCount = 0]
2025-04-06T12:38:08.565+03:00 DEBUG 63042 --- [    Test worker] org.springframework.test.context.cache   : Spring test ApplicationContext cache statistics: [DefaultContextCache@3f3b0b19 size = 1, maxSize = 32, parentContextCount = 0, hitCount = 56, missCount = 1, failureCount = 0]
2025-04-06T12:38:08.566+03:00 DEBUG 63042 --- [    Test worker] org.springframework.test.context.cache   : Spring test ApplicationContext cache statistics: [DefaultContextCache@3f3b0b19 size = 1, maxSize = 32, parentContextCount = 0, hitCount = 57, missCount = 1, failureCount = 0]
2025-04-06T12:38:08.568+03:00 DEBUG 63042 --- [    Test worker] o.a.h.i.c.BasicClientConnectionManager   : Get connection for route {}->http://localhost:8080
2025-04-06T12:38:08.568+03:00 DEBUG 63042 --- [    Test worker] .a.h.i.c.DefaultClientConnectionOperator : Connecting to localhost:8080
2025-04-06T12:38:08.568+03:00 DEBUG 63042 --- [    Test worker] o.a.h.client.protocol.RequestAddCookies  : CookieSpec selected: ignoreCookies
2025-04-06T12:38:08.568+03:00 DEBUG 63042 --- [    Test worker] o.a.h.client.protocol.RequestAuthCache   : Auth cache not set in the context
2025-04-06T12:38:08.568+03:00 DEBUG 63042 --- [    Test worker] o.a.h.c.p.RequestTargetAuthentication    : Target auth state: UNCHALLENGED
2025-04-06T12:38:08.568+03:00 DEBUG 63042 --- [    Test worker] o.a.h.c.p.RequestProxyAuthentication     : Proxy auth state: UNCHALLENGED
2025-04-06T12:38:08.568+03:00 DEBUG 63042 --- [    Test worker] o.a.http.impl.client.DefaultHttpClient   : Attempt 1 to execute request
2025-04-06T12:38:08.568+03:00 DEBUG 63042 --- [    Test worker] o.a.h.impl.conn.DefaultClientConnection  : Sending request: GET /product/999 HTTP/1.1
2025-04-06T12:38:08.568+03:00 DEBUG 63042 --- [    Test worker] org.apache.http.wire                     :  >> "GET /product/999 HTTP/1.1[\r][\n]"
2025-04-06T12:38:08.568+03:00 DEBUG 63042 --- [    Test worker] org.apache.http.wire                     :  >> "Accept: */*[\r][\n]"
2025-04-06T12:38:08.568+03:00 DEBUG 63042 --- [    Test worker] org.apache.http.wire                     :  >> "Host: localhost:8080[\r][\n]"
2025-04-06T12:38:08.568+03:00 DEBUG 63042 --- [    Test worker] org.apache.http.wire                     :  >> "Connection: Keep-Alive[\r][\n]"
2025-04-06T12:38:08.568+03:00 DEBUG 63042 --- [    Test worker] org.apache.http.wire                     :  >> "User-Agent: Apache-HttpClient/4.5.14 (Java/23.0.2)[\r][\n]"
2025-04-06T12:38:08.568+03:00 DEBUG 63042 --- [    Test worker] org.apache.http.wire                     :  >> "Accept-Encoding: gzip,deflate[\r][\n]"
2025-04-06T12:38:08.568+03:00 DEBUG 63042 --- [    Test worker] org.apache.http.wire                     :  >> "[\r][\n]"
2025-04-06T12:38:08.568+03:00 DEBUG 63042 --- [    Test worker] org.apache.http.headers                  : >> GET /product/999 HTTP/1.1
2025-04-06T12:38:08.568+03:00 DEBUG 63042 --- [    Test worker] org.apache.http.headers                  : >> Accept: */*
2025-04-06T12:38:08.568+03:00 DEBUG 63042 --- [    Test worker] org.apache.http.headers                  : >> Host: localhost:8080
2025-04-06T12:38:08.568+03:00 DEBUG 63042 --- [    Test worker] org.apache.http.headers                  : >> Connection: Keep-Alive
2025-04-06T12:38:08.568+03:00 DEBUG 63042 --- [    Test worker] org.apache.http.headers                  : >> User-Agent: Apache-HttpClient/4.5.14 (Java/23.0.2)
2025-04-06T12:38:08.568+03:00 DEBUG 63042 --- [    Test worker] org.apache.http.headers                  : >> Accept-Encoding: gzip,deflate
2025-04-06T12:38:08.569+03:00 DEBUG 63042 --- [nio-8080-exec-6] o.s.web.servlet.DispatcherServlet        : GET "/product/999", parameters={}
2025-04-06T12:38:08.569+03:00 DEBUG 63042 --- [nio-8080-exec-6] s.w.s.m.m.a.RequestMappingHandlerMapping : Mapped to com.example.springboot.ProductController#one(Long)
2025-04-06T12:38:08.569+03:00 DEBUG 63042 --- [nio-8080-exec-6] o.j.s.OpenEntityManagerInViewInterceptor : Opening JPA EntityManager in OpenEntityManagerInViewInterceptor
2025-04-06T12:38:08.569+03:00 DEBUG 63042 --- [nio-8080-exec-6] o.s.orm.jpa.JpaTransactionManager        : Found thread-bound EntityManager [SessionImpl(641941457<open>)] for JPA transaction
2025-04-06T12:38:08.569+03:00 DEBUG 63042 --- [nio-8080-exec-6] o.s.orm.jpa.JpaTransactionManager        : Creating new transaction with name [org.springframework.data.jpa.repository.support.SimpleJpaRepository.findById]: PROPAGATION_REQUIRED,ISOLATION_DEFAULT,readOnly
2025-04-06T12:38:08.569+03:00 DEBUG 63042 --- [nio-8080-exec-6] o.s.jdbc.datasource.DataSourceUtils      : Setting JDBC Connection [HikariProxyConnection@679789929 wrapping conn0: url=jdbc:h2:mem:4263c6bd-775c-4b0c-9d1e-814281f93129 user=SA] read-only
2025-04-06T12:38:08.569+03:00 DEBUG 63042 --- [nio-8080-exec-6] o.h.e.t.internal.TransactionImpl         : On TransactionImpl creation, JpaCompliance#isJpaTransactionComplianceEnabled == false
2025-04-06T12:38:08.569+03:00 DEBUG 63042 --- [nio-8080-exec-6] o.h.e.t.internal.TransactionImpl         : begin
2025-04-06T12:38:08.569+03:00 DEBUG 63042 --- [nio-8080-exec-6] o.s.orm.jpa.JpaTransactionManager        : Exposing JPA transaction as JDBC [org.springframework.orm.jpa.vendor.HibernateJpaDialect$HibernateConnectionHandle@2cbb54a1]
2025-04-06T12:38:08.569+03:00 DEBUG 63042 --- [nio-8080-exec-6] org.hibernate.orm.sql.exec               : Skipping reading Query result cache data: cache-enabled = false, cache-mode = IGNORE
2025-04-06T12:38:08.570+03:00 DEBUG 63042 --- [nio-8080-exec-6] org.hibernate.SQL                        : select p1_0.id,p1_0.name,p1_0.price,p1_0.type,p1_0.version from product p1_0 where p1_0.id=?
2025-04-06T12:38:08.570+03:00 DEBUG 63042 --- [nio-8080-exec-6] o.s.orm.jpa.JpaTransactionManager        : Initiating transaction commit
2025-04-06T12:38:08.570+03:00 DEBUG 63042 --- [nio-8080-exec-6] o.s.orm.jpa.JpaTransactionManager        : Committing JPA transaction on EntityManager [SessionImpl(641941457<open>)]
2025-04-06T12:38:08.570+03:00 DEBUG 63042 --- [nio-8080-exec-6] o.h.e.t.internal.TransactionImpl         : committing
2025-04-06T12:38:08.570+03:00 DEBUG 63042 --- [nio-8080-exec-6] o.s.jdbc.datasource.DataSourceUtils      : Resetting read-only flag of JDBC Connection [HikariProxyConnection@679789929 wrapping conn0: url=jdbc:h2:mem:4263c6bd-775c-4b0c-9d1e-814281f93129 user=SA]
2025-04-06T12:38:08.570+03:00 DEBUG 63042 --- [nio-8080-exec-6] o.s.orm.jpa.JpaTransactionManager        : Not closing pre-bound JPA EntityManager after transaction
2025-04-06T12:38:08.570+03:00 DEBUG 63042 --- [nio-8080-exec-6] .w.s.m.a.ResponseStatusExceptionResolver : Resolved [com.example.springboot.ProductNotFoundException: Could not find product 999]
2025-04-06T12:38:08.570+03:00 DEBUG 63042 --- [nio-8080-exec-6] o.j.s.OpenEntityManagerInViewInterceptor : Closing JPA EntityManager in OpenEntityManagerInViewInterceptor
2025-04-06T12:38:08.570+03:00 DEBUG 63042 --- [nio-8080-exec-6] o.s.web.servlet.DispatcherServlet        : Completed 404 NOT_FOUND
2025-04-06T12:38:08.570+03:00 DEBUG 63042 --- [nio-8080-exec-6] o.s.web.servlet.DispatcherServlet        : "ERROR" dispatch for GET "/error", parameters={}
2025-04-06T12:38:08.570+03:00 DEBUG 63042 --- [nio-8080-exec-6] s.w.s.m.m.a.RequestMappingHandlerMapping : Mapped to org.springframework.boot.autoconfigure.web.servlet.error.BasicErrorController#error(HttpServletRequest)
2025-04-06T12:38:08.570+03:00 DEBUG 63042 --- [nio-8080-exec-6] o.j.s.OpenEntityManagerInViewInterceptor : Opening JPA EntityManager in OpenEntityManagerInViewInterceptor
2025-04-06T12:38:08.571+03:00 DEBUG 63042 --- [nio-8080-exec-6] o.s.w.s.m.m.a.HttpEntityMethodProcessor  : Using 'application/json', given [*/*] and supported [application/json, application/*+json, application/yaml]
2025-04-06T12:38:08.571+03:00 DEBUG 63042 --- [nio-8080-exec-6] o.s.w.s.m.m.a.HttpEntityMethodProcessor  : Writing [{timestamp=Sun Apr 06 12:38:08 EEST 2025, status=404, error=Not Found, path=/product/999}]
2025-04-06T12:38:08.571+03:00 DEBUG 63042 --- [nio-8080-exec-6] o.j.s.OpenEntityManagerInViewInterceptor : Closing JPA EntityManager in OpenEntityManagerInViewInterceptor
2025-04-06T12:38:08.571+03:00 DEBUG 63042 --- [    Test worker] org.apache.http.wire                     :  << "HTTP/1.1 404 [\r][\n]"
2025-04-06T12:38:08.571+03:00 DEBUG 63042 --- [nio-8080-exec-6] o.s.web.servlet.DispatcherServlet        : Exiting from "ERROR" dispatch, status 404
2025-04-06T12:38:08.571+03:00 DEBUG 63042 --- [    Test worker] org.apache.http.wire                     :  << "Vary: Origin[\r][\n]"
2025-04-06T12:38:08.571+03:00 DEBUG 63042 --- [    Test worker] org.apache.http.wire                     :  << "Vary: Access-Control-Request-Method[\r][\n]"
2025-04-06T12:38:08.571+03:00 DEBUG 63042 --- [    Test worker] org.apache.http.wire                     :  << "Vary: Access-Control-Request-Headers[\r][\n]"
2025-04-06T12:38:08.571+03:00 DEBUG 63042 --- [    Test worker] org.apache.http.wire                     :  << "Content-Type: application/json[\r][\n]"
2025-04-06T12:38:08.571+03:00 DEBUG 63042 --- [    Test worker] org.apache.http.wire                     :  << "Transfer-Encoding: chunked[\r][\n]"
2025-04-06T12:38:08.571+03:00 DEBUG 63042 --- [    Test worker] org.apache.http.wire                     :  << "Date: Sun, 06 Apr 2025 09:38:08 GMT[\r][\n]"
2025-04-06T12:38:08.571+03:00 DEBUG 63042 --- [    Test worker] org.apache.http.wire                     :  << "Keep-Alive: timeout=60[\r][\n]"
2025-04-06T12:38:08.571+03:00 DEBUG 63042 --- [    Test worker] org.apache.http.wire                     :  << "Connection: keep-alive[\r][\n]"
2025-04-06T12:38:08.571+03:00 DEBUG 63042 --- [    Test worker] org.apache.http.wire                     :  << "[\r][\n]"
2025-04-06T12:38:08.571+03:00 DEBUG 63042 --- [    Test worker] o.a.h.impl.conn.DefaultClientConnection  : Receiving response: HTTP/1.1 404 
2025-04-06T12:38:08.571+03:00 DEBUG 63042 --- [    Test worker] org.apache.http.headers                  : << HTTP/1.1 404 
2025-04-06T12:38:08.571+03:00 DEBUG 63042 --- [    Test worker] org.apache.http.headers                  : << Vary: Origin
2025-04-06T12:38:08.571+03:00 DEBUG 63042 --- [    Test worker] org.apache.http.headers                  : << Vary: Access-Control-Request-Method
2025-04-06T12:38:08.571+03:00 DEBUG 63042 --- [    Test worker] org.apache.http.headers                  : << Vary: Access-Control-Request-Headers
2025-04-06T12:38:08.571+03:00 DEBUG 63042 --- [    Test worker] org.apache.http.headers                  : << Content-Type: application/json
2025-04-06T12:38:08.571+03:00 DEBUG 63042 --- [    Test worker] org.apache.http.headers                  : << Transfer-Encoding: chunked
2025-04-06T12:38:08.571+03:00 DEBUG 63042 --- [    Test worker] org.apache.http.headers                  : << Date: Sun, 06 Apr 2025 09:38:08 GMT
2025-04-06T12:38:08.571+03:00 DEBUG 63042 --- [    Test worker] org.apache.http.headers                  : << Keep-Alive: timeout=60
2025-04-06T12:38:08.571+03:00 DEBUG 63042 --- [    Test worker] org.apache.http.headers                  : << Connection: keep-alive
2025-04-06T12:38:08.571+03:00 DEBUG 63042 --- [    Test worker] o.a.http.impl.client.DefaultHttpClient   : Connection can be kept alive for 60000 MILLISECONDS
2025-04-06T12:38:08.571+03:00 DEBUG 63042 --- [    Test worker] i.r.internal.RestAssuredHttpBuilder      : Parsing response as: application/json
2025-04-06T12:38:08.571+03:00 DEBUG 63042 --- [    Test worker] i.r.internal.RestAssuredHttpBuilder      : Parsed data to instance of: class org.apache.http.conn.EofSensorInputStream
2025-04-06T12:38:08.571+03:00 DEBUG 63042 --- [    Test worker] org.apache.http.wire                     :  << "64[\r][\n]"
2025-04-06T12:38:08.571+03:00 DEBUG 63042 --- [    Test worker] org.apache.http.wire                     :  << "{"timestamp":"2025-04-06T09:38:08.570+00:00","status":404,"error":"Not Found","path":"/product/999"}"
2025-04-06T12:38:08.571+03:00 DEBUG 63042 --- [    Test worker] org.apache.http.wire                     :  << "[\r][\n]"
2025-04-06T12:38:08.571+03:00 DEBUG 63042 --- [    Test worker] org.apache.http.wire                     :  << "0[\r][\n]"
2025-04-06T12:38:08.572+03:00 DEBUG 63042 --- [    Test worker] org.apache.http.wire                     :  << "[\r][\n]"
2025-04-06T12:38:08.572+03:00 DEBUG 63042 --- [    Test worker] o.a.h.i.c.BasicClientConnectionManager   : Releasing connection org.apache.http.impl.conn.ManagedClientConnectionImpl@49f9575d
2025-04-06T12:38:08.572+03:00 DEBUG 63042 --- [    Test worker] o.a.h.i.c.BasicClientConnectionManager   : Connection can be kept alive for 60000 MILLISECONDS
2025-04-06T12:38:08.572+03:00 DEBUG 63042 --- [    Test worker] org.springframework.test.context.cache   : Spring test ApplicationContext cache statistics: [DefaultContextCache@3f3b0b19 size = 1, maxSize = 32, parentContextCount = 0, hitCount = 58, missCount = 1, failureCount = 0]
2025-04-06T12:38:08.573+03:00 DEBUG 63042 --- [    Test worker] org.springframework.test.context.cache   : Spring test ApplicationContext cache statistics: [DefaultContextCache@3f3b0b19 size = 1, maxSize = 32, parentContextCount = 0, hitCount = 59, missCount = 1, failureCount = 0]
2025-04-06T12:38:08.573+03:00 DEBUG 63042 --- [    Test worker] org.springframework.test.context.cache   : Spring test ApplicationContext cache statistics: [DefaultContextCache@3f3b0b19 size = 1, maxSize = 32, parentContextCount = 0, hitCount = 60, missCount = 1, failureCount = 0]
2025-04-06T12:38:08.573+03:00 DEBUG 63042 --- [    Test worker] org.springframework.test.context.cache   : Spring test ApplicationContext cache statistics: [DefaultContextCache@3f3b0b19 size = 1, maxSize = 32, parentContextCount = 0, hitCount = 61, missCount = 1, failureCount = 0]
2025-04-06T12:38:08.573+03:00 DEBUG 63042 --- [    Test worker] org.springframework.test.context.cache   : Spring test ApplicationContext cache statistics: [DefaultContextCache@3f3b0b19 size = 1, maxSize = 32, parentContextCount = 0, hitCount = 62, missCount = 1, failureCount = 0]
2025-04-06T12:38:08.573+03:00 DEBUG 63042 --- [    Test worker] org.springframework.test.context.cache   : Spring test ApplicationContext cache statistics: [DefaultContextCache@3f3b0b19 size = 1, maxSize = 32, parentContextCount = 0, hitCount = 63, missCount = 1, failureCount = 0]
2025-04-06T12:38:08.573+03:00 DEBUG 63042 --- [    Test worker] org.springframework.test.context.cache   : Spring test ApplicationContext cache statistics: [DefaultContextCache@3f3b0b19 size = 1, maxSize = 32, parentContextCount = 0, hitCount = 64, missCount = 1, failureCount = 0]
2025-04-06T12:38:08.573+03:00 DEBUG 63042 --- [    Test worker] .c.s.DirtiesContextTestExecutionListener : After test method: class [ProductsAPITest], method [testGetProduct404], class annotated with @DirtiesContext [false] with mode [null], method annotated with @DirtiesContext [false] with mode [null]
2025-04-06T12:38:08.574+03:00 DEBUG 63042 --- [    Test worker] c.a.o.v.r.LevelLoader$PropertiesLoader   : Levels file /Users/vanonatobaidze/projects/pactflow/pactflow-provider/.swagger-validator does not exist. Skipping.
2025-04-06T12:38:08.574+03:00 DEBUG 63042 --- [    Test worker] io.swagger.v3.parser.OpenAPIV3Parser     : Loaded raw data: openapi: 3.0.1
info:
  title: Product API
  description: PactFlow Product API demo
  version: 1.0.0
paths:
  /products:
    post:
      summary: Create a product
      description: Creates a new product
      operationId: createProduct
      requestBody:
        description: Create a new Product
        required: true
        content:
          application/json:
            schema:
              $ref: '#/components/schemas/Product'
            examples:
              application/json:
                value:
                  id: "1234"
                  type: "food"
                  price: 42
      responses:
        "200":
          description: successful operation
          content:
            "application/json; charset=utf-8":
              schema:
                $ref: '#/components/schemas/Product'
              examples:
                application/json:
                  value:
                    id: "1234"
                    type: "food"
                    price: 42
    get:
      summary: List all products
      description: Returns all products
      operationId: getAllProducts
      responses:
        "200":
          description: successful operation
          content:
            "application/json; charset=utf-8":
              schema:
                type: "array"
                items:
                  $ref: '#/components/schemas/Product'
              examples:
                application/json:
                  value:
                    - id: "1234"
                      type: "food"
                      price: 42
                      # name: "pizza"
                      # version: "1.0.0"
                      # see https://github.com/apiaryio/dredd/issues/1430 for why
        "400":
          description: Invalid ID supplied
          content: {}
  /product/{id}:
    get:
      summary: Find product by ID
      description: Returns a single product
      operationId: getProductByID
      parameters:
      - name: id
        in: path
        description: ID of product to get
        schema:
          type: string
        required: true
        example: 10
      responses:
        "200":
          description: successful operation
          content:
            "application/json; charset=utf-8":
              schema:
                $ref: '#/components/schemas/Product'
              examples:
                application/json:
                  value:
                    id: "1234"
                    type: "food"
                    price: 42
                    # name: "pizza"
                    # version: "1.0.0"
                    # see https://github.com/apiaryio/dredd/issues/1430 for why
        "400":
          description: Invalid ID supplied
          content: {}
        "404":
          description: Product not found
          content: {}
components:
  schemas:
    Product:
      type: object
      required:
        - id
        - name
        - price
      properties:
        id:
          type: string
        type:
          type: string
        name:
          type: string
        version:
          type: string
        price:
          type: number

2025-04-06T12:38:08.576+03:00 DEBUG 63042 --- [    Test worker] i.swagger.v3.parser.util.ResolverFully   : avoiding infinite loop
2025-04-06T12:38:08.576+03:00 DEBUG 63042 --- [    Test worker] i.swagger.v3.parser.util.ResolverFully   : avoiding infinite loop
2025-04-06T12:38:08.576+03:00 DEBUG 63042 --- [    Test worker] i.swagger.v3.parser.util.ResolverFully   : avoiding infinite loop
2025-04-06T12:38:08.576+03:00 DEBUG 63042 --- [    Test worker] i.swagger.v3.parser.util.ResolverFully   : avoiding infinite loop
2025-04-06T12:38:08.576+03:00 DEBUG 63042 --- [    Test worker] i.swagger.v3.parser.util.ResolverFully   : avoiding infinite loop
2025-04-06T12:38:08.576+03:00 DEBUG 63042 --- [    Test worker] i.swagger.v3.parser.util.ResolverFully   : avoiding infinite loop
2025-04-06T12:38:08.576+03:00 DEBUG 63042 --- [    Test worker] i.swagger.v3.parser.util.ResolverFully   : avoiding infinite loop
2025-04-06T12:38:08.576+03:00 DEBUG 63042 --- [    Test worker] i.swagger.v3.parser.util.ResolverFully   : avoiding infinite loop
2025-04-06T12:38:08.577+03:00 DEBUG 63042 --- [    Test worker] c.a.o.v.r.LevelLoader$PropertiesLoader   : Levels file /Users/vanonatobaidze/projects/pactflow/pactflow-provider/.swagger-validator does not exist. Skipping.
2025-04-06T12:38:08.577+03:00 DEBUG 63042 --- [    Test worker] c.a.o.v.r.LevelLoader$PropertiesLoader   : Levels file /Users/vanonatobaidze/projects/pactflow/pactflow-provider/.swagger-validator does not exist. Skipping.
2025-04-06T12:38:08.577+03:00 DEBUG 63042 --- [    Test worker] io.swagger.v3.parser.OpenAPIV3Parser     : Loaded raw data: openapi: 3.0.1
info:
  title: Product API
  description: PactFlow Product API demo
  version: 1.0.0
paths:
  /products:
    post:
      summary: Create a product
      description: Creates a new product
      operationId: createProduct
      requestBody:
        description: Create a new Product
        required: true
        content:
          application/json:
            schema:
              $ref: '#/components/schemas/Product'
            examples:
              application/json:
                value:
                  id: "1234"
                  type: "food"
                  price: 42
      responses:
        "200":
          description: successful operation
          content:
            "application/json; charset=utf-8":
              schema:
                $ref: '#/components/schemas/Product'
              examples:
                application/json:
                  value:
                    id: "1234"
                    type: "food"
                    price: 42
    get:
      summary: List all products
      description: Returns all products
      operationId: getAllProducts
      responses:
        "200":
          description: successful operation
          content:
            "application/json; charset=utf-8":
              schema:
                type: "array"
                items:
                  $ref: '#/components/schemas/Product'
              examples:
                application/json:
                  value:
                    - id: "1234"
                      type: "food"
                      price: 42
                      # name: "pizza"
                      # version: "1.0.0"
                      # see https://github.com/apiaryio/dredd/issues/1430 for why
        "400":
          description: Invalid ID supplied
          content: {}
  /product/{id}:
    get:
      summary: Find product by ID
      description: Returns a single product
      operationId: getProductByID
      parameters:
      - name: id
        in: path
        description: ID of product to get
        schema:
          type: string
        required: true
        example: 10
      responses:
        "200":
          description: successful operation
          content:
            "application/json; charset=utf-8":
              schema:
                $ref: '#/components/schemas/Product'
              examples:
                application/json:
                  value:
                    id: "1234"
                    type: "food"
                    price: 42
                    # name: "pizza"
                    # version: "1.0.0"
                    # see https://github.com/apiaryio/dredd/issues/1430 for why
        "400":
          description: Invalid ID supplied
          content: {}
        "404":
          description: Product not found
          content: {}
components:
  schemas:
    Product:
      type: object
      required:
        - id
        - name
        - price
      properties:
        id:
          type: string
        type:
          type: string
        name:
          type: string
        version:
          type: string
        price:
          type: number

2025-04-06T12:38:08.579+03:00 DEBUG 63042 --- [    Test worker] i.swagger.v3.parser.util.ResolverFully   : avoiding infinite loop
2025-04-06T12:38:08.579+03:00 DEBUG 63042 --- [    Test worker] i.swagger.v3.parser.util.ResolverFully   : avoiding infinite loop
2025-04-06T12:38:08.579+03:00 DEBUG 63042 --- [    Test worker] i.swagger.v3.parser.util.ResolverFully   : avoiding infinite loop
2025-04-06T12:38:08.579+03:00 DEBUG 63042 --- [    Test worker] i.swagger.v3.parser.util.ResolverFully   : avoiding infinite loop
2025-04-06T12:38:08.579+03:00 DEBUG 63042 --- [    Test worker] i.swagger.v3.parser.util.ResolverFully   : avoiding infinite loop
2025-04-06T12:38:08.579+03:00 DEBUG 63042 --- [    Test worker] i.swagger.v3.parser.util.ResolverFully   : avoiding infinite loop
2025-04-06T12:38:08.579+03:00 DEBUG 63042 --- [    Test worker] i.swagger.v3.parser.util.ResolverFully   : avoiding infinite loop
2025-04-06T12:38:08.579+03:00 DEBUG 63042 --- [    Test worker] i.swagger.v3.parser.util.ResolverFully   : avoiding infinite loop
2025-04-06T12:38:08.580+03:00 DEBUG 63042 --- [    Test worker] DependencyInjectionTestExecutionListener : Performing dependency injection for test class com.example.springboot.ProductsAPITest
2025-04-06T12:38:08.580+03:00 DEBUG 63042 --- [    Test worker] org.springframework.test.context.cache   : Spring test ApplicationContext cache statistics: [DefaultContextCache@3f3b0b19 size = 1, maxSize = 32, parentContextCount = 0, hitCount = 65, missCount = 1, failureCount = 0]
2025-04-06T12:38:08.580+03:00 DEBUG 63042 --- [    Test worker] o.s.c.e.PropertySourcesPropertyResolver  : Found key 'local.server.port' in PropertySource 'environmentProperties' with value of type String
2025-04-06T12:38:08.580+03:00 DEBUG 63042 --- [    Test worker] org.springframework.test.context.cache   : Spring test ApplicationContext cache statistics: [DefaultContextCache@3f3b0b19 size = 1, maxSize = 32, parentContextCount = 0, hitCount = 66, missCount = 1, failureCount = 0]
2025-04-06T12:38:08.580+03:00 DEBUG 63042 --- [    Test worker] sContextBeforeModesTestExecutionListener : Before test method: class [ProductsAPITest], method [testListProducts], class annotated with @DirtiesContext [false] with mode [null], method annotated with @DirtiesContext [false] with mode [null]
2025-04-06T12:38:08.580+03:00 DEBUG 63042 --- [    Test worker] org.springframework.test.context.cache   : Spring test ApplicationContext cache statistics: [DefaultContextCache@3f3b0b19 size = 1, maxSize = 32, parentContextCount = 0, hitCount = 67, missCount = 1, failureCount = 0]
2025-04-06T12:38:08.580+03:00 DEBUG 63042 --- [    Test worker] org.springframework.test.context.cache   : Spring test ApplicationContext cache statistics: [DefaultContextCache@3f3b0b19 size = 1, maxSize = 32, parentContextCount = 0, hitCount = 68, missCount = 1, failureCount = 0]
2025-04-06T12:38:08.581+03:00 DEBUG 63042 --- [    Test worker] org.springframework.test.context.cache   : Spring test ApplicationContext cache statistics: [DefaultContextCache@3f3b0b19 size = 1, maxSize = 32, parentContextCount = 0, hitCount = 69, missCount = 1, failureCount = 0]
2025-04-06T12:38:08.581+03:00 DEBUG 63042 --- [    Test worker] org.springframework.test.context.cache   : Spring test ApplicationContext cache statistics: [DefaultContextCache@3f3b0b19 size = 1, maxSize = 32, parentContextCount = 0, hitCount = 70, missCount = 1, failureCount = 0]
2025-04-06T12:38:08.583+03:00 DEBUG 63042 --- [    Test worker] o.a.h.i.c.BasicClientConnectionManager   : Get connection for route {}->http://localhost:8080
2025-04-06T12:38:08.583+03:00 DEBUG 63042 --- [    Test worker] .a.h.i.c.DefaultClientConnectionOperator : Connecting to localhost:8080
2025-04-06T12:38:08.583+03:00 DEBUG 63042 --- [    Test worker] o.a.h.client.protocol.RequestAddCookies  : CookieSpec selected: ignoreCookies
2025-04-06T12:38:08.583+03:00 DEBUG 63042 --- [    Test worker] o.a.h.client.protocol.RequestAuthCache   : Auth cache not set in the context
2025-04-06T12:38:08.583+03:00 DEBUG 63042 --- [    Test worker] o.a.h.c.p.RequestTargetAuthentication    : Target auth state: UNCHALLENGED
2025-04-06T12:38:08.583+03:00 DEBUG 63042 --- [    Test worker] o.a.h.c.p.RequestProxyAuthentication     : Proxy auth state: UNCHALLENGED
2025-04-06T12:38:08.583+03:00 DEBUG 63042 --- [    Test worker] o.a.http.impl.client.DefaultHttpClient   : Attempt 1 to execute request
2025-04-06T12:38:08.583+03:00 DEBUG 63042 --- [    Test worker] o.a.h.impl.conn.DefaultClientConnection  : Sending request: GET /products HTTP/1.1
2025-04-06T12:38:08.583+03:00 DEBUG 63042 --- [    Test worker] org.apache.http.wire                     :  >> "GET /products HTTP/1.1[\r][\n]"
2025-04-06T12:38:08.583+03:00 DEBUG 63042 --- [    Test worker] org.apache.http.wire                     :  >> "Accept: */*[\r][\n]"
2025-04-06T12:38:08.583+03:00 DEBUG 63042 --- [    Test worker] org.apache.http.wire                     :  >> "Host: localhost:8080[\r][\n]"
2025-04-06T12:38:08.583+03:00 DEBUG 63042 --- [    Test worker] org.apache.http.wire                     :  >> "Connection: Keep-Alive[\r][\n]"
2025-04-06T12:38:08.583+03:00 DEBUG 63042 --- [    Test worker] org.apache.http.wire                     :  >> "User-Agent: Apache-HttpClient/4.5.14 (Java/23.0.2)[\r][\n]"
2025-04-06T12:38:08.583+03:00 DEBUG 63042 --- [    Test worker] org.apache.http.wire                     :  >> "Accept-Encoding: gzip,deflate[\r][\n]"
2025-04-06T12:38:08.583+03:00 DEBUG 63042 --- [    Test worker] org.apache.http.wire                     :  >> "[\r][\n]"
2025-04-06T12:38:08.583+03:00 DEBUG 63042 --- [    Test worker] org.apache.http.headers                  : >> GET /products HTTP/1.1
2025-04-06T12:38:08.583+03:00 DEBUG 63042 --- [    Test worker] org.apache.http.headers                  : >> Accept: */*
2025-04-06T12:38:08.583+03:00 DEBUG 63042 --- [    Test worker] org.apache.http.headers                  : >> Host: localhost:8080
2025-04-06T12:38:08.583+03:00 DEBUG 63042 --- [    Test worker] org.apache.http.headers                  : >> Connection: Keep-Alive
2025-04-06T12:38:08.583+03:00 DEBUG 63042 --- [    Test worker] org.apache.http.headers                  : >> User-Agent: Apache-HttpClient/4.5.14 (Java/23.0.2)
2025-04-06T12:38:08.583+03:00 DEBUG 63042 --- [    Test worker] org.apache.http.headers                  : >> Accept-Encoding: gzip,deflate
2025-04-06T12:38:08.584+03:00 DEBUG 63042 --- [nio-8080-exec-7] o.s.web.servlet.DispatcherServlet        : GET "/products", parameters={}
2025-04-06T12:38:08.584+03:00 DEBUG 63042 --- [nio-8080-exec-7] s.w.s.m.m.a.RequestMappingHandlerMapping : Mapped to com.example.springboot.ProductController#all()
2025-04-06T12:38:08.584+03:00 DEBUG 63042 --- [nio-8080-exec-7] o.j.s.OpenEntityManagerInViewInterceptor : Opening JPA EntityManager in OpenEntityManagerInViewInterceptor
2025-04-06T12:38:08.584+03:00 DEBUG 63042 --- [nio-8080-exec-7] o.s.orm.jpa.JpaTransactionManager        : Found thread-bound EntityManager [SessionImpl(986195379<open>)] for JPA transaction
2025-04-06T12:38:08.584+03:00 DEBUG 63042 --- [nio-8080-exec-7] o.s.orm.jpa.JpaTransactionManager        : Creating new transaction with name [org.springframework.data.jpa.repository.support.SimpleJpaRepository.findAll]: PROPAGATION_REQUIRED,ISOLATION_DEFAULT,readOnly
2025-04-06T12:38:08.584+03:00 DEBUG 63042 --- [nio-8080-exec-7] o.s.jdbc.datasource.DataSourceUtils      : Setting JDBC Connection [HikariProxyConnection@873450650 wrapping conn0: url=jdbc:h2:mem:4263c6bd-775c-4b0c-9d1e-814281f93129 user=SA] read-only
2025-04-06T12:38:08.584+03:00 DEBUG 63042 --- [nio-8080-exec-7] o.h.e.t.internal.TransactionImpl         : On TransactionImpl creation, JpaCompliance#isJpaTransactionComplianceEnabled == false
2025-04-06T12:38:08.584+03:00 DEBUG 63042 --- [nio-8080-exec-7] o.h.e.t.internal.TransactionImpl         : begin
2025-04-06T12:38:08.584+03:00 DEBUG 63042 --- [nio-8080-exec-7] o.s.orm.jpa.JpaTransactionManager        : Exposing JPA transaction as JDBC [org.springframework.orm.jpa.vendor.HibernateJpaDialect$HibernateConnectionHandle@30304ec3]
2025-04-06T12:38:08.612+03:00 DEBUG 63042 --- [nio-8080-exec-7] org.hibernate.orm.sql.ast.create         : Created new SQL alias : p1_0
2025-04-06T12:38:08.612+03:00 DEBUG 63042 --- [nio-8080-exec-7] org.hibernate.orm.sql.ast.create         : Registration of TableGroup [StandardTableGroup(com.example.springboot.Product(1))] with identifierForTableGroup [com.example.springboot.Product] for NavigablePath [com.example.springboot.Product] 
2025-04-06T12:38:08.615+03:00 DEBUG 63042 --- [nio-8080-exec-7] org.hibernate.orm.results.graph.AST      : DomainResult Graph:
 \-EntityResultImpl [com.example.springboot.Product(1)]
 |  +-BasicFetch [com.example.springboot.Product(1).name]
 |  +-BasicFetch [com.example.springboot.Product(1).price]
 |  +-BasicFetch [com.example.springboot.Product(1).type]
 |  \-BasicFetch [com.example.springboot.Product(1).version]

2025-04-06T12:38:08.615+03:00 DEBUG 63042 --- [nio-8080-exec-7] org.hibernate.orm.sql.ast.tree           : SQL AST Tree:
    SelectStatement {
      FromClause {
        StandardTableGroup (p1 : com.example.springboot.Product(1)) {
          primaryTableReference : product as p1_0
        }
      }
    }

2025-04-06T12:38:08.615+03:00 DEBUG 63042 --- [nio-8080-exec-7] org.hibernate.orm.sql.exec               : Skipping reading Query result cache data: cache-enabled = false, cache-mode = NORMAL
2025-04-06T12:38:08.615+03:00 DEBUG 63042 --- [nio-8080-exec-7] org.hibernate.SQL                        : select p1_0.id,p1_0.name,p1_0.price,p1_0.type,p1_0.version from product p1_0
2025-04-06T12:38:08.616+03:00 DEBUG 63042 --- [nio-8080-exec-7] org.hibernate.orm.results                : Initializer list:
	  com.example.springboot.Product(1) -> EntityJoinedFetchInitializer(com.example.springboot.Product(1))@1029302532 (SingleTableEntityPersister(com.example.springboot.Product))

2025-04-06T12:38:08.616+03:00 DEBUG 63042 --- [nio-8080-exec-7] o.s.orm.jpa.JpaTransactionManager        : Initiating transaction commit
2025-04-06T12:38:08.616+03:00 DEBUG 63042 --- [nio-8080-exec-7] o.s.orm.jpa.JpaTransactionManager        : Committing JPA transaction on EntityManager [SessionImpl(986195379<open>)]
2025-04-06T12:38:08.616+03:00 DEBUG 63042 --- [nio-8080-exec-7] o.h.e.t.internal.TransactionImpl         : committing
2025-04-06T12:38:08.617+03:00 DEBUG 63042 --- [nio-8080-exec-7] o.s.jdbc.datasource.DataSourceUtils      : Resetting read-only flag of JDBC Connection [HikariProxyConnection@873450650 wrapping conn0: url=jdbc:h2:mem:4263c6bd-775c-4b0c-9d1e-814281f93129 user=SA]
2025-04-06T12:38:08.617+03:00 DEBUG 63042 --- [nio-8080-exec-7] o.s.orm.jpa.JpaTransactionManager        : Not closing pre-bound JPA EntityManager after transaction
2025-04-06T12:38:08.617+03:00 DEBUG 63042 --- [nio-8080-exec-7] m.m.a.RequestResponseBodyMethodProcessor : Using 'application/json;charset=utf-8', given [*/*] and supported [application/json;charset=utf-8]
2025-04-06T12:38:08.617+03:00 DEBUG 63042 --- [nio-8080-exec-7] m.m.a.RequestResponseBodyMethodProcessor : Writing [[Product(id=1, name=Burger, type=Aussie with avocade, egg, bacon and beetroot, version=1.0.0, price= (truncated)...]
2025-04-06T12:38:08.617+03:00 DEBUG 63042 --- [    Test worker] org.apache.http.wire                     :  << "HTTP/1.1 200 [\r][\n]"
2025-04-06T12:38:08.617+03:00 DEBUG 63042 --- [nio-8080-exec-7] o.j.s.OpenEntityManagerInViewInterceptor : Closing JPA EntityManager in OpenEntityManagerInViewInterceptor
2025-04-06T12:38:08.617+03:00 DEBUG 63042 --- [    Test worker] org.apache.http.wire                     :  << "Vary: Origin[\r][\n]"
2025-04-06T12:38:08.617+03:00 DEBUG 63042 --- [    Test worker] org.apache.http.wire                     :  << "Vary: Access-Control-Request-Method[\r][\n]"
2025-04-06T12:38:08.617+03:00 DEBUG 63042 --- [    Test worker] org.apache.http.wire                     :  << "Vary: Access-Control-Request-Headers[\r][\n]"
2025-04-06T12:38:08.617+03:00 DEBUG 63042 --- [    Test worker] org.apache.http.wire                     :  << "Content-Type: application/json;charset=utf-8[\r][\n]"
2025-04-06T12:38:08.617+03:00 DEBUG 63042 --- [    Test worker] org.apache.http.wire                     :  << "Transfer-Encoding: chunked[\r][\n]"
2025-04-06T12:38:08.617+03:00 DEBUG 63042 --- [nio-8080-exec-7] o.s.web.servlet.DispatcherServlet        : Completed 200 OK
2025-04-06T12:38:08.617+03:00 DEBUG 63042 --- [    Test worker] org.apache.http.wire                     :  << "Date: Sun, 06 Apr 2025 09:38:08 GMT[\r][\n]"
2025-04-06T12:38:08.617+03:00 DEBUG 63042 --- [    Test worker] org.apache.http.wire                     :  << "Keep-Alive: timeout=60[\r][\n]"
2025-04-06T12:38:08.617+03:00 DEBUG 63042 --- [    Test worker] org.apache.http.wire                     :  << "Connection: keep-alive[\r][\n]"
2025-04-06T12:38:08.617+03:00 DEBUG 63042 --- [    Test worker] org.apache.http.wire                     :  << "[\r][\n]"
2025-04-06T12:38:08.618+03:00 DEBUG 63042 --- [    Test worker] o.a.h.impl.conn.DefaultClientConnection  : Receiving response: HTTP/1.1 200 
2025-04-06T12:38:08.618+03:00 DEBUG 63042 --- [    Test worker] org.apache.http.headers                  : << HTTP/1.1 200 
2025-04-06T12:38:08.618+03:00 DEBUG 63042 --- [    Test worker] org.apache.http.headers                  : << Vary: Origin
2025-04-06T12:38:08.618+03:00 DEBUG 63042 --- [    Test worker] org.apache.http.headers                  : << Vary: Access-Control-Request-Method
2025-04-06T12:38:08.618+03:00 DEBUG 63042 --- [    Test worker] org.apache.http.headers                  : << Vary: Access-Control-Request-Headers
2025-04-06T12:38:08.618+03:00 DEBUG 63042 --- [    Test worker] org.apache.http.headers                  : << Content-Type: application/json;charset=utf-8
2025-04-06T12:38:08.618+03:00 DEBUG 63042 --- [    Test worker] org.apache.http.headers                  : << Transfer-Encoding: chunked
2025-04-06T12:38:08.618+03:00 DEBUG 63042 --- [    Test worker] org.apache.http.headers                  : << Date: Sun, 06 Apr 2025 09:38:08 GMT
2025-04-06T12:38:08.618+03:00 DEBUG 63042 --- [    Test worker] org.apache.http.headers                  : << Keep-Alive: timeout=60
2025-04-06T12:38:08.618+03:00 DEBUG 63042 --- [    Test worker] org.apache.http.headers                  : << Connection: keep-alive
2025-04-06T12:38:08.618+03:00 DEBUG 63042 --- [    Test worker] o.a.http.impl.client.DefaultHttpClient   : Connection can be kept alive for 60000 MILLISECONDS
2025-04-06T12:38:08.618+03:00 DEBUG 63042 --- [    Test worker] i.r.internal.RestAssuredHttpBuilder      : Parsing response as: application/json;charset=utf-8
2025-04-06T12:38:08.618+03:00 DEBUG 63042 --- [    Test worker] i.r.internal.RestAssuredHttpBuilder      : Parsed data to instance of: class org.apache.http.conn.EofSensorInputStream
2025-04-06T12:38:08.618+03:00 DEBUG 63042 --- [    Test worker] org.apache.http.wire                     :  << "11d[\r][\n]"
2025-04-06T12:38:08.618+03:00 DEBUG 63042 --- [    Test worker] org.apache.http.wire                     :  << "[{"id":"1","name":"Burger","type":"Aussie with avocade, egg, bacon and beetroot","version":"1.0.0","price":10.5},{"id":"2","name":"Chips","type":"Sweet potato fries","version":"1.2.3","price":3.49},{"id":"99","name":"new product","type":"product category","version":"v1","price":1.99}]"
2025-04-06T12:38:08.618+03:00 DEBUG 63042 --- [    Test worker] org.apache.http.wire                     :  << "[\r][\n]"
2025-04-06T12:38:08.618+03:00 DEBUG 63042 --- [    Test worker] org.apache.http.wire                     :  << "0[\r][\n]"
2025-04-06T12:38:08.618+03:00 DEBUG 63042 --- [    Test worker] org.apache.http.wire                     :  << "[\r][\n]"
2025-04-06T12:38:08.618+03:00 DEBUG 63042 --- [    Test worker] o.a.h.i.c.BasicClientConnectionManager   : Releasing connection org.apache.http.impl.conn.ManagedClientConnectionImpl@16463f2
2025-04-06T12:38:08.618+03:00 DEBUG 63042 --- [    Test worker] o.a.h.i.c.BasicClientConnectionManager   : Connection can be kept alive for 60000 MILLISECONDS
2025-04-06T12:38:08.622+03:00 DEBUG 63042 --- [    Test worker] org.springframework.test.context.cache   : Spring test ApplicationContext cache statistics: [DefaultContextCache@3f3b0b19 size = 1, maxSize = 32, parentContextCount = 0, hitCount = 71, missCount = 1, failureCount = 0]
2025-04-06T12:38:08.622+03:00 DEBUG 63042 --- [    Test worker] org.springframework.test.context.cache   : Spring test ApplicationContext cache statistics: [DefaultContextCache@3f3b0b19 size = 1, maxSize = 32, parentContextCount = 0, hitCount = 72, missCount = 1, failureCount = 0]
2025-04-06T12:38:08.623+03:00 DEBUG 63042 --- [    Test worker] org.springframework.test.context.cache   : Spring test ApplicationContext cache statistics: [DefaultContextCache@3f3b0b19 size = 1, maxSize = 32, parentContextCount = 0, hitCount = 73, missCount = 1, failureCount = 0]
2025-04-06T12:38:08.623+03:00 DEBUG 63042 --- [    Test worker] org.springframework.test.context.cache   : Spring test ApplicationContext cache statistics: [DefaultContextCache@3f3b0b19 size = 1, maxSize = 32, parentContextCount = 0, hitCount = 74, missCount = 1, failureCount = 0]
2025-04-06T12:38:08.623+03:00 DEBUG 63042 --- [    Test worker] org.springframework.test.context.cache   : Spring test ApplicationContext cache statistics: [DefaultContextCache@3f3b0b19 size = 1, maxSize = 32, parentContextCount = 0, hitCount = 75, missCount = 1, failureCount = 0]
2025-04-06T12:38:08.623+03:00 DEBUG 63042 --- [    Test worker] org.springframework.test.context.cache   : Spring test ApplicationContext cache statistics: [DefaultContextCache@3f3b0b19 size = 1, maxSize = 32, parentContextCount = 0, hitCount = 76, missCount = 1, failureCount = 0]
2025-04-06T12:38:08.623+03:00 DEBUG 63042 --- [    Test worker] org.springframework.test.context.cache   : Spring test ApplicationContext cache statistics: [DefaultContextCache@3f3b0b19 size = 1, maxSize = 32, parentContextCount = 0, hitCount = 77, missCount = 1, failureCount = 0]
2025-04-06T12:38:08.623+03:00 DEBUG 63042 --- [    Test worker] .c.s.DirtiesContextTestExecutionListener : After test method: class [ProductsAPITest], method [testListProducts], class annotated with @DirtiesContext [false] with mode [null], method annotated with @DirtiesContext [false] with mode [null]
2025-04-06T12:38:08.624+03:00 DEBUG 63042 --- [    Test worker] org.springframework.test.context.cache   : Spring test ApplicationContext cache statistics: [DefaultContextCache@3f3b0b19 size = 1, maxSize = 32, parentContextCount = 0, hitCount = 78, missCount = 1, failureCount = 0]
2025-04-06T12:38:08.624+03:00 DEBUG 63042 --- [    Test worker] org.springframework.test.context.cache   : Spring test ApplicationContext cache statistics: [DefaultContextCache@3f3b0b19 size = 1, maxSize = 32, parentContextCount = 0, hitCount = 79, missCount = 1, failureCount = 0]
2025-04-06T12:38:08.624+03:00 DEBUG 63042 --- [    Test worker] .c.s.DirtiesContextTestExecutionListener : After test class: class [ProductsAPITest], class annotated with @DirtiesContext [false] with mode [null]
]]></system-out>
  <system-err><![CDATA[Mockito is currently self-attaching to enable the inline-mock-maker. This will no longer work in future releases of the JDK. Please add Mockito as an agent to your build what is described in Mockito's documentation: https://javadoc.io/doc/org.mockito/mockito-core/latest/org/mockito/Mockito.html#0.3
WARNING: A Java agent has been loaded dynamically (/Users/vanonatobaidze/.gradle/caches/modules-2/files-2.1/net.bytebuddy/byte-buddy-agent/1.15.11/a38b16385e867f59a641330f0362ebe742788ed8/byte-buddy-agent-1.15.11.jar)
WARNING: If a serviceability tool is in use, please run with -XX:+EnableDynamicAgentLoading to hide this warning
WARNING: If a serviceability tool is not in use, please run with -Djdk.instrument.traceUsage for more information
WARNING: Dynamic loading of agents will be disallowed by default in a future release
]]></system-err>
</testsuite>
